Experiment: 2026-02-02_13-50-20_exp_Student_t
Started: 2026-02-02T13:50:20.840995
======================================================================

======================================================================
MFC Configuration (Iterative Backward Regression)
======================================================================
  Physics:    T=1.0, N=50, σ=1.0, dim=1
  Target:     N(0.0, 1.0)
  Initial:    dirac at 0.0
----------------------------------------------------------------------
  Model:      hidden=64, layers=3, time_emb=16
  Training:   100 iterations × 100 epochs, batch=2048, lr=0.001
  Polyak τ:   0.5
  λ (terminal_weight): 2.0
======================================================================

[13:50:20] Initialized solver on device: cpu
[13:50:20] Number of networks: 50
[13:50:20] Polyak averaging τ: 0.5
[13:50:20] Total parameters (trainable): 428,850
[13:50:20] ======================================================================
[13:50:20] Starting Iterative Backward Regression (Polyak Averaging)
[13:50:20] ======================================================================
[13:50:20] Iterations: 100
[13:50:20] Backward epochs per step: 100
[13:50:20] Batch size: 2048
[13:50:20] Polyak τ: 0.5
[13:50:20] λ (terminal_weight): 2.0
[13:50:20] Target: N(0.0, 1.0)
[13:50:20] ======================================================================
[13:50:27] Iter [  1/100] | Loss: 0.008073 | μ=0.016 (Δ=0.016), σ=0.994 (Δ=0.006)
[13:50:55] Iter [  5/100] | Loss: 0.011120 | μ=-0.005 (Δ=0.005), σ=1.093 (Δ=0.093)
[13:51:27] Iter [ 10/100] | Loss: 0.011081 | μ=-0.115 (Δ=0.115), σ=1.112 (Δ=0.112)
[13:52:02] Iter [ 15/100] | Loss: 0.007913 | μ=0.030 (Δ=0.030), σ=1.209 (Δ=0.209)
[13:52:33] Iter [ 20/100] | Loss: 0.006162 | μ=0.038 (Δ=0.038), σ=1.097 (Δ=0.097)
[13:53:02] Iter [ 25/100] | Loss: 0.005110 | μ=0.213 (Δ=0.213), σ=1.074 (Δ=0.074)
[13:53:31] Iter [ 30/100] | Loss: 0.005095 | μ=0.035 (Δ=0.035), σ=1.163 (Δ=0.163)
[13:54:01] Iter [ 35/100] | Loss: 0.011964 | μ=0.099 (Δ=0.099), σ=1.093 (Δ=0.093)
[13:54:29] Iter [ 40/100] | Loss: 0.001852 | μ=-0.180 (Δ=0.180), σ=1.168 (Δ=0.168)
[13:55:00] Iter [ 45/100] | Loss: 0.001235 | μ=0.036 (Δ=0.036), σ=1.098 (Δ=0.098)
[13:55:29] Iter [ 50/100] | Loss: 0.005322 | μ=-0.155 (Δ=0.155), σ=1.102 (Δ=0.102)
[13:55:58] Iter [ 55/100] | Loss: 0.012906 | μ=0.391 (Δ=0.391), σ=1.107 (Δ=0.107)
[13:56:28] Iter [ 60/100] | Loss: 0.000790 | μ=0.222 (Δ=0.222), σ=1.067 (Δ=0.067)
[13:56:56] Iter [ 65/100] | Loss: 0.002981 | μ=0.086 (Δ=0.086), σ=1.041 (Δ=0.041)
[13:57:26] Iter [ 70/100] | Loss: 0.005636 | μ=-0.344 (Δ=0.344), σ=1.298 (Δ=0.298)
[13:57:58] Iter [ 75/100] | Loss: 0.004906 | μ=0.068 (Δ=0.068), σ=1.029 (Δ=0.029)
[13:58:28] Iter [ 80/100] | Loss: 0.004238 | μ=-0.037 (Δ=0.037), σ=1.212 (Δ=0.212)
[13:58:57] Iter [ 85/100] | Loss: 0.003969 | μ=-0.027 (Δ=0.027), σ=1.240 (Δ=0.240)
[13:59:24] Iter [ 90/100] | Loss: 0.011749 | μ=-0.019 (Δ=0.019), σ=0.998 (Δ=0.002)
[13:59:56] Iter [ 95/100] | Loss: 0.009069 | μ=-0.133 (Δ=0.133), σ=1.111 (Δ=0.111)
[14:00:24] Iter [100/100] | Loss: 0.012494 | μ=-0.128 (Δ=0.128), σ=1.317 (Δ=0.317)
[14:00:24] ======================================================================
[14:00:24] Training Complete! Evaluating with target networks...
[14:00:24] Final Mean: 0.0291 (target: 0.0)
[14:00:24] Final Std:  1.0931 (target: 1.0)
[14:00:24] ======================================================================
