Experiment: 2026-01-26_03-32-03_sweep_lambda_8.0
Started: 2026-01-26T03:32:03.369129
======================================================================

======================================================================
MFC Configuration (Iterative Backward Regression)
======================================================================
  Physics:    T=1.0, N=50, σ=1.0, dim=1
  Target:     N(1.0, 1.0)
  Initial:    dirac at 0.0
----------------------------------------------------------------------
  Model:      hidden=64, layers=3, time_emb=16
  Training:   5 iterations × 100 epochs, batch=2048, lr=0.001
  λ (terminal_weight): 8.0
======================================================================

[03:32:03] Initialized solver on device: cpu
[03:32:03] Number of networks: 50
[03:32:03] Polyak averaging τ: 0.5
[03:32:03] Total parameters (trainable): 428,850
[03:32:03] ======================================================================
[03:32:03] Starting Iterative Backward Regression (Polyak Averaging)
[03:32:03] ======================================================================
[03:32:03] Iterations: 5
[03:32:03] Backward epochs per step: 100
[03:32:03] Batch size: 2048
[03:32:03] Polyak τ: 0.5
[03:32:03] λ (terminal_weight): 8.0
[03:32:03] Target: N(1.0, 1.0)
[03:32:03] ======================================================================
[03:32:08] Iter [  1/5] | Loss: 1.486821 | μ=0.000 (Δ=1.000), σ=0.945 (Δ=0.055)
[03:32:28] Iter [  5/5] | Loss: 1.120303 | μ=0.935 (Δ=0.065), σ=0.198 (Δ=0.802)
[03:32:28] ======================================================================
[03:32:28] Training Complete! Evaluating with target networks...
[03:32:28] Final Mean: 0.9952 (target: 1.0)
[03:32:28] Final Std:  0.1906 (target: 1.0)
[03:32:28] ======================================================================
[03:32:28] Saved plot: trajectories.png
[03:32:28] Saved plot: terminal_distribution.png
[03:32:28] Saved plot: statistics_evolution.png
[03:32:28] Saved all visualization plots

======================================================================
FINAL RESULTS
======================================================================
  history: {'iteration_losses': [np.float64(1.4868208682537079), np.float64(1.3072186733782292), np.float64(1.207942253658548), np.float64(1.1268709169328213), np.float64(1.1203026786819101)], 'terminal_means': [np.float32(0.00022334093), np.float32(0.736475), np.float32(0.81223357), np.float32(0.86418223), np.float32(0.9347366)], 'terminal_vars': [np.float32(0.89287734), np.float32(0.13762386), np.float32(0.05528251), np.float32(0.0394203), np.float32(0.039328553)]}
  final_mean: 0.9952003955841064
  final_var: 0.03631235286593437
  final_trajectories: tensor([[[ 0.0000e+00],
         [ 0.0000e+00],
         [ 0.0000e+00],
         ...,
         [ 0.0000e+00],
         [ 0.0000e+00],
         [ 0.0000e+00]],

        [[ 1.5795e-01],
         [-5.6084e-02],
         [ 6.8311e-02],
         ...,
         [-1.4444e-01],
         [ 1.2634e-01],
         [-1.4310e-01]],

        [[ 1.1376e-01],
         [-1.4028e-01],
         [-5.1735e-04],
         ...,
         [-2.2392e-02],
         [ 2.5275e-01],
         [ 2.9866e-03]],

        ...,

        [[ 7.6420e-01],
         [ 1.0114e+00],
         [ 1.2098e+00],
         ...,
         [ 7.2642e-01],
         [ 1.2789e+00],
         [ 9.3998e-01]],

        [[ 8.0548e-01],
         [ 1.2180e+00],
         [ 1.1574e+00],
         ...,
         [ 8.1846e-01],
         [ 1.1200e+00],
         [ 1.1714e+00]],

        [[ 7.8770e-01],
         [ 1.0583e+00],
         [ 1.3408e+00],
         ...,
         [ 8.3874e-01],
         [ 1.1918e+00],
         [ 8.9233e-01]]])

Completed: 2026-01-26T03:32:28.529912
