Experiment: 2026-02-05_23-17-06_mfc_backward_regression
Started: 2026-02-05T23:17:06.339602
======================================================================

======================================================================
MFC Configuration (Iterative Backward Regression)
======================================================================
  Physics:    T=1.0, N=50, σ=1.0, dim=1
  Target:     N(1.0, 1.0)
  Initial:    dirac at 0.0
----------------------------------------------------------------------
  Model:      hidden=64, layers=3, time_emb=16
  Training:   20 iterations × 100 epochs, batch=2048, lr=0.001
  Polyak τ:   0.5
  λ (terminal_weight): 2.0
======================================================================

[23:17:06] Initialized solver on device: cpu
[23:17:06] Number of networks: 50
[23:17:06] Polyak averaging τ: 0.5
[23:17:06] Total parameters (trainable): 428,850
[23:17:06] ======================================================================
[23:17:06] Starting Iterative Backward Regression (Polyak Averaging)
[23:17:06] ======================================================================
[23:17:06] Iterations: 20
[23:17:06] Backward epochs per step: 100
[23:17:06] Batch size: 2048
[23:17:06] Polyak τ: 0.5
[23:17:06] λ (terminal_weight): 2.0
[23:17:06] Target: N(1.0, 1.0)
[23:17:06] ======================================================================
[23:17:13] Iter [  1/20] | Loss: 0.012799 | μ=0.000 (Δ=1.000), σ=0.945 (Δ=0.055) | Y_μ=-2.120, Y_σ=0.518
[23:17:35] Iter [  5/20] | Loss: 0.001251 | μ=0.766 (Δ=0.234), σ=0.951 (Δ=0.049) | Y_μ=-0.805, Y_σ=0.156
[23:18:04] Iter [ 10/20] | Loss: 0.008274 | μ=0.429 (Δ=0.571), σ=0.935 (Δ=0.065) | Y_μ=-1.136, Y_σ=0.398
[23:18:38] Iter [ 15/20] | Loss: 0.034434 | μ=0.186 (Δ=0.814), σ=0.850 (Δ=0.150) | Y_μ=-1.763, Y_σ=0.778
[23:19:11] Iter [ 20/20] | Loss: 0.000767 | μ=0.769 (Δ=0.231), σ=1.027 (Δ=0.027) | Y_μ=-0.528, Y_σ=0.118
[23:19:11] ======================================================================
[23:19:11] Training Complete! Evaluating with target networks...
[23:19:11] Final Mean: 0.6534 (target: 1.0)
[23:19:11] Final Std:  0.9896 (target: 1.0)
[23:19:11] ======================================================================
[23:19:12] Saved plot: trajectories.png
[23:19:12] Saved plot: terminal_distribution.png
[23:19:12] Saved plot: statistics_evolution.png
[23:19:12] Saved all visualization plots

======================================================================
FINAL RESULTS
======================================================================
  history: {'iteration_losses': [np.float64(0.012799499798566103), np.float64(0.0018619081424549222), np.float64(0.004136596122552873), np.float64(0.003903269125148654), np.float64(0.0012511192122474312), np.float64(0.021542691588401795), np.float64(0.0180657952837646), np.float64(0.0008454869571141899), np.float64(0.0001844834291841835), np.float64(0.008274437561631202), np.float64(0.019758219234645366), np.float64(0.00948275025933981), np.float64(0.004801061293110251), np.float64(0.013541806749999523), np.float64(0.03443357311189175), np.float64(0.0015367327350440973), np.float64(0.0027371859038248657), np.float64(0.0006589374889153987), np.float64(0.0041494829906150695), np.float64(0.0007665228529367596)], 'terminal_means': [np.float32(0.00022334093), np.float32(1.1168547), np.float32(0.36267734), np.float32(0.46283382), np.float32(0.7661364), np.float32(0.7975468), np.float32(0.33282614), np.float32(0.9387273), np.float32(0.7368373), np.float32(0.42895305), np.float32(0.78971803), np.float32(0.38982898), np.float32(1.0823209), np.float32(1.0775313), np.float32(0.18569353), np.float32(1.0502536), np.float32(0.6821929), np.float32(0.75822496), np.float32(0.360374), np.float32(0.7685786)], 'terminal_vars': [np.float32(0.89287734), np.float32(1.3793473), np.float32(1.3427403), np.float32(1.0721318), np.float32(0.9035421), np.float32(0.8515394), np.float32(1.7572833), np.float32(0.91145813), np.float32(0.8076933), np.float32(0.874132), np.float32(1.2950846), np.float32(0.7773509), np.float32(1.10445), np.float32(1.3425782), np.float32(0.7225221), np.float32(1.1847155), np.float32(1.226629), np.float32(0.89084935), np.float32(0.8885509), np.float32(1.0556424)], 'y_means': [np.float64(-2.1198043489456175), np.float64(-0.08769944250583649), np.float64(-0.477653015255928), np.float64(-1.1380726432800292), np.float64(-0.8049714851379395), np.float64(-0.17895151287317276), np.float64(-1.4991097450256348), np.float64(-0.4755655074119568), np.float64(-0.1279981654882431), np.float64(-1.1360005664825439), np.float64(-0.13197421476244928), np.float64(-1.7045519065856933), np.float64(-0.9773887658119201), np.float64(0.3748892670869827), np.float64(-1.7630719971656799), np.float64(-0.39431266009807586), np.float64(-0.7635882985591889), np.float64(-0.05851987548172474), np.float64(-1.4055007266998292), np.float64(-0.5275591909885406)], 'y_stds': [np.float64(0.5177245876193046), np.float64(0.15946610651910306), np.float64(0.20349814634857494), np.float64(0.20525452345609665), np.float64(0.15577795349207066), np.float64(0.6104725399614837), np.float64(0.6746762636303901), np.float64(0.12251539945675205), np.float64(0.0551773901656998), np.float64(0.39776802271662776), np.float64(0.6749425643684662), np.float64(0.4147773546003748), np.float64(0.30953245908021926), np.float64(0.5572065128387477), np.float64(0.7776308518648147), np.float64(0.07327093121057274), np.float64(0.24322746582329274), np.float64(0.054702523872365454), np.float64(0.28386839002370834), np.float64(0.11765769328922034)]}
  final_mean: 0.6533994674682617
  final_var: 0.9792292714118958
  final_trajectories: tensor([[[ 0.0000],
         [ 0.0000],
         [ 0.0000],
         ...,
         [ 0.0000],
         [ 0.0000],
         [ 0.0000]],

        [[-0.0146],
         [-0.0206],
         [ 0.0548],
         ...,
         [-0.1011],
         [ 0.0142],
         [ 0.1835]],

        [[ 0.2182],
         [ 0.0602],
         [ 0.0289],
         ...,
         [-0.4434],
         [-0.1456],
         [ 0.0985]],

        ...,

        [[ 1.1089],
         [ 1.5135],
         [ 0.4499],
         ...,
         [ 2.0841],
         [ 1.9581],
         [ 1.1635]],

        [[ 1.2127],
         [ 1.5073],
         [ 0.6054],
         ...,
         [ 2.1379],
         [ 2.0764],
         [ 1.2235]],

        [[ 1.2465],
         [ 1.5786],
         [ 0.5013],
         ...,
         [ 2.1320],
         [ 1.9440],
         [ 1.3133]]])

Completed: 2026-02-05T23:19:16.181575
