Experiment: 2026-01-26_03-28-54_sweep_lambda_1.0
Started: 2026-01-26T03:28:54.136482
======================================================================

======================================================================
MFC Configuration (Iterative Backward Regression)
======================================================================
  Physics:    T=1.0, N=50, σ=1.0, dim=1
  Target:     N(1.0, 1.0)
  Initial:    dirac at 0.0
----------------------------------------------------------------------
  Model:      hidden=64, layers=3, time_emb=16
  Training:   5 iterations × 100 epochs, batch=2048, lr=0.001
  λ (terminal_weight): 1.0
======================================================================

[03:28:54] Initialized solver on device: cpu
[03:28:54] Number of networks: 50
[03:28:54] Polyak averaging τ: 0.5
[03:28:54] Total parameters (trainable): 428,850
[03:28:54] ======================================================================
[03:28:54] Starting Iterative Backward Regression (Polyak Averaging)
[03:28:54] ======================================================================
[03:28:54] Iterations: 5
[03:28:54] Backward epochs per step: 100
[03:28:54] Batch size: 2048
[03:28:54] Polyak τ: 0.5
[03:28:54] λ (terminal_weight): 1.0
[03:28:54] Target: N(1.0, 1.0)
[03:28:54] ======================================================================
[03:29:00] Iter [  1/5] | Loss: 0.030779 | μ=0.000 (Δ=1.000), σ=0.945 (Δ=0.055)
[03:29:21] Iter [  5/5] | Loss: 0.023625 | μ=0.489 (Δ=0.511), σ=0.633 (Δ=0.367)
[03:29:21] ======================================================================
[03:29:21] Training Complete! Evaluating with target networks...
[03:29:21] Final Mean: 0.5068 (target: 1.0)
[03:29:21] Final Std:  0.6102 (target: 1.0)
[03:29:21] ======================================================================
[03:29:21] Saved plot: trajectories.png
[03:29:22] Saved plot: terminal_distribution.png
[03:29:22] Saved plot: statistics_evolution.png
[03:29:22] Saved all visualization plots

======================================================================
FINAL RESULTS
======================================================================
  history: {'iteration_losses': [np.float64(0.03077887963503599), np.float64(0.025642480868846178), np.float64(0.023788919430226086), np.float64(0.02330423453822732), np.float64(0.023624552022665737)], 'terminal_means': [np.float32(0.00022334093), np.float32(0.3760059), np.float32(0.45502567), np.float32(0.4795755), np.float32(0.48862764)], 'terminal_vars': [np.float32(0.89287734), np.float32(0.5397263), np.float32(0.4326576), np.float32(0.38919014), np.float32(0.40073264)]}
  final_mean: 0.5067662596702576
  final_var: 0.37229037284851074
  final_trajectories: tensor([[[ 0.0000e+00],
         [ 0.0000e+00],
         [ 0.0000e+00],
         ...,
         [ 0.0000e+00],
         [ 0.0000e+00],
         [ 0.0000e+00]],

        [[ 1.4343e-01],
         [-7.0609e-02],
         [ 5.3786e-02],
         ...,
         [-1.5897e-01],
         [ 1.1181e-01],
         [-1.5763e-01]],

        [[ 8.5714e-02],
         [-1.6991e-01],
         [-2.9244e-02],
         ...,
         [-5.2630e-02],
         [ 2.2446e-01],
         [-2.7242e-02]],

        ...,

        [[ 6.0575e-02],
         [ 7.2821e-01],
         [ 1.0600e+00],
         ...,
         [ 2.1692e-01],
         [ 1.0165e+00],
         [ 2.3626e-01]],

        [[ 5.3484e-02],
         [ 9.4253e-01],
         [ 1.0678e+00],
         ...,
         [ 2.4364e-01],
         [ 9.4155e-01],
         [ 4.6878e-01]],

        [[-1.3324e-03],
         [ 8.9518e-01],
         [ 1.3332e+00],
         ...,
         [ 2.2640e-01],
         [ 1.0832e+00],
         [ 2.9701e-01]]])

Completed: 2026-01-26T03:29:22.153784
