Experiment: 2026-02-03_00-27-27_exp_Student_t
Started: 2026-02-03T00:27:27.667135
======================================================================

======================================================================
MFC Configuration (Iterative Backward Regression)
======================================================================
  Physics:    T=1.0, N=50, σ=1.0, dim=1
  Target:     N(0.0, 1.0)
  Initial:    dirac at 0.0
----------------------------------------------------------------------
  Model:      hidden=64, layers=3, time_emb=16
  Training:   200 iterations × 100 epochs, batch=2048, lr=0.001
  Polyak τ:   0.5
  λ (terminal_weight): 2.0
======================================================================

[00:27:27] Initialized solver on device: cpu
[00:27:27] Number of networks: 50
[00:27:27] Polyak averaging τ: 0.5
[00:27:27] Total parameters (trainable): 428,850
[00:27:27] ======================================================================
[00:27:27] Starting Iterative Backward Regression (Polyak Averaging)
[00:27:27] ======================================================================
[00:27:27] Iterations: 200
[00:27:27] Backward epochs per step: 100
[00:27:27] Batch size: 2048
[00:27:27] Polyak τ: 0.5
[00:27:27] λ (terminal_weight): 2.0
[00:27:27] Target: N(0.0, 1.0)
[00:27:27] ======================================================================
[00:27:33] Iter [  1/200] | Loss: 0.017529 | μ=0.029 (Δ=0.029), σ=0.978 (Δ=0.022)
[00:27:55] Iter [  5/200] | Loss: 0.011795 | μ=-0.067 (Δ=0.067), σ=1.188 (Δ=0.188)
[00:28:22] Iter [ 10/200] | Loss: 0.000797 | μ=-0.067 (Δ=0.067), σ=1.066 (Δ=0.066)
[00:28:50] Iter [ 15/200] | Loss: 0.008091 | μ=0.218 (Δ=0.218), σ=1.358 (Δ=0.358)
[00:29:17] Iter [ 20/200] | Loss: 0.004821 | μ=-0.029 (Δ=0.029), σ=1.110 (Δ=0.110)
[00:29:45] Iter [ 25/200] | Loss: 0.004751 | μ=0.029 (Δ=0.029), σ=1.068 (Δ=0.068)
[00:30:12] Iter [ 30/200] | Loss: 0.004758 | μ=-0.057 (Δ=0.057), σ=1.309 (Δ=0.309)
[00:30:40] Iter [ 35/200] | Loss: 0.004624 | μ=0.035 (Δ=0.035), σ=1.428 (Δ=0.428)
[00:31:08] Iter [ 40/200] | Loss: 0.002068 | μ=0.097 (Δ=0.097), σ=1.062 (Δ=0.062)
[00:31:35] Iter [ 45/200] | Loss: 0.013183 | μ=0.059 (Δ=0.059), σ=1.116 (Δ=0.116)
[00:32:03] Iter [ 50/200] | Loss: 0.002792 | μ=0.043 (Δ=0.043), σ=1.045 (Δ=0.045)
[00:32:30] Iter [ 55/200] | Loss: 0.008347 | μ=-0.096 (Δ=0.096), σ=1.095 (Δ=0.095)
[00:32:58] Iter [ 60/200] | Loss: 0.007106 | μ=-0.067 (Δ=0.067), σ=1.102 (Δ=0.102)
[00:33:25] Iter [ 65/200] | Loss: 0.003000 | μ=-0.103 (Δ=0.103), σ=1.109 (Δ=0.109)
[00:33:53] Iter [ 70/200] | Loss: 0.002913 | μ=0.133 (Δ=0.133), σ=1.288 (Δ=0.288)
[00:34:20] Iter [ 75/200] | Loss: 0.005051 | μ=0.213 (Δ=0.213), σ=1.221 (Δ=0.221)
[00:34:48] Iter [ 80/200] | Loss: 0.017965 | μ=0.060 (Δ=0.060), σ=1.200 (Δ=0.200)
[00:35:16] Iter [ 85/200] | Loss: 0.002151 | μ=-0.112 (Δ=0.112), σ=1.058 (Δ=0.058)
[00:35:43] Iter [ 90/200] | Loss: 0.013575 | μ=0.101 (Δ=0.101), σ=1.158 (Δ=0.158)
[00:36:11] Iter [ 95/200] | Loss: 0.002717 | μ=0.103 (Δ=0.103), σ=1.304 (Δ=0.304)
[00:36:38] Iter [100/200] | Loss: 0.016415 | μ=-0.158 (Δ=0.158), σ=0.962 (Δ=0.038)
[00:37:06] Iter [105/200] | Loss: 0.005399 | μ=0.092 (Δ=0.092), σ=1.169 (Δ=0.169)
[00:37:33] Iter [110/200] | Loss: 0.008714 | μ=-0.139 (Δ=0.139), σ=1.222 (Δ=0.222)
[00:38:01] Iter [115/200] | Loss: 0.002504 | μ=-0.145 (Δ=0.145), σ=1.119 (Δ=0.119)
[00:38:28] Iter [120/200] | Loss: 0.003475 | μ=-0.052 (Δ=0.052), σ=1.270 (Δ=0.270)
[00:38:56] Iter [125/200] | Loss: 0.003783 | μ=0.033 (Δ=0.033), σ=1.157 (Δ=0.157)
[00:39:24] Iter [130/200] | Loss: 0.003287 | μ=0.087 (Δ=0.087), σ=1.064 (Δ=0.064)
[00:39:52] Iter [135/200] | Loss: 0.005032 | μ=-0.137 (Δ=0.137), σ=1.285 (Δ=0.285)
[00:40:19] Iter [140/200] | Loss: 0.009220 | μ=0.048 (Δ=0.048), σ=1.084 (Δ=0.084)
[00:40:47] Iter [145/200] | Loss: 0.010388 | μ=0.036 (Δ=0.036), σ=1.218 (Δ=0.218)
[00:41:14] Iter [150/200] | Loss: 0.005183 | μ=0.052 (Δ=0.052), σ=1.109 (Δ=0.109)
[00:41:42] Iter [155/200] | Loss: 0.002320 | μ=0.048 (Δ=0.048), σ=1.174 (Δ=0.174)
[00:42:09] Iter [160/200] | Loss: 0.006433 | μ=0.205 (Δ=0.205), σ=1.167 (Δ=0.167)
[00:42:37] Iter [165/200] | Loss: 0.007726 | μ=0.070 (Δ=0.070), σ=1.108 (Δ=0.108)
[00:43:04] Iter [170/200] | Loss: 0.019463 | μ=0.144 (Δ=0.144), σ=1.115 (Δ=0.115)
[00:43:32] Iter [175/200] | Loss: 0.007422 | μ=0.088 (Δ=0.088), σ=1.184 (Δ=0.184)
[00:44:00] Iter [180/200] | Loss: 0.006916 | μ=-0.052 (Δ=0.052), σ=1.162 (Δ=0.162)
[00:44:27] Iter [185/200] | Loss: 0.008521 | μ=0.212 (Δ=0.212), σ=1.071 (Δ=0.071)
[00:44:55] Iter [190/200] | Loss: 0.008511 | μ=0.068 (Δ=0.068), σ=1.190 (Δ=0.190)
[00:45:23] Iter [195/200] | Loss: 0.007353 | μ=0.171 (Δ=0.171), σ=1.072 (Δ=0.072)
[00:45:50] Iter [200/200] | Loss: 0.007531 | μ=-0.003 (Δ=0.003), σ=1.263 (Δ=0.263)
[00:45:50] ======================================================================
[00:45:50] Training Complete! Evaluating with target networks...
[00:45:50] Final Mean: -0.2335 (target: 0.0)
[00:45:50] Final Std:  1.0982 (target: 1.0)
[00:45:50] ======================================================================
