Experiment: 2026-02-05_01-27-19_exp_GMM
Started: 2026-02-05T01:27:19.245911
======================================================================

======================================================================
MFC Configuration (Iterative Backward Regression)
======================================================================
  Physics:    T=1.0, N=50, σ=1.0, dim=1
  Target:     N(0.0, 1.0)
  Initial:    dirac at 0.0
----------------------------------------------------------------------
  Model:      hidden=64, layers=3, time_emb=16
  Training:   400 iterations × 100 epochs, batch=2048, lr=0.001
  Polyak τ:   0.5
  λ (terminal_weight): 2.0
======================================================================

[01:27:19] Initialized solver on device: cpu
[01:27:19] Number of networks: 50
[01:27:19] Polyak averaging τ: 0.5
[01:27:19] Total parameters (trainable): 428,850
[01:27:19] ======================================================================
[01:27:19] Starting Iterative Backward Regression (Polyak Averaging)
[01:27:19] ======================================================================
[01:27:19] Iterations: 400
[01:27:19] Backward epochs per step: 100
[01:27:19] Batch size: 2048
[01:27:19] Polyak τ: 0.5
[01:27:19] λ (terminal_weight): 2.0
[01:27:19] Target: N(0.0, 1.0)
[01:27:19] ======================================================================
[01:27:24] Iter [  1/400] | Loss: 2.390788 | μ=-0.016 (Δ=0.016), σ=0.974 (Δ=1.026)
[01:27:47] Iter [  5/400] | Loss: 1.588638 | μ=0.638 (Δ=0.638), σ=0.914 (Δ=1.086)
[01:28:14] Iter [ 10/400] | Loss: 0.357572 | μ=-1.063 (Δ=1.063), σ=0.622 (Δ=1.378)
[01:28:42] Iter [ 15/400] | Loss: 0.197058 | μ=-2.508 (Δ=2.508), σ=1.251 (Δ=0.749)
[01:29:10] Iter [ 20/400] | Loss: 0.188489 | μ=-0.382 (Δ=0.382), σ=1.915 (Δ=0.085)
[01:29:38] Iter [ 25/400] | Loss: 0.262560 | μ=0.919 (Δ=0.919), σ=2.050 (Δ=0.050)
[01:30:05] Iter [ 30/400] | Loss: 0.138182 | μ=-1.606 (Δ=1.606), σ=1.925 (Δ=0.075)
[01:30:33] Iter [ 35/400] | Loss: 0.244283 | μ=-0.158 (Δ=0.158), σ=2.124 (Δ=0.124)
[01:31:01] Iter [ 40/400] | Loss: 0.061506 | μ=0.871 (Δ=0.871), σ=1.725 (Δ=0.275)
[01:31:28] Iter [ 45/400] | Loss: 0.314149 | μ=0.773 (Δ=0.773), σ=1.581 (Δ=0.419)
[01:31:56] Iter [ 50/400] | Loss: 0.045692 | μ=-1.872 (Δ=1.872), σ=1.399 (Δ=0.601)
[01:32:24] Iter [ 55/400] | Loss: 0.043457 | μ=-0.589 (Δ=0.589), σ=1.738 (Δ=0.262)
[01:32:52] Iter [ 60/400] | Loss: 0.057215 | μ=-1.747 (Δ=1.747), σ=0.630 (Δ=1.370)
[01:33:20] Iter [ 65/400] | Loss: 0.069656 | μ=1.964 (Δ=1.964), σ=1.485 (Δ=0.515)
[01:33:47] Iter [ 70/400] | Loss: 0.067978 | μ=0.152 (Δ=0.152), σ=1.749 (Δ=0.251)
[01:34:15] Iter [ 75/400] | Loss: 0.388907 | μ=2.828 (Δ=2.828), σ=1.090 (Δ=0.910)
[01:34:43] Iter [ 80/400] | Loss: 0.173496 | μ=-1.436 (Δ=1.436), σ=0.776 (Δ=1.224)
[01:35:10] Iter [ 85/400] | Loss: 0.125207 | μ=2.036 (Δ=2.036), σ=1.780 (Δ=0.220)
[01:35:38] Iter [ 90/400] | Loss: 0.232093 | μ=-0.264 (Δ=0.264), σ=1.663 (Δ=0.337)
[01:36:06] Iter [ 95/400] | Loss: 0.052990 | μ=0.428 (Δ=0.428), σ=2.211 (Δ=0.211)
[01:36:34] Iter [100/400] | Loss: 0.241683 | μ=1.731 (Δ=1.731), σ=2.035 (Δ=0.035)
[01:37:02] Iter [105/400] | Loss: 0.034127 | μ=1.317 (Δ=1.317), σ=1.637 (Δ=0.363)
[01:37:29] Iter [110/400] | Loss: 0.095758 | μ=0.335 (Δ=0.335), σ=1.589 (Δ=0.411)
[01:37:57] Iter [115/400] | Loss: 0.571136 | μ=0.595 (Δ=0.595), σ=1.411 (Δ=0.589)
[01:38:25] Iter [120/400] | Loss: 0.133625 | μ=1.830 (Δ=1.830), σ=1.593 (Δ=0.407)
[01:38:53] Iter [125/400] | Loss: 0.127520 | μ=-1.683 (Δ=1.683), σ=0.799 (Δ=1.201)
[01:39:20] Iter [130/400] | Loss: 0.065020 | μ=0.277 (Δ=0.277), σ=1.935 (Δ=0.065)
[01:39:48] Iter [135/400] | Loss: 0.053810 | μ=-1.016 (Δ=1.016), σ=1.660 (Δ=0.340)
[01:40:16] Iter [140/400] | Loss: 0.114199 | μ=0.519 (Δ=0.519), σ=1.647 (Δ=0.353)
[01:40:43] Iter [145/400] | Loss: 0.046923 | μ=-0.423 (Δ=0.423), σ=2.018 (Δ=0.018)
[01:41:11] Iter [150/400] | Loss: 0.047301 | μ=-1.861 (Δ=1.861), σ=0.582 (Δ=1.418)
[01:41:39] Iter [155/400] | Loss: 0.208510 | μ=-1.051 (Δ=1.051), σ=1.898 (Δ=0.102)
[01:42:07] Iter [160/400] | Loss: 0.044958 | μ=1.902 (Δ=1.902), σ=0.600 (Δ=1.400)
[01:42:35] Iter [165/400] | Loss: 0.019702 | μ=-2.405 (Δ=2.405), σ=0.517 (Δ=1.483)
[01:43:02] Iter [170/400] | Loss: 0.149857 | μ=-0.071 (Δ=0.071), σ=1.830 (Δ=0.170)
[01:43:30] Iter [175/400] | Loss: 0.125971 | μ=2.002 (Δ=2.002), σ=1.779 (Δ=0.221)
[01:43:58] Iter [180/400] | Loss: 0.050104 | μ=-1.119 (Δ=1.119), σ=1.874 (Δ=0.126)
[01:44:25] Iter [185/400] | Loss: 0.139290 | μ=0.392 (Δ=0.392), σ=2.140 (Δ=0.140)
[01:44:53] Iter [190/400] | Loss: 0.048273 | μ=-1.858 (Δ=1.858), σ=0.716 (Δ=1.284)
[01:45:21] Iter [195/400] | Loss: 0.035299 | μ=-0.350 (Δ=0.350), σ=2.035 (Δ=0.035)
[01:45:49] Iter [200/400] | Loss: 0.052173 | μ=2.433 (Δ=2.433), σ=0.484 (Δ=1.516)
[01:46:16] Iter [205/400] | Loss: 0.428364 | μ=-0.066 (Δ=0.066), σ=1.429 (Δ=0.571)
[02:02:22] Iter [210/400] | Loss: 0.187465 | μ=1.828 (Δ=1.828), σ=1.814 (Δ=0.186)
[02:02:50] Iter [215/400] | Loss: 0.566083 | μ=-1.151 (Δ=1.151), σ=1.210 (Δ=0.790)
[02:19:40] Iter [220/400] | Loss: 0.398776 | μ=0.423 (Δ=0.423), σ=2.500 (Δ=0.500)
[02:20:07] Iter [225/400] | Loss: 0.057889 | μ=2.246 (Δ=2.246), σ=1.048 (Δ=0.952)
[02:23:45] Iter [230/400] | Loss: 0.326644 | μ=-0.567 (Δ=0.567), σ=1.524 (Δ=0.476)
[02:24:13] Iter [235/400] | Loss: 0.862054 | μ=-0.689 (Δ=0.689), σ=1.419 (Δ=0.581)
[02:24:40] Iter [240/400] | Loss: 0.054269 | μ=-0.670 (Δ=0.670), σ=2.052 (Δ=0.052)
[02:25:08] Iter [245/400] | Loss: 0.352994 | μ=0.973 (Δ=0.973), σ=2.278 (Δ=0.278)
[02:25:35] Iter [250/400] | Loss: 0.064115 | μ=-0.181 (Δ=0.181), σ=1.821 (Δ=0.179)
[02:26:03] Iter [255/400] | Loss: 0.125747 | μ=-0.138 (Δ=0.138), σ=2.152 (Δ=0.152)
[02:26:31] Iter [260/400] | Loss: 0.218573 | μ=-0.329 (Δ=0.329), σ=1.598 (Δ=0.402)
[02:26:58] Iter [265/400] | Loss: 0.097438 | μ=-0.707 (Δ=0.707), σ=1.805 (Δ=0.195)
[02:27:26] Iter [270/400] | Loss: 0.017221 | μ=0.621 (Δ=0.621), σ=1.857 (Δ=0.143)
[02:27:53] Iter [275/400] | Loss: 0.379356 | μ=0.521 (Δ=0.521), σ=1.573 (Δ=0.427)
[02:28:21] Iter [280/400] | Loss: 0.162180 | μ=-0.867 (Δ=0.867), σ=2.198 (Δ=0.198)
[02:28:49] Iter [285/400] | Loss: 0.149449 | μ=-0.753 (Δ=0.753), σ=1.733 (Δ=0.267)
[02:29:16] Iter [290/400] | Loss: 0.313863 | μ=-0.699 (Δ=0.699), σ=1.276 (Δ=0.724)
[02:29:44] Iter [295/400] | Loss: 0.285951 | μ=0.433 (Δ=0.433), σ=1.532 (Δ=0.468)
[02:30:11] Iter [300/400] | Loss: 0.260584 | μ=0.512 (Δ=0.512), σ=1.749 (Δ=0.251)
[02:30:39] Iter [305/400] | Loss: 0.009432 | μ=2.005 (Δ=2.005), σ=0.667 (Δ=1.333)
[02:31:06] Iter [310/400] | Loss: 0.154670 | μ=-0.486 (Δ=0.486), σ=2.248 (Δ=0.248)
[02:31:34] Iter [315/400] | Loss: 0.063034 | μ=0.847 (Δ=0.847), σ=1.739 (Δ=0.261)
[02:32:02] Iter [320/400] | Loss: 0.186906 | μ=-2.970 (Δ=2.970), σ=0.532 (Δ=1.468)
[02:32:29] Iter [325/400] | Loss: 0.136217 | μ=-1.108 (Δ=1.108), σ=1.446 (Δ=0.554)
[02:32:57] Iter [330/400] | Loss: 0.032116 | μ=-1.220 (Δ=1.220), σ=1.626 (Δ=0.374)
[02:33:24] Iter [335/400] | Loss: 0.196732 | μ=0.358 (Δ=0.358), σ=1.683 (Δ=0.317)
[02:33:52] Iter [340/400] | Loss: 0.224072 | μ=0.270 (Δ=0.270), σ=2.307 (Δ=0.307)
[02:34:19] Iter [345/400] | Loss: 0.030864 | μ=-0.985 (Δ=0.985), σ=1.833 (Δ=0.167)
[02:34:47] Iter [350/400] | Loss: 0.162388 | μ=-1.230 (Δ=1.230), σ=1.499 (Δ=0.501)
[02:35:14] Iter [355/400] | Loss: 0.482122 | μ=1.124 (Δ=1.124), σ=1.271 (Δ=0.729)
[02:35:42] Iter [360/400] | Loss: 0.465849 | μ=-0.330 (Δ=0.330), σ=1.497 (Δ=0.503)
[02:36:09] Iter [365/400] | Loss: 0.030885 | μ=2.273 (Δ=2.273), σ=0.851 (Δ=1.149)
[02:36:37] Iter [370/400] | Loss: 0.251751 | μ=1.132 (Δ=1.132), σ=1.839 (Δ=0.161)
[02:37:05] Iter [375/400] | Loss: 0.236805 | μ=-0.314 (Δ=0.314), σ=1.680 (Δ=0.320)
[02:37:32] Iter [380/400] | Loss: 0.083160 | μ=0.803 (Δ=0.803), σ=1.863 (Δ=0.137)
[02:38:00] Iter [385/400] | Loss: 0.519523 | μ=-0.728 (Δ=0.728), σ=2.431 (Δ=0.431)
[02:38:28] Iter [390/400] | Loss: 0.033910 | μ=-2.282 (Δ=2.282), σ=0.643 (Δ=1.357)
[02:38:55] Iter [395/400] | Loss: 0.122803 | μ=-0.203 (Δ=0.203), σ=1.731 (Δ=0.269)
[02:39:23] Iter [400/400] | Loss: 0.072096 | μ=0.769 (Δ=0.769), σ=1.717 (Δ=0.283)
[02:39:23] ======================================================================
[02:39:23] Training Complete! Evaluating with target networks...
[02:39:23] Final Mean: -0.9239 (target: 0.0)
[02:39:23] Final Std:  1.8819 (target: 2.0)
[02:39:23] ======================================================================
