Experiment: 2026-02-02_00-51-27_exp_Student_t
Started: 2026-02-02T00:51:27.115258
======================================================================

======================================================================
MFC Configuration (Iterative Backward Regression)
======================================================================
  Physics:    T=1.0, N=50, σ=1.0, dim=1
  Target:     N(0.0, 1.0)
  Initial:    dirac at 0.0
----------------------------------------------------------------------
  Model:      hidden=64, layers=3, time_emb=16
  Training:   100 iterations × 100 epochs, batch=2048, lr=0.001
  Polyak τ:   0.1
  λ (terminal_weight): 2.0
======================================================================

[00:51:27] Initialized solver on device: cpu
[00:51:27] Number of networks: 50
[00:51:27] Polyak averaging τ: 0.1
[00:51:27] Total parameters (trainable): 428,850
[00:51:27] ======================================================================
[00:51:27] Starting Iterative Backward Regression (Polyak Averaging)
[00:51:27] ======================================================================
[00:51:27] Iterations: 100
[00:51:27] Backward epochs per step: 100
[00:51:27] Batch size: 2048
[00:51:27] Polyak τ: 0.1
[00:51:27] λ (terminal_weight): 2.0
[00:51:27] Target: N(0.0, 1.0)
[00:51:27] ======================================================================
[00:51:33] Iter [  1/100] | Loss: 0.008755 | μ=-0.005 (Δ=0.005), σ=0.991 (Δ=0.009)
[00:51:57] Iter [  5/100] | Loss: 0.008626 | μ=0.061 (Δ=0.061), σ=1.014 (Δ=0.014)
[00:52:27] Iter [ 10/100] | Loss: 0.006156 | μ=0.003 (Δ=0.003), σ=1.053 (Δ=0.053)
[00:52:59] Iter [ 15/100] | Loss: 0.003250 | μ=-0.008 (Δ=0.008), σ=1.119 (Δ=0.119)
[00:53:33] Iter [ 20/100] | Loss: 0.003916 | μ=-0.090 (Δ=0.090), σ=1.111 (Δ=0.111)
[00:54:03] Iter [ 25/100] | Loss: 0.004770 | μ=-0.073 (Δ=0.073), σ=1.111 (Δ=0.111)
[00:54:37] Iter [ 30/100] | Loss: 0.005955 | μ=-0.067 (Δ=0.067), σ=1.095 (Δ=0.095)
[00:55:09] Iter [ 35/100] | Loss: 0.002266 | μ=0.003 (Δ=0.003), σ=1.080 (Δ=0.080)
[00:55:39] Iter [ 40/100] | Loss: 0.007261 | μ=-0.020 (Δ=0.020), σ=1.087 (Δ=0.087)
