Experiment: 2026-02-05_23-10-00_mfc_backward_regression
Started: 2026-02-05T23:10:00.454265
======================================================================

======================================================================
MFC Configuration (Iterative Backward Regression)
======================================================================
  Physics:    T=1.0, N=50, σ=1.0, dim=1
  Target:     N(1.0, 1.0)
  Initial:    dirac at 0.0
----------------------------------------------------------------------
  Model:      hidden=64, layers=3, time_emb=16
  Training:   20 iterations × 100 epochs, batch=2048, lr=0.001
  Polyak τ:   0.5
  λ (terminal_weight): 100.0
======================================================================

[23:10:00] Initialized solver on device: cpu
[23:10:00] Number of networks: 50
[23:10:00] Polyak averaging τ: 0.5
[23:10:00] Total parameters (trainable): 428,850
[23:10:00] ======================================================================
[23:10:00] Starting Iterative Backward Regression (Polyak Averaging)
[23:10:00] ======================================================================
[23:10:00] Iterations: 20
[23:10:00] Backward epochs per step: 100
[23:10:00] Batch size: 2048
[23:10:00] Polyak τ: 0.5
[23:10:00] λ (terminal_weight): 100.0
[23:10:00] Target: N(1.0, 1.0)
[23:10:00] ======================================================================
[23:10:06] Iter [  1/20] | Loss: 111.233430 | μ=0.000 (Δ=1.000), σ=0.945 (Δ=0.055) | Y_μ=-14.299, Y_σ=0.012
[23:10:29] Iter [  5/20] | Loss: 175.915668 | μ=1.595 (Δ=0.595), σ=0.144 (Δ=0.856) | Y_μ=1.877, Y_σ=0.099
[23:10:56] Iter [ 10/20] | Loss: 177.334776 | μ=0.576 (Δ=0.424), σ=0.146 (Δ=0.854) | Y_μ=3.814, Y_σ=0.334
[23:11:23] Iter [ 15/20] | Loss: 59.046097 | μ=0.978 (Δ=0.022), σ=0.803 (Δ=0.197) | Y_μ=-2.692, Y_σ=2.459
[23:11:51] Iter [ 20/20] | Loss: 160.144814 | μ=1.777 (Δ=0.777), σ=0.163 (Δ=0.837) | Y_μ=19.083, Y_σ=0.079
[23:11:51] ======================================================================
[23:11:51] Training Complete! Evaluating with target networks...
[23:11:51] Final Mean: 0.6646 (target: 1.0)
[23:11:51] Final Std:  0.3425 (target: 1.0)
[23:11:51] ======================================================================
[23:11:51] Saved plot: trajectories.png
[23:11:51] Saved plot: terminal_distribution.png
[23:11:51] Saved plot: statistics_evolution.png
[23:11:51] Saved all visualization plots

======================================================================
FINAL RESULTS
======================================================================
  history: {'iteration_losses': [np.float64(111.23342970528694), np.float64(133.26418195552193), np.float64(158.77877774806154), np.float64(170.70813704306528), np.float64(175.915667657865), np.float64(143.30294080830106), np.float64(120.26047251628188), np.float64(129.16824686741413), np.float64(77.42576779269613), np.float64(177.33477581618703), np.float64(168.14415817195083), np.float64(155.91887840918636), np.float64(163.89471326894184), np.float64(197.48350705745077), np.float64(59.046096645891666), np.float64(142.68877984702587), np.float64(133.9938259437913), np.float64(163.21752042316047), np.float64(178.2433286949816), np.float64(160.1448142188578)], 'terminal_means': [np.float32(0.00022334093), np.float32(5.878817), np.float32(1.8178155), np.float32(0.40434974), np.float32(1.5953374), np.float32(1.0382886), np.float32(-0.1693587), np.float32(6.405316), np.float32(-0.67363214), np.float32(0.57613575), np.float32(0.76122963), np.float32(1.5020429), np.float32(0.91202736), np.float32(2.9972456), np.float32(0.9782236), np.float32(2.3818808), np.float32(-1.4541214), np.float32(0.58128166), np.float32(1.2458527), np.float32(1.7774947)], 'terminal_vars': [np.float32(0.89287734), np.float32(0.6020888), np.float32(0.05742424), np.float32(0.024591275), np.float32(0.020794038), np.float32(0.053768698), np.float32(0.2565754), np.float32(0.686172), np.float32(0.31826064), np.float32(0.02127441), np.float32(0.030856736), np.float32(0.1803048), np.float32(0.20867419), np.float32(0.7411254), np.float32(0.64543086), np.float32(3.3956594), np.float32(0.3079759), np.float32(0.07872025), np.float32(0.031807758), np.float32(0.026612356)], 'y_means': [np.float64(-14.299321994781494), np.float64(17.625556564331056), np.float64(20.164152755737305), np.float64(-20.89754177093506), np.float64(1.8772008633613586), np.float64(1.1457018637657166), np.float64(-10.380403480529786), np.float64(19.779349746704103), np.float64(-25.380647048950195), np.float64(3.813851251602173), np.float64(-11.852035884857179), np.float64(0.522468438744545), np.float64(-5.768511266708374), np.float64(0.6960754561424255), np.float64(-2.692163166999817), np.float64(13.437794933319092), np.float64(-14.301614952087402), np.float64(-10.403226299285889), np.float64(-4.069559373855591), np.float64(19.083393325805662)], 'y_stds': [np.float64(0.011780461212629234), np.float64(0.7696732748672366), np.float64(0.015575572496090899), np.float64(0.09569232540670783), np.float64(0.09854769395897278), np.float64(1.0019861430779564), np.float64(2.4784825385455087), np.float64(0.09340908139566181), np.float64(0.13034159840085066), np.float64(0.3340316610236192), np.float64(0.1956384843494743), np.float64(0.018592906972335187), np.float64(0.5214946542307735), np.float64(0.0244748512146181), np.float64(2.4585206401359763), np.float64(4.119754215492872), np.float64(0.4536918758647539), np.float64(0.06376079768408317), np.float64(0.06025865563657362), np.float64(0.07867655832786567)]}
  final_mean: 0.6645544767379761
  final_var: 0.11732666194438934
  final_trajectories: tensor([[[ 0.0000],
         [ 0.0000],
         [ 0.0000],
         ...,
         [ 0.0000],
         [ 0.0000],
         [ 0.0000]],

        [[-0.1243],
         [-0.1303],
         [-0.0549],
         ...,
         [-0.2108],
         [-0.0955],
         [ 0.0738]],

        [[-0.0400],
         [-0.1976],
         [-0.2334],
         ...,
         [-0.6959],
         [-0.4055],
         [-0.1704]],

        ...,

        [[ 0.7495],
         [-0.0330],
         [ 0.6418],
         ...,
         [ 1.0765],
         [ 0.9233],
         [ 0.1717]],

        [[ 0.8498],
         [-0.0288],
         [ 0.7996],
         ...,
         [ 1.0263],
         [ 1.0128],
         [ 0.2402]],

        [[ 0.9076],
         [ 0.0663],
         [ 0.7199],
         ...,
         [ 1.0387],
         [ 0.8996],
         [ 0.3541]]])

Completed: 2026-02-05T23:12:20.600263
