Experiment: 2026-01-26_03-30-16_sweep_lambda_4.0
Started: 2026-01-26T03:30:16.127862
======================================================================

======================================================================
MFC Configuration (Iterative Backward Regression)
======================================================================
  Physics:    T=1.0, N=50, σ=1.0, dim=1
  Target:     N(1.0, 1.0)
  Initial:    dirac at 0.0
----------------------------------------------------------------------
  Model:      hidden=64, layers=3, time_emb=16
  Training:   5 iterations × 100 epochs, batch=2048, lr=0.001
  λ (terminal_weight): 4.0
======================================================================

[03:30:16] Initialized solver on device: cpu
[03:30:16] Number of networks: 50
[03:30:16] Polyak averaging τ: 0.5
[03:30:16] Total parameters (trainable): 428,850
[03:30:16] ======================================================================
[03:30:16] Starting Iterative Backward Regression (Polyak Averaging)
[03:30:16] ======================================================================
[03:30:16] Iterations: 5
[03:30:16] Backward epochs per step: 100
[03:30:16] Batch size: 2048
[03:30:16] Polyak τ: 0.5
[03:30:16] λ (terminal_weight): 4.0
[03:30:16] Target: N(1.0, 1.0)
[03:30:16] ======================================================================
[03:30:21] Iter [  1/5] | Loss: 0.466891 | μ=0.000 (Δ=1.000), σ=0.945 (Δ=0.055)
[03:30:42] Iter [  5/5] | Loss: 0.323275 | μ=0.796 (Δ=0.204), σ=0.291 (Δ=0.709)
[03:30:42] ======================================================================
[03:30:42] Training Complete! Evaluating with target networks...
[03:30:42] Final Mean: 0.8055 (target: 1.0)
[03:30:42] Final Std:  0.2743 (target: 1.0)
[03:30:42] ======================================================================
[03:30:43] Saved plot: trajectories.png
[03:30:43] Saved plot: terminal_distribution.png
[03:30:43] Saved plot: statistics_evolution.png
[03:30:43] Saved all visualization plots

======================================================================
FINAL RESULTS
======================================================================
  history: {'iteration_losses': [np.float64(0.46689105689525606), np.float64(0.3389358877390623), np.float64(0.32759025337174535), np.float64(0.33007590368390083), np.float64(0.3232747242972255)], 'terminal_means': [np.float32(0.00022334093), np.float32(0.66047686), np.float32(0.76046026), np.float32(0.7890644), np.float32(0.79622006)], 'terminal_vars': [np.float32(0.89287734), np.float32(0.22122508), np.float32(0.12506694), np.float32(0.09038478), np.float32(0.08463928)]}
  final_mean: 0.8055222034454346
  final_var: 0.07523829489946365
  final_trajectories: tensor([[[ 0.0000],
         [ 0.0000],
         [ 0.0000],
         ...,
         [ 0.0000],
         [ 0.0000],
         [ 0.0000]],

        [[ 0.1494],
         [-0.0647],
         [ 0.0597],
         ...,
         [-0.1530],
         [ 0.1178],
         [-0.1517]],

        [[ 0.0968],
         [-0.1576],
         [-0.0177],
         ...,
         [-0.0399],
         [ 0.2357],
         [-0.0145]],

        ...,

        [[ 0.4343],
         [ 0.7873],
         [ 1.0109],
         ...,
         [ 0.4372],
         [ 1.0563],
         [ 0.6504]],

        [[ 0.4794],
         [ 1.0123],
         [ 0.9993],
         ...,
         [ 0.5207],
         [ 0.9523],
         [ 0.9023]],

        [[ 0.4764],
         [ 0.9356],
         [ 1.2420],
         ...,
         [ 0.5530],
         [ 1.0771],
         [ 0.7089]]])

Completed: 2026-01-26T03:30:43.266011
