Experiment: 2026-02-02_23-21-44_exp_Gaussian
Started: 2026-02-02T23:21:44.480614
======================================================================

======================================================================
MFC Configuration (Iterative Backward Regression)
======================================================================
  Physics:    T=1.0, N=50, σ=1.0, dim=1
  Target:     N(1.0, 1.0)
  Initial:    dirac at 0.0
----------------------------------------------------------------------
  Model:      hidden=64, layers=3, time_emb=16
  Training:   100 iterations × 100 epochs, batch=2048, lr=0.001
  Polyak τ:   0.5
  λ (terminal_weight): 2.0
======================================================================

[23:21:45] Initialized solver on device: cpu
[23:21:45] Number of networks: 50
[23:21:45] Polyak averaging τ: 0.5
[23:21:45] Total parameters (trainable): 428,850
[23:21:45] ======================================================================
[23:21:45] Starting Iterative Backward Regression (Polyak Averaging)
[23:21:45] ======================================================================
[23:21:45] Iterations: 100
[23:21:45] Backward epochs per step: 100
[23:21:45] Batch size: 2048
[23:21:45] Polyak τ: 0.5
[23:21:45] λ (terminal_weight): 2.0
[23:21:45] Target: N(1.0, 1.0)
[23:21:45] ======================================================================
[23:21:55] Iter [  1/100] | Loss: 0.003719 | μ=-0.023 (Δ=1.023), σ=1.014 (Δ=0.014)
[23:22:31] Iter [  5/100] | Loss: 0.006726 | μ=0.601 (Δ=0.399), σ=1.228 (Δ=0.228)
[23:23:19] Iter [ 10/100] | Loss: 0.000371 | μ=0.646 (Δ=0.354), σ=0.981 (Δ=0.019)
[23:24:12] Iter [ 15/100] | Loss: 0.017721 | μ=0.514 (Δ=0.486), σ=0.822 (Δ=0.178)
[23:25:06] Iter [ 20/100] | Loss: 0.003571 | μ=0.356 (Δ=0.644), σ=0.879 (Δ=0.121)
[23:25:39] Iter [ 25/100] | Loss: 0.000190 | μ=0.669 (Δ=0.331), σ=0.962 (Δ=0.038)
[23:26:10] Iter [ 30/100] | Loss: 0.008309 | μ=0.304 (Δ=0.696), σ=1.061 (Δ=0.061)
[23:26:40] Iter [ 35/100] | Loss: 0.000157 | μ=0.699 (Δ=0.301), σ=1.032 (Δ=0.032)
[23:27:10] Iter [ 40/100] | Loss: 0.002991 | μ=0.719 (Δ=0.281), σ=0.950 (Δ=0.050)
[23:27:40] Iter [ 45/100] | Loss: 0.000828 | μ=0.639 (Δ=0.361), σ=1.071 (Δ=0.071)
[23:28:10] Iter [ 50/100] | Loss: 0.000872 | μ=0.708 (Δ=0.292), σ=1.024 (Δ=0.024)
[23:28:42] Iter [ 55/100] | Loss: 0.006804 | μ=0.793 (Δ=0.207), σ=1.083 (Δ=0.083)
[23:29:13] Iter [ 60/100] | Loss: 0.035589 | μ=0.766 (Δ=0.234), σ=0.918 (Δ=0.082)
[23:29:46] Iter [ 65/100] | Loss: 0.009002 | μ=0.634 (Δ=0.366), σ=1.041 (Δ=0.041)
[23:30:17] Iter [ 70/100] | Loss: 0.003612 | μ=0.482 (Δ=0.518), σ=0.913 (Δ=0.087)
[23:30:47] Iter [ 75/100] | Loss: 0.002589 | μ=0.465 (Δ=0.535), σ=0.919 (Δ=0.081)
[23:31:18] Iter [ 80/100] | Loss: 0.001751 | μ=0.631 (Δ=0.369), σ=0.868 (Δ=0.132)
[23:31:49] Iter [ 85/100] | Loss: 0.000938 | μ=0.645 (Δ=0.355), σ=0.924 (Δ=0.076)
[23:32:21] Iter [ 90/100] | Loss: 0.000555 | μ=0.606 (Δ=0.394), σ=1.121 (Δ=0.121)
[23:32:53] Iter [ 95/100] | Loss: 0.001365 | μ=0.647 (Δ=0.353), σ=0.896 (Δ=0.104)
[23:33:24] Iter [100/100] | Loss: 0.007454 | μ=0.555 (Δ=0.445), σ=1.001 (Δ=0.001)
[23:33:24] ======================================================================
[23:33:24] Training Complete! Evaluating with target networks...
[23:33:24] Final Mean: 0.6981 (target: 1.0)
[23:33:24] Final Std:  0.8845 (target: 1.0)
[23:33:24] ======================================================================
