Experiment: 2026-02-02_23-14-51_exp_Student_t
Started: 2026-02-02T23:14:51.521934
======================================================================

======================================================================
MFC Configuration (Iterative Backward Regression)
======================================================================
  Physics:    T=1.0, N=50, σ=1.0, dim=1
  Target:     N(0.0, 1.0)
  Initial:    dirac at 0.0
----------------------------------------------------------------------
  Model:      hidden=64, layers=3, time_emb=16
  Training:   100 iterations × 100 epochs, batch=2048, lr=0.001
  Polyak τ:   0.05
  λ (terminal_weight): 1.0
======================================================================

[23:14:51] Initialized solver on device: cpu
[23:14:51] Number of networks: 50
[23:14:51] Polyak averaging τ: 0.05
[23:14:51] Total parameters (trainable): 428,850
[23:14:51] ======================================================================
[23:14:51] Starting Iterative Backward Regression (Polyak Averaging)
[23:14:51] ======================================================================
[23:14:51] Iterations: 100
[23:14:51] Backward epochs per step: 100
[23:14:51] Batch size: 2048
[23:14:51] Polyak τ: 0.05
[23:14:51] λ (terminal_weight): 1.0
[23:14:51] Target: N(0.0, 1.0)
[23:14:51] ======================================================================
[23:14:56] Iter [  1/100] | Loss: 0.000101 | μ=0.008 (Δ=0.008), σ=0.987 (Δ=0.013)
[23:15:19] Iter [  5/100] | Loss: 0.000039 | μ=0.018 (Δ=0.018), σ=0.973 (Δ=0.027)
[23:15:47] Iter [ 10/100] | Loss: 0.000145 | μ=-0.020 (Δ=0.020), σ=0.997 (Δ=0.003)
[23:16:19] Iter [ 15/100] | Loss: 0.000030 | μ=0.016 (Δ=0.016), σ=0.970 (Δ=0.030)
[23:16:46] Iter [ 20/100] | Loss: 0.000098 | μ=-0.011 (Δ=0.011), σ=0.988 (Δ=0.012)
[23:17:14] Iter [ 25/100] | Loss: 0.000084 | μ=-0.008 (Δ=0.008), σ=0.984 (Δ=0.016)
[23:17:41] Iter [ 30/100] | Loss: 0.000016 | μ=-0.030 (Δ=0.030), σ=0.964 (Δ=0.036)
[23:18:09] Iter [ 35/100] | Loss: 0.000048 | μ=-0.031 (Δ=0.031), σ=0.976 (Δ=0.024)
[23:18:37] Iter [ 40/100] | Loss: 0.000048 | μ=0.001 (Δ=0.001), σ=0.976 (Δ=0.024)
[23:19:05] Iter [ 45/100] | Loss: 0.000136 | μ=-0.028 (Δ=0.028), σ=0.995 (Δ=0.005)
[23:19:32] Iter [ 50/100] | Loss: 0.000018 | μ=-0.008 (Δ=0.008), σ=0.965 (Δ=0.035)
[23:20:03] Iter [ 55/100] | Loss: 0.000115 | μ=-0.017 (Δ=0.017), σ=0.992 (Δ=0.008)
[23:20:36] Iter [ 60/100] | Loss: 0.000145 | μ=0.012 (Δ=0.012), σ=0.996 (Δ=0.004)
[23:21:05] Iter [ 65/100] | Loss: 0.000137 | μ=0.031 (Δ=0.031), σ=0.995 (Δ=0.005)
[23:21:35] Iter [ 70/100] | Loss: 0.000055 | μ=0.007 (Δ=0.007), σ=0.978 (Δ=0.022)
[23:22:11] Iter [ 75/100] | Loss: 0.000046 | μ=0.009 (Δ=0.009), σ=0.975 (Δ=0.025)
[23:22:53] Iter [ 80/100] | Loss: 0.000023 | μ=0.013 (Δ=0.013), σ=0.968 (Δ=0.032)
[23:23:44] Iter [ 85/100] | Loss: 0.000071 | μ=0.005 (Δ=0.005), σ=0.982 (Δ=0.018)
[23:24:35] Iter [ 90/100] | Loss: 0.000102 | μ=-0.027 (Δ=0.027), σ=0.989 (Δ=0.011)
