Experiment: 2026-02-02_02-04-47_exp_Gaussian
Started: 2026-02-02T02:04:47.781251
======================================================================

======================================================================
MFC Configuration (Iterative Backward Regression)
======================================================================
  Physics:    T=1.0, N=50, σ=1.0, dim=1
  Target:     N(1.0, 1.0)
  Initial:    dirac at 0.0
----------------------------------------------------------------------
  Model:      hidden=64, layers=3, time_emb=16
  Training:   100 iterations × 100 epochs, batch=2048, lr=0.001
  Polyak τ:   0.5
  λ (terminal_weight): 2.0
======================================================================

[02:04:47] Initialized solver on device: cpu
[02:04:47] Number of networks: 50
[02:04:47] Polyak averaging τ: 0.5
[02:04:47] Total parameters (trainable): 428,850
[02:04:47] ======================================================================
[02:04:47] Starting Iterative Backward Regression (Polyak Averaging)
[02:04:47] ======================================================================
[02:04:47] Iterations: 100
[02:04:47] Backward epochs per step: 100
[02:04:47] Batch size: 2048
[02:04:47] Polyak τ: 0.5
[02:04:47] λ (terminal_weight): 2.0
[02:04:47] Target: N(1.0, 1.0)
[02:04:47] ======================================================================
[02:04:54] Iter [  1/100] | Loss: 0.000795 | μ=0.011 (Δ=0.989), σ=0.961 (Δ=0.039)
[02:05:19] Iter [  5/100] | Loss: 0.001005 | μ=0.700 (Δ=0.300), σ=0.974 (Δ=0.026)
[02:05:48] Iter [ 10/100] | Loss: 0.000953 | μ=0.536 (Δ=0.464), σ=0.920 (Δ=0.080)
[02:06:17] Iter [ 15/100] | Loss: 0.003066 | μ=0.922 (Δ=0.078), σ=1.085 (Δ=0.085)
[02:06:46] Iter [ 20/100] | Loss: 0.001097 | μ=0.658 (Δ=0.342), σ=0.927 (Δ=0.073)
[02:07:15] Iter [ 25/100] | Loss: 0.000448 | μ=0.454 (Δ=0.546), σ=0.991 (Δ=0.009)
[02:07:44] Iter [ 30/100] | Loss: 0.003968 | μ=0.764 (Δ=0.236), σ=0.911 (Δ=0.089)
[02:08:13] Iter [ 35/100] | Loss: 0.006472 | μ=0.754 (Δ=0.246), σ=1.015 (Δ=0.015)
[02:08:44] Iter [ 40/100] | Loss: 0.019641 | μ=0.639 (Δ=0.361), σ=1.183 (Δ=0.183)
[02:09:13] Iter [ 45/100] | Loss: 0.005106 | μ=0.548 (Δ=0.452), σ=0.889 (Δ=0.111)
[02:09:42] Iter [ 50/100] | Loss: 0.005943 | μ=0.605 (Δ=0.395), σ=1.073 (Δ=0.073)
[02:10:11] Iter [ 55/100] | Loss: 0.000121 | μ=0.640 (Δ=0.360), σ=1.026 (Δ=0.026)
[02:10:37] Iter [ 60/100] | Loss: 0.000971 | μ=0.579 (Δ=0.421), σ=0.987 (Δ=0.013)
[02:11:05] Iter [ 65/100] | Loss: 0.005008 | μ=0.647 (Δ=0.353), σ=0.972 (Δ=0.028)
[02:11:32] Iter [ 70/100] | Loss: 0.001826 | μ=0.894 (Δ=0.106), σ=0.937 (Δ=0.063)
[02:11:59] Iter [ 75/100] | Loss: 0.004149 | μ=0.667 (Δ=0.333), σ=1.014 (Δ=0.014)
[02:12:26] Iter [ 80/100] | Loss: 0.000105 | μ=0.980 (Δ=0.020), σ=0.986 (Δ=0.014)
[02:12:54] Iter [ 85/100] | Loss: 0.000708 | μ=0.689 (Δ=0.311), σ=0.932 (Δ=0.068)
[02:13:21] Iter [ 90/100] | Loss: 0.002273 | μ=0.989 (Δ=0.011), σ=0.985 (Δ=0.015)
[02:13:48] Iter [ 95/100] | Loss: 0.001477 | μ=0.900 (Δ=0.100), σ=0.973 (Δ=0.027)
[02:14:15] Iter [100/100] | Loss: 0.005157 | μ=0.888 (Δ=0.112), σ=0.975 (Δ=0.025)
[02:14:15] ======================================================================
[02:14:15] Training Complete! Evaluating with target networks...
[02:14:16] Final Mean: 0.6201 (target: 1.0)
[02:14:16] Final Std:  1.1083 (target: 1.0)
[02:14:16] ======================================================================
