Experiment: 2026-01-24_18-58-21_mfc_backward_regression
Started: 2026-01-24T18:58:21.172060
======================================================================

======================================================================
MFC Configuration (Iterative Backward Regression)
======================================================================
  Physics:    T=1.0, N=50, σ=1.0, dim=1
  Target:     N(1.0, 1.0)
  Initial:    dirac at 0.0
----------------------------------------------------------------------
  Model:      hidden=64, layers=3, time_emb=16
  Training:   20 iterations × 100 epochs, batch=2048, lr=0.001
  λ (terminal_weight): 10.0
======================================================================

[18:58:21] Initialized solver on device: cpu
[18:58:21] Number of networks: 50
[18:58:21] Total parameters: 476,850
[18:58:21] ======================================================================
[18:58:21] Starting Iterative Backward Regression
[18:58:21] ======================================================================
[18:58:21] Iterations: 20
[18:58:21] Backward epochs per step: 100
[18:58:21] Batch size: 2048
[18:58:21] λ (terminal_weight): 10.0
[18:58:21] Target: N(1.0, 1.0)
[18:58:21] ======================================================================
[18:58:27] Iter [  1/20] | Loss: 0.079285 | Terminal: μ=-0.005, σ²=1.016
[18:58:47] Iter [  5/20] | Loss: 0.101093 | Terminal: μ=0.470, σ²=0.166
[18:59:13] Iter [ 10/20] | Loss: 0.100984 | Terminal: μ=0.456, σ²=0.162
[18:59:37] Iter [ 15/20] | Loss: 0.103143 | Terminal: μ=0.526, σ²=0.160
[19:00:01] Iter [ 20/20] | Loss: 0.102209 | Terminal: μ=0.500, σ²=0.170
[19:00:01] ======================================================================
[19:00:01] Training Complete!
[19:00:01] Final Mean: 0.4899 (target: 1.0)
[19:00:01] Final Var:  0.1587 (target: 1.0)
[19:00:01] ======================================================================
[19:00:01] Saved plot: trajectories.png
[19:00:01] Saved plot: terminal_distribution.png
[19:00:02] Saved plot: statistics_evolution.png
[19:00:02] Saved all visualization plots

======================================================================
FINAL RESULTS
======================================================================
  mean: 0.4899252951145172
  variance: 0.15873077511787415
  std: 0.3984103202819824
  target_mean: 1.0
  target_variance: 1.0

Completed: 2026-01-24T19:00:07.413291
