Experiment: 2026-01-26_03-00-56_mfc_backward_regression
Started: 2026-01-26T03:00:56.014791
======================================================================

======================================================================
MFC Configuration (Iterative Backward Regression)
======================================================================
  Physics:    T=1.0, N=50, σ=1.0, dim=1
  Target:     N(1.0, 1.0)
  Initial:    dirac at 0.0
----------------------------------------------------------------------
  Model:      hidden=64, layers=3, time_emb=16
  Training:   200 iterations × 100 epochs, batch=2048, lr=0.001
  λ (terminal_weight): 1.0
======================================================================

[03:00:56] Initialized solver on device: cpu
[03:00:56] Number of networks: 50
[03:00:56] Polyak averaging τ: 0.5
[03:00:56] Total parameters (trainable): 428,850
[03:00:56] ======================================================================
[03:00:56] Starting Iterative Backward Regression (Polyak Averaging)
[03:00:56] ======================================================================
[03:00:56] Iterations: 200
[03:00:56] Backward epochs per step: 100
[03:00:56] Batch size: 2048
[03:00:56] Polyak τ: 0.5
[03:00:56] λ (terminal_weight): 1.0
[03:00:56] Target: N(1.0, 1.0)
[03:00:56] ======================================================================
[03:01:02] Iter [  1/200] | Loss: 0.030779 | μ=0.000 (Δ=1.000), σ=0.945 (Δ=0.055)
[03:01:22] Iter [  5/200] | Loss: 0.023625 | μ=0.489 (Δ=0.511), σ=0.633 (Δ=0.367)
[03:01:48] Iter [ 10/200] | Loss: 0.023139 | μ=0.492 (Δ=0.508), σ=0.601 (Δ=0.399)
[03:02:13] Iter [ 15/200] | Loss: 0.022953 | μ=0.511 (Δ=0.489), σ=0.603 (Δ=0.397)
[03:02:38] Iter [ 20/200] | Loss: 0.023372 | μ=0.491 (Δ=0.509), σ=0.614 (Δ=0.386)
[03:03:03] Iter [ 25/200] | Loss: 0.022773 | μ=0.502 (Δ=0.498), σ=0.589 (Δ=0.411)
[03:03:28] Iter [ 30/200] | Loss: 0.022666 | μ=0.475 (Δ=0.525), σ=0.590 (Δ=0.410)
[03:03:53] Iter [ 35/200] | Loss: 0.022959 | μ=0.498 (Δ=0.502), σ=0.606 (Δ=0.394)
[03:04:18] Iter [ 40/200] | Loss: 0.023127 | μ=0.505 (Δ=0.495), σ=0.609 (Δ=0.391)
[03:04:43] Iter [ 45/200] | Loss: 0.023048 | μ=0.505 (Δ=0.495), σ=0.610 (Δ=0.390)
[03:05:08] Iter [ 50/200] | Loss: 0.023187 | μ=0.510 (Δ=0.490), σ=0.613 (Δ=0.387)
[03:05:34] Iter [ 55/200] | Loss: 0.023442 | μ=0.515 (Δ=0.485), σ=0.624 (Δ=0.376)
[03:05:59] Iter [ 60/200] | Loss: 0.022875 | μ=0.528 (Δ=0.472), σ=0.594 (Δ=0.406)
[03:06:24] Iter [ 65/200] | Loss: 0.022814 | μ=0.486 (Δ=0.514), σ=0.606 (Δ=0.394)
[03:06:49] Iter [ 70/200] | Loss: 0.023486 | μ=0.470 (Δ=0.530), σ=0.627 (Δ=0.373)
[03:07:14] Iter [ 75/200] | Loss: 0.023161 | μ=0.497 (Δ=0.503), σ=0.606 (Δ=0.394)
[03:07:39] Iter [ 80/200] | Loss: 0.023091 | μ=0.498 (Δ=0.502), σ=0.614 (Δ=0.386)
[03:08:04] Iter [ 85/200] | Loss: 0.022996 | μ=0.495 (Δ=0.505), σ=0.601 (Δ=0.399)
[03:08:29] Iter [ 90/200] | Loss: 0.023139 | μ=0.517 (Δ=0.483), σ=0.616 (Δ=0.384)
[03:08:59] Iter [ 95/200] | Loss: 0.022980 | μ=0.481 (Δ=0.519), σ=0.597 (Δ=0.403)
[03:09:24] Iter [100/200] | Loss: 0.023001 | μ=0.490 (Δ=0.510), σ=0.606 (Δ=0.394)
[03:09:49] Iter [105/200] | Loss: 0.023112 | μ=0.490 (Δ=0.510), σ=0.597 (Δ=0.403)
[03:10:14] Iter [110/200] | Loss: 0.022710 | μ=0.493 (Δ=0.507), σ=0.590 (Δ=0.410)
[03:10:39] Iter [115/200] | Loss: 0.022939 | μ=0.466 (Δ=0.534), σ=0.608 (Δ=0.392)
[03:11:04] Iter [120/200] | Loss: 0.022805 | μ=0.489 (Δ=0.511), σ=0.600 (Δ=0.400)
[03:11:29] Iter [125/200] | Loss: 0.023337 | μ=0.485 (Δ=0.515), σ=0.617 (Δ=0.383)
[03:11:54] Iter [130/200] | Loss: 0.022765 | μ=0.493 (Δ=0.507), σ=0.592 (Δ=0.408)
[03:12:19] Iter [135/200] | Loss: 0.023316 | μ=0.493 (Δ=0.507), σ=0.614 (Δ=0.386)
[03:12:44] Iter [140/200] | Loss: 0.022755 | μ=0.491 (Δ=0.509), σ=0.589 (Δ=0.411)
[03:13:10] Iter [145/200] | Loss: 0.023025 | μ=0.500 (Δ=0.500), σ=0.611 (Δ=0.389)
[03:13:35] Iter [150/200] | Loss: 0.023055 | μ=0.505 (Δ=0.495), σ=0.609 (Δ=0.391)
[03:14:00] Iter [155/200] | Loss: 0.022965 | μ=0.510 (Δ=0.490), σ=0.591 (Δ=0.409)
[03:14:25] Iter [160/200] | Loss: 0.022965 | μ=0.491 (Δ=0.509), σ=0.601 (Δ=0.399)
[03:14:50] Iter [165/200] | Loss: 0.023488 | μ=0.467 (Δ=0.533), σ=0.626 (Δ=0.374)
[03:15:16] Iter [170/200] | Loss: 0.023253 | μ=0.526 (Δ=0.474), σ=0.616 (Δ=0.384)
[03:15:41] Iter [175/200] | Loss: 0.023035 | μ=0.495 (Δ=0.505), σ=0.609 (Δ=0.391)
[03:16:06] Iter [180/200] | Loss: 0.022735 | μ=0.492 (Δ=0.508), σ=0.607 (Δ=0.393)
[03:16:31] Iter [185/200] | Loss: 0.023153 | μ=0.506 (Δ=0.494), σ=0.609 (Δ=0.391)
[03:16:56] Iter [190/200] | Loss: 0.022793 | μ=0.501 (Δ=0.499), σ=0.586 (Δ=0.414)
[03:17:21] Iter [195/200] | Loss: 0.023009 | μ=0.485 (Δ=0.515), σ=0.603 (Δ=0.397)
[03:17:46] Iter [200/200] | Loss: 0.023287 | μ=0.516 (Δ=0.484), σ=0.614 (Δ=0.386)
[03:17:46] ======================================================================
[03:17:46] Training Complete! Evaluating with target networks...
[03:17:46] Final Mean: 0.5046 (target: 1.0)
[03:17:46] Final Std:  0.6057 (target: 1.0)
[03:17:46] ======================================================================
[03:17:46] Saved plot: trajectories.png
[03:17:46] Saved plot: terminal_distribution.png
[03:17:46] Saved plot: statistics_evolution.png
[03:17:46] Saved all visualization plots

======================================================================
FINAL RESULTS
======================================================================
  history: {'iteration_losses': [np.float64(0.03077887963503599), np.float64(0.025642480868846178), np.float64(0.023788919430226086), np.float64(0.02330423453822732), np.float64(0.023624552022665737), np.float64(0.023232540525496007), np.float64(0.022726513659581542), np.float64(0.023027997855097057), np.float64(0.022865728493779897), np.float64(0.02313887722790241), np.float64(0.023387421630322935), np.float64(0.02341809472069144), np.float64(0.0234345443546772), np.float64(0.022750229481607674), np.float64(0.022953370325267314), np.float64(0.023144326359033584), np.float64(0.02339980898424983), np.float64(0.022926895562559366), np.float64(0.02297039356082678), np.float64(0.02337150979787111), np.float64(0.02369232626631856), np.float64(0.023204786833375693), np.float64(0.023243557289242746), np.float64(0.023145074583590032), np.float64(0.02277317418716848), np.float64(0.023002508487552406), np.float64(0.02318593254312873), np.float64(0.02300964360125363), np.float64(0.02323600236326456), np.float64(0.02266594777815044), np.float64(0.02286781096830964), np.float64(0.022705221893265844), np.float64(0.023063460439443587), np.float64(0.022915295800194146), np.float64(0.022958874776959418), np.float64(0.02284905344247818), np.float64(0.02274500934407115), np.float64(0.02271483704447746), np.float64(0.023085724087432025), np.float64(0.023127304185181857), np.float64(0.023099265974014998), np.float64(0.022976834196597337), np.float64(0.02320953452959657), np.float64(0.023165128733962773), np.float64(0.023047520332038402), np.float64(0.023030744194984437), np.float64(0.02289738445542753), np.float64(0.023079385254532098), np.float64(0.023215648122131824), np.float64(0.02318663287907839), np.float64(0.022930323593318463), np.float64(0.02305329663679004), np.float64(0.022807700354605914), np.float64(0.02335092954337597), np.float64(0.023441545199602842), np.float64(0.02307448022067547), np.float64(0.022946948148310185), np.float64(0.02316053759306669), np.float64(0.023068970926105978), np.float64(0.022874985728412865), np.float64(0.023045991277322174), np.float64(0.02313220677897334), np.float64(0.023438127022236587), np.float64(0.023385261725634335), np.float64(0.02281404884532094), np.float64(0.02292067924514413), np.float64(0.02311321334913373), np.float64(0.023266111267730594), np.float64(0.023470854591578244), np.float64(0.023486016802489757), np.float64(0.02332456665113568), np.float64(0.02320943146944046), np.float64(0.02270782704465091), np.float64(0.022880926094949246), np.float64(0.02316094858571887), np.float64(0.023162721283733846), np.float64(0.023268333431333305), np.float64(0.02307940388098359), np.float64(0.023028637822717427), np.float64(0.023090906888246537), np.float64(0.022756057530641555), np.float64(0.023075269125401972), np.float64(0.023161008302122355), np.float64(0.02316668400540948), np.float64(0.02299568982794881), np.float64(0.023102888911962507), np.float64(0.022831892715767025), np.float64(0.022964857704937457), np.float64(0.02296864949166775), np.float64(0.023139307592064142), np.float64(0.02306657174602151), np.float64(0.02278581280261278), np.float64(0.022922615483403207), np.float64(0.023127693906426428), np.float64(0.02298031959682703), np.float64(0.022924021538347005), np.float64(0.023245619274675847), np.float64(0.02285317214205861), np.float64(0.022895640041679145), np.float64(0.023000523932278156), np.float64(0.023095941357314586), np.float64(0.022920876536518336), np.float64(0.023341595362871885), np.float64(0.02304587759077549), np.float64(0.02311239719390869), np.float64(0.02313518075272441), np.float64(0.02326094964519143), np.float64(0.02314888421446085), np.float64(0.023279828932136298), np.float64(0.02271020233631134), np.float64(0.022759300470352174), np.float64(0.02308371866121888), np.float64(0.02289610557258129), np.float64(0.022897676285356282), np.float64(0.02293887170031667), np.float64(0.022676292918622495), np.float64(0.02314157025888562), np.float64(0.02303528254851699), np.float64(0.022933117933571338), np.float64(0.022804530542343854), np.float64(0.022987266089767217), np.float64(0.023185388036072254), np.float64(0.023134140837937592), np.float64(0.022820344474166632), np.float64(0.02333702761679888), np.float64(0.022910466101020575), np.float64(0.02272815676406026), np.float64(0.022997098714113234), np.float64(0.0232334506791085), np.float64(0.02276454193517566), np.float64(0.023482329081743955), np.float64(0.022979094684123992), np.float64(0.023211516104638577), np.float64(0.023170080333948136), np.float64(0.023315656585618853), np.float64(0.023113733697682617), np.float64(0.02300941986963153), np.float64(0.022863811133429408), np.float64(0.023291734419763087), np.float64(0.022754813404753806), np.float64(0.022904332727193832), np.float64(0.02294132568873465), np.float64(0.022943102177232503), np.float64(0.023015069803223015), np.float64(0.023025240264832974), np.float64(0.02296523267403245), np.float64(0.02303181612864137), np.float64(0.022802717238664626), np.float64(0.023191698417067527), np.float64(0.02305536048486829), np.float64(0.022964294059202073), np.float64(0.023455938193947076), np.float64(0.022769523933529854), np.float64(0.022880260143429042), np.float64(0.022965273279696705), np.float64(0.023032911866903306), np.float64(0.023237984888255597), np.float64(0.022997326981276274), np.float64(0.02309365998953581), np.float64(0.022965440582484006), np.float64(0.023048724718391894), np.float64(0.02315320333465934), np.float64(0.023045179154723882), np.float64(0.023191212266683577), np.float64(0.02348758054897189), np.float64(0.02295979064889252), np.float64(0.023372558811679482), np.float64(0.02327320259064436), np.float64(0.023022800888866185), np.float64(0.023252973463386298), np.float64(0.023024194594472646), np.float64(0.023005961887538433), np.float64(0.023022031765431165), np.float64(0.022743909396231176), np.float64(0.023035479858517647), np.float64(0.02332715446129441), np.float64(0.023008859073743223), np.float64(0.022870858609676362), np.float64(0.023242062889039516), np.float64(0.022734560295939444), np.float64(0.02318655086681247), np.float64(0.023000114317983388), np.float64(0.02290226558223367), np.float64(0.023035325538367034), np.float64(0.023152955546975135), np.float64(0.022839659303426744), np.float64(0.022852913904935122), np.float64(0.02287891902029514), np.float64(0.022938264589756726), np.float64(0.02279326442629099), np.float64(0.022927557714283467), np.float64(0.02278531511314213), np.float64(0.02281563203781843), np.float64(0.022692912053316833), np.float64(0.02300935311242938), np.float64(0.022952862810343505), np.float64(0.022962419986724852), np.float64(0.023031547283753753), np.float64(0.022808532565832138), np.float64(0.0232874053157866)], 'terminal_means': [np.float32(0.00022334093), np.float32(0.3760059), np.float32(0.45502567), np.float32(0.4795755), np.float32(0.48862764), np.float32(0.5057304), np.float32(0.51369154), np.float32(0.47394392), np.float32(0.50857717), np.float32(0.49163163), np.float32(0.50187916), np.float32(0.50393045), np.float32(0.4619163), np.float32(0.49692476), np.float32(0.5113193), np.float32(0.5233887), np.float32(0.500207), np.float32(0.49645442), np.float32(0.5075849), np.float32(0.4911332), np.float32(0.5029663), np.float32(0.4810386), np.float32(0.47511578), np.float32(0.50048995), np.float32(0.5015729), np.float32(0.5141899), np.float32(0.51075983), np.float32(0.49005336), np.float32(0.4990458), np.float32(0.47545907), np.float32(0.49576306), np.float32(0.48304647), np.float32(0.49771842), np.float32(0.49361074), np.float32(0.49804556), np.float32(0.52429056), np.float32(0.49509442), np.float32(0.5040755), np.float32(0.4966759), np.float32(0.50494474), np.float32(0.51489604), np.float32(0.5043065), np.float32(0.5285461), np.float32(0.50178957), np.float32(0.5049032), np.float32(0.49622625), np.float32(0.5253959), np.float32(0.5076243), np.float32(0.47887748), np.float32(0.5095067), np.float32(0.49890673), np.float32(0.50259876), np.float32(0.49836868), np.float32(0.4893676), np.float32(0.51497805), np.float32(0.5069094), np.float32(0.49007618), np.float32(0.4752776), np.float32(0.49905932), np.float32(0.52801466), np.float32(0.5059446), np.float32(0.4993276), np.float32(0.516762), np.float32(0.49466807), np.float32(0.48610365), np.float32(0.50384957), np.float32(0.48293823), np.float32(0.5039716), np.float32(0.51075494), np.float32(0.47036004), np.float32(0.50859725), np.float32(0.5252001), np.float32(0.4971363), np.float32(0.5226742), np.float32(0.4965534), np.float32(0.5105523), np.float32(0.52147233), np.float32(0.50752324), np.float32(0.5038526), np.float32(0.49802992), np.float32(0.50143695), np.float32(0.5159382), np.float32(0.50045073), np.float32(0.49537823), np.float32(0.49459708), np.float32(0.50567865), np.float32(0.5226389), np.float32(0.47438776), np.float32(0.5060518), np.float32(0.51676726), np.float32(0.50882185), np.float32(0.5022938), np.float32(0.4840682), np.float32(0.51647323), np.float32(0.48142102), np.float32(0.48916346), np.float32(0.48828197), np.float32(0.4782648), np.float32(0.5341819), np.float32(0.48992786), np.float32(0.52387744), np.float32(0.50811565), np.float32(0.5010657), np.float32(0.49148485), np.float32(0.48976195), np.float32(0.4931491), np.float32(0.49416512), np.float32(0.47793818), np.float32(0.49893665), np.float32(0.49286348), np.float32(0.5085757), np.float32(0.4826601), np.float32(0.50791997), np.float32(0.5057405), np.float32(0.4655772), np.float32(0.5137352), np.float32(0.50404733), np.float32(0.50431824), np.float32(0.49647796), np.float32(0.4888401), np.float32(0.49709764), np.float32(0.4968932), np.float32(0.5050524), np.float32(0.50474966), np.float32(0.48457527), np.float32(0.52898216), np.float32(0.51181495), np.float32(0.5026118), np.float32(0.50484765), np.float32(0.4930946), np.float32(0.5186125), np.float32(0.49583444), np.float32(0.4876358), np.float32(0.4818771), np.float32(0.4934215), np.float32(0.50006986), np.float32(0.4958973), np.float32(0.49756205), np.float32(0.4932447), np.float32(0.49096292), np.float32(0.48586118), np.float32(0.5080956), np.float32(0.504628), np.float32(0.49955493), np.float32(0.49951893), np.float32(0.4829991), np.float32(0.49497825), np.float32(0.54121554), np.float32(0.5099645), np.float32(0.5049072), np.float32(0.5029498), np.float32(0.50922847), np.float32(0.52763927), np.float32(0.5193879), np.float32(0.5099552), np.float32(0.47291815), np.float32(0.49473962), np.float32(0.5156113), np.float32(0.51221496), np.float32(0.49107912), np.float32(0.523566), np.float32(0.47320968), np.float32(0.5230993), np.float32(0.51529825), np.float32(0.46670264), np.float32(0.4739378), np.float32(0.5094905), np.float32(0.49166653), np.float32(0.50218856), np.float32(0.52580285), np.float32(0.50566864), np.float32(0.5099536), np.float32(0.5229552), np.float32(0.5031568), np.float32(0.4954418), np.float32(0.4870853), np.float32(0.48804843), np.float32(0.5109807), np.float32(0.5069103), np.float32(0.49164724), np.float32(0.5159085), np.float32(0.48565486), np.float32(0.5269274), np.float32(0.4941972), np.float32(0.5063009), np.float32(0.4973339), np.float32(0.5019386), np.float32(0.49300414), np.float32(0.49748504), np.float32(0.5005963), np.float32(0.51357144), np.float32(0.4691895), np.float32(0.5113425), np.float32(0.51148915), np.float32(0.48528177), np.float32(0.5260809), np.float32(0.50029796), np.float32(0.48427075), np.float32(0.48737326), np.float32(0.5158281)], 'terminal_vars': [np.float32(0.89287734), np.float32(0.5397263), np.float32(0.4326576), np.float32(0.38919014), np.float32(0.40073264), np.float32(0.38542438), np.float32(0.36908814), np.float32(0.37626225), np.float32(0.35708225), np.float32(0.36095038), np.float32(0.38252556), np.float32(0.38525775), np.float32(0.38671887), np.float32(0.35159376), np.float32(0.3632642), np.float32(0.37629974), np.float32(0.39196286), np.float32(0.35342187), np.float32(0.36375237), np.float32(0.37717938), np.float32(0.4032449), np.float32(0.38635805), np.float32(0.38093948), np.float32(0.37624422), np.float32(0.34709072), np.float32(0.36097252), np.float32(0.38429487), np.float32(0.36273053), np.float32(0.37391865), np.float32(0.3475358), np.float32(0.36331224), np.float32(0.3469243), np.float32(0.3774189), np.float32(0.37062305), np.float32(0.36745334), np.float32(0.3540231), np.float32(0.3607046), np.float32(0.3500532), np.float32(0.36804163), np.float32(0.3707676), np.float32(0.37388057), np.float32(0.37208936), np.float32(0.37382203), np.float32(0.38272277), np.float32(0.37188575), np.float32(0.37243828), np.float32(0.35274902), np.float32(0.37276256), np.float32(0.36969218), np.float32(0.37518725), np.float32(0.34838152), np.float32(0.36318055), np.float32(0.35467744), np.float32(0.378614), np.float32(0.38894486), np.float32(0.3654627), np.float32(0.36742264), np.float32(0.3738442), np.float32(0.38126427), np.float32(0.35284278), np.float32(0.35310525), np.float32(0.37612337), np.float32(0.3864318), np.float32(0.38601658), np.float32(0.36708984), np.float32(0.35192573), np.float32(0.36644194), np.float32(0.37529278), np.float32(0.39234), np.float32(0.3925559), np.float32(0.3755144), np.float32(0.37014377), np.float32(0.35089505), np.float32(0.3722027), np.float32(0.36780584), np.float32(0.37442395), np.float32(0.37796038), np.float32(0.36683995), np.float32(0.3686332), np.float32(0.37716544), np.float32(0.36668342), np.float32(0.37261027), np.float32(0.37585014), np.float32(0.3704464), np.float32(0.3613543), np.float32(0.36906755), np.float32(0.37596944), np.float32(0.3689701), np.float32(0.37139118), np.float32(0.38000643), np.float32(0.3684724), np.float32(0.35584125), np.float32(0.37916946), np.float32(0.3773626), np.float32(0.35622728), np.float32(0.3571301), np.float32(0.38091296), np.float32(0.36908183), np.float32(0.35988423), np.float32(0.36755502), np.float32(0.3635288), np.float32(0.37016955), np.float32(0.37651855), np.float32(0.37161416), np.float32(0.35610485), np.float32(0.36872637), np.float32(0.3683753), np.float32(0.36898214), np.float32(0.37752682), np.float32(0.3476536), np.float32(0.36476684), np.float32(0.36070368), np.float32(0.35076517), np.float32(0.3673046), np.float32(0.37006915), np.float32(0.35979724), np.float32(0.37426347), np.float32(0.35866258), np.float32(0.36471027), np.float32(0.3595035), np.float32(0.35017586), np.float32(0.3724217), np.float32(0.37527198), np.float32(0.34524965), np.float32(0.38018548), np.float32(0.36173964), np.float32(0.34841335), np.float32(0.37557244), np.float32(0.3817017), np.float32(0.35029483), np.float32(0.3890199), np.float32(0.37177196), np.float32(0.38166454), np.float32(0.38090268), np.float32(0.37722114), np.float32(0.38547227), np.float32(0.37462276), np.float32(0.3599523), np.float32(0.38320062), np.float32(0.34684855), np.float32(0.36594316), np.float32(0.36191937), np.float32(0.36639988), np.float32(0.37168923), np.float32(0.37323514), np.float32(0.36884373), np.float32(0.3679047), np.float32(0.3614466), np.float32(0.37619847), np.float32(0.37075174), np.float32(0.3636738), np.float32(0.38043833), np.float32(0.3549745), np.float32(0.36550102), np.float32(0.34978706), np.float32(0.3748445), np.float32(0.3768974), np.float32(0.36568803), np.float32(0.36836854), np.float32(0.36136404), np.float32(0.36215174), np.float32(0.38229537), np.float32(0.3694839), np.float32(0.38536757), np.float32(0.39247105), np.float32(0.3714126), np.float32(0.37871373), np.float32(0.373222), np.float32(0.35925508), np.float32(0.37943316), np.float32(0.3632426), np.float32(0.37591183), np.float32(0.36105797), np.float32(0.36246064), np.float32(0.37111104), np.float32(0.38395935), np.float32(0.37363642), np.float32(0.3555308), np.float32(0.38850445), np.float32(0.36812478), np.float32(0.37885997), np.float32(0.3722676), np.float32(0.36793184), np.float32(0.37071154), np.float32(0.370434), np.float32(0.3574141), np.float32(0.36429122), np.float32(0.35937768), np.float32(0.36717993), np.float32(0.34303963), np.float32(0.36024392), np.float32(0.356892), np.float32(0.35187846), np.float32(0.35503507), np.float32(0.36384737), np.float32(0.3501462), np.float32(0.3627931), np.float32(0.35935232), np.float32(0.34061635), np.float32(0.37705502)]}
  final_mean: 0.5046408176422119
  final_var: 0.3668188750743866
  final_trajectories: tensor([[[ 0.0000],
         [ 0.0000],
         [ 0.0000],
         ...,
         [ 0.0000],
         [ 0.0000],
         [ 0.0000]],

        [[ 0.0358],
         [-0.1390],
         [-0.2880],
         ...,
         [ 0.1269],
         [ 0.0011],
         [ 0.0812]],

        [[ 0.1823],
         [-0.2125],
         [-0.3111],
         ...,
         [ 0.0918],
         [ 0.0721],
         [ 0.0493]],

        ...,

        [[ 0.1415],
         [-0.0298],
         [ 0.0355],
         ...,
         [-0.1191],
         [ 0.8183],
         [-0.6265]],

        [[ 0.0790],
         [ 0.1922],
         [ 0.1036],
         ...,
         [-0.0848],
         [ 0.8160],
         [-0.5880]],

        [[ 0.0531],
         [ 0.2305],
         [ 0.0884],
         ...,
         [ 0.0132],
         [ 0.8128],
         [-0.7686]]])

Completed: 2026-01-26T03:19:20.230612
