Experiment: 2026-01-26_03-32-53_sweep_lambda_10.0
Started: 2026-01-26T03:32:53.878241
======================================================================

======================================================================
MFC Configuration (Iterative Backward Regression)
======================================================================
  Physics:    T=1.0, N=50, σ=1.0, dim=1
  Target:     N(1.0, 1.0)
  Initial:    dirac at 0.0
----------------------------------------------------------------------
  Model:      hidden=64, layers=3, time_emb=16
  Training:   5 iterations × 100 epochs, batch=2048, lr=0.001
  λ (terminal_weight): 10.0
======================================================================

[03:32:53] Initialized solver on device: cpu
[03:32:53] Number of networks: 50
[03:32:53] Polyak averaging τ: 0.5
[03:32:53] Total parameters (trainable): 428,850
[03:32:53] ======================================================================
[03:32:53] Starting Iterative Backward Regression (Polyak Averaging)
[03:32:53] ======================================================================
[03:32:53] Iterations: 5
[03:32:53] Backward epochs per step: 100
[03:32:53] Batch size: 2048
[03:32:53] Polyak τ: 0.5
[03:32:53] λ (terminal_weight): 10.0
[03:32:53] Target: N(1.0, 1.0)
[03:32:53] ======================================================================
[03:32:58] Iter [  1/5] | Loss: 2.520106 | μ=0.000 (Δ=1.000), σ=0.945 (Δ=0.055)
[03:33:18] Iter [  5/5] | Loss: 1.659051 | μ=0.978 (Δ=0.022), σ=0.181 (Δ=0.819)
[03:33:18] ======================================================================
[03:33:18] Training Complete! Evaluating with target networks...
[03:33:18] Final Mean: 1.0252 (target: 1.0)
[03:33:18] Final Std:  0.1755 (target: 1.0)
[03:33:18] ======================================================================
[03:33:18] Saved plot: trajectories.png
[03:33:19] Saved plot: terminal_distribution.png
[03:33:19] Saved plot: statistics_evolution.png
[03:33:19] Saved all visualization plots

======================================================================
FINAL RESULTS
======================================================================
  history: {'iteration_losses': [np.float64(2.52010568022728), np.float64(1.926918637175113), np.float64(1.7564983971090988), np.float64(1.6378283780254423), np.float64(1.65905064240098)], 'terminal_means': [np.float32(0.00022334093), np.float32(0.7135626), np.float32(0.7915278), np.float32(0.88222784), np.float32(0.97805595)], 'terminal_vars': [np.float32(0.89287734), np.float32(0.1036447), np.float32(0.040400483), np.float32(0.03164962), np.float32(0.032919772)]}
  final_mean: 1.0252131223678589
  final_var: 0.030793899670243263
  final_trajectories: tensor([[[ 0.0000],
         [ 0.0000],
         [ 0.0000],
         ...,
         [ 0.0000],
         [ 0.0000],
         [ 0.0000]],

        [[ 0.1458],
         [-0.0682],
         [ 0.0562],
         ...,
         [-0.1566],
         [ 0.1142],
         [-0.1553]],

        [[ 0.0891],
         [-0.1632],
         [-0.0245],
         ...,
         [-0.0447],
         [ 0.2283],
         [-0.0193]],

        ...,

        [[ 0.8049],
         [ 1.0333],
         [ 1.2254],
         ...,
         [ 0.7605],
         [ 1.2983],
         [ 0.9698]],

        [[ 0.8544],
         [ 1.2483],
         [ 1.1772],
         ...,
         [ 0.8641],
         [ 1.1393],
         [ 1.2087]],

        [[ 0.8439],
         [ 1.0770],
         [ 1.3577],
         ...,
         [ 0.8922],
         [ 1.2103],
         [ 0.9174]]])

Completed: 2026-01-26T03:33:19.118085
