Experiment: 2026-01-25_01-47-45_mfc_backward_regression
Started: 2026-01-25T01:47:45.294415
======================================================================

======================================================================
MFC Configuration (Iterative Backward Regression)
======================================================================
  Physics:    T=1.0, N=50, σ=1.0, dim=1
  Target:     N(1.0, 1.0)
  Initial:    dirac at 0.0
----------------------------------------------------------------------
  Model:      hidden=64, layers=3, time_emb=16
  Training:   20 iterations × 100 epochs, batch=2048, lr=0.001
  λ (terminal_weight): 10.0
======================================================================

[01:47:45] Initialized solver on device: cpu
[01:47:45] Number of networks: 50
[01:47:45] Polyak averaging τ: 0.5
[01:47:45] Total parameters (trainable): 428,850
[01:47:45] ======================================================================
[01:47:45] Starting Iterative Backward Regression (Polyak Averaging)
[01:47:45] ======================================================================
[01:47:45] Iterations: 20
[01:47:45] Backward epochs per step: 100
[01:47:45] Batch size: 2048
[01:47:45] Polyak τ: 0.5
[01:47:45] λ (terminal_weight): 10.0
[01:47:45] Target: N(1.0, 1.0)
[01:47:45] ======================================================================
[01:47:51] Iter [  1/20] | Loss: 2.520106 | μ=0.000 (Δ=1.000), σ=0.945 (Δ=0.055)
[01:48:13] Iter [  5/20] | Loss: 1.659051 | μ=0.978 (Δ=0.022), σ=0.181 (Δ=0.819)
[01:48:41] Iter [ 10/20] | Loss: 1.627670 | μ=0.826 (Δ=0.174), σ=0.176 (Δ=0.824)
[01:49:11] Iter [ 15/20] | Loss: 1.638758 | μ=1.008 (Δ=0.008), σ=0.182 (Δ=0.818)
[01:49:43] Iter [ 20/20] | Loss: 1.650500 | μ=0.835 (Δ=0.165), σ=0.181 (Δ=0.819)
[01:49:43] ======================================================================
[01:49:43] Training Complete! Evaluating with target networks...
[01:49:43] Final Mean: 0.8566 (target: 1.0)
[01:49:43] Final Std:  0.1807 (target: 1.0)
[01:49:43] ======================================================================
[01:49:43] Saved plot: trajectories.png
[01:49:43] Saved plot: terminal_distribution.png
[01:49:43] Saved plot: statistics_evolution.png
[01:49:43] Saved all visualization plots

======================================================================
FINAL RESULTS
======================================================================
  history: {'iteration_losses': [np.float64(2.52010568022728), np.float64(1.926918637175113), np.float64(1.7564983971090988), np.float64(1.6378283780254423), np.float64(1.65905064240098), np.float64(1.6269052591174842), np.float64(1.664671454280615), np.float64(1.6058439270034433), np.float64(1.6346037827432156), np.float64(1.6276702257245779), np.float64(1.648850656375289), np.float64(1.627418483272195), np.float64(1.6475434854999185), np.float64(1.6458259961381554), np.float64(1.6387576153501868), np.float64(1.6734098939970137), np.float64(1.6155164302513003), np.float64(1.6292559279501437), np.float64(1.6294117143377662), np.float64(1.6504999880865217)], 'terminal_means': [np.float32(0.00022334093), np.float32(0.7135626), np.float32(0.7915278), np.float32(0.88222784), np.float32(0.97805595), np.float32(1.0225729), np.float32(1.0275207), np.float32(0.9624487), np.float32(0.8918996), np.float32(0.82596105), np.float32(0.8141149), np.float32(0.84492534), np.float32(0.8740631), np.float32(0.9655961), np.float32(1.0079017), np.float32(1.0077051), np.float32(0.94707495), np.float32(0.8822411), np.float32(0.8442886), np.float32(0.83461046)], 'terminal_vars': [np.float32(0.89287734), np.float32(0.1036447), np.float32(0.040400483), np.float32(0.03164962), np.float32(0.032919772), np.float32(0.03212434), np.float32(0.033587415), np.float32(0.032074615), np.float32(0.031729244), np.float32(0.0308034), np.float32(0.033271916), np.float32(0.03241298), np.float32(0.035012104), np.float32(0.031853333), np.float32(0.033072107), np.float32(0.033846874), np.float32(0.03103804), np.float32(0.031574555), np.float32(0.030711597), np.float32(0.032643735)]}
  final_mean: 0.8565594553947449
  final_var: 0.032652467489242554
  final_trajectories: tensor([[[ 0.0000],
         [ 0.0000],
         [ 0.0000],
         ...,
         [ 0.0000],
         [ 0.0000],
         [ 0.0000]],

        [[-0.2113],
         [-0.1835],
         [-0.1322],
         ...,
         [-0.2083],
         [ 0.1274],
         [-0.1807]],

        [[-0.2951],
         [-0.1630],
         [-0.0197],
         ...,
         [-0.2425],
         [-0.1053],
         [-0.2776]],

        ...,

        [[ 0.7010],
         [ 0.9904],
         [ 1.0930],
         ...,
         [ 1.0398],
         [ 0.5189],
         [ 0.9612]],

        [[ 0.7919],
         [ 1.1006],
         [ 1.1722],
         ...,
         [ 1.0375],
         [ 0.6145],
         [ 1.1437]],

        [[ 0.7153],
         [ 0.9928],
         [ 1.2054],
         ...,
         [ 0.7781],
         [ 0.6802],
         [ 1.1251]]])

Completed: 2026-01-25T01:49:53.146745
