Experiment: 2026-02-02_01-06-09_exp_Student_t
Started: 2026-02-02T01:06:09.733690
======================================================================

======================================================================
MFC Configuration (Iterative Backward Regression)
======================================================================
  Physics:    T=1.0, N=50, σ=1.0, dim=1
  Target:     N(0.0, 1.0)
  Initial:    dirac at 0.0
----------------------------------------------------------------------
  Model:      hidden=64, layers=3, time_emb=16
  Training:   100 iterations × 100 epochs, batch=2048, lr=0.001
  Polyak τ:   0.5
  λ (terminal_weight): 2.0
======================================================================

[01:06:09] Initialized solver on device: cpu
[01:06:09] Number of networks: 50
[01:06:09] Polyak averaging τ: 0.5
[01:06:09] Total parameters (trainable): 428,850
[01:06:09] ======================================================================
[01:06:09] Starting Iterative Backward Regression (Polyak Averaging)
[01:06:09] ======================================================================
[01:06:09] Iterations: 100
[01:06:09] Backward epochs per step: 100
[01:06:09] Batch size: 2048
[01:06:09] Polyak τ: 0.5
[01:06:09] λ (terminal_weight): 2.0
[01:06:09] Target: N(0.0, 1.0)
[01:06:09] ======================================================================
[01:06:15] Iter [  1/100] | Loss: 0.014419 | μ=0.047 (Δ=0.047), σ=0.996 (Δ=0.004)
[01:06:40] Iter [  5/100] | Loss: 0.016471 | μ=-0.084 (Δ=0.084), σ=1.072 (Δ=0.072)
[01:07:11] Iter [ 10/100] | Loss: 0.002775 | μ=-0.040 (Δ=0.040), σ=1.197 (Δ=0.197)
[01:07:43] Iter [ 15/100] | Loss: 0.009647 | μ=-0.126 (Δ=0.126), σ=1.304 (Δ=0.304)
[01:08:17] Iter [ 20/100] | Loss: 0.007615 | μ=0.111 (Δ=0.111), σ=1.170 (Δ=0.170)
[01:08:53] Iter [ 25/100] | Loss: 0.001527 | μ=0.211 (Δ=0.211), σ=1.035 (Δ=0.035)
[01:09:28] Iter [ 30/100] | Loss: 0.015377 | μ=0.132 (Δ=0.132), σ=1.255 (Δ=0.255)
[01:10:03] Iter [ 35/100] | Loss: 0.006637 | μ=0.128 (Δ=0.128), σ=1.290 (Δ=0.290)
[01:10:38] Iter [ 40/100] | Loss: 0.001448 | μ=0.129 (Δ=0.129), σ=1.076 (Δ=0.076)
[01:11:13] Iter [ 45/100] | Loss: 0.003112 | μ=0.048 (Δ=0.048), σ=1.140 (Δ=0.140)
[01:11:48] Iter [ 50/100] | Loss: 0.003414 | μ=-0.269 (Δ=0.269), σ=1.282 (Δ=0.282)
[01:12:23] Iter [ 55/100] | Loss: 0.004714 | μ=-0.144 (Δ=0.144), σ=1.168 (Δ=0.168)
[01:12:59] Iter [ 60/100] | Loss: 0.008458 | μ=-0.081 (Δ=0.081), σ=1.150 (Δ=0.150)
[01:13:34] Iter [ 65/100] | Loss: 0.003877 | μ=0.046 (Δ=0.046), σ=1.197 (Δ=0.197)
[01:14:08] Iter [ 70/100] | Loss: 0.002304 | μ=-0.038 (Δ=0.038), σ=1.110 (Δ=0.110)
[01:14:44] Iter [ 75/100] | Loss: 0.005218 | μ=0.046 (Δ=0.046), σ=1.207 (Δ=0.207)
[01:15:20] Iter [ 80/100] | Loss: 0.011287 | μ=-0.316 (Δ=0.316), σ=1.313 (Δ=0.313)
[01:15:56] Iter [ 85/100] | Loss: 0.011049 | μ=-0.033 (Δ=0.033), σ=1.288 (Δ=0.288)
[01:16:30] Iter [ 90/100] | Loss: 0.007473 | μ=-0.207 (Δ=0.207), σ=1.258 (Δ=0.258)
[01:17:05] Iter [ 95/100] | Loss: 0.011253 | μ=-0.182 (Δ=0.182), σ=1.408 (Δ=0.408)
[01:17:42] Iter [100/100] | Loss: 0.004560 | μ=-0.392 (Δ=0.392), σ=1.236 (Δ=0.236)
[01:17:42] ======================================================================
[01:17:42] Training Complete! Evaluating with target networks...
[01:17:42] Final Mean: 0.1416 (target: 0.0)
[01:17:42] Final Std:  1.0929 (target: 1.0)
[01:17:42] ======================================================================
