Experiment: 2026-02-02_00-41-44_exp_Gaussian
Started: 2026-02-02T00:41:44.025157
======================================================================

======================================================================
MFC Configuration (Iterative Backward Regression)
======================================================================
  Physics:    T=1.0, N=50, σ=1.0, dim=1
  Target:     N(0.0, 1.0)
  Initial:    dirac at 0.0
----------------------------------------------------------------------
  Model:      hidden=64, layers=3, time_emb=16
  Training:   100 iterations × 100 epochs, batch=2048, lr=0.001
  Polyak τ:   0.1
  λ (terminal_weight): 2.0
======================================================================

[00:41:44] Initialized solver on device: cpu
[00:41:44] Number of networks: 50
[00:41:44] Polyak averaging τ: 0.1
[00:41:44] Total parameters (trainable): 428,850
[00:41:44] ======================================================================
[00:41:44] Starting Iterative Backward Regression (Polyak Averaging)
[00:41:44] ======================================================================
[00:41:44] Iterations: 100
[00:41:44] Backward epochs per step: 100
[00:41:44] Batch size: 2048
[00:41:44] Polyak τ: 0.1
[00:41:44] λ (terminal_weight): 2.0
[00:41:44] Target: N(0.0, 1.0)
[00:41:44] ======================================================================
[00:41:50] Iter [  1/100] | Loss: 0.000388 | μ=0.034 (Δ=0.034), σ=0.986 (Δ=0.014)
[00:42:14] Iter [  5/100] | Loss: 0.000187 | μ=-0.014 (Δ=0.014), σ=0.968 (Δ=0.032)
[00:42:41] Iter [ 10/100] | Loss: 0.001993 | μ=0.006 (Δ=0.006), σ=0.944 (Δ=0.056)
[00:43:09] Iter [ 15/100] | Loss: 0.001074 | μ=-0.013 (Δ=0.013), σ=0.970 (Δ=0.030)
[00:43:36] Iter [ 20/100] | Loss: 0.003307 | μ=0.031 (Δ=0.031), σ=1.015 (Δ=0.015)
[00:44:04] Iter [ 25/100] | Loss: 0.011303 | μ=-0.060 (Δ=0.060), σ=0.966 (Δ=0.034)
[00:44:31] Iter [ 30/100] | Loss: 0.002025 | μ=0.042 (Δ=0.042), σ=0.984 (Δ=0.016)
[00:44:59] Iter [ 35/100] | Loss: 0.005815 | μ=-0.022 (Δ=0.022), σ=0.994 (Δ=0.006)
[00:45:26] Iter [ 40/100] | Loss: 0.006095 | μ=0.059 (Δ=0.059), σ=0.974 (Δ=0.026)
[00:45:54] Iter [ 45/100] | Loss: 0.002894 | μ=-0.018 (Δ=0.018), σ=0.983 (Δ=0.017)
[00:46:21] Iter [ 50/100] | Loss: 0.000777 | μ=0.020 (Δ=0.020), σ=0.982 (Δ=0.018)
[00:46:50] Iter [ 55/100] | Loss: 0.001428 | μ=-0.050 (Δ=0.050), σ=1.023 (Δ=0.023)
[00:47:20] Iter [ 60/100] | Loss: 0.000080 | μ=0.023 (Δ=0.023), σ=0.976 (Δ=0.024)
[00:47:52] Iter [ 65/100] | Loss: 0.000410 | μ=0.029 (Δ=0.029), σ=0.956 (Δ=0.044)
[00:48:22] Iter [ 70/100] | Loss: 0.000360 | μ=-0.053 (Δ=0.053), σ=0.996 (Δ=0.004)
[00:48:54] Iter [ 75/100] | Loss: 0.010938 | μ=-0.013 (Δ=0.013), σ=1.078 (Δ=0.078)
[00:49:25] Iter [ 80/100] | Loss: 0.002241 | μ=0.071 (Δ=0.071), σ=0.944 (Δ=0.056)
[00:49:56] Iter [ 85/100] | Loss: 0.000922 | μ=0.077 (Δ=0.077), σ=0.989 (Δ=0.011)
[00:50:27] Iter [ 90/100] | Loss: 0.005883 | μ=0.071 (Δ=0.071), σ=1.003 (Δ=0.003)
[00:50:57] Iter [ 95/100] | Loss: 0.002991 | μ=-0.082 (Δ=0.082), σ=0.937 (Δ=0.063)
[00:51:27] Iter [100/100] | Loss: 0.000097 | μ=-0.061 (Δ=0.061), σ=0.971 (Δ=0.029)
[00:51:27] ======================================================================
[00:51:27] Training Complete! Evaluating with target networks...
[00:51:27] Final Mean: -0.0078 (target: 0.0)
[00:51:27] Final Std:  0.9937 (target: 1.0)
[00:51:27] ======================================================================
