Experiment: 2026-02-02_14-00-24_exp_GMM
Started: 2026-02-02T14:00:24.479377
======================================================================

======================================================================
MFC Configuration (Iterative Backward Regression)
======================================================================
  Physics:    T=1.0, N=50, σ=1.0, dim=1
  Target:     N(0.0, 1.0)
  Initial:    dirac at 0.0
----------------------------------------------------------------------
  Model:      hidden=64, layers=3, time_emb=16
  Training:   100 iterations × 100 epochs, batch=2048, lr=0.001
  Polyak τ:   0.5
  λ (terminal_weight): 2.0
======================================================================

[14:00:24] Initialized solver on device: cpu
[14:00:24] Number of networks: 50
[14:00:24] Polyak averaging τ: 0.5
[14:00:24] Total parameters (trainable): 428,850
[14:00:24] ======================================================================
[14:00:24] Starting Iterative Backward Regression (Polyak Averaging)
[14:00:24] ======================================================================
[14:00:24] Iterations: 100
[14:00:24] Backward epochs per step: 100
[14:00:24] Batch size: 2048
[14:00:24] Polyak τ: 0.5
[14:00:24] λ (terminal_weight): 2.0
[14:00:24] Target: N(0.0, 1.0)
[14:00:24] ======================================================================
[14:00:29] Iter [  1/100] | Loss: 2.383127 | μ=-0.028 (Δ=0.028), σ=0.986 (Δ=1.014)
[14:00:51] Iter [  5/100] | Loss: 1.880956 | μ=0.436 (Δ=0.436), σ=0.934 (Δ=1.066)
[14:01:18] Iter [ 10/100] | Loss: 0.647036 | μ=2.581 (Δ=2.581), σ=1.148 (Δ=0.852)
[14:01:48] Iter [ 15/100] | Loss: 0.083244 | μ=0.173 (Δ=0.173), σ=1.946 (Δ=0.054)
[14:02:17] Iter [ 20/100] | Loss: 0.649583 | μ=-0.557 (Δ=0.557), σ=1.256 (Δ=0.744)
[14:02:45] Iter [ 25/100] | Loss: 0.024405 | μ=-2.624 (Δ=2.624), σ=0.417 (Δ=1.583)
[14:03:14] Iter [ 30/100] | Loss: 0.241827 | μ=1.225 (Δ=1.225), σ=1.071 (Δ=0.929)
[14:03:43] Iter [ 35/100] | Loss: 0.135484 | μ=-0.516 (Δ=0.516), σ=1.529 (Δ=0.471)
[14:04:12] Iter [ 40/100] | Loss: 0.331768 | μ=1.051 (Δ=1.051), σ=1.256 (Δ=0.744)
[14:04:39] Iter [ 45/100] | Loss: 0.444517 | μ=0.134 (Δ=0.134), σ=2.735 (Δ=0.735)
[14:05:07] Iter [ 50/100] | Loss: 0.011337 | μ=2.435 (Δ=2.435), σ=0.550 (Δ=1.450)
[14:05:35] Iter [ 55/100] | Loss: 0.138571 | μ=-2.349 (Δ=2.349), σ=0.982 (Δ=1.018)
[14:06:03] Iter [ 60/100] | Loss: 0.045230 | μ=2.504 (Δ=2.504), σ=0.561 (Δ=1.439)
[14:06:29] Iter [ 65/100] | Loss: 0.010200 | μ=2.476 (Δ=2.476), σ=0.582 (Δ=1.418)
[14:06:56] Iter [ 70/100] | Loss: 0.058087 | μ=-1.277 (Δ=1.277), σ=1.247 (Δ=0.753)
[14:07:25] Iter [ 75/100] | Loss: 0.534823 | μ=0.593 (Δ=0.593), σ=1.548 (Δ=0.452)
[14:07:55] Iter [ 80/100] | Loss: 0.658282 | μ=0.636 (Δ=0.636), σ=1.193 (Δ=0.807)
[14:08:23] Iter [ 85/100] | Loss: 0.365469 | μ=-1.294 (Δ=1.294), σ=1.174 (Δ=0.826)
[14:08:51] Iter [ 90/100] | Loss: 0.114659 | μ=-0.387 (Δ=0.387), σ=1.763 (Δ=0.237)
[14:09:18] Iter [ 95/100] | Loss: 0.169110 | μ=-0.655 (Δ=0.655), σ=1.475 (Δ=0.525)
[14:09:45] Iter [100/100] | Loss: 0.567350 | μ=-0.497 (Δ=0.497), σ=1.367 (Δ=0.633)
[14:09:45] ======================================================================
[14:09:45] Training Complete! Evaluating with target networks...
[14:09:45] Final Mean: -0.9806 (target: 0.0)
[14:09:45] Final Std:  1.9617 (target: 2.0)
[14:09:45] ======================================================================
