Experiment: 2026-01-26_03-31-37_sweep_lambda_7.0
Started: 2026-01-26T03:31:37.024711
======================================================================

======================================================================
MFC Configuration (Iterative Backward Regression)
======================================================================
  Physics:    T=1.0, N=50, σ=1.0, dim=1
  Target:     N(1.0, 1.0)
  Initial:    dirac at 0.0
----------------------------------------------------------------------
  Model:      hidden=64, layers=3, time_emb=16
  Training:   5 iterations × 100 epochs, batch=2048, lr=0.001
  λ (terminal_weight): 7.0
======================================================================

[03:31:37] Initialized solver on device: cpu
[03:31:37] Number of networks: 50
[03:31:37] Polyak averaging τ: 0.5
[03:31:37] Total parameters (trainable): 428,850
[03:31:37] ======================================================================
[03:31:37] Starting Iterative Backward Regression (Polyak Averaging)
[03:31:37] ======================================================================
[03:31:37] Iterations: 5
[03:31:37] Backward epochs per step: 100
[03:31:37] Batch size: 2048
[03:31:37] Polyak τ: 0.5
[03:31:37] λ (terminal_weight): 7.0
[03:31:37] Target: N(1.0, 1.0)
[03:31:37] ======================================================================
[03:31:43] Iter [  1/5] | Loss: 1.263063 | μ=0.000 (Δ=1.000), σ=0.945 (Δ=0.055)
[03:32:03] Iter [  5/5] | Loss: 0.898402 | μ=0.917 (Δ=0.083), σ=0.211 (Δ=0.789)
[03:32:03] ======================================================================
[03:32:03] Training Complete! Evaluating with target networks...
[03:32:03] Final Mean: 0.9247 (target: 1.0)
[03:32:03] Final Std:  0.1999 (target: 1.0)
[03:32:03] ======================================================================
[03:32:03] Saved plot: trajectories.png
[03:32:03] Saved plot: terminal_distribution.png
[03:32:03] Saved plot: statistics_evolution.png
[03:32:03] Saved all visualization plots

======================================================================
FINAL RESULTS
======================================================================
  history: {'iteration_losses': [np.float64(1.2630627048015595), np.float64(0.999175734873861), np.float64(0.94137494944036), np.float64(0.9007078665308654), np.float64(0.8984015179798007)], 'terminal_means': [np.float32(0.00022334093), np.float32(0.7235407), np.float32(0.805049), np.float32(0.86385864), np.float32(0.9173299)], 'terminal_vars': [np.float32(0.89287734), np.float32(0.14686385), np.float32(0.06550171), np.float32(0.04602939), np.float32(0.044433065)]}
  final_mean: 0.9246732592582703
  final_var: 0.03994126617908478
  final_trajectories: tensor([[[ 0.0000],
         [ 0.0000],
         [ 0.0000],
         ...,
         [ 0.0000],
         [ 0.0000],
         [ 0.0000]],

        [[ 0.1449],
         [-0.0691],
         [ 0.0553],
         ...,
         [-0.1575],
         [ 0.1133],
         [-0.1561]],

        [[ 0.0876],
         [-0.1658],
         [-0.0264],
         ...,
         [-0.0477],
         [ 0.2267],
         [-0.0223]],

        ...,

        [[ 0.6253],
         [ 0.8745],
         [ 1.0722],
         ...,
         [ 0.5866],
         [ 1.1417],
         [ 0.8021]],

        [[ 0.6892],
         [ 1.1080],
         [ 1.0509],
         ...,
         [ 0.7009],
         [ 1.0152],
         [ 1.0592]],

        [[ 0.7032],
         [ 0.9961],
         [ 1.2777],
         ...,
         [ 0.7541],
         [ 1.1280],
         [ 0.8264]]])

Completed: 2026-01-26T03:32:03.367777
