Experiment: 2026-01-24_18-13-22_mfc_backward_regression
Started: 2026-01-24T18:13:22.233540
======================================================================

======================================================================
MFC Configuration (Iterative Backward Regression)
======================================================================
  Physics:    T=1.0, N=50, σ=1.0, dim=1
  Target:     N(1.0, 1.0)
  Initial:    dirac at 0.0
----------------------------------------------------------------------
  Model:      hidden=64, layers=3, time_emb=16
  Training:   20 iterations × 100 epochs, batch=2048, lr=0.001
  λ (terminal_weight): 10.0
======================================================================

[18:13:22] Initialized solver on device: cpu
[18:13:22] Number of networks: 50
[18:13:22] Total parameters: 476,850
[18:13:22] ======================================================================
[18:13:22] Starting Iterative Backward Regression
[18:13:22] ======================================================================
[18:13:22] Iterations: 20
[18:13:22] Backward epochs per step: 100
[18:13:22] Batch size: 2048
[18:13:22] λ (terminal_weight): 10.0
[18:13:22] Target: N(1.0, 1.0)
[18:13:22] ======================================================================
[18:13:28] Iter [  1/20] | Loss: 0.001074 | Terminal: μ=-0.005, σ²=1.016
[18:13:48] Iter [  5/20] | Loss: 0.001128 | Terminal: μ=0.122, σ²=1.066
[18:14:13] Iter [ 10/20] | Loss: 0.000384 | Terminal: μ=0.859, σ²=0.894
[18:14:38] Iter [ 15/20] | Loss: 0.000689 | Terminal: μ=0.217, σ²=0.975
[18:15:03] Iter [ 20/20] | Loss: 0.001099 | Terminal: μ=0.763, σ²=1.036
[18:15:03] ======================================================================
[18:15:03] Training Complete!
[18:15:03] Final Mean: 0.2256 (target: 1.0)
[18:15:03] Final Var:  0.8816 (target: 1.0)
[18:15:03] ======================================================================
[18:15:03] Saved plot: trajectories.png
[18:15:03] Saved plot: terminal_distribution.png
[18:15:03] Saved plot: statistics_evolution.png
[18:15:03] Saved all visualization plots

======================================================================
FINAL RESULTS
======================================================================
  mean: 0.2256481945514679
  variance: 0.8816271424293518
  std: 0.9389500021934509
  target_mean: 1.0
  target_variance: 1.0

Completed: 2026-01-24T18:15:49.273780
