Experiment: 2026-02-06_01-00-37_mfc_backward_regression
Started: 2026-02-06T01:00:37.522515
======================================================================

======================================================================
MFC Configuration (Iterative Backward Regression)
======================================================================
  Physics:    T=1.0, N=50, σ=1.0, dim=1
  Target:     N(1.0, 1.0)
  Initial:    dirac at 0.0
----------------------------------------------------------------------
  Model:      hidden=64, layers=3, time_emb=16
  Training:   20 iterations × 100 epochs, batch=2048, lr=0.001
  Polyak τ:   0.5
  λ (terminal_weight): 100.0
======================================================================

[01:00:37] Initialized solver on device: cpu
[01:00:37] Number of networks: 50
[01:00:37] Polyak averaging τ: 0.5
[01:00:37] Total parameters (trainable): 428,850
[01:00:37] ======================================================================
[01:00:37] Starting Iterative Backward Regression (Polyak Averaging)
[01:00:37] ======================================================================
[01:00:37] Iterations: 20
[01:00:37] Backward epochs per step: 100
[01:00:37] Batch size: 2048
[01:00:37] Polyak τ: 0.5
[01:00:37] λ (terminal_weight): 100.0
[01:00:37] Target: N(1.0, 1.0)
[01:00:37] ======================================================================
[01:00:43] Iter [  1/20] | Loss: 90.338137 | μ=0.000 (Δ=1.000), σ=0.945 (Δ=0.055) | Y_μ=-14.332, Y_σ=0.013
[01:01:06] Iter [  5/20] | Loss: 2607193989561053184.000000 | μ=13.822 (Δ=12.822), σ=0.985 (Δ=0.015) | Y_μ=-14.082, Y_σ=0.007
[01:01:34] Iter [ 10/20] | Loss: 2606594975626507776.000000 | μ=14.159 (Δ=13.159), σ=0.989 (Δ=0.011) | Y_μ=-14.204, Y_σ=0.007
