Experiment: 2026-02-04_19-31-59_exp_GMM
Started: 2026-02-04T19:31:59.388192
======================================================================

======================================================================
MFC Configuration (Iterative Backward Regression)
======================================================================
  Physics:    T=1.0, N=50, σ=1.0, dim=1
  Target:     N(0.0, 1.0)
  Initial:    dirac at 0.0
----------------------------------------------------------------------
  Model:      hidden=64, layers=3, time_emb=16
  Training:   400 iterations × 100 epochs, batch=2048, lr=0.001
  Polyak τ:   0.5
  λ (terminal_weight): 2.0
======================================================================

[19:31:59] Initialized solver on device: cpu
[19:31:59] Number of networks: 50
[19:31:59] Polyak averaging τ: 0.5
[19:31:59] Total parameters (trainable): 428,850
[19:31:59] ======================================================================
[19:31:59] Starting Iterative Backward Regression (Polyak Averaging)
[19:31:59] ======================================================================
[19:31:59] Iterations: 400
[19:31:59] Backward epochs per step: 100
[19:31:59] Batch size: 2048
[19:31:59] Polyak τ: 0.5
[19:31:59] λ (terminal_weight): 2.0
[19:31:59] Target: N(0.0, 1.0)
[19:31:59] ======================================================================
[19:32:05] Iter [  1/400] | Loss: 2.221748 | μ=-0.012 (Δ=0.012), σ=0.986 (Δ=1.014)
[19:32:26] Iter [  5/400] | Loss: 0.836105 | μ=2.895 (Δ=2.895), σ=1.166 (Δ=0.834)
[19:32:53] Iter [ 10/400] | Loss: 0.596023 | μ=0.944 (Δ=0.944), σ=0.846 (Δ=1.154)
[19:33:20] Iter [ 15/400] | Loss: 0.064389 | μ=1.083 (Δ=1.083), σ=1.812 (Δ=0.188)
[19:33:47] Iter [ 20/400] | Loss: 0.564926 | μ=1.995 (Δ=1.995), σ=2.276 (Δ=0.276)
[19:34:14] Iter [ 25/400] | Loss: 0.284467 | μ=2.431 (Δ=2.431), σ=1.431 (Δ=0.569)
[19:34:41] Iter [ 30/400] | Loss: 0.335231 | μ=2.315 (Δ=2.315), σ=2.039 (Δ=0.039)
[19:35:08] Iter [ 35/400] | Loss: 0.181035 | μ=-0.010 (Δ=0.010), σ=1.934 (Δ=0.066)
[19:35:35] Iter [ 40/400] | Loss: 0.151826 | μ=1.465 (Δ=1.465), σ=1.372 (Δ=0.628)
[19:36:02] Iter [ 45/400] | Loss: 0.018549 | μ=-1.216 (Δ=1.216), σ=1.347 (Δ=0.653)
[19:36:29] Iter [ 50/400] | Loss: 0.100428 | μ=-0.543 (Δ=0.543), σ=1.902 (Δ=0.098)
[19:36:56] Iter [ 55/400] | Loss: 0.285005 | μ=1.225 (Δ=1.225), σ=0.856 (Δ=1.144)
[19:37:23] Iter [ 60/400] | Loss: 0.575218 | μ=0.993 (Δ=0.993), σ=1.210 (Δ=0.790)
[19:37:50] Iter [ 65/400] | Loss: 0.041733 | μ=-1.554 (Δ=1.554), σ=1.420 (Δ=0.580)
[19:38:17] Iter [ 70/400] | Loss: 0.118128 | μ=2.246 (Δ=2.246), σ=0.682 (Δ=1.318)
[19:38:45] Iter [ 75/400] | Loss: 0.005108 | μ=-2.080 (Δ=2.080), σ=0.427 (Δ=1.573)
[19:39:12] Iter [ 80/400] | Loss: 0.369050 | μ=-0.337 (Δ=0.337), σ=1.776 (Δ=0.224)
[19:39:39] Iter [ 85/400] | Loss: 0.028721 | μ=2.167 (Δ=2.167), σ=0.483 (Δ=1.517)
[19:40:06] Iter [ 90/400] | Loss: 0.243257 | μ=0.378 (Δ=0.378), σ=1.604 (Δ=0.396)
[19:40:34] Iter [ 95/400] | Loss: 0.188163 | μ=1.430 (Δ=1.430), σ=1.572 (Δ=0.428)
[19:41:01] Iter [100/400] | Loss: 0.264479 | μ=0.976 (Δ=0.976), σ=1.331 (Δ=0.669)
[19:41:28] Iter [105/400] | Loss: 0.182277 | μ=-1.346 (Δ=1.346), σ=0.933 (Δ=1.067)
[19:41:55] Iter [110/400] | Loss: 0.183406 | μ=-0.645 (Δ=0.645), σ=2.311 (Δ=0.311)
[19:42:22] Iter [115/400] | Loss: 0.082391 | μ=2.169 (Δ=2.169), σ=1.176 (Δ=0.824)
[19:42:50] Iter [120/400] | Loss: 0.068558 | μ=1.217 (Δ=1.217), σ=1.536 (Δ=0.464)
[19:43:17] Iter [125/400] | Loss: 0.078212 | μ=-1.146 (Δ=1.146), σ=1.658 (Δ=0.342)
[19:43:44] Iter [130/400] | Loss: 0.092675 | μ=2.357 (Δ=2.357), σ=1.123 (Δ=0.877)
[19:44:11] Iter [135/400] | Loss: 0.570655 | μ=1.492 (Δ=1.492), σ=0.950 (Δ=1.050)
[19:44:38] Iter [140/400] | Loss: 0.135833 | μ=-1.201 (Δ=1.201), σ=1.154 (Δ=0.846)
[19:45:06] Iter [145/400] | Loss: 0.137483 | μ=-1.071 (Δ=1.071), σ=1.484 (Δ=0.516)
[19:45:33] Iter [150/400] | Loss: 0.078224 | μ=1.441 (Δ=1.441), σ=1.652 (Δ=0.348)
[19:46:00] Iter [155/400] | Loss: 0.140836 | μ=-1.324 (Δ=1.324), σ=1.091 (Δ=0.909)
[19:46:28] Iter [160/400] | Loss: 0.117975 | μ=-1.743 (Δ=1.743), σ=0.997 (Δ=1.003)
[19:46:55] Iter [165/400] | Loss: 0.161423 | μ=-1.209 (Δ=1.209), σ=1.996 (Δ=0.004)
[19:47:22] Iter [170/400] | Loss: 0.032982 | μ=1.471 (Δ=1.471), σ=1.425 (Δ=0.575)
[19:47:49] Iter [175/400] | Loss: 0.075600 | μ=-2.029 (Δ=2.029), σ=1.009 (Δ=0.991)
[19:48:16] Iter [180/400] | Loss: 0.139581 | μ=-1.661 (Δ=1.661), σ=0.882 (Δ=1.118)
[19:48:43] Iter [185/400] | Loss: 0.080312 | μ=-0.577 (Δ=0.577), σ=2.087 (Δ=0.087)
[19:49:12] Iter [190/400] | Loss: 0.115539 | μ=-1.912 (Δ=1.912), σ=1.417 (Δ=0.583)
[19:49:43] Iter [195/400] | Loss: 0.128521 | μ=1.096 (Δ=1.096), σ=1.353 (Δ=0.647)
[19:50:13] Iter [200/400] | Loss: 0.064738 | μ=-2.283 (Δ=2.283), σ=0.746 (Δ=1.254)
[20:06:42] Iter [205/400] | Loss: 0.099950 | μ=1.407 (Δ=1.407), σ=1.453 (Δ=0.547)
[20:07:08] Iter [210/400] | Loss: 0.275539 | μ=0.277 (Δ=0.277), σ=1.813 (Δ=0.187)
[20:07:35] Iter [215/400] | Loss: 0.278347 | μ=-1.992 (Δ=1.992), σ=0.847 (Δ=1.153)
[20:08:02] Iter [220/400] | Loss: 0.010282 | μ=2.321 (Δ=2.321), σ=0.503 (Δ=1.497)
[20:08:28] Iter [225/400] | Loss: 0.345198 | μ=1.392 (Δ=1.392), σ=1.210 (Δ=0.790)
[20:08:55] Iter [230/400] | Loss: 0.369820 | μ=-0.416 (Δ=0.416), σ=1.330 (Δ=0.670)
[20:09:21] Iter [235/400] | Loss: 0.031195 | μ=-1.271 (Δ=1.271), σ=1.488 (Δ=0.512)
[20:09:48] Iter [240/400] | Loss: 0.132163 | μ=-1.411 (Δ=1.411), σ=0.714 (Δ=1.286)
[20:10:15] Iter [245/400] | Loss: 0.076789 | μ=-0.752 (Δ=0.752), σ=2.069 (Δ=0.069)
[20:10:41] Iter [250/400] | Loss: 0.063913 | μ=-2.145 (Δ=2.145), σ=1.227 (Δ=0.773)
[20:11:08] Iter [255/400] | Loss: 0.273507 | μ=-1.671 (Δ=1.671), σ=2.041 (Δ=0.041)
[20:11:35] Iter [260/400] | Loss: 0.204649 | μ=-1.223 (Δ=1.223), σ=1.224 (Δ=0.776)
[20:12:01] Iter [265/400] | Loss: 0.082093 | μ=-0.463 (Δ=0.463), σ=2.037 (Δ=0.037)
[20:12:28] Iter [270/400] | Loss: 0.058648 | μ=1.940 (Δ=1.940), σ=1.067 (Δ=0.933)
[20:12:55] Iter [275/400] | Loss: 0.139879 | μ=-1.380 (Δ=1.380), σ=1.863 (Δ=0.137)
[20:13:21] Iter [280/400] | Loss: 0.147883 | μ=-0.914 (Δ=0.914), σ=1.305 (Δ=0.695)
[20:13:48] Iter [285/400] | Loss: 0.378550 | μ=0.620 (Δ=0.620), σ=1.326 (Δ=0.674)
[20:14:15] Iter [290/400] | Loss: 0.074578 | μ=0.214 (Δ=0.214), σ=2.224 (Δ=0.224)
[20:14:41] Iter [295/400] | Loss: 0.151696 | μ=-2.197 (Δ=2.197), σ=0.421 (Δ=1.579)
[20:15:08] Iter [300/400] | Loss: 0.212942 | μ=1.316 (Δ=1.316), σ=1.224 (Δ=0.776)
[20:15:35] Iter [305/400] | Loss: 0.199285 | μ=1.239 (Δ=1.239), σ=1.296 (Δ=0.704)
[20:16:01] Iter [310/400] | Loss: 0.086482 | μ=0.539 (Δ=0.539), σ=1.919 (Δ=0.081)
[20:16:28] Iter [315/400] | Loss: 0.361074 | μ=0.801 (Δ=0.801), σ=1.539 (Δ=0.461)
[20:16:54] Iter [320/400] | Loss: 0.148407 | μ=-1.793 (Δ=1.793), σ=0.955 (Δ=1.045)
[20:17:21] Iter [325/400] | Loss: 0.121120 | μ=0.850 (Δ=0.850), σ=1.698 (Δ=0.302)
[20:17:48] Iter [330/400] | Loss: 0.059639 | μ=-2.060 (Δ=2.060), σ=1.074 (Δ=0.926)
[20:18:14] Iter [335/400] | Loss: 0.007917 | μ=-2.258 (Δ=2.258), σ=0.732 (Δ=1.268)
[20:18:41] Iter [340/400] | Loss: 0.089235 | μ=0.116 (Δ=0.116), σ=1.980 (Δ=0.020)
[20:19:07] Iter [345/400] | Loss: 0.041273 | μ=-1.923 (Δ=1.923), σ=0.888 (Δ=1.112)
[20:19:34] Iter [350/400] | Loss: 0.351961 | μ=-1.064 (Δ=1.064), σ=1.276 (Δ=0.724)
[20:20:01] Iter [355/400] | Loss: 0.152681 | μ=0.608 (Δ=0.608), σ=2.202 (Δ=0.202)
[20:20:27] Iter [360/400] | Loss: 0.050090 | μ=2.203 (Δ=2.203), σ=0.972 (Δ=1.028)
[20:20:54] Iter [365/400] | Loss: 0.200363 | μ=0.441 (Δ=0.441), σ=1.812 (Δ=0.188)
[20:21:20] Iter [370/400] | Loss: 0.165264 | μ=1.387 (Δ=1.387), σ=0.757 (Δ=1.243)
[20:21:47] Iter [375/400] | Loss: 0.056471 | μ=1.689 (Δ=1.689), σ=1.775 (Δ=0.225)
[20:22:14] Iter [380/400] | Loss: 0.895707 | μ=0.146 (Δ=0.146), σ=1.276 (Δ=0.724)
[20:22:41] Iter [385/400] | Loss: 0.094621 | μ=-2.679 (Δ=2.679), σ=0.527 (Δ=1.473)
[20:23:07] Iter [390/400] | Loss: 0.170458 | μ=0.194 (Δ=0.194), σ=1.660 (Δ=0.340)
[20:23:34] Iter [395/400] | Loss: 0.089172 | μ=-1.176 (Δ=1.176), σ=1.416 (Δ=0.584)
[20:24:01] Iter [400/400] | Loss: 0.264566 | μ=-0.355 (Δ=0.355), σ=1.640 (Δ=0.360)
[20:24:01] ======================================================================
[20:24:01] Training Complete! Evaluating with target networks...
[20:24:01] Final Mean: -1.4875 (target: 0.0)
[20:24:01] Final Std:  1.9528 (target: 2.0)
[20:24:01] ======================================================================
