Experiment: 2026-02-06_00-53-44_mfc_backward_regression
Started: 2026-02-06T00:53:44.233124
======================================================================

======================================================================
MFC Configuration (Iterative Backward Regression)
======================================================================
  Physics:    T=1.0, N=50, σ=1.0, dim=1
  Target:     N(1.0, 1.0)
  Initial:    dirac at 0.0
----------------------------------------------------------------------
  Model:      hidden=64, layers=3, time_emb=16
  Training:   20 iterations × 100 epochs, batch=2048, lr=0.001
  Polyak τ:   0.5
  λ (terminal_weight): 2.0
======================================================================

[00:53:44] Initialized solver on device: cpu
[00:53:44] Number of networks: 50
[00:53:44] Polyak averaging τ: 0.5
[00:53:44] Total parameters (trainable): 428,850
[00:53:44] ======================================================================
[00:53:44] Starting Iterative Backward Regression (Polyak Averaging)
[00:53:44] ======================================================================
[00:53:44] Iterations: 20
[00:53:44] Backward epochs per step: 100
[00:53:44] Batch size: 2048
[00:53:44] Polyak τ: 0.5
[00:53:44] λ (terminal_weight): 2.0
[00:53:44] Target: N(1.0, 1.0)
[00:53:44] ======================================================================
[00:53:50] Iter [  1/20] | Loss: 0.090290 | μ=0.000 (Δ=1.000), σ=0.945 (Δ=0.055) | Y_μ=-2.133, Y_σ=0.539
[00:54:12] Iter [  5/20] | Loss: 0.098145 | μ=-10.938 (Δ=11.938), σ=1.000 (Δ=0.000) | Y_μ=-23.828, Y_σ=0.186
[00:54:39] Iter [ 10/20] | Loss: 0.000001 | μ=100.016 (Δ=99.016), σ=1.000 (Δ=0.000) | Y_μ=100.000, Y_σ=0.000
[00:55:06] Iter [ 15/20] | Loss: 0.000000 | μ=-100.008 (Δ=101.008), σ=0.987 (Δ=0.013) | Y_μ=-100.000, Y_σ=0.000
