Experiment: 2026-01-31_22-18-25_exp_student_t
Started: 2026-01-31T22:18:25.807818
======================================================================

======================================================================
MFC Configuration (Iterative Backward Regression)
======================================================================
  Physics:    T=1.0, N=50, σ=1.0, dim=1
  Target:     N(1.0, 1.0)
  Initial:    dirac at 0.0
----------------------------------------------------------------------
  Model:      hidden=64, layers=3, time_emb=16
  Training:   50 iterations × 100 epochs, batch=2048, lr=0.001
  Polyak τ:   0.1
  λ (terminal_weight): 5.0
======================================================================

[22:18:25] Initialized solver on device: cpu
[22:18:25] Number of networks: 50
[22:18:25] Polyak averaging τ: 0.1
[22:18:25] Total parameters (trainable): 428,850
[22:18:25] ======================================================================
[22:18:25] Starting Iterative Backward Regression (Polyak Averaging)
[22:18:25] ======================================================================
[22:18:25] Iterations: 50
[22:18:25] Backward epochs per step: 100
[22:18:25] Batch size: 2048
[22:18:25] Polyak τ: 0.1
[22:18:25] λ (terminal_weight): 5.0
[22:18:25] Target: N(1.0, 1.0)
[22:18:25] ======================================================================
[22:18:31] Iter [  1/50] | Loss: 0.030047 | μ=-0.012 (Δ=1.012), σ=1.002 (Δ=0.002)
[22:18:51] Iter [  5/50] | Loss: 0.124207 | μ=-0.018 (Δ=1.018), σ=1.098 (Δ=0.098)
[22:19:16] Iter [ 10/50] | Loss: 0.051110 | μ=0.008 (Δ=0.992), σ=1.166 (Δ=0.166)
[22:19:41] Iter [ 15/50] | Loss: 0.024277 | μ=0.038 (Δ=0.962), σ=1.220 (Δ=0.220)
[22:20:06] Iter [ 20/50] | Loss: 0.009338 | μ=-0.080 (Δ=1.080), σ=1.242 (Δ=0.242)
[22:20:32] Iter [ 25/50] | Loss: 0.026250 | μ=-0.039 (Δ=1.039), σ=1.182 (Δ=0.182)
[22:20:57] Iter [ 30/50] | Loss: 0.018590 | μ=0.023 (Δ=0.977), σ=1.138 (Δ=0.138)
[22:21:22] Iter [ 35/50] | Loss: 0.006823 | μ=-0.032 (Δ=1.032), σ=1.247 (Δ=0.247)
[22:21:48] Iter [ 40/50] | Loss: 0.141007 | μ=0.006 (Δ=0.994), σ=1.533 (Δ=0.533)
[22:22:14] Iter [ 45/50] | Loss: 0.031897 | μ=0.062 (Δ=0.938), σ=1.222 (Δ=0.222)
[22:22:39] Iter [ 50/50] | Loss: 0.122687 | μ=0.012 (Δ=0.988), σ=1.217 (Δ=0.217)
[22:22:39] ======================================================================
[22:22:39] Training Complete! Evaluating with target networks...
[22:22:39] Final Mean: -0.0281 (target: 1.0)
[22:22:39] Final Std:  1.3164 (target: 1.0)
[22:22:39] ======================================================================
[22:22:40] Saved all visualization plots
