Experiment: 2026-01-26_02-32-07_mfc_backward_regression
Started: 2026-01-26T02:32:07.838647
======================================================================

======================================================================
MFC Configuration (Iterative Backward Regression)
======================================================================
  Physics:    T=1.0, N=50, σ=1.0, dim=1
  Target:     N(1.0, 1.0)
  Initial:    dirac at 0.0
----------------------------------------------------------------------
  Model:      hidden=64, layers=3, time_emb=16
  Training:   20 iterations × 100 epochs, batch=2048, lr=0.001
  λ (terminal_weight): 10.0
======================================================================

[02:32:07] Initialized solver on device: cpu
[02:32:07] Number of networks: 50
[02:32:07] Polyak averaging τ: 0.5
[02:32:07] Total parameters (trainable): 428,850
[02:32:07] ======================================================================
[02:32:07] Starting Iterative Backward Regression (Polyak Averaging)
[02:32:07] ======================================================================
[02:32:07] Iterations: 20
[02:32:07] Backward epochs per step: 100
[02:32:07] Batch size: 2048
[02:32:07] Polyak τ: 0.5
[02:32:07] λ (terminal_weight): 10.0
[02:32:07] Target: N(1.0, 1.0)
[02:32:07] ======================================================================
[02:32:14] Iter [  1/20] | Loss: 5.314388 | μ=0.000 (Δ=1.000), σ=0.945 (Δ=0.055)
[02:32:34] Iter [  5/20] | Loss: 10.539709 | μ=0.702 (Δ=0.298), σ=0.154 (Δ=0.846)
[02:33:00] Iter [ 10/20] | Loss: 11.510485 | μ=1.161 (Δ=0.161), σ=0.213 (Δ=0.787)
[02:33:25] Iter [ 15/20] | Loss: 9.542663 | μ=0.647 (Δ=0.353), σ=0.195 (Δ=0.805)
[02:33:50] Iter [ 20/20] | Loss: 11.780181 | μ=0.802 (Δ=0.198), σ=0.226 (Δ=0.774)
[02:33:50] ======================================================================
[02:33:50] Training Complete! Evaluating with target networks...
[02:33:50] Final Mean: 1.0325 (target: 1.0)
[02:33:50] Final Std:  0.2102 (target: 1.0)
[02:33:50] ======================================================================
[02:33:50] Saved plot: trajectories.png
[02:33:50] Saved plot: terminal_distribution.png
[02:33:50] Saved plot: statistics_evolution.png
[02:33:50] Saved all visualization plots

======================================================================
FINAL RESULTS
======================================================================
  history: {'iteration_losses': [np.float64(5.314388315677643), np.float64(9.763429800001905), np.float64(10.427483596257517), np.float64(11.137464936226607), np.float64(10.53970903065754), np.float64(11.522744913846255), np.float64(11.452705195478048), np.float64(8.592977638244628), np.float64(9.499654100444168), np.float64(11.510484863589518), np.float64(10.818336253192465), np.float64(11.64368638932705), np.float64(10.755524496545549), np.float64(10.944434150876477), np.float64(9.542663321495056), np.float64(11.464466164819896), np.float64(11.269752995967865), np.float64(11.637808754816652), np.float64(9.948607329028965), np.float64(11.780181150436402)], 'terminal_means': [np.float32(0.00022334093), np.float32(0.4609233), np.float32(0.5004998), np.float32(0.6076364), np.float32(0.70157564), np.float32(0.89559406), np.float32(1.0257621), np.float32(1.0490323), np.float32(1.2810938), np.float32(1.1607683), np.float32(1.1800494), np.float32(0.95924115), np.float32(0.93917257), np.float32(0.83290017), np.float32(0.6474769), np.float32(0.6721227), np.float32(0.7032311), np.float32(0.76461816), np.float32(0.7771888), np.float32(0.8019169)], 'terminal_vars': [np.float32(0.89287734), np.float32(0.071177915), np.float32(0.02260332), np.float32(0.03077086), np.float32(0.023579348), np.float32(0.037751805), np.float32(0.031465024), np.float32(0.14334872), np.float32(0.07455701), np.float32(0.04544787), np.float32(0.023474747), np.float32(0.039164074), np.float32(0.023563834), np.float32(0.023822721), np.float32(0.038155243), np.float32(0.029624138), np.float32(0.02643973), np.float32(0.030691417), np.float32(0.02394804), np.float32(0.051168583)]}
  final_mean: 1.0325363874435425
  final_var: 0.04419561102986336
  final_trajectories: tensor([[[ 0.0000],
         [ 0.0000],
         [ 0.0000],
         ...,
         [ 0.0000],
         [ 0.0000],
         [ 0.0000]],

        [[-0.2268],
         [-0.1990],
         [-0.1476],
         ...,
         [-0.2238],
         [ 0.1119],
         [-0.1961]],

        [[-0.3121],
         [-0.1810],
         [-0.0395],
         ...,
         [-0.2596],
         [-0.1360],
         [-0.2957]],

        ...,

        [[ 0.8380],
         [ 0.9819],
         [ 1.0223],
         ...,
         [ 1.2111],
         [ 0.8148],
         [ 1.0187]],

        [[ 1.0094],
         [ 1.2261],
         [ 1.2564],
         ...,
         [ 1.2601],
         [ 0.9350],
         [ 1.3138]],

        [[ 1.0039],
         [ 1.0363],
         [ 1.1647],
         ...,
         [ 0.7991],
         [ 0.9364],
         [ 1.0764]]])

Completed: 2026-01-26T02:34:07.458288
