Experiment: 2026-01-31_22-14-04_exp_gaussian_0_1
Started: 2026-01-31T22:14:04.338861
======================================================================

======================================================================
MFC Configuration (Iterative Backward Regression)
======================================================================
  Physics:    T=1.0, N=50, σ=1.0, dim=1
  Target:     N(1.0, 1.0)
  Initial:    dirac at 0.0
----------------------------------------------------------------------
  Model:      hidden=64, layers=3, time_emb=16
  Training:   50 iterations × 100 epochs, batch=2048, lr=0.001
  Polyak τ:   0.1
  λ (terminal_weight): 2.0
======================================================================

[22:14:04] Initialized solver on device: cpu
[22:14:04] Number of networks: 50
[22:14:04] Polyak averaging τ: 0.1
[22:14:04] Total parameters (trainable): 428,850
[22:14:04] ======================================================================
[22:14:04] Starting Iterative Backward Regression (Polyak Averaging)
[22:14:04] ======================================================================
[22:14:04] Iterations: 50
[22:14:04] Backward epochs per step: 100
[22:14:04] Batch size: 2048
[22:14:04] Polyak τ: 0.1
[22:14:04] λ (terminal_weight): 2.0
[22:14:04] Target: N(1.0, 1.0)
[22:14:04] ======================================================================
[22:14:11] Iter [  1/50] | Loss: 0.003043 | μ=0.025 (Δ=0.975), σ=1.009 (Δ=0.009)
[22:14:32] Iter [  5/50] | Loss: 0.005844 | μ=0.002 (Δ=0.998), σ=1.014 (Δ=0.014)
[22:14:59] Iter [ 10/50] | Loss: 0.002082 | μ=0.043 (Δ=0.957), σ=1.018 (Δ=0.018)
[22:15:25] Iter [ 15/50] | Loss: 0.000653 | μ=0.016 (Δ=0.984), σ=1.013 (Δ=0.013)
[22:15:52] Iter [ 20/50] | Loss: 0.001764 | μ=0.011 (Δ=0.989), σ=0.990 (Δ=0.010)
[22:16:17] Iter [ 25/50] | Loss: 0.005549 | μ=-0.004 (Δ=1.004), σ=0.976 (Δ=0.024)
[22:16:43] Iter [ 30/50] | Loss: 0.000398 | μ=0.002 (Δ=0.998), σ=0.960 (Δ=0.040)
[22:17:08] Iter [ 35/50] | Loss: 0.000305 | μ=0.038 (Δ=0.962), σ=0.988 (Δ=0.012)
[22:17:34] Iter [ 40/50] | Loss: 0.003695 | μ=0.023 (Δ=0.977), σ=0.985 (Δ=0.015)
[22:18:00] Iter [ 45/50] | Loss: 0.002598 | μ=0.042 (Δ=0.958), σ=1.005 (Δ=0.005)
[22:18:25] Iter [ 50/50] | Loss: 0.000834 | μ=0.088 (Δ=0.912), σ=0.974 (Δ=0.026)
[22:18:25] ======================================================================
[22:18:25] Training Complete! Evaluating with target networks...
[22:18:25] Final Mean: 0.0563 (target: 1.0)
[22:18:25] Final Std:  0.9749 (target: 1.0)
[22:18:25] ======================================================================
[22:18:25] Saved all visualization plots
