Experiment: 2026-02-04_23-57-36_exp_Gaussian
Started: 2026-02-04T23:57:36.604956
======================================================================

======================================================================
MFC Configuration (Iterative Backward Regression)
======================================================================
  Physics:    T=1.0, N=50, σ=1.0, dim=1
  Target:     N(1.0, 1.0)
  Initial:    dirac at 0.0
----------------------------------------------------------------------
  Model:      hidden=64, layers=3, time_emb=16
  Training:   300 iterations × 100 epochs, batch=2048, lr=0.001
  Polyak τ:   0.5
  λ (terminal_weight): 2.0
======================================================================

[23:57:36] Initialized solver on device: cpu
[23:57:36] Number of networks: 50
[23:57:36] Polyak averaging τ: 0.5
[23:57:36] Total parameters (trainable): 428,850
[23:57:36] ======================================================================
[23:57:36] Starting Iterative Backward Regression (Polyak Averaging)
[23:57:36] ======================================================================
[23:57:36] Iterations: 300
[23:57:36] Backward epochs per step: 100
[23:57:36] Batch size: 2048
[23:57:36] Polyak τ: 0.5
[23:57:36] λ (terminal_weight): 2.0
[23:57:36] Target: N(1.0, 1.0)
[23:57:36] ======================================================================
[23:57:42] Iter [  1/300] | Loss: 0.000311 | μ=-0.017 (Δ=1.017), σ=1.001 (Δ=0.001)
[23:58:06] Iter [  5/300] | Loss: 0.012802 | μ=0.531 (Δ=0.469), σ=0.851 (Δ=0.149)
[23:58:35] Iter [ 10/300] | Loss: 0.000377 | μ=0.914 (Δ=0.086), σ=0.984 (Δ=0.016)
[23:59:03] Iter [ 15/300] | Loss: 0.000516 | μ=0.401 (Δ=0.599), σ=0.929 (Δ=0.071)
[23:59:33] Iter [ 20/300] | Loss: 0.003793 | μ=0.598 (Δ=0.402), σ=0.914 (Δ=0.086)
[00:00:03] Iter [ 25/300] | Loss: 0.001030 | μ=0.547 (Δ=0.453), σ=0.887 (Δ=0.113)
[00:00:34] Iter [ 30/300] | Loss: 0.003271 | μ=0.733 (Δ=0.267), σ=1.043 (Δ=0.043)
[00:01:04] Iter [ 35/300] | Loss: 0.004232 | μ=0.753 (Δ=0.247), σ=0.925 (Δ=0.075)
[00:01:33] Iter [ 40/300] | Loss: 0.001448 | μ=0.583 (Δ=0.417), σ=0.911 (Δ=0.089)
[00:02:02] Iter [ 45/300] | Loss: 0.000339 | μ=0.576 (Δ=0.424), σ=0.974 (Δ=0.026)
[00:02:33] Iter [ 50/300] | Loss: 0.001781 | μ=0.351 (Δ=0.649), σ=0.991 (Δ=0.009)
[00:03:04] Iter [ 55/300] | Loss: 0.001076 | μ=0.495 (Δ=0.505), σ=0.963 (Δ=0.037)
[00:03:33] Iter [ 60/300] | Loss: 0.000201 | μ=0.692 (Δ=0.308), σ=0.930 (Δ=0.070)
[00:04:05] Iter [ 65/300] | Loss: 0.003557 | μ=0.771 (Δ=0.229), σ=0.990 (Δ=0.010)
[00:04:35] Iter [ 70/300] | Loss: 0.000718 | μ=0.943 (Δ=0.057), σ=1.077 (Δ=0.077)
[00:05:03] Iter [ 75/300] | Loss: 0.000895 | μ=0.498 (Δ=0.502), σ=0.965 (Δ=0.035)
[00:05:31] Iter [ 80/300] | Loss: 0.003206 | μ=1.003 (Δ=0.003), σ=1.037 (Δ=0.037)
[00:05:59] Iter [ 85/300] | Loss: 0.002856 | μ=0.864 (Δ=0.136), σ=1.085 (Δ=0.085)
[00:06:27] Iter [ 90/300] | Loss: 0.001311 | μ=0.653 (Δ=0.347), σ=1.058 (Δ=0.058)
[00:06:55] Iter [ 95/300] | Loss: 0.007310 | μ=0.799 (Δ=0.201), σ=0.886 (Δ=0.114)
[00:07:23] Iter [100/300] | Loss: 0.004230 | μ=1.045 (Δ=0.045), σ=0.928 (Δ=0.072)
[00:07:51] Iter [105/300] | Loss: 0.001196 | μ=0.684 (Δ=0.316), σ=0.928 (Δ=0.072)
[00:08:19] Iter [110/300] | Loss: 0.002482 | μ=0.212 (Δ=0.788), σ=0.922 (Δ=0.078)
[00:08:47] Iter [115/300] | Loss: 0.026538 | μ=0.940 (Δ=0.060), σ=1.093 (Δ=0.093)
[00:09:16] Iter [120/300] | Loss: 0.007175 | μ=0.916 (Δ=0.084), σ=0.967 (Δ=0.033)
[00:09:48] Iter [125/300] | Loss: 0.010150 | μ=0.682 (Δ=0.318), σ=0.930 (Δ=0.070)
[00:10:19] Iter [130/300] | Loss: 0.021661 | μ=1.065 (Δ=0.065), σ=1.242 (Δ=0.242)
[00:10:48] Iter [135/300] | Loss: 0.002436 | μ=1.206 (Δ=0.206), σ=0.979 (Δ=0.021)
[00:11:17] Iter [140/300] | Loss: 0.012855 | μ=0.298 (Δ=0.702), σ=0.877 (Δ=0.123)
[00:11:46] Iter [145/300] | Loss: 0.005606 | μ=1.165 (Δ=0.165), σ=1.094 (Δ=0.094)
[00:12:15] Iter [150/300] | Loss: 0.000541 | μ=0.713 (Δ=0.287), σ=0.901 (Δ=0.099)
[00:12:44] Iter [155/300] | Loss: 0.007086 | μ=0.577 (Δ=0.423), σ=1.040 (Δ=0.040)
[00:13:14] Iter [160/300] | Loss: 0.008549 | μ=0.353 (Δ=0.647), σ=1.018 (Δ=0.018)
[00:13:44] Iter [165/300] | Loss: 0.011921 | μ=0.406 (Δ=0.594), σ=0.972 (Δ=0.028)
[00:14:12] Iter [170/300] | Loss: 0.006171 | μ=0.886 (Δ=0.114), σ=1.105 (Δ=0.105)
[00:14:41] Iter [175/300] | Loss: 0.023298 | μ=0.420 (Δ=0.580), σ=1.106 (Δ=0.106)
[00:15:10] Iter [180/300] | Loss: 0.002050 | μ=-0.111 (Δ=1.111), σ=0.894 (Δ=0.106)
[00:15:39] Iter [185/300] | Loss: 0.011180 | μ=0.692 (Δ=0.308), σ=1.122 (Δ=0.122)
[00:16:08] Iter [190/300] | Loss: 0.009033 | μ=0.897 (Δ=0.103), σ=0.934 (Δ=0.066)
[00:16:37] Iter [195/300] | Loss: 0.006298 | μ=0.732 (Δ=0.268), σ=1.053 (Δ=0.053)
[00:17:08] Iter [200/300] | Loss: 0.005151 | μ=0.660 (Δ=0.340), σ=0.938 (Δ=0.062)
[00:17:39] Iter [205/300] | Loss: 0.000854 | μ=0.123 (Δ=0.877), σ=0.977 (Δ=0.023)
[00:18:10] Iter [210/300] | Loss: 0.001473 | μ=0.720 (Δ=0.280), σ=1.019 (Δ=0.019)
[00:18:40] Iter [215/300] | Loss: 0.002270 | μ=-0.214 (Δ=1.214), σ=0.965 (Δ=0.035)
[00:19:09] Iter [220/300] | Loss: 0.001348 | μ=0.421 (Δ=0.579), σ=0.987 (Δ=0.013)
[00:19:41] Iter [225/300] | Loss: 0.002961 | μ=0.571 (Δ=0.429), σ=0.851 (Δ=0.149)
[00:20:13] Iter [230/300] | Loss: 0.001048 | μ=1.071 (Δ=0.071), σ=0.981 (Δ=0.019)
[00:20:44] Iter [235/300] | Loss: 0.002021 | μ=0.414 (Δ=0.586), σ=1.121 (Δ=0.121)
[00:21:15] Iter [240/300] | Loss: 0.003426 | μ=0.488 (Δ=0.512), σ=1.074 (Δ=0.074)
[00:21:44] Iter [245/300] | Loss: 0.000177 | μ=0.661 (Δ=0.339), σ=0.859 (Δ=0.141)
[00:22:15] Iter [250/300] | Loss: 0.020132 | μ=0.316 (Δ=0.684), σ=0.988 (Δ=0.012)
[00:39:22] Iter [255/300] | Loss: 0.005738 | μ=0.885 (Δ=0.115), σ=0.957 (Δ=0.043)
[00:39:49] Iter [260/300] | Loss: 0.011237 | μ=0.488 (Δ=0.512), σ=1.004 (Δ=0.004)
[00:46:30] Iter [265/300] | Loss: 0.014096 | μ=0.769 (Δ=0.231), σ=1.170 (Δ=0.170)
[00:46:57] Iter [270/300] | Loss: 0.006185 | μ=0.186 (Δ=0.814), σ=0.983 (Δ=0.017)
[00:47:23] Iter [275/300] | Loss: 0.001435 | μ=1.251 (Δ=0.251), σ=0.854 (Δ=0.146)
[00:47:50] Iter [280/300] | Loss: 0.001983 | μ=0.316 (Δ=0.684), σ=0.952 (Δ=0.048)
[00:48:17] Iter [285/300] | Loss: 0.000658 | μ=1.092 (Δ=0.092), σ=1.017 (Δ=0.017)
[00:48:43] Iter [290/300] | Loss: 0.005355 | μ=1.194 (Δ=0.194), σ=0.980 (Δ=0.020)
[00:49:10] Iter [295/300] | Loss: 0.005217 | μ=1.142 (Δ=0.142), σ=0.899 (Δ=0.101)
[00:49:36] Iter [300/300] | Loss: 0.013868 | μ=0.094 (Δ=0.906), σ=0.890 (Δ=0.110)
[00:49:36] ======================================================================
[00:49:36] Training Complete! Evaluating with target networks...
[00:49:36] Final Mean: 1.1951 (target: 1.0)
[00:49:36] Final Std:  0.9071 (target: 1.0)
[00:49:36] ======================================================================
