Experiment: 2026-02-05_23-20-54_mfc_backward_regression
Started: 2026-02-05T23:20:54.719284
======================================================================

======================================================================
MFC Configuration (Iterative Backward Regression)
======================================================================
  Physics:    T=1.0, N=50, σ=1.0, dim=1
  Target:     N(1.0, 1.0)
  Initial:    dirac at 0.0
----------------------------------------------------------------------
  Model:      hidden=64, layers=3, time_emb=16
  Training:   100 iterations × 100 epochs, batch=2048, lr=0.001
  Polyak τ:   0.5
  λ (terminal_weight): 2.0
======================================================================

[23:20:54] Initialized solver on device: cpu
[23:20:54] Number of networks: 50
[23:20:54] Polyak averaging τ: 0.5
[23:20:54] Total parameters (trainable): 428,850
[23:20:54] ======================================================================
[23:20:54] Starting Iterative Backward Regression (Polyak Averaging)
[23:20:54] ======================================================================
[23:20:54] Iterations: 100
[23:20:54] Backward epochs per step: 100
[23:20:54] Batch size: 2048
[23:20:54] Polyak τ: 0.5
[23:20:54] λ (terminal_weight): 2.0
[23:20:54] Target: N(1.0, 1.0)
[23:20:54] ======================================================================
[23:21:01] Iter [  1/100] | Loss: 0.012799 | μ=0.000 (Δ=1.000), σ=0.945 (Δ=0.055) | Y_μ=-2.120, Y_σ=0.518
[23:21:22] Iter [  5/100] | Loss: 0.001251 | μ=0.766 (Δ=0.234), σ=0.951 (Δ=0.049) | Y_μ=-0.805, Y_σ=0.156
[23:21:49] Iter [ 10/100] | Loss: 0.008274 | μ=0.429 (Δ=0.571), σ=0.935 (Δ=0.065) | Y_μ=-1.136, Y_σ=0.398
[23:22:16] Iter [ 15/100] | Loss: 0.034434 | μ=0.186 (Δ=0.814), σ=0.850 (Δ=0.150) | Y_μ=-1.763, Y_σ=0.778
[23:22:43] Iter [ 20/100] | Loss: 0.000767 | μ=0.769 (Δ=0.231), σ=1.027 (Δ=0.027) | Y_μ=-0.528, Y_σ=0.118
[23:23:09] Iter [ 25/100] | Loss: 0.005221 | μ=0.329 (Δ=0.671), σ=0.927 (Δ=0.073) | Y_μ=-1.304, Y_σ=0.313
[23:23:35] Iter [ 30/100] | Loss: 0.006268 | μ=0.943 (Δ=0.057), σ=0.993 (Δ=0.007) | Y_μ=0.244, Y_σ=0.335
[23:24:01] Iter [ 35/100] | Loss: 0.006084 | μ=0.873 (Δ=0.127), σ=1.010 (Δ=0.010) | Y_μ=-0.210, Y_σ=0.355
[23:24:27] Iter [ 40/100] | Loss: 0.000338 | μ=0.394 (Δ=0.606), σ=0.909 (Δ=0.091) | Y_μ=-1.494, Y_σ=0.067
[23:24:54] Iter [ 45/100] | Loss: 0.004058 | μ=0.807 (Δ=0.193), σ=0.997 (Δ=0.003) | Y_μ=-0.269, Y_σ=0.282
[23:25:20] Iter [ 50/100] | Loss: 0.001516 | μ=1.052 (Δ=0.052), σ=1.039 (Δ=0.039) | Y_μ=0.350, Y_σ=0.168
[23:25:49] Iter [ 55/100] | Loss: 0.010808 | μ=0.538 (Δ=0.462), σ=0.898 (Δ=0.102) | Y_μ=-0.773, Y_σ=0.432
[23:26:17] Iter [ 60/100] | Loss: 0.004507 | μ=0.601 (Δ=0.399), σ=0.881 (Δ=0.119) | Y_μ=-0.706, Y_σ=0.274
[23:26:46] Iter [ 65/100] | Loss: 0.002676 | μ=0.826 (Δ=0.174), σ=0.922 (Δ=0.078) | Y_μ=-0.838, Y_σ=0.226
[23:27:15] Iter [ 70/100] | Loss: 0.001345 | μ=0.774 (Δ=0.226), σ=1.116 (Δ=0.116) | Y_μ=-0.548, Y_σ=0.168
[23:27:45] Iter [ 75/100] | Loss: 0.000976 | μ=0.119 (Δ=0.881), σ=0.854 (Δ=0.146) | Y_μ=-1.661, Y_σ=0.089
[23:28:13] Iter [ 80/100] | Loss: 0.023151 | μ=0.405 (Δ=0.595), σ=0.823 (Δ=0.177) | Y_μ=-1.447, Y_σ=0.629
[23:28:41] Iter [ 85/100] | Loss: 0.003521 | μ=0.640 (Δ=0.360), σ=0.882 (Δ=0.118) | Y_μ=-0.857, Y_σ=0.228
[23:29:09] Iter [ 90/100] | Loss: 0.003127 | μ=0.385 (Δ=0.615), σ=0.942 (Δ=0.058) | Y_μ=-1.195, Y_σ=0.232
[23:29:36] Iter [ 95/100] | Loss: 0.004840 | μ=0.496 (Δ=0.504), σ=0.996 (Δ=0.004) | Y_μ=-0.555, Y_σ=0.301
[23:30:03] Iter [100/100] | Loss: 0.001548 | μ=0.653 (Δ=0.347), σ=0.896 (Δ=0.104) | Y_μ=-0.881, Y_σ=0.169
[23:30:03] ======================================================================
[23:30:03] Training Complete! Evaluating with target networks...
[23:30:03] Final Mean: 0.8046 (target: 1.0)
[23:30:03] Final Std:  1.0309 (target: 1.0)
[23:30:03] ======================================================================
[23:30:03] Saved plot: trajectories.png
[23:30:03] Saved plot: terminal_distribution.png
[23:30:03] Saved plot: statistics_evolution.png
[23:30:03] Saved all visualization plots

======================================================================
FINAL RESULTS
======================================================================
  history: {'iteration_losses': [np.float64(0.012799499798566103), np.float64(0.0018619081424549222), np.float64(0.004136596122552873), np.float64(0.003903269125148654), np.float64(0.0012511192122474312), np.float64(0.021542691588401795), np.float64(0.0180657952837646), np.float64(0.0008454869571141899), np.float64(0.0001844834291841835), np.float64(0.008274437561631202), np.float64(0.019758219234645366), np.float64(0.00948275025933981), np.float64(0.004801061293110251), np.float64(0.013541806749999523), np.float64(0.03443357311189175), np.float64(0.0015367327350440973), np.float64(0.0027371859038248657), np.float64(0.0006589374889153987), np.float64(0.0041494829906150695), np.float64(0.0007665228529367596), np.float64(0.005510646337643266), np.float64(0.0029496330954134464), np.float64(0.00044406427350622834), np.float64(0.0012399776151869445), np.float64(0.005221446598879993), np.float64(0.0007892977201845497), np.float64(0.0022070662723854186), np.float64(0.017524089608341457), np.float64(0.0033807425992563368), np.float64(0.006267910590395331), np.float64(0.0019181396230123938), np.float64(0.0001176588881625662), np.float64(0.004823571685701609), np.float64(0.003859857169773022), np.float64(0.006083685252815485), np.float64(0.0020147933671250937), np.float64(0.014836142864078283), np.float64(0.0015002317586913705), np.float64(0.007251385143026709), np.float64(0.000338490315771196), np.float64(0.008202785039320587), np.float64(0.0031587209086865187), np.float64(0.0034958991827443242), np.float64(0.00012204868675325997), np.float64(0.004058480495586991), np.float64(0.01127695819362998), np.float64(0.0012324372044531628), np.float64(0.007040602164342999), np.float64(0.0013663001191889634), np.float64(0.0015162994328420608), np.float64(0.0005309789304737933), np.float64(0.0071719501446932555), np.float64(0.0019367432640865446), np.float64(0.006279768347740173), np.float64(0.010808274606242776), np.float64(0.0006929818034404889), np.float64(0.0009541680436814204), np.float64(0.002221244269167073), np.float64(0.009909791182726621), np.float64(0.004506772223394364), np.float64(0.0011352714846725575), np.float64(0.000803554099984467), np.float64(0.0011183877009898423), np.float64(0.0008310873876325786), np.float64(0.0026761104306206106), np.float64(0.002623760998249054), np.float64(0.0019488413562066852), np.float64(0.011591506507247686), np.float64(0.000391031571853091), np.float64(0.0013450831407681107), np.float64(0.011650397013872861), np.float64(0.06028481848537922), np.float64(0.039621038027107716), np.float64(0.0014135702775092795), np.float64(0.000975983510579681), np.float64(0.0004211608777404763), np.float64(0.005497344315517694), np.float64(0.010230234796181322), np.float64(0.0026370482199126856), np.float64(0.02315081177279353), np.float64(0.004856412704102695), np.float64(0.0034186859724650276), np.float64(0.0047302324278280135), np.float64(0.018851488567888736), np.float64(0.003520607214886695), np.float64(0.030036180056631567), np.float64(0.051404224317520855), np.float64(0.01685778728686273), np.float64(0.00031808511696908683), np.float64(0.003127121387515217), np.float64(0.0033281586319208146), np.float64(0.010107389176264405), np.float64(0.0008503406509498745), np.float64(0.0003487956133994885), np.float64(0.004839967680163681), np.float64(0.005093740858137607), np.float64(0.003086976914200932), np.float64(0.00047205924114678054), np.float64(0.0006674007861874997), np.float64(0.0015484936209395528)], 'terminal_means': [np.float32(0.00022334093), np.float32(1.1168547), np.float32(0.36267734), np.float32(0.46283382), np.float32(0.7661364), np.float32(0.7975468), np.float32(0.33282614), np.float32(0.9387273), np.float32(0.7368373), np.float32(0.42895305), np.float32(0.78971803), np.float32(0.38982898), np.float32(1.0823209), np.float32(1.0775313), np.float32(0.18569353), np.float32(1.0502536), np.float32(0.6821929), np.float32(0.75822496), np.float32(0.360374), np.float32(0.7685786), np.float32(0.68664825), np.float32(0.8041374), np.float32(0.10854328), np.float32(0.7965177), np.float32(0.32876503), np.float32(0.7237264), np.float32(0.6318431), np.float32(0.8118267), np.float32(0.4246711), np.float32(0.942629), np.float32(0.35685256), np.float32(0.8445466), np.float32(0.48269773), np.float32(0.77372676), np.float32(0.87318885), np.float32(0.50344616), np.float32(0.9844713), np.float32(0.28225484), np.float32(0.72584045), np.float32(0.39395803), np.float32(0.8117192), np.float32(0.6678877), np.float32(0.6998218), np.float32(0.69679534), np.float32(0.80739176), np.float32(0.40094927), np.float32(1.126229), np.float32(0.6197238), np.float32(0.25959495), np.float32(1.0522947), np.float32(0.2585233), np.float32(0.78735876), np.float32(0.5821012), np.float32(0.7925851), np.float32(0.5383344), np.float32(0.6951978), np.float32(0.5992757), np.float32(0.7968544), np.float32(0.8245337), np.float32(0.60085905), np.float32(0.7754712), np.float32(0.19321525), np.float32(0.9824656), np.float32(0.3892242), np.float32(0.82588553), np.float32(0.8188157), np.float32(0.6984352), np.float32(0.7920882), np.float32(0.3890554), np.float32(0.774352), np.float32(0.65849924), np.float32(0.79366773), np.float32(0.21665956), np.float32(1.037384), np.float32(0.11888544), np.float32(0.71358776), np.float32(0.70413196), np.float32(0.30362374), np.float32(0.93057597), np.float32(0.40465984), np.float32(0.8972744), np.float32(0.39316714), np.float32(0.8003684), np.float32(0.6908834), np.float32(0.6399925), np.float32(0.64220273), np.float32(0.8575787), np.float32(0.3184321), np.float32(0.9351111), np.float32(0.38489348), np.float32(0.7518698), np.float32(1.0206163), np.float32(-0.05015422), np.float32(1.3364241), np.float32(0.49550623), np.float32(0.4798996), np.float32(0.7538128), np.float32(0.59250027), np.float32(0.58182687), np.float32(0.6534257)], 'terminal_vars': [np.float32(0.89287734), np.float32(1.3793473), np.float32(1.3427403), np.float32(1.0721318), np.float32(0.9035421), np.float32(0.8515394), np.float32(1.7572833), np.float32(0.91145813), np.float32(0.8076933), np.float32(0.874132), np.float32(1.2950846), np.float32(0.7773509), np.float32(1.10445), np.float32(1.3425782), np.float32(0.7225221), np.float32(1.1847155), np.float32(1.226629), np.float32(0.89084935), np.float32(0.8885509), np.float32(1.0556424), np.float32(0.9915169), np.float32(1.2347523), np.float32(1.009292), np.float32(0.86121505), np.float32(0.8596091), np.float32(1.0570881), np.float32(0.9794065), np.float32(1.0965371), np.float32(0.8347986), np.float32(0.985878), np.float32(1.3547359), np.float32(0.9804628), np.float32(0.90667844), np.float32(0.8566851), np.float32(1.0206757), np.float32(1.4044043), np.float32(1.2254914), np.float32(0.7362133), np.float32(0.95100343), np.float32(0.82585084), np.float32(0.7127507), np.float32(1.1741666), np.float32(0.91788197), np.float32(1.1403015), np.float32(0.9942551), np.float32(1.2500098), np.float32(0.9208288), np.float32(0.7338865), np.float32(1.1720288), np.float32(1.0794442), np.float32(1.0719825), np.float32(1.0468881), np.float32(0.85246384), np.float32(1.0254138), np.float32(0.8060515), np.float32(1.2165971), np.float32(1.0450261), np.float32(0.9935182), np.float32(1.0949104), np.float32(0.7767189), np.float32(1.0770116), np.float32(0.96853995), np.float32(0.92818844), np.float32(0.9285319), np.float32(0.8506282), np.float32(0.83707637), np.float32(0.876624), np.float32(0.7435193), np.float32(1.0906794), np.float32(1.245414), np.float32(0.97660965), np.float32(0.69141805), np.float32(1.2521725), np.float32(0.87214386), np.float32(0.72949207), np.float32(1.1045852), np.float32(1.0737036), np.float32(1.372545), np.float32(0.8260635), np.float32(0.6773789), np.float32(1.2127101), np.float32(0.8772292), np.float32(0.7869406), np.float32(1.1455898), np.float32(0.77854717), np.float32(1.1620357), np.float32(0.6253085), np.float32(1.3763492), np.float32(0.80583894), np.float32(0.88670045), np.float32(0.81430936), np.float32(1.1277695), np.float32(0.8818134), np.float32(0.8106291), np.float32(0.9917497), np.float32(0.8381424), np.float32(0.74170804), np.float32(0.6888495), np.float32(0.8503897), np.float32(0.80289155)], 'y_means': [np.float64(-2.1198043489456175), np.float64(-0.08769944250583649), np.float64(-0.477653015255928), np.float64(-1.1380726432800292), np.float64(-0.8049714851379395), np.float64(-0.17895151287317276), np.float64(-1.4991097450256348), np.float64(-0.4755655074119568), np.float64(-0.1279981654882431), np.float64(-1.1360005664825439), np.float64(-0.13197421476244928), np.float64(-1.7045519065856933), np.float64(-0.9773887658119201), np.float64(0.3748892670869827), np.float64(-1.7630719971656799), np.float64(-0.39431266009807586), np.float64(-0.7635882985591889), np.float64(-0.05851987548172474), np.float64(-1.4055007266998292), np.float64(-0.5275591909885406), np.float64(-0.8249335491657257), np.float64(0.2402210181951523), np.float64(-1.8980571794509888), np.float64(0.07341373473405838), np.float64(-1.3043163585662843), np.float64(-0.5593043875694275), np.float64(-0.8641343927383422), np.float64(-0.2756756567955017), np.float64(-1.2119967031478882), np.float64(0.2442355442047119), np.float64(-1.2288153314590453), np.float64(-0.2028021177649498), np.float64(-1.1861113786697388), np.float64(-0.9132336986064911), np.float64(-0.20974337607622145), np.float64(-1.465614447593689), np.float64(0.20066199094057083), np.float64(-1.122842299938202), np.float64(-0.1841561007499695), np.float64(-1.494483346939087), np.float64(-0.3899208480119705), np.float64(-0.72738032579422), np.float64(-0.7221122753620147), np.float64(-0.9230978167057038), np.float64(-0.2689583218097687), np.float64(-1.352423105239868), np.float64(-0.021238985378295182), np.float64(-0.3780875188112259), np.float64(-1.6990611934661866), np.float64(0.35047104716300964), np.float64(-1.4687087082862853), np.float64(-0.12332100927829742), np.float64(-0.8675166976451874), np.float64(-0.6252324628829956), np.float64(-0.7732548797130585), np.float64(-0.25312038004398346), np.float64(-1.0021748876571654), np.float64(-0.7684461236000061), np.float64(-0.11363900527358055), np.float64(-0.7063875162601471), np.float64(0.0507270585745573), np.float64(-1.6924803829193116), np.float64(0.2069995105266571), np.float64(-1.5623696994781495), np.float64(-0.8382508528232574), np.float64(-0.6066892921924592), np.float64(-0.704110631942749), np.float64(-0.2780936896800995), np.float64(-1.2490702605247497), np.float64(-0.5483839499950409), np.float64(-0.6076793348789216), np.float64(-0.08439083822071552), np.float64(-1.5809834456443788), np.float64(0.7181028389930725), np.float64(-1.6610794425010682), np.float64(-0.6153873467445373), np.float64(-0.09165965244174004), np.float64(-1.2715934586524964), np.float64(0.07625532537698745), np.float64(-1.4474461698532104), np.float64(-0.19302394449710847), np.float64(-1.2715231108665466), np.float64(-0.35339362382888795), np.float64(-0.8471097195148468), np.float64(-0.8565688645839691), np.float64(-0.6503712654113769), np.float64(-0.17296453595161437), np.float64(-0.919797090291977), np.float64(-0.21665123760700225), np.float64(-1.1950387644767761), np.float64(-0.8926282346248626), np.float64(0.4828068804740906), np.float64(-2.6093620014190675), np.float64(0.3995226162672043), np.float64(-0.5553751993179321), np.float64(-1.149281415939331), np.float64(-0.46462576389312743), np.float64(-0.5559696066379547), np.float64(-0.7018607640266419), np.float64(-0.8811937487125396)], 'y_stds': [np.float64(0.5177245876193046), np.float64(0.15946610651910306), np.float64(0.20349814634857494), np.float64(0.20525452345609665), np.float64(0.15577795349207066), np.float64(0.6104725399614837), np.float64(0.6746762636303901), np.float64(0.12251539945675205), np.float64(0.0551773901656998), np.float64(0.39776802271662776), np.float64(0.6749425643684662), np.float64(0.4147773546003748), np.float64(0.30953245908021926), np.float64(0.5572065128387477), np.float64(0.7776308518648147), np.float64(0.07327093121057274), np.float64(0.24322746582329274), np.float64(0.054702523872365454), np.float64(0.28386839002370834), np.float64(0.11765769328922034), np.float64(0.3104787081482938), np.float64(0.24949151247783463), np.float64(0.01509009317786024), np.float64(0.14857824277134568), np.float64(0.3126411412673775), np.float64(0.10410397991538048), np.float64(0.20466385789302904), np.float64(0.6199770303070545), np.float64(0.24063294976949692), np.float64(0.3352443310619128), np.float64(0.18443018101330438), np.float64(0.008247239488046105), np.float64(0.22748318418860436), np.float64(0.130854010006297), np.float64(0.3551713356376422), np.float64(0.17102036878466606), np.float64(0.5625222870707511), np.float64(0.15869524151086808), np.float64(0.3777574971318245), np.float64(0.0673404579242927), np.float64(0.38360274896040214), np.float64(0.25413693778245955), np.float64(0.26843011558084995), np.float64(0.04867689348873739), np.float64(0.28160080432906404), np.float64(0.5000847168266773), np.float64(0.10234067354354921), np.float64(0.3626632262767817), np.float64(0.05008891295874605), np.float64(0.16847474105670707), np.float64(0.06677032977400842), np.float64(0.3878494073450565), np.float64(0.1873438210051978), np.float64(0.35805258214473723), np.float64(0.43188724100589754), np.float64(0.10310602836354534), np.float64(0.08642337270081044), np.float64(0.15392505947529586), np.float64(0.46590593159209676), np.float64(0.2743281305581331), np.float64(0.15320877619094975), np.float64(0.11284504991082969), np.float64(0.12412736870370289), np.float64(0.12052334644075074), np.float64(0.22630772329925122), np.float64(0.1577462075278163), np.float64(0.19422351963818074), np.float64(0.4615849643948606), np.float64(0.043485179878771305), np.float64(0.1682518623772195), np.float64(0.4898857663577658), np.float64(0.9849735601247448), np.float64(0.8747000005847079), np.float64(0.13284449670492918), np.float64(0.08912345416902127), np.float64(0.07988998675806243), np.float64(0.27686918847266495), np.float64(0.47017174437642095), np.float64(0.16644588097933594), np.float64(0.6288683892786503), np.float64(0.3192138946056366), np.float64(0.14085624191968266), np.float64(0.23130675025313407), np.float64(0.6512182979294451), np.float64(0.2278701393312079), np.float64(0.7978160431981087), np.float64(0.8110507570207847), np.float64(0.6465533997127207), np.float64(0.06274191976917805), np.float64(0.23239447861909868), np.float64(0.24951170832006056), np.float64(0.46910998091159883), np.float64(0.08417189702508096), np.float64(0.013321359315450608), np.float64(0.3013644118607044), np.float64(0.31469431564270084), np.float64(0.22855741173072616), np.float64(0.09093522779701772), np.float64(0.11425042308896095), np.float64(0.1686195238694205)]}
  final_mean: 0.8045757412910461
  final_var: 1.0627150535583496
  final_trajectories: tensor([[[ 0.0000e+00],
         [ 0.0000e+00],
         [ 0.0000e+00],
         ...,
         [ 0.0000e+00],
         [ 0.0000e+00],
         [ 0.0000e+00]],

        [[-9.7944e-02],
         [ 1.3537e-01],
         [-1.9782e-03],
         ...,
         [ 3.0752e-01],
         [ 9.9326e-02],
         [-6.4053e-02]],

        [[ 6.6309e-02],
         [-3.9227e-02],
         [-1.0508e-01],
         ...,
         [ 3.4762e-02],
         [ 1.8531e-01],
         [-1.6126e-02]],

        ...,

        [[ 1.9504e+00],
         [ 1.3206e+00],
         [ 7.1506e-01],
         ...,
         [ 2.3360e+00],
         [ 2.4090e+00],
         [ 1.5822e+00]],

        [[ 1.8676e+00],
         [ 1.3229e+00],
         [ 6.9731e-01],
         ...,
         [ 2.3106e+00],
         [ 2.3867e+00],
         [ 1.6873e+00]],

        [[ 2.0949e+00],
         [ 1.3916e+00],
         [ 5.6162e-01],
         ...,
         [ 2.6062e+00],
         [ 2.4191e+00],
         [ 1.5766e+00]]])

Completed: 2026-02-05T23:30:12.825760
