Experiment: 2026-01-26_03-29-22_sweep_lambda_2.0
Started: 2026-01-26T03:29:22.155781
======================================================================

======================================================================
MFC Configuration (Iterative Backward Regression)
======================================================================
  Physics:    T=1.0, N=50, σ=1.0, dim=1
  Target:     N(1.0, 1.0)
  Initial:    dirac at 0.0
----------------------------------------------------------------------
  Model:      hidden=64, layers=3, time_emb=16
  Training:   5 iterations × 100 epochs, batch=2048, lr=0.001
  λ (terminal_weight): 2.0
======================================================================

[03:29:22] Initialized solver on device: cpu
[03:29:22] Number of networks: 50
[03:29:22] Polyak averaging τ: 0.5
[03:29:22] Total parameters (trainable): 428,850
[03:29:22] ======================================================================
[03:29:22] Starting Iterative Backward Regression (Polyak Averaging)
[03:29:22] ======================================================================
[03:29:22] Iterations: 5
[03:29:22] Backward epochs per step: 100
[03:29:22] Batch size: 2048
[03:29:22] Polyak τ: 0.5
[03:29:22] λ (terminal_weight): 2.0
[03:29:22] Target: N(1.0, 1.0)
[03:29:22] ======================================================================
[03:29:27] Iter [  1/5] | Loss: 0.120851 | μ=0.000 (Δ=1.000), σ=0.945 (Δ=0.055)
[03:29:48] Iter [  5/5] | Loss: 0.085069 | μ=0.671 (Δ=0.329), σ=0.454 (Δ=0.546)
[03:29:48] ======================================================================
[03:29:48] Training Complete! Evaluating with target networks...
[03:29:48] Final Mean: 0.6778 (target: 1.0)
[03:29:48] Final Std:  0.4322 (target: 1.0)
[03:29:48] ======================================================================
[03:29:48] Saved plot: trajectories.png
[03:29:49] Saved plot: terminal_distribution.png
[03:29:49] Saved plot: statistics_evolution.png
[03:29:49] Saved all visualization plots

======================================================================
FINAL RESULTS
======================================================================
  history: {'iteration_losses': [np.float64(0.12085112079977989), np.float64(0.09212857659906148), np.float64(0.08542673990130424), np.float64(0.08464410437270999), np.float64(0.08506891891360283)], 'terminal_means': [np.float32(0.00022334093), np.float32(0.52400005), np.float32(0.62249374), np.float32(0.6541275), np.float32(0.671279)], 'terminal_vars': [np.float32(0.89287734), np.float32(0.36845654), np.float32(0.2535783), np.float32(0.20741126), np.float32(0.20654258)]}
  final_mean: 0.6777762770652771
  final_var: 0.18682923913002014
  final_trajectories: tensor([[[ 0.0000],
         [ 0.0000],
         [ 0.0000],
         ...,
         [ 0.0000],
         [ 0.0000],
         [ 0.0000]],

        [[ 0.1469],
         [-0.0671],
         [ 0.0573],
         ...,
         [-0.1555],
         [ 0.1153],
         [-0.1541]],

        [[ 0.0921],
         [-0.1625],
         [-0.0224],
         ...,
         [-0.0449],
         [ 0.2310],
         [-0.0195]],

        ...,

        [[ 0.2438],
         [ 0.7748],
         [ 1.0475],
         ...,
         [ 0.3247],
         [ 1.0428],
         [ 0.4618]],

        [[ 0.2562],
         [ 0.9902],
         [ 1.0465],
         ...,
         [ 0.3698],
         [ 0.9580],
         [ 0.7030]],

        [[ 0.2212],
         [ 0.9335],
         [ 1.3022],
         ...,
         [ 0.3696],
         [ 1.0928],
         [ 0.5293]]])

Completed: 2026-01-26T03:29:49.181607
