Experiment: 2026-01-26_03-32-28_sweep_lambda_9.0
Started: 2026-01-26T03:32:28.530941
======================================================================

======================================================================
MFC Configuration (Iterative Backward Regression)
======================================================================
  Physics:    T=1.0, N=50, σ=1.0, dim=1
  Target:     N(1.0, 1.0)
  Initial:    dirac at 0.0
----------------------------------------------------------------------
  Model:      hidden=64, layers=3, time_emb=16
  Training:   5 iterations × 100 epochs, batch=2048, lr=0.001
  λ (terminal_weight): 9.0
======================================================================

[03:32:28] Initialized solver on device: cpu
[03:32:28] Number of networks: 50
[03:32:28] Polyak averaging τ: 0.5
[03:32:28] Total parameters (trainable): 428,850
[03:32:28] ======================================================================
[03:32:28] Starting Iterative Backward Regression (Polyak Averaging)
[03:32:28] ======================================================================
[03:32:28] Iterations: 5
[03:32:28] Backward epochs per step: 100
[03:32:28] Batch size: 2048
[03:32:28] Polyak τ: 0.5
[03:32:28] λ (terminal_weight): 9.0
[03:32:28] Target: N(1.0, 1.0)
[03:32:28] ======================================================================
[03:32:33] Iter [  1/5] | Loss: 2.086034 | μ=0.000 (Δ=1.000), σ=0.945 (Δ=0.055)
[03:32:53] Iter [  5/5] | Loss: 1.371924 | μ=0.916 (Δ=0.084), σ=0.187 (Δ=0.813)
[03:32:53] ======================================================================
[03:32:53] Training Complete! Evaluating with target networks...
[03:32:53] Final Mean: 0.9525 (target: 1.0)
[03:32:53] Final Std:  0.1820 (target: 1.0)
[03:32:53] ======================================================================
[03:32:53] Saved plot: trajectories.png
[03:32:53] Saved plot: terminal_distribution.png
[03:32:53] Saved plot: statistics_evolution.png
[03:32:53] Saved all visualization plots

======================================================================
FINAL RESULTS
======================================================================
  history: {'iteration_losses': [np.float64(2.0860341465473176), np.float64(1.5751931810379027), np.float64(1.4837327116029337), np.float64(1.3912003817781806), np.float64(1.3719235152006148)], 'terminal_means': [np.float32(0.00022334093), np.float32(0.7154542), np.float32(0.8031136), np.float32(0.86446786), np.float32(0.9164851)], 'terminal_vars': [np.float32(0.89287734), np.float32(0.11528231), np.float32(0.046947904), np.float32(0.03467357), np.float32(0.03515614)]}
  final_mean: 0.9525123238563538
  final_var: 0.03313397616147995
  final_trajectories: tensor([[[ 0.0000],
         [ 0.0000],
         [ 0.0000],
         ...,
         [ 0.0000],
         [ 0.0000],
         [ 0.0000]],

        [[ 0.1500],
         [-0.0640],
         [ 0.0604],
         ...,
         [-0.1524],
         [ 0.1184],
         [-0.1510]],

        [[ 0.0977],
         [-0.1560],
         [-0.0165],
         ...,
         [-0.0380],
         [ 0.2367],
         [-0.0126]],

        ...,

        [[ 0.6872],
         [ 0.9233],
         [ 1.1182],
         ...,
         [ 0.6447],
         [ 1.1895],
         [ 0.8561]],

        [[ 0.7500],
         [ 1.1514],
         [ 1.0859],
         ...,
         [ 0.7606],
         [ 1.0488],
         [ 1.1086]],

        [[ 0.7599],
         [ 1.0085],
         [ 1.2898],
         ...,
         [ 0.8091],
         [ 1.1418],
         [ 0.8456]]])

Completed: 2026-01-26T03:32:53.876462
