Experiment: 2026-01-31_22-29-51_mfc_backward_regression
Started: 2026-01-31T22:29:51.051894
======================================================================

======================================================================
MFC Configuration (Iterative Backward Regression)
======================================================================
  Physics:    T=1.0, N=50, σ=1.0, dim=1
  Target:     N(1.0, 1.0)
  Initial:    dirac at 0.0
----------------------------------------------------------------------
  Model:      hidden=64, layers=3, time_emb=16
  Training:   100 iterations × 100 epochs, batch=2048, lr=0.001
  Polyak τ:   0.1
  λ (terminal_weight): 2.0
======================================================================

[22:29:51] Initialized solver on device: cpu
[22:29:51] Number of networks: 50
[22:29:51] Polyak averaging τ: 0.1
[22:29:51] Total parameters (trainable): 428,850
[22:29:51] ======================================================================
[22:29:51] Starting Iterative Backward Regression (Polyak Averaging)
[22:29:51] ======================================================================
[22:29:51] Iterations: 100
[22:29:51] Backward epochs per step: 100
[22:29:51] Batch size: 2048
[22:29:51] Polyak τ: 0.1
[22:29:51] λ (terminal_weight): 2.0
[22:29:51] Target: N(1.0, 1.0)
[22:29:51] ======================================================================
[22:29:57] Iter [  1/100] | Loss: 0.000519 | μ=-0.023 (Δ=1.023), σ=0.969 (Δ=0.031)
[22:40:48] Iter [ 20/100] | Loss: 0.007305 | μ=-0.023 (Δ=1.023), σ=0.953 (Δ=0.047)
[22:42:33] Iter [ 40/100] | Loss: 0.000985 | μ=0.004 (Δ=0.996), σ=0.970 (Δ=0.030)
[22:44:18] Iter [ 60/100] | Loss: 0.001152 | μ=-0.012 (Δ=1.012), σ=1.008 (Δ=0.008)
[22:46:03] Iter [ 80/100] | Loss: 0.001030 | μ=0.032 (Δ=0.968), σ=0.984 (Δ=0.016)
[22:47:55] Iter [100/100] | Loss: 0.000462 | μ=-0.040 (Δ=1.040), σ=0.972 (Δ=0.028)
[22:47:55] ======================================================================
[22:47:55] Training Complete! Evaluating with target networks...
[22:47:55] Final Mean: -0.0563 (target: 1.0)
[22:47:55] Final Std:  0.9703 (target: 1.0)
[22:47:55] ======================================================================
