Experiment: 2026-01-26_01-48-07_mfc_backward_regression
Started: 2026-01-26T01:48:07.737146
======================================================================

======================================================================
MFC Configuration (Iterative Backward Regression)
======================================================================
  Physics:    T=1.0, N=50, σ=1.0, dim=1
  Target:     N(1.0, 1.0)
  Initial:    dirac at 0.0
----------------------------------------------------------------------
  Model:      hidden=64, layers=3, time_emb=16
  Training:   20 iterations × 100 epochs, batch=2048, lr=0.001
  λ (terminal_weight): 1.0
======================================================================

[01:48:07] Initialized solver on device: cpu
[01:48:07] Number of networks: 50
[01:48:07] Polyak averaging τ: 0.5
[01:48:07] Total parameters (trainable): 428,850
[01:48:07] ======================================================================
[01:48:07] Starting Iterative Backward Regression (Polyak Averaging)
[01:48:07] ======================================================================
[01:48:07] Iterations: 20
[01:48:07] Backward epochs per step: 100
[01:48:07] Batch size: 2048
[01:48:07] Polyak τ: 0.5
[01:48:07] λ (terminal_weight): 1.0
[01:48:07] Target: N(1.0, 1.0)
[01:48:07] ======================================================================
[01:48:14] Iter [  1/20] | Loss: 0.073426 | μ=0.000 (Δ=1.000), σ=0.945 (Δ=0.055)
[01:48:34] Iter [  5/20] | Loss: 0.101705 | μ=0.473 (Δ=0.527), σ=0.450 (Δ=0.550)
[01:48:59] Iter [ 10/20] | Loss: 0.111696 | μ=0.497 (Δ=0.503), σ=0.388 (Δ=0.612)
[01:49:24] Iter [ 15/20] | Loss: 0.108009 | μ=0.502 (Δ=0.498), σ=0.389 (Δ=0.611)
[01:49:50] Iter [ 20/20] | Loss: 0.109784 | μ=0.501 (Δ=0.499), σ=0.394 (Δ=0.606)
[01:49:50] ======================================================================
[01:49:50] Training Complete! Evaluating with target networks...
[01:49:50] Final Mean: 0.4934 (target: 1.0)
[01:49:50] Final Std:  0.3901 (target: 1.0)
[01:49:50] ======================================================================
[01:49:51] Saved plot: trajectories.png
[01:49:51] Saved plot: terminal_distribution.png
[01:49:51] Saved plot: statistics_evolution.png
[01:49:51] Saved all visualization plots

======================================================================
FINAL RESULTS
======================================================================
  history: {'iteration_losses': [np.float64(0.07342597603797912), np.float64(0.08217477712780237), np.float64(0.08902894282713532), np.float64(0.09848029911518097), np.float64(0.10170476164668799), np.float64(0.10187225533649326), np.float64(0.10530092660337687), np.float64(0.10615067441016436), np.float64(0.1094787667132914), np.float64(0.1116960996761918), np.float64(0.10770776007324458), np.float64(0.10823383523151278), np.float64(0.10877148009836674), np.float64(0.11007955133914947), np.float64(0.10800915660336613), np.float64(0.1080741897597909), np.float64(0.10664686243981122), np.float64(0.1088898322172463), np.float64(0.10985099688172341), np.float64(0.10978395046666264)], 'terminal_means': [np.float32(0.00022334093), np.float32(0.3213027), np.float32(0.40502563), np.float32(0.44471353), np.float32(0.47340995), np.float32(0.49300057), np.float32(0.5074732), np.float32(0.48744255), np.float32(0.5071806), np.float32(0.49721843), np.float32(0.50140375), np.float32(0.51296395), np.float32(0.48004997), np.float32(0.49027938), np.float32(0.50178504), np.float32(0.5214281), np.float32(0.5083579), np.float32(0.5008137), np.float32(0.5086079), np.float32(0.50069183)], 'terminal_vars': [np.float32(0.89287734), np.float32(0.42286354), np.float32(0.28202832), np.float32(0.21684045), np.float32(0.20205396), np.float32(0.18101394), np.float32(0.16710836), np.float32(0.16320556), np.float32(0.1542323), np.float32(0.1508567), np.float32(0.15938908), np.float32(0.1604327), np.float32(0.16489294), np.float32(0.1488839), np.float32(0.15110865), np.float32(0.15828837), np.float32(0.1598715), np.float32(0.14913085), np.float32(0.15068033), np.float32(0.1551502)]}
  final_mean: 0.49341845512390137
  final_var: 0.1521565467119217
  final_trajectories: tensor([[[ 0.0000],
         [ 0.0000],
         [ 0.0000],
         ...,
         [ 0.0000],
         [ 0.0000],
         [ 0.0000]],

        [[-0.2273],
         [-0.1995],
         [-0.1481],
         ...,
         [-0.2243],
         [ 0.1114],
         [-0.1966]],

        [[-0.3281],
         [-0.1959],
         [-0.0524],
         ...,
         [-0.2755],
         [-0.1369],
         [-0.3105]],

        ...,

        [[ 0.1469],
         [ 0.7844],
         [ 0.9666],
         ...,
         [ 0.5083],
         [-0.1408],
         [ 0.5932]],

        [[ 0.2294],
         [ 0.9179],
         [ 1.0852],
         ...,
         [ 0.5727],
         [-0.0879],
         [ 0.8085]],

        [[ 0.1582],
         [ 0.8875],
         [ 1.2154],
         ...,
         [ 0.3981],
         [-0.0753],
         [ 0.9018]]])

Completed: 2026-01-26T01:49:59.744171
