Experiment: 2026-01-26_03-31-09_sweep_lambda_6.0
Started: 2026-01-26T03:31:09.863736
======================================================================

======================================================================
MFC Configuration (Iterative Backward Regression)
======================================================================
  Physics:    T=1.0, N=50, σ=1.0, dim=1
  Target:     N(1.0, 1.0)
  Initial:    dirac at 0.0
----------------------------------------------------------------------
  Model:      hidden=64, layers=3, time_emb=16
  Training:   5 iterations × 100 epochs, batch=2048, lr=0.001
  λ (terminal_weight): 6.0
======================================================================

[03:31:09] Initialized solver on device: cpu
[03:31:09] Number of networks: 50
[03:31:09] Polyak averaging τ: 0.5
[03:31:09] Total parameters (trainable): 428,850
[03:31:09] ======================================================================
[03:31:09] Starting Iterative Backward Regression (Polyak Averaging)
[03:31:09] ======================================================================
[03:31:09] Iterations: 5
[03:31:09] Backward epochs per step: 100
[03:31:09] Batch size: 2048
[03:31:09] Polyak τ: 0.5
[03:31:09] λ (terminal_weight): 6.0
[03:31:09] Target: N(1.0, 1.0)
[03:31:09] ======================================================================
[03:31:15] Iter [  1/5] | Loss: 0.911991 | μ=0.000 (Δ=1.000), σ=0.945 (Δ=0.055)
[03:31:36] Iter [  5/5] | Loss: 0.680198 | μ=0.882 (Δ=0.118), σ=0.228 (Δ=0.772)
[03:31:36] ======================================================================
[03:31:36] Training Complete! Evaluating with target networks...
[03:31:36] Final Mean: 0.8828 (target: 1.0)
[03:31:36] Final Std:  0.2157 (target: 1.0)
[03:31:36] ======================================================================
[03:31:36] Saved plot: trajectories.png
[03:31:36] Saved plot: terminal_distribution.png
[03:31:37] Saved plot: statistics_evolution.png
[03:31:37] Saved all visualization plots

======================================================================
FINAL RESULTS
======================================================================
  history: {'iteration_losses': [np.float64(0.9119910049438477), np.float64(0.7368535609915853), np.float64(0.7016241074912251), np.float64(0.7011999858729542), np.float64(0.6801984861120581)], 'terminal_means': [np.float32(0.00022334093), np.float32(0.72114193), np.float32(0.8126539), np.float32(0.8667736), np.float32(0.88154405)], 'terminal_vars': [np.float32(0.89287734), np.float32(0.17003317), np.float32(0.08053003), np.float32(0.0558632), np.float32(0.052062176)]}
  final_mean: 0.8828360438346863
  final_var: 0.04652974382042885
  final_trajectories: tensor([[[ 0.0000],
         [ 0.0000],
         [ 0.0000],
         ...,
         [ 0.0000],
         [ 0.0000],
         [ 0.0000]],

        [[ 0.1482],
         [-0.0658],
         [ 0.0586],
         ...,
         [-0.1542],
         [ 0.1166],
         [-0.1528]],

        [[ 0.0943],
         [-0.1599],
         [-0.0200],
         ...,
         [-0.0421],
         [ 0.2333],
         [-0.0167]],

        ...,

        [[ 0.5603],
         [ 0.8311],
         [ 1.0351],
         ...,
         [ 0.5304],
         [ 1.0997],
         [ 0.7469]],

        [[ 0.6232],
         [ 1.0653],
         [ 1.0187],
         ...,
         [ 0.6401],
         [ 0.9818],
         [ 1.0057]],

        [[ 0.6361],
         [ 0.9665],
         [ 1.2524],
         ...,
         [ 0.6911],
         [ 1.1001],
         [ 0.7873]]])

Completed: 2026-01-26T03:31:37.022859
