Experiment: 2026-01-26_02-15-11_mfc_backward_regression
Started: 2026-01-26T02:15:11.631026
======================================================================

======================================================================
MFC Configuration (Iterative Backward Regression)
======================================================================
  Physics:    T=1.0, N=50, σ=1.0, dim=1
  Target:     N(1.0, 1.0)
  Initial:    dirac at 0.0
----------------------------------------------------------------------
  Model:      hidden=64, layers=3, time_emb=16
  Training:   20 iterations × 100 epochs, batch=2048, lr=0.001
  λ (terminal_weight): 1.0
======================================================================

[02:15:11] Initialized solver on device: cpu
[02:15:11] Number of networks: 50
[02:15:11] Polyak averaging τ: 0.5
[02:15:11] Total parameters (trainable): 428,850
[02:15:11] ======================================================================
[02:15:11] Starting Iterative Backward Regression (Polyak Averaging)
[02:15:11] ======================================================================
[02:15:11] Iterations: 20
[02:15:11] Backward epochs per step: 100
[02:15:11] Batch size: 2048
[02:15:11] Polyak τ: 0.5
[02:15:11] λ (terminal_weight): 1.0
[02:15:11] Target: N(1.0, 1.0)
[02:15:11] ======================================================================
[02:15:18] Iter [  1/20] | Loss: 0.003414 | μ=0.000 (Δ=1.000), σ=0.945 (Δ=0.055)
[02:15:40] Iter [  5/20] | Loss: 9.111414 | μ=-2.895 (Δ=3.895), σ=0.638 (Δ=0.362)
[02:16:08] Iter [ 10/20] | Loss: 22.378955 | μ=6.467 (Δ=5.467), σ=0.924 (Δ=0.076)
[02:16:33] Iter [ 15/20] | Loss: 0.958551 | μ=0.468 (Δ=0.532), σ=0.151 (Δ=0.849)
[02:17:00] Iter [ 20/20] | Loss: 0.362138 | μ=1.322 (Δ=0.322), σ=0.556 (Δ=0.444)
[02:17:00] ======================================================================
[02:17:00] Training Complete! Evaluating with target networks...
[02:17:00] Final Mean: -0.4124 (target: 1.0)
[02:17:00] Final Std:  0.6046 (target: 1.0)
[02:17:00] ======================================================================
[02:17:00] Saved plot: trajectories.png
[02:17:00] Saved plot: terminal_distribution.png
[02:17:00] Saved plot: statistics_evolution.png
[02:17:00] Saved all visualization plots

======================================================================
FINAL RESULTS
======================================================================
  history: {'iteration_losses': [np.float64(0.0034140036755707114), np.float64(2.8369818195328116), np.float64(0.9360482713219244), np.float64(0.09367502729408443), np.float64(9.111414142232388), np.float64(0.8283024567178654), np.float64(1.006924895841221), np.float64(0.974447090998292), np.float64(0.4259218939137645), np.float64(22.3789548633706), np.float64(0.6955334712413606), np.float64(0.9943882901361212), np.float64(0.24758782772347332), np.float64(0.5574348591221496), np.float64(0.95855090319601), np.float64(0.8857369610121532), np.float64(0.2011906876298599), np.float64(0.5394138133549131), np.float64(0.9022172953811242), np.float64(0.36213772318093107)], 'terminal_means': [np.float32(0.00022334093), np.float32(3.5301657), np.float32(0.54635984), np.float32(2.1475816), np.float32(-2.8953648), np.float32(-0.6860701), np.float32(0.5062065), np.float32(1.439554), np.float32(-0.5314755), np.float32(6.467448), np.float32(1.482548), np.float32(0.2892839), np.float32(1.7336059), np.float32(-0.5869613), np.float32(0.46778023), np.float32(0.66000843), np.float32(2.417526), np.float32(-0.5336499), np.float32(0.7945754), np.float32(1.321754)], 'terminal_vars': [np.float32(0.89287734), np.float32(0.8266322), np.float32(0.070944175), np.float32(0.51084054), np.float32(0.406677), np.float32(0.065789714), np.float32(0.022446787), np.float32(0.07809393), np.float32(0.20487963), np.float32(0.85363775), np.float32(0.06326977), np.float32(0.035405938), np.float32(0.41061956), np.float32(0.15206449), np.float32(0.022718517), np.float32(0.045197673), np.float32(0.3633821), np.float32(0.123986736), np.float32(0.040797904), np.float32(0.30894247)]}
  final_mean: -0.4124157726764679
  final_var: 0.36560145020484924
  final_trajectories: tensor([[[ 0.0000],
         [ 0.0000],
         [ 0.0000],
         ...,
         [ 0.0000],
         [ 0.0000],
         [ 0.0000]],

        [[-0.1916],
         [-0.0998],
         [ 0.0786],
         ...,
         [-0.0164],
         [-0.1360],
         [-0.1609]],

        [[-0.0184],
         [-0.1461],
         [-0.0681],
         ...,
         [ 0.3290],
         [-0.1752],
         [-0.1263]],

        ...,

        [[-0.3027],
         [-0.3779],
         [-0.6087],
         ...,
         [-0.5117],
         [-0.1306],
         [ 0.0666]],

        [[-0.1387],
         [-0.3709],
         [-0.5087],
         ...,
         [-0.6266],
         [-0.3346],
         [-0.0352]],

        [[-0.4053],
         [-0.5717],
         [-0.5445],
         ...,
         [-0.6700],
         [-0.2797],
         [-0.1997]]])

Completed: 2026-01-26T02:17:10.765299
