Experiment: 2026-02-02_02-14-16_exp_Student_t
Started: 2026-02-02T02:14:16.242389
======================================================================

======================================================================
MFC Configuration (Iterative Backward Regression)
======================================================================
  Physics:    T=1.0, N=50, σ=1.0, dim=1
  Target:     N(0.0, 1.0)
  Initial:    dirac at 0.0
----------------------------------------------------------------------
  Model:      hidden=64, layers=3, time_emb=16
  Training:   100 iterations × 100 epochs, batch=2048, lr=0.001
  Polyak τ:   0.5
  λ (terminal_weight): 2.0
======================================================================

[02:14:16] Initialized solver on device: cpu
[02:14:16] Number of networks: 50
[02:14:16] Polyak averaging τ: 0.5
[02:14:16] Total parameters (trainable): 428,850
[02:14:16] ======================================================================
[02:14:16] Starting Iterative Backward Regression (Polyak Averaging)
[02:14:16] ======================================================================
[02:14:16] Iterations: 100
[02:14:16] Backward epochs per step: 100
[02:14:16] Batch size: 2048
[02:14:16] Polyak τ: 0.5
[02:14:16] λ (terminal_weight): 2.0
[02:14:16] Target: N(0.0, 1.0)
[02:14:16] ======================================================================
[02:14:21] Iter [  1/100] | Loss: 0.005037 | μ=0.042 (Δ=0.042), σ=1.008 (Δ=0.008)
[02:14:43] Iter [  5/100] | Loss: 0.018372 | μ=-0.122 (Δ=0.122), σ=1.310 (Δ=0.310)
[02:15:10] Iter [ 10/100] | Loss: 0.003868 | μ=0.094 (Δ=0.094), σ=1.117 (Δ=0.117)
[02:15:37] Iter [ 15/100] | Loss: 0.006541 | μ=0.046 (Δ=0.046), σ=1.207 (Δ=0.207)
[02:16:04] Iter [ 20/100] | Loss: 0.011295 | μ=-0.083 (Δ=0.083), σ=1.035 (Δ=0.035)
[02:16:31] Iter [ 25/100] | Loss: 0.007344 | μ=0.306 (Δ=0.306), σ=1.212 (Δ=0.212)
[02:16:58] Iter [ 30/100] | Loss: 0.007902 | μ=-0.020 (Δ=0.020), σ=1.118 (Δ=0.118)
[02:17:25] Iter [ 35/100] | Loss: 0.010577 | μ=-0.106 (Δ=0.106), σ=1.334 (Δ=0.334)
[02:17:53] Iter [ 40/100] | Loss: 0.003749 | μ=-0.007 (Δ=0.007), σ=0.949 (Δ=0.051)
[02:18:19] Iter [ 45/100] | Loss: 0.003994 | μ=0.003 (Δ=0.003), σ=1.233 (Δ=0.233)
[02:18:47] Iter [ 50/100] | Loss: 0.005828 | μ=0.021 (Δ=0.021), σ=1.131 (Δ=0.131)
[02:19:17] Iter [ 55/100] | Loss: 0.002735 | μ=0.119 (Δ=0.119), σ=1.198 (Δ=0.198)
[02:19:43] Iter [ 60/100] | Loss: 0.004337 | μ=0.162 (Δ=0.162), σ=1.169 (Δ=0.169)
[02:20:10] Iter [ 65/100] | Loss: 0.001496 | μ=0.090 (Δ=0.090), σ=1.115 (Δ=0.115)
[02:20:36] Iter [ 70/100] | Loss: 0.004913 | μ=0.070 (Δ=0.070), σ=1.076 (Δ=0.076)
[02:21:02] Iter [ 75/100] | Loss: 0.008594 | μ=0.084 (Δ=0.084), σ=1.274 (Δ=0.274)
[02:21:28] Iter [ 80/100] | Loss: 0.005117 | μ=0.128 (Δ=0.128), σ=1.235 (Δ=0.235)
[02:21:55] Iter [ 85/100] | Loss: 0.007395 | μ=-0.105 (Δ=0.105), σ=1.062 (Δ=0.062)
[02:22:21] Iter [ 90/100] | Loss: 0.003585 | μ=-0.062 (Δ=0.062), σ=1.015 (Δ=0.015)
[02:22:47] Iter [ 95/100] | Loss: 0.003787 | μ=0.166 (Δ=0.166), σ=1.110 (Δ=0.110)
[02:23:13] Iter [100/100] | Loss: 0.005376 | μ=0.133 (Δ=0.133), σ=1.096 (Δ=0.096)
[02:23:13] ======================================================================
[02:23:13] Training Complete! Evaluating with target networks...
[02:23:13] Final Mean: -0.3150 (target: 0.0)
[02:23:13] Final Std:  1.2286 (target: 1.0)
[02:23:13] ======================================================================
