Experiment: 2026-02-05_22-21-08_mfc_backward_regression
Started: 2026-02-05T22:21:08.686094
======================================================================

======================================================================
MFC Configuration (Iterative Backward Regression)
======================================================================
  Physics:    T=1.0, N=50, σ=1.0, dim=1
  Target:     N(1.0, 1.0)
  Initial:    dirac at 0.0
----------------------------------------------------------------------
  Model:      hidden=64, layers=3, time_emb=16
  Training:   20 iterations × 100 epochs, batch=2048, lr=0.001
  Polyak τ:   0.5
  λ (terminal_weight): 100.0
======================================================================

[22:21:08] Initialized solver on device: cpu
[22:21:08] Number of networks: 50
[22:21:08] Polyak averaging τ: 0.5
[22:21:08] Total parameters (trainable): 428,850
[22:21:08] ======================================================================
[22:21:08] Starting Iterative Backward Regression (Polyak Averaging)
[22:21:08] ======================================================================
[22:21:08] Iterations: 20
[22:21:08] Backward epochs per step: 100
[22:21:08] Batch size: 2048
[22:21:08] Polyak τ: 0.5
[22:21:08] λ (terminal_weight): 100.0
[22:21:08] Target: N(1.0, 1.0)
[22:21:08] ======================================================================
[22:21:14] Iter [  1/20] | Loss: 111.233430 | μ=0.000 (Δ=1.000), σ=0.945 (Δ=0.055)
[22:21:36] Iter [  5/20] | Loss: 175.915668 | μ=1.595 (Δ=0.595), σ=0.144 (Δ=0.856)
[22:22:04] Iter [ 10/20] | Loss: 177.334776 | μ=0.576 (Δ=0.424), σ=0.146 (Δ=0.854)
[22:22:31] Iter [ 15/20] | Loss: 59.046097 | μ=0.978 (Δ=0.022), σ=0.803 (Δ=0.197)
[22:23:01] Iter [ 20/20] | Loss: 160.144814 | μ=1.777 (Δ=0.777), σ=0.163 (Δ=0.837)
[22:23:01] ======================================================================
[22:23:01] Training Complete! Evaluating with target networks...
[22:23:01] Final Mean: 0.6646 (target: 1.0)
[22:23:01] Final Std:  0.3425 (target: 1.0)
[22:23:01] ======================================================================
[22:23:02] Saved plot: trajectories.png
[22:23:02] Saved plot: terminal_distribution.png
[22:23:02] Saved plot: statistics_evolution.png
[22:23:02] Saved all visualization plots

======================================================================
FINAL RESULTS
======================================================================
  history: {'iteration_losses': [np.float64(111.23342970528694), np.float64(133.26418195552193), np.float64(158.77877774806154), np.float64(170.70813704306528), np.float64(175.915667657865), np.float64(143.30294080830106), np.float64(120.26047251628188), np.float64(129.16824686741413), np.float64(77.42576779269613), np.float64(177.33477581618703), np.float64(168.14415817195083), np.float64(155.91887840918636), np.float64(163.89471326894184), np.float64(197.48350705745077), np.float64(59.046096645891666), np.float64(142.68877984702587), np.float64(133.9938259437913), np.float64(163.21752042316047), np.float64(178.2433286949816), np.float64(160.1448142188578)], 'terminal_means': [np.float32(0.00022334093), np.float32(5.878817), np.float32(1.8178155), np.float32(0.40434974), np.float32(1.5953374), np.float32(1.0382886), np.float32(-0.1693587), np.float32(6.405316), np.float32(-0.67363214), np.float32(0.57613575), np.float32(0.76122963), np.float32(1.5020429), np.float32(0.91202736), np.float32(2.9972456), np.float32(0.9782236), np.float32(2.3818808), np.float32(-1.4541214), np.float32(0.58128166), np.float32(1.2458527), np.float32(1.7774947)], 'terminal_vars': [np.float32(0.89287734), np.float32(0.6020888), np.float32(0.05742424), np.float32(0.024591275), np.float32(0.020794038), np.float32(0.053768698), np.float32(0.2565754), np.float32(0.686172), np.float32(0.31826064), np.float32(0.02127441), np.float32(0.030856736), np.float32(0.1803048), np.float32(0.20867419), np.float32(0.7411254), np.float32(0.64543086), np.float32(3.3956594), np.float32(0.3079759), np.float32(0.07872025), np.float32(0.031807758), np.float32(0.026612356)]}
  final_mean: 0.6645544767379761
  final_var: 0.11732666194438934
  final_trajectories: tensor([[[ 0.0000],
         [ 0.0000],
         [ 0.0000],
         ...,
         [ 0.0000],
         [ 0.0000],
         [ 0.0000]],

        [[-0.1243],
         [-0.1303],
         [-0.0549],
         ...,
         [-0.2108],
         [-0.0955],
         [ 0.0738]],

        [[-0.0400],
         [-0.1976],
         [-0.2334],
         ...,
         [-0.6959],
         [-0.4055],
         [-0.1704]],

        ...,

        [[ 0.7495],
         [-0.0330],
         [ 0.6418],
         ...,
         [ 1.0765],
         [ 0.9233],
         [ 0.1717]],

        [[ 0.8498],
         [-0.0288],
         [ 0.7996],
         ...,
         [ 1.0263],
         [ 1.0128],
         [ 0.2402]],

        [[ 0.9076],
         [ 0.0663],
         [ 0.7199],
         ...,
         [ 1.0387],
         [ 0.8996],
         [ 0.3541]]])

Completed: 2026-02-05T22:23:16.518345
