Experiment: 2026-01-26_03-30-43_sweep_lambda_5.0
Started: 2026-01-26T03:30:43.268262
======================================================================

======================================================================
MFC Configuration (Iterative Backward Regression)
======================================================================
  Physics:    T=1.0, N=50, σ=1.0, dim=1
  Target:     N(1.0, 1.0)
  Initial:    dirac at 0.0
----------------------------------------------------------------------
  Model:      hidden=64, layers=3, time_emb=16
  Training:   5 iterations × 100 epochs, batch=2048, lr=0.001
  λ (terminal_weight): 5.0
======================================================================

[03:30:43] Initialized solver on device: cpu
[03:30:43] Number of networks: 50
[03:30:43] Polyak averaging τ: 0.5
[03:30:43] Total parameters (trainable): 428,850
[03:30:43] ======================================================================
[03:30:43] Starting Iterative Backward Regression (Polyak Averaging)
[03:30:43] ======================================================================
[03:30:43] Iterations: 5
[03:30:43] Backward epochs per step: 100
[03:30:43] Batch size: 2048
[03:30:43] Polyak τ: 0.5
[03:30:43] λ (terminal_weight): 5.0
[03:30:43] Target: N(1.0, 1.0)
[03:30:43] ======================================================================
[03:30:48] Iter [  1/5] | Loss: 0.717318 | μ=0.000 (Δ=1.000), σ=0.945 (Δ=0.055)
[03:31:09] Iter [  5/5] | Loss: 0.488902 | μ=0.839 (Δ=0.161), σ=0.253 (Δ=0.747)
[03:31:09] ======================================================================
[03:31:09] Training Complete! Evaluating with target networks...
[03:31:09] Final Mean: 0.8518 (target: 1.0)
[03:31:09] Final Std:  0.2389 (target: 1.0)
[03:31:09] ======================================================================
[03:31:09] Saved plot: trajectories.png
[03:31:09] Saved plot: terminal_distribution.png
[03:31:09] Saved plot: statistics_evolution.png
[03:31:09] Saved all visualization plots

======================================================================
FINAL RESULTS
======================================================================
  history: {'iteration_losses': [np.float64(0.7173179960250855), np.float64(0.5240322802215814), np.float64(0.4990233169030398), np.float64(0.502972027156502), np.float64(0.4889022622257471)], 'terminal_means': [np.float32(0.00022334093), np.float32(0.68860936), np.float32(0.7768779), np.float32(0.8282141), np.float32(0.8391316)], 'terminal_vars': [np.float32(0.89287734), np.float32(0.18847013), np.float32(0.09741627), np.float32(0.068928346), np.float32(0.06411596)]}
  final_mean: 0.8517599701881409
  final_var: 0.05709630250930786
  final_trajectories: tensor([[[ 0.0000],
         [ 0.0000],
         [ 0.0000],
         ...,
         [ 0.0000],
         [ 0.0000],
         [ 0.0000]],

        [[ 0.1503],
         [-0.0638],
         [ 0.0606],
         ...,
         [-0.1521],
         [ 0.1186],
         [-0.1508]],

        [[ 0.0984],
         [-0.1559],
         [-0.0160],
         ...,
         [-0.0382],
         [ 0.2374],
         [-0.0128]],

        ...,

        [[ 0.5114],
         [ 0.8144],
         [ 1.0259],
         ...,
         [ 0.4938],
         [ 1.0834],
         [ 0.7118]],

        [[ 0.5654],
         [ 1.0430],
         [ 1.0102],
         ...,
         [ 0.5906],
         [ 0.9703],
         [ 0.9660]],

        [[ 0.5702],
         [ 0.9537],
         [ 1.2467],
         ...,
         [ 0.6323],
         [ 1.0900],
         [ 0.7582]]])

Completed: 2026-01-26T03:31:09.862809
