Experiment: 2026-01-26_02-57-38_mfc_backward_regression
Started: 2026-01-26T02:57:38.374043
======================================================================

======================================================================
MFC Configuration (Iterative Backward Regression)
======================================================================
  Physics:    T=1.0, N=50, σ=1.0, dim=1
  Target:     N(1.0, 1.0)
  Initial:    dirac at 0.0
----------------------------------------------------------------------
  Model:      hidden=64, layers=3, time_emb=16
  Training:   20 iterations × 100 epochs, batch=2048, lr=0.001
  λ (terminal_weight): 20.0
======================================================================

[02:57:38] Initialized solver on device: cpu
[02:57:38] Number of networks: 50
[02:57:38] Polyak averaging τ: 0.5
[02:57:38] Total parameters (trainable): 428,850
[02:57:38] ======================================================================
[02:57:38] Starting Iterative Backward Regression (Polyak Averaging)
[02:57:38] ======================================================================
[02:57:38] Iterations: 20
[02:57:38] Backward epochs per step: 100
[02:57:38] Batch size: 2048
[02:57:38] Polyak τ: 0.5
[02:57:38] λ (terminal_weight): 20.0
[02:57:38] Target: N(1.0, 1.0)
[02:57:38] ======================================================================
[02:57:44] Iter [  1/20] | Loss: 11.438340 | μ=0.000 (Δ=1.000), σ=0.945 (Δ=0.055)
[02:58:05] Iter [  5/20] | Loss: 5.610862 | μ=1.003 (Δ=0.003), σ=0.150 (Δ=0.850)
[02:58:31] Iter [ 10/20] | Loss: 5.909314 | μ=0.822 (Δ=0.178), σ=0.157 (Δ=0.843)
[02:58:56] Iter [ 15/20] | Loss: 6.134941 | μ=0.983 (Δ=0.017), σ=0.173 (Δ=0.827)
[02:59:21] Iter [ 20/20] | Loss: 6.035996 | μ=0.977 (Δ=0.023), σ=0.161 (Δ=0.839)
[02:59:21] ======================================================================
[02:59:21] Training Complete! Evaluating with target networks...
[02:59:21] Final Mean: 1.0290 (target: 1.0)
[02:59:21] Final Std:  0.1659 (target: 1.0)
[02:59:21] ======================================================================
[02:59:21] Saved plot: trajectories.png
[02:59:21] Saved plot: terminal_distribution.png
[02:59:21] Saved plot: statistics_evolution.png
[02:59:21] Saved all visualization plots

======================================================================
FINAL RESULTS
======================================================================
  history: {'iteration_losses': [np.float64(11.438339898586273), np.float64(6.3403841850161555), np.float64(5.946056374522159), np.float64(5.9841908875852825), np.float64(5.610862087672576), np.float64(5.865435889810324), np.float64(6.516097861491144), np.float64(5.958072351878509), np.float64(5.534541293245274), np.float64(5.909313612133264), np.float64(6.1698796910978855), np.float64(5.748485566414892), np.float64(6.075646307170391), np.float64(5.848617398738861), np.float64(6.134941325336695), np.float64(5.738192359097302), np.float64(5.7983716094493865), np.float64(5.86315004516393), np.float64(5.63093415170908), np.float64(6.035995658934116)], 'terminal_means': [np.float32(0.00022334093), np.float32(0.71451324), np.float32(0.7824305), np.float32(0.88549495), np.float32(1.0032403), np.float32(1.116674), np.float32(1.0800855), np.float32(0.9976611), np.float32(0.90789735), np.float32(0.822292), np.float32(0.85833865), np.float32(0.93401694), np.float32(1.005776), np.float32(1.0525876), np.float32(0.982746), np.float32(0.94466513), np.float32(0.8919827), np.float32(0.8799541), np.float32(0.9074124), np.float32(0.97653365)], 'terminal_vars': [np.float32(0.89287734), np.float32(0.075590104), np.float32(0.025426872), np.float32(0.026121378), np.float32(0.022416556), np.float32(0.024222065), np.float32(0.036443725), np.float32(0.027578846), np.float32(0.021882858), np.float32(0.024729725), np.float32(0.02745574), np.float32(0.023911808), np.float32(0.026784968), np.float32(0.02524983), np.float32(0.029875569), np.float32(0.023302022), np.float32(0.023895111), np.float32(0.024611646), np.float32(0.022187244), np.float32(0.02606536)]}
  final_mean: 1.0289998054504395
  final_var: 0.0275331549346447
  final_trajectories: tensor([[[ 0.0000],
         [ 0.0000],
         [ 0.0000],
         ...,
         [ 0.0000],
         [ 0.0000],
         [ 0.0000]],

        [[-0.2190],
         [-0.1912],
         [-0.1399],
         ...,
         [-0.2160],
         [ 0.1197],
         [-0.1884]],

        [[-0.3080],
         [-0.1761],
         [-0.0331],
         ...,
         [-0.2555],
         [-0.1201],
         [-0.2907]],

        ...,

        [[ 0.9679],
         [ 1.2327],
         [ 1.3354],
         ...,
         [ 1.2984],
         [ 0.8140],
         [ 1.2125]],

        [[ 1.0285],
         [ 1.3273],
         [ 1.3967],
         ...,
         [ 1.2745],
         [ 0.8754],
         [ 1.3762]],

        [[ 0.8899],
         [ 1.2068],
         [ 1.2545],
         ...,
         [ 1.0024],
         [ 0.8749],
         [ 1.2553]]])

Completed: 2026-01-26T03:00:15.151617
