Experiment: 2026-01-31_11-33-29_mfc_backward_regression
Started: 2026-01-31T11:33:29.416898
======================================================================

======================================================================
MFC Configuration (Iterative Backward Regression)
======================================================================
  Physics:    T=1.0, N=50, σ=1.0, dim=1
  Target:     N(1.0, 1.0)
  Initial:    dirac at 0.0
----------------------------------------------------------------------
  Model:      hidden=64, layers=3, time_emb=16
  Training:   200 iterations × 100 epochs, batch=2048, lr=0.001
  Polyak τ:   0.1
  λ (terminal_weight): 2.0
======================================================================

[11:33:29] Initialized solver on device: cpu
[11:33:29] Number of networks: 50
[11:33:29] Polyak averaging τ: 0.1
[11:33:29] Total parameters (trainable): 428,850
[11:33:29] ======================================================================
[11:33:29] Starting Iterative Backward Regression (Polyak Averaging)
[11:33:29] ======================================================================
[11:33:29] Iterations: 200
[11:33:29] Backward epochs per step: 100
[11:33:29] Batch size: 2048
[11:33:29] Polyak τ: 0.1
[11:33:29] λ (terminal_weight): 2.0
[11:33:29] Target: N(1.0, 1.0)
[11:33:29] ======================================================================
[11:33:35] Iter [  1/200] | Loss: 0.012799 | μ=0.000 (Δ=1.000), σ=0.945 (Δ=0.055)
[11:33:58] Iter [  5/200] | Loss: 0.015558 | μ=0.492 (Δ=0.508), σ=1.046 (Δ=0.046)
[11:34:27] Iter [ 10/200] | Loss: 0.001260 | μ=0.720 (Δ=0.280), σ=0.997 (Δ=0.003)
[11:34:53] Iter [ 15/200] | Loss: 0.006243 | μ=0.704 (Δ=0.296), σ=0.977 (Δ=0.023)
[11:35:20] Iter [ 20/200] | Loss: 0.000177 | μ=0.694 (Δ=0.306), σ=0.994 (Δ=0.006)
[11:35:47] Iter [ 25/200] | Loss: 0.000869 | μ=0.570 (Δ=0.430), σ=0.997 (Δ=0.003)
[11:36:14] Iter [ 30/200] | Loss: 0.005809 | μ=0.663 (Δ=0.337), σ=0.992 (Δ=0.008)
[11:36:41] Iter [ 35/200] | Loss: 0.003974 | μ=0.653 (Δ=0.347), σ=1.024 (Δ=0.024)
[11:37:08] Iter [ 40/200] | Loss: 0.007867 | μ=0.726 (Δ=0.274), σ=1.042 (Δ=0.042)
[11:37:35] Iter [ 45/200] | Loss: 0.003158 | μ=0.774 (Δ=0.226), σ=0.996 (Δ=0.004)
[11:38:02] Iter [ 50/200] | Loss: 0.004434 | μ=0.706 (Δ=0.294), σ=0.981 (Δ=0.019)
[11:38:30] Iter [ 55/200] | Loss: 0.004533 | μ=0.650 (Δ=0.350), σ=0.951 (Δ=0.049)
[11:38:59] Iter [ 60/200] | Loss: 0.000579 | μ=0.690 (Δ=0.310), σ=1.030 (Δ=0.030)
[11:39:25] Iter [ 65/200] | Loss: 0.003803 | μ=0.763 (Δ=0.237), σ=0.931 (Δ=0.069)
[11:39:52] Iter [ 70/200] | Loss: 0.005528 | μ=0.653 (Δ=0.347), σ=0.936 (Δ=0.064)
[11:40:18] Iter [ 75/200] | Loss: 0.002820 | μ=0.610 (Δ=0.390), σ=0.992 (Δ=0.008)
[11:40:45] Iter [ 80/200] | Loss: 0.005387 | μ=0.536 (Δ=0.464), σ=1.010 (Δ=0.010)
[11:41:13] Iter [ 85/200] | Loss: 0.000828 | μ=0.595 (Δ=0.405), σ=0.973 (Δ=0.027)
[11:41:43] Iter [ 90/200] | Loss: 0.003160 | μ=0.564 (Δ=0.436), σ=0.953 (Δ=0.047)
[11:42:09] Iter [ 95/200] | Loss: 0.004075 | μ=0.719 (Δ=0.281), σ=0.955 (Δ=0.045)
[11:42:37] Iter [100/200] | Loss: 0.001156 | μ=0.674 (Δ=0.326), σ=0.904 (Δ=0.096)
[11:43:04] Iter [105/200] | Loss: 0.000886 | μ=0.665 (Δ=0.335), σ=0.964 (Δ=0.036)
[11:43:31] Iter [110/200] | Loss: 0.004391 | μ=0.667 (Δ=0.333), σ=0.963 (Δ=0.037)
[11:43:58] Iter [115/200] | Loss: 0.006102 | μ=0.744 (Δ=0.256), σ=0.994 (Δ=0.006)
[11:44:25] Iter [120/200] | Loss: 0.004292 | μ=0.698 (Δ=0.302), σ=0.981 (Δ=0.019)
[11:44:53] Iter [125/200] | Loss: 0.000788 | μ=0.754 (Δ=0.246), σ=0.997 (Δ=0.003)
[11:45:20] Iter [130/200] | Loss: 0.000375 | μ=0.632 (Δ=0.368), σ=1.049 (Δ=0.049)
[11:45:47] Iter [135/200] | Loss: 0.000463 | μ=0.669 (Δ=0.331), σ=0.989 (Δ=0.011)
[11:46:15] Iter [140/200] | Loss: 0.002233 | μ=0.631 (Δ=0.369), σ=0.986 (Δ=0.014)
[11:46:48] Iter [145/200] | Loss: 0.001395 | μ=0.747 (Δ=0.253), σ=0.933 (Δ=0.067)
[11:47:18] Iter [150/200] | Loss: 0.001143 | μ=0.619 (Δ=0.381), σ=0.975 (Δ=0.025)
[11:47:49] Iter [155/200] | Loss: 0.001226 | μ=0.641 (Δ=0.359), σ=0.979 (Δ=0.021)
[11:48:23] Iter [160/200] | Loss: 0.003204 | μ=0.724 (Δ=0.276), σ=0.984 (Δ=0.016)
[11:48:51] Iter [165/200] | Loss: 0.000903 | μ=0.613 (Δ=0.387), σ=0.912 (Δ=0.088)
[11:49:20] Iter [170/200] | Loss: 0.002486 | μ=0.583 (Δ=0.417), σ=1.022 (Δ=0.022)
[11:49:49] Iter [175/200] | Loss: 0.000121 | μ=0.870 (Δ=0.130), σ=1.004 (Δ=0.004)
[11:50:15] Iter [180/200] | Loss: 0.001729 | μ=0.720 (Δ=0.280), σ=0.921 (Δ=0.079)
[11:50:42] Iter [185/200] | Loss: 0.001006 | μ=0.648 (Δ=0.352), σ=0.928 (Δ=0.072)
[11:51:09] Iter [190/200] | Loss: 0.002491 | μ=0.680 (Δ=0.320), σ=0.977 (Δ=0.023)
[11:51:36] Iter [195/200] | Loss: 0.004660 | μ=0.698 (Δ=0.302), σ=0.974 (Δ=0.026)
[11:52:06] Iter [200/200] | Loss: 0.001872 | μ=0.703 (Δ=0.297), σ=0.967 (Δ=0.033)
[11:52:06] ======================================================================
[11:52:06] Training Complete! Evaluating with target networks...
[11:52:06] Final Mean: 0.6817 (target: 1.0)
[11:52:06] Final Std:  0.9858 (target: 1.0)
[11:52:06] ======================================================================
[11:52:07] Saved plot: trajectories.png
[11:52:07] Saved plot: terminal_distribution.png
[11:52:07] Saved plot: statistics_evolution.png
[11:52:07] Saved all visualization plots

======================================================================
FINAL RESULTS
======================================================================
  history: {'iteration_losses': [np.float64(0.012799499798566103), np.float64(0.0029434918332844973), np.float64(0.005544404252432287), np.float64(0.0019786195713095366), np.float64(0.015558167025446892), np.float64(0.008875843081623315), np.float64(0.0008370039064902812), np.float64(0.013471546433866024), np.float64(0.016600747015327214), np.float64(0.001260487240506336), np.float64(0.0030823000986129044), np.float64(0.0029967149498406798), np.float64(0.02043764354661107), np.float64(0.000728665417409502), np.float64(0.006242846697568893), np.float64(0.00559272849233821), np.float64(0.0017449430987471716), np.float64(0.003910461203195155), np.float64(0.00021859529480934724), np.float64(0.00017739554459694773), np.float64(0.0015311055182246492), np.float64(0.0005650876765139401), np.float64(0.001659003016538918), np.float64(0.0060129957273602486), np.float64(0.0008687049421860138), np.float64(0.0005408283359429333), np.float64(0.002338203345425427), np.float64(0.010999849438667298), np.float64(0.00018981062433283567), np.float64(0.005809081587940455), np.float64(0.0023400390008464457), np.float64(0.0012262427783571183), np.float64(0.007668283493258059), np.float64(0.00988245029002428), np.float64(0.003973868526518345), np.float64(0.01009479820728302), np.float64(0.006458524204790592), np.float64(0.005819781934842467), np.float64(0.010509304367005826), np.float64(0.007866738988086581), np.float64(0.0003622522053774446), np.float64(0.001350513013312593), np.float64(0.0017079885490238666), np.float64(0.0012682164739817382), np.float64(0.003158362815156579), np.float64(0.00338953735306859), np.float64(0.0072460722271353), np.float64(0.0011363487795460969), np.float64(0.004622163930907846), np.float64(0.004433749923482538), np.float64(0.0018847503722645342), np.float64(0.004574280367232859), np.float64(4.18487730621564e-05), np.float64(0.0024305237340740858), np.float64(0.004532793555408716), np.float64(0.006914077112451195), np.float64(0.0007769736519549042), np.float64(0.0025041635488742033), np.float64(0.005123123349621892), np.float64(0.0005793594988062978), np.float64(0.0007075188250746578), np.float64(0.000746161145507358), np.float64(0.0011423450207803398), np.float64(0.0003740958308480913), np.float64(0.0038032274087890982), np.float64(0.0015042046457529067), np.float64(0.0012148856930434705), np.float64(0.011005755346268416), np.float64(0.004689806667156518), np.float64(0.005527791185304522), np.float64(0.006776722501963377), np.float64(0.014080451913177966), np.float64(0.003989581956993789), np.float64(0.000596574965165928), np.float64(0.0028203609585762024), np.float64(0.002538507180288434), np.float64(0.007152903694659472), np.float64(0.004206082988530397), np.float64(0.006070790002122521), np.float64(0.005386805916205048), np.float64(0.0006710036180447788), np.float64(0.0020591146079823376), np.float64(0.0013239601789973676), np.float64(0.013909083362668752), np.float64(0.0008280032855691389), np.float64(0.016516129691153764), np.float64(0.01878370875492692), np.float64(0.00751563667319715), np.float64(0.0017944899247959256), np.float64(0.0031597406696528196), np.float64(0.0007764504093211145), np.float64(0.003402540034148842), np.float64(0.00067418220161926), np.float64(0.0016706905094906687), np.float64(0.004075008290819824), np.float64(0.00835365747101605), np.float64(0.01844063922762871), np.float64(0.0033425715658813716), np.float64(0.0016831823601387442), np.float64(0.0011560555058531463), np.float64(0.0018451160076074303), np.float64(0.007412532139569521), np.float64(0.0011376153083983809), np.float64(0.00034933755930978807), np.float64(0.0008860784649732523), np.float64(0.00047555149474646895), np.float64(0.003929592375643551), np.float64(0.0013570859050378204), np.float64(0.0017053206730633973), np.float64(0.004390930086374283), np.float64(0.0004817643319256604), np.float64(0.008848112458363176), np.float64(0.003172211979981512), np.float64(0.00021306065391399898), np.float64(0.006101898732595146), np.float64(0.009274790035560728), np.float64(0.0041831719782203436), np.float64(0.0043225042195990685), np.float64(0.00043964405893348157), np.float64(0.004291758157778531), np.float64(0.022823720276355743), np.float64(0.0014358082477701828), np.float64(0.004878162425011396), np.float64(0.003775275357766077), np.float64(0.000788456683367258), np.float64(0.00034731115214526654), np.float64(0.0009277770287008024), np.float64(7.43961214175215e-05), np.float64(0.0015224772109650076), np.float64(0.0003750608122209087), np.float64(0.0027882757154293358), np.float64(0.0018749831896275283), np.float64(0.0012620736425742506), np.float64(0.007145000416785479), np.float64(0.00046323235612362625), np.float64(0.0008623118692776188), np.float64(0.01753924844786525), np.float64(0.005683483583852649), np.float64(0.005883361538872122), np.float64(0.00223323633777909), np.float64(0.01619790367782116), np.float64(0.0020675532263703645), np.float64(0.003004106627777219), np.float64(0.009509636117145418), np.float64(0.0013953592674806714), np.float64(0.0008041552040958778), np.float64(0.0026024334784597158), np.float64(0.003163084768457338), np.float64(0.0006648856203537435), np.float64(0.0011425702343694866), np.float64(0.0024972967989742756), np.float64(0.0006982814520597458), np.float64(0.004423275589942932), np.float64(0.005069491891190409), np.float64(0.001225959601579234), np.float64(0.0005939374274021248), np.float64(0.0022775872796773912), np.float64(0.0022792123281396926), np.float64(0.0025550176412798466), np.float64(0.00320432486012578), np.float64(0.0006099199388700071), np.float64(0.00206050586188212), np.float64(0.0016232447244692594), np.float64(0.0015265550604090094), np.float64(0.0009027606772724539), np.float64(0.0007988991966703906), np.float64(0.002682491133455187), np.float64(0.0021175577654503285), np.float64(0.002337832376360893), np.float64(0.0024863725132308902), np.float64(0.0066554418252781035), np.float64(0.009293958228081465), np.float64(0.0010624137159902603), np.float64(0.002583514424040914), np.float64(0.00012142682306830466), np.float64(0.0010498633200768381), np.float64(0.0018490685138385743), np.float64(0.0004954203678062185), np.float64(0.002357929323334247), np.float64(0.0017291192803531885), np.float64(0.00113709787838161), np.float64(0.00047799464502759295), np.float64(0.0036514159617945553), np.float64(0.002120907143689692), np.float64(0.0010057032096665352), np.float64(0.011660247333347798), np.float64(0.0197578202188015), np.float64(0.0009292282129172236), np.float64(0.006242262553423643), np.float64(0.002491329067852348), np.float64(0.0009135548264021054), np.float64(0.0035563374822959303), np.float64(0.002244438754860312), np.float64(0.005093615716323257), np.float64(0.004659657683223486), np.float64(0.0029033590340986847), np.float64(0.000883419020101428), np.float64(0.004058800027705729), np.float64(0.0007592245494015515), np.float64(0.0018720647017471492)], 'terminal_means': [np.float32(0.00022334093), np.float32(0.17728731), np.float32(0.31592202), np.float32(0.38484845), np.float32(0.49205387), np.float32(0.5869593), np.float32(0.6337654), np.float32(0.67663014), np.float32(0.7369863), np.float32(0.72016597), np.float32(0.6529991), np.float32(0.69548243), np.float32(0.6922277), np.float32(0.75303787), np.float32(0.70361364), np.float32(0.70788956), np.float32(0.6869107), np.float32(0.7240875), np.float32(0.6839386), np.float32(0.6941686), np.float32(0.71932644), np.float32(0.69424134), np.float32(0.5822264), np.float32(0.64389396), np.float32(0.5704234), np.float32(0.56245476), np.float32(0.6141883), np.float32(0.69108474), np.float32(0.6113999), np.float32(0.66266567), np.float32(0.5818585), np.float32(0.5853323), np.float32(0.6066483), np.float32(0.6665586), np.float32(0.65329945), np.float32(0.6090268), np.float32(0.6291068), np.float32(0.668362), np.float32(0.68905514), np.float32(0.72584146), np.float32(0.7151729), np.float32(0.7350688), np.float32(0.7211426), np.float32(0.7622999), np.float32(0.7741616), np.float32(0.6917575), np.float32(0.7373009), np.float32(0.8072338), np.float32(0.6934377), np.float32(0.7062758), np.float32(0.6271905), np.float32(0.676273), np.float32(0.64262956), np.float32(0.6627344), np.float32(0.64974916), np.float32(0.6153146), np.float32(0.648641), np.float32(0.67797816), np.float32(0.69963014), np.float32(0.6895926), np.float32(0.78564525), np.float32(0.6901392), np.float32(0.813455), np.float32(0.72766423), np.float32(0.7629155), np.float32(0.80042255), np.float32(0.73366106), np.float32(0.7938481), np.float32(0.7432276), np.float32(0.6529144), np.float32(0.5899782), np.float32(0.69291407), np.float32(0.6821131), np.float32(0.6759647), np.float32(0.6100588), np.float32(0.56881714), np.float32(0.6641997), np.float32(0.572466), np.float32(0.58675003), np.float32(0.53550094), np.float32(0.63417816), np.float32(0.6980651), np.float32(0.70334744), np.float32(0.6616442), np.float32(0.59547395), np.float32(0.6255882), np.float32(0.6212791), np.float32(0.5461607), np.float32(0.56860733), np.float32(0.5637406), np.float32(0.5795083), np.float32(0.66642725), np.float32(0.67926013), np.float32(0.7014109), np.float32(0.71910036), np.float32(0.67404073), np.float32(0.6965405), np.float32(0.6682333), np.float32(0.66421074), np.float32(0.6735476), np.float32(0.7282856), np.float32(0.77792585), np.float32(0.7538265), np.float32(0.69990796), np.float32(0.66539717), np.float32(0.6762762), np.float32(0.6372148), np.float32(0.6435139), np.float32(0.71166366), np.float32(0.66747785), np.float32(0.7650652), np.float32(0.72999007), np.float32(0.73304737), np.float32(0.74822557), np.float32(0.7437396), np.float32(0.7120272), np.float32(0.6859508), np.float32(0.68756425), np.float32(0.62642586), np.float32(0.69794184), np.float32(0.57821524), np.float32(0.6141627), np.float32(0.60779625), np.float32(0.7170045), np.float32(0.7543049), np.float32(0.716082), np.float32(0.6750246), np.float32(0.7090336), np.float32(0.6141474), np.float32(0.6319598), np.float32(0.6288465), np.float32(0.63169265), np.float32(0.6223171), np.float32(0.63468695), np.float32(0.6693669), np.float32(0.6890857), np.float32(0.65140945), np.float32(0.6519159), np.float32(0.614312), np.float32(0.6312894), np.float32(0.70133007), np.float32(0.76624846), np.float32(0.75102925), np.float32(0.77077985), np.float32(0.74704796), np.float32(0.7612534), np.float32(0.6382041), np.float32(0.7216424), np.float32(0.63335395), np.float32(0.6187834), np.float32(0.5109755), np.float32(0.53749895), np.float32(0.6107844), np.float32(0.6318637), np.float32(0.64067256), np.float32(0.65304404), np.float32(0.68899703), np.float32(0.7008327), np.float32(0.66514766), np.float32(0.72385013), np.float32(0.7878491), np.float32(0.7660421), np.float32(0.6897197), np.float32(0.7057506), np.float32(0.6126839), np.float32(0.6251149), np.float32(0.54701203), np.float32(0.57633376), np.float32(0.47429788), np.float32(0.5830674), np.float32(0.5893407), np.float32(0.5428734), np.float32(0.6439144), np.float32(0.764377), np.float32(0.8700688), np.float32(0.8150618), np.float32(0.8214757), np.float32(0.68873745), np.float32(0.6875361), np.float32(0.7199025), np.float32(0.6458025), np.float32(0.6205517), np.float32(0.60949534), np.float32(0.6742054), np.float32(0.6477349), np.float32(0.6697805), np.float32(0.6729083), np.float32(0.6487793), np.float32(0.62386215), np.float32(0.6803871), np.float32(0.692679), np.float32(0.70039606), np.float32(0.7166215), np.float32(0.7232434), np.float32(0.69757944), np.float32(0.714288), np.float32(0.68264365), np.float32(0.6992518), np.float32(0.6788111), np.float32(0.7030805)], 'terminal_vars': [np.float32(0.89287734), np.float32(1.0270557), np.float32(1.1191051), np.float32(1.0948306), np.float32(1.0951179), np.float32(1.009285), np.float32(1.0932151), np.float32(1.15898), np.float32(1.0531619), np.float32(0.99482834), np.float32(1.001353), np.float32(0.9620608), np.float32(0.92048764), np.float32(0.95236355), np.float32(0.9544556), np.float32(1.0323577), np.float32(1.103621), np.float32(1.10623), np.float32(1.0827268), np.float32(0.98736304), np.float32(1.0840818), np.float32(1.0765948), np.float32(1.1236539), np.float32(0.9975355), np.float32(0.994757), np.float32(0.97849524), np.float32(0.98733854), np.float32(0.9744928), np.float32(1.0214382), np.float32(0.9840528), np.float32(1.0146903), np.float32(1.0797117), np.float32(1.0133696), np.float32(0.9971761), np.float32(1.0491403), np.float32(1.1185391), np.float32(1.0709169), np.float32(1.1354204), np.float32(1.0935993), np.float32(1.0847651), np.float32(0.93480206), np.float32(1.0008764), np.float32(0.99878234), np.float32(0.9999515), np.float32(0.9922835), np.float32(1.0858717), np.float32(1.068938), np.float32(0.99293536), np.float32(1.0094241), np.float32(0.9623013), np.float32(0.971553), np.float32(0.97859526), np.float32(0.9934207), np.float32(0.9590327), np.float32(0.9037535), np.float32(0.9879395), np.float32(1.0438106), np.float32(0.9958433), np.float32(1.008735), np.float32(1.0617249), np.float32(1.0103312), np.float32(0.9911286), np.float32(0.93785274), np.float32(0.87715137), np.float32(0.86709267), np.float32(0.8999896), np.float32(0.8484367), np.float32(0.7951516), np.float32(0.7880765), np.float32(0.8762326), np.float32(0.89437485), np.float32(0.9445908), np.float32(0.9300655), np.float32(1.0371189), np.float32(0.9831601), np.float32(1.0086362), np.float32(0.9541978), np.float32(1.0260808), np.float32(0.9849343), np.float32(1.0195056), np.float32(1.0283661), np.float32(1.0194991), np.float32(1.0315946), np.float32(1.0359683), np.float32(0.94686854), np.float32(0.9673332), np.float32(0.8903211), np.float32(0.9142868), np.float32(0.8738497), np.float32(0.9084182), np.float32(0.8732194), np.float32(0.93522745), np.float32(0.9537804), np.float32(0.9598055), np.float32(0.912015), np.float32(0.9359029), np.float32(0.92408234), np.float32(0.8172148), np.float32(0.8965095), np.float32(0.81773734), np.float32(0.864702), np.float32(0.86195517), np.float32(0.89091), np.float32(0.9384581), np.float32(0.9284212), np.float32(0.9403577), np.float32(0.97161555), np.float32(0.91866696), np.float32(0.9266032), np.float32(0.9268495), np.float32(1.0187107), np.float32(1.0194227), np.float32(0.9780169), np.float32(1.0018864), np.float32(0.98812366), np.float32(1.0288341), np.float32(0.9917741), np.float32(0.9740986), np.float32(0.9389228), np.float32(0.9620545), np.float32(0.9543817), np.float32(0.96248174), np.float32(0.99694574), np.float32(0.9420696), np.float32(0.9938684), np.float32(0.9647782), np.float32(1.0193056), np.float32(1.0379411), np.float32(1.0776104), np.float32(1.1000102), np.float32(1.1029317), np.float32(1.0739439), np.float32(1.0551662), np.float32(1.0504256), np.float32(0.9786195), np.float32(0.99413264), np.float32(0.9709643), np.float32(0.975881), np.float32(0.9806617), np.float32(0.97317004), np.float32(0.98407316), np.float32(1.0091921), np.float32(0.90741867), np.float32(0.85605836), np.float32(0.8710134), np.float32(0.8385348), np.float32(0.880496), np.float32(0.9129863), np.float32(0.9536209), np.float32(0.9514812), np.float32(1.003932), np.float32(0.92553794), np.float32(0.92793024), np.float32(0.9052925), np.float32(0.9588051), np.float32(0.9486332), np.float32(0.9855869), np.float32(0.8400092), np.float32(0.97785395), np.float32(0.96792805), np.float32(0.92767596), np.float32(0.9606353), np.float32(0.90924025), np.float32(0.8734212), np.float32(0.8320067), np.float32(0.9061904), np.float32(0.88052475), np.float32(0.96152806), np.float32(0.92964303), np.float32(1.0443707), np.float32(1.0555923), np.float32(1.0854808), np.float32(1.0915871), np.float32(1.098366), np.float32(1.0072575), np.float32(0.9839901), np.float32(0.9305248), np.float32(0.9002882), np.float32(0.84770507), np.float32(0.8486013), np.float32(0.7737635), np.float32(0.8044305), np.float32(0.8367148), np.float32(0.81289333), np.float32(0.86146986), np.float32(0.90339047), np.float32(0.9365978), np.float32(0.97887033), np.float32(0.97871935), np.float32(0.95469517), np.float32(1.0154107), np.float32(0.9997579), np.float32(0.95725745), np.float32(1.0249128), np.float32(0.94802), np.float32(0.9378607), np.float32(0.95349455), np.float32(0.9461113), np.float32(0.88008523), np.float32(0.9346031)]}
  final_mean: 0.6817461848258972
  final_var: 0.9718874096870422
  final_trajectories: tensor([[[ 0.0000],
         [ 0.0000],
         [ 0.0000],
         ...,
         [ 0.0000],
         [ 0.0000],
         [ 0.0000]],

        [[-0.0962],
         [-0.1404],
         [ 0.1491],
         ...,
         [ 0.0424],
         [-0.2588],
         [-0.0041]],

        [[ 0.0623],
         [-0.0659],
         [ 0.1006],
         ...,
         [ 0.1427],
         [-0.4414],
         [ 0.2030]],

        ...,

        [[-1.4413],
         [ 0.0841],
         [ 1.0402],
         ...,
         [ 0.2138],
         [ 2.0564],
         [ 2.0948]],

        [[-1.3943],
         [-0.0450],
         [ 0.8910],
         ...,
         [ 0.2779],
         [ 2.3173],
         [ 2.3994]],

        [[-1.2761],
         [-0.4115],
         [ 0.7463],
         ...,
         [ 0.2601],
         [ 2.3990],
         [ 2.5208]]])

Completed: 2026-01-31T11:52:16.069967
