Experiment: 2026-01-26_03-23-23_mfc_backward_regression
Started: 2026-01-26T03:23:23.348536
======================================================================

======================================================================
MFC Configuration (Iterative Backward Regression)
======================================================================
  Physics:    T=1.0, N=50, σ=1.0, dim=1
  Target:     N(1.0, 1.0)
  Initial:    dirac at 0.0
----------------------------------------------------------------------
  Model:      hidden=64, layers=3, time_emb=16
  Training:   200 iterations × 100 epochs, batch=2048, lr=0.001
  λ (terminal_weight): 5.0
======================================================================

[03:23:23] Initialized solver on device: cpu
[03:23:23] Number of networks: 50
[03:23:23] Polyak averaging τ: 0.5
[03:23:23] Total parameters (trainable): 428,850
[03:23:23] ======================================================================
[03:23:23] Starting Iterative Backward Regression (Polyak Averaging)
[03:23:23] ======================================================================
[03:23:23] Iterations: 200
[03:23:23] Backward epochs per step: 100
[03:23:23] Batch size: 2048
[03:23:23] Polyak τ: 0.5
[03:23:23] λ (terminal_weight): 5.0
[03:23:23] Target: N(1.0, 1.0)
[03:23:23] ======================================================================
[03:23:29] Iter [  1/200] | Loss: 0.717318 | μ=0.000 (Δ=1.000), σ=0.945 (Δ=0.055)
[03:23:50] Iter [  5/200] | Loss: 0.488902 | μ=0.839 (Δ=0.161), σ=0.253 (Δ=0.747)
[03:24:15] Iter [ 10/200] | Loss: 0.473881 | μ=0.842 (Δ=0.158), σ=0.238 (Δ=0.762)
[03:24:41] Iter [ 15/200] | Loss: 0.465470 | μ=0.863 (Δ=0.137), σ=0.241 (Δ=0.759)
