Experiment: 2026-01-24_23-09-15_mfc_backward_regression
Started: 2026-01-24T23:09:15.811639
======================================================================

======================================================================
MFC Configuration (Iterative Backward Regression)
======================================================================
  Physics:    T=1.0, N=50, σ=1.0, dim=1
  Target:     N(1.0, 1.0)
  Initial:    dirac at 0.0
----------------------------------------------------------------------
  Model:      hidden=64, layers=3, time_emb=16
  Training:   20 iterations × 100 epochs, batch=2048, lr=0.001
  λ (terminal_weight): 10.0
======================================================================

[23:09:15] Initialized solver on device: cpu
[23:09:15] Number of networks: 50
[23:09:15] Polyak averaging τ: 0.5
[23:09:15] Total parameters (trainable): 428,850
[23:09:15] ======================================================================
[23:09:15] Starting Iterative Backward Regression (Polyak Averaging)
[23:09:15] ======================================================================
[23:09:15] Iterations: 20
[23:09:15] Backward epochs per step: 100
[23:09:15] Batch size: 2048
[23:09:15] Polyak τ: 0.5
[23:09:15] λ (terminal_weight): 10.0
[23:09:15] Target: N(1.0, 1.0)
[23:09:15] ======================================================================
[23:09:22] Iter [  1/20] | Loss: 0.071402 | μ=0.000 (Δ=1.000), σ=0.945 (Δ=0.055)
[23:09:43] Iter [  5/20] | Loss: 0.194068 | μ=-5.190 (Δ=6.190), σ=2.975 (Δ=1.975)
[23:10:08] Iter [ 10/20] | Loss: 0.036247 | μ=-9.358 (Δ=10.358), σ=1.722 (Δ=0.722)
[23:10:33] Iter [ 15/20] | Loss: 0.047500 | μ=-9.099 (Δ=10.099), σ=1.918 (Δ=0.918)
[23:10:58] Iter [ 20/20] | Loss: 0.047976 | μ=-9.133 (Δ=10.133), σ=1.950 (Δ=0.950)
[23:10:58] ======================================================================
[23:10:58] Training Complete! Evaluating with target networks...
[23:10:58] Final Mean: -9.0339 (target: 1.0)
[23:10:58] Final Std:  2.0674 (target: 1.0)
[23:10:58] ======================================================================
[23:10:58] Saved plot: trajectories.png
[23:10:58] Saved plot: terminal_distribution.png
[23:10:58] Saved plot: statistics_evolution.png
[23:10:58] Saved all visualization plots

======================================================================
FINAL RESULTS
======================================================================
  history: {'iteration_losses': [np.float64(0.0714016604423523), np.float64(0.09937748976051808), np.float64(0.13616842661052941), np.float64(0.1883139968290925), np.float64(0.19406793970614672), np.float64(0.15668188337236644), np.float64(0.09311919661238789), np.float64(0.05136305706575513), np.float64(0.0380847636051476), np.float64(0.03624725118279457), np.float64(0.036949955634772776), np.float64(0.036860090605914594), np.float64(0.03893388345837593), np.float64(0.04403679190203547), np.float64(0.04749984614551067), np.float64(0.04751565158367157), np.float64(0.053179616946727036), np.float64(0.055176720470190045), np.float64(0.056698917746543884), np.float64(0.047975550852715966)], 'terminal_means': [np.float32(0.00022334093), np.float32(-0.7380134), np.float32(-1.8426827), np.float32(-3.2504728), np.float32(-5.1895266), np.float32(-6.883807), np.float32(-8.284411), np.float32(-9.063998), np.float32(-9.276493), np.float32(-9.357717), np.float32(-9.304403), np.float32(-9.304082), np.float32(-9.273031), np.float32(-9.122399), np.float32(-9.099106), np.float32(-9.082804), np.float32(-9.036802), np.float32(-8.98629), np.float32(-8.989679), np.float32(-9.132711)], 'terminal_vars': [np.float32(0.89287734), np.float32(2.703154), np.float32(4.781483), np.float32(7.6104355), np.float32(8.852147), np.float32(8.254763), np.float32(5.8280783), np.float32(3.9142206), np.float32(3.0255153), np.float32(2.9651785), np.float32(3.0396733), np.float32(3.0546646), np.float32(3.2477903), np.float32(3.4265165), np.float32(3.6777587), np.float32(3.697124), np.float32(4.1661835), np.float32(4.2350597), np.float32(4.2511754), np.float32(3.8022294)]}
  final_mean: -9.033884048461914
  final_var: 4.274224281311035
  final_trajectories: tensor([[[  0.0000],
         [  0.0000],
         [  0.0000],
         ...,
         [  0.0000],
         [  0.0000],
         [  0.0000]],

        [[ -0.4184],
         [ -0.3906],
         [ -0.3392],
         ...,
         [ -0.4154],
         [ -0.0797],
         [ -0.3877]],

        [[ -0.7250],
         [ -0.5916],
         [ -0.4456],
         ...,
         [ -0.6722],
         [ -0.5128],
         [ -0.7060]],

        ...,

        [[-10.8793],
         [ -8.0717],
         [ -8.3972],
         ...,
         [-10.0907],
         [-10.4104],
         [ -9.4607]],

        [[-11.0397],
         [ -8.0970],
         [ -8.4266],
         ...,
         [-10.2350],
         [-10.6284],
         [ -9.4451]],

        [[-11.3499],
         [ -8.2677],
         [ -8.4206],
         ...,
         [-10.6123],
         [-10.8881],
         [ -9.5274]]])

Completed: 2026-01-24T23:11:19.992407
