Experiment: 2026-02-02_23-05-12_exp_Gaussian
Started: 2026-02-02T23:05:12.454469
======================================================================

======================================================================
MFC Configuration (Iterative Backward Regression)
======================================================================
  Physics:    T=1.0, N=50, σ=1.0, dim=1
  Target:     N(1.0, 1.0)
  Initial:    dirac at 0.0
----------------------------------------------------------------------
  Model:      hidden=64, layers=3, time_emb=16
  Training:   100 iterations × 100 epochs, batch=2048, lr=0.001
  Polyak τ:   0.05
  λ (terminal_weight): 1.0
======================================================================

[23:05:12] Initialized solver on device: cpu
[23:05:12] Number of networks: 50
[23:05:12] Polyak averaging τ: 0.05
[23:05:12] Total parameters (trainable): 428,850
[23:05:12] ======================================================================
[23:05:12] Starting Iterative Backward Regression (Polyak Averaging)
[23:05:12] ======================================================================
[23:05:12] Iterations: 100
[23:05:12] Backward epochs per step: 100
[23:05:12] Batch size: 2048
[23:05:12] Polyak τ: 0.05
[23:05:12] λ (terminal_weight): 1.0
[23:05:12] Target: N(1.0, 1.0)
[23:05:12] ======================================================================
[23:05:18] Iter [  1/100] | Loss: 0.000175 | μ=0.047 (Δ=0.953), σ=0.984 (Δ=0.016)
[23:05:42] Iter [  5/100] | Loss: 0.000123 | μ=0.201 (Δ=0.799), σ=0.991 (Δ=0.009)
[23:06:10] Iter [ 10/100] | Loss: 0.000013 | μ=0.358 (Δ=0.642), σ=0.962 (Δ=0.038)
[23:06:38] Iter [ 15/100] | Loss: 0.000029 | μ=0.429 (Δ=0.571), σ=0.970 (Δ=0.030)
[23:07:07] Iter [ 20/100] | Loss: 0.000024 | μ=0.471 (Δ=0.529), σ=0.967 (Δ=0.033)
[23:07:35] Iter [ 25/100] | Loss: 0.000024 | μ=0.458 (Δ=0.542), σ=0.968 (Δ=0.032)
[23:08:04] Iter [ 30/100] | Loss: 0.000096 | μ=0.530 (Δ=0.470), σ=0.987 (Δ=0.013)
[23:08:32] Iter [ 35/100] | Loss: 0.000125 | μ=0.509 (Δ=0.491), σ=0.993 (Δ=0.007)
[23:09:00] Iter [ 40/100] | Loss: 0.000127 | μ=0.469 (Δ=0.531), σ=0.994 (Δ=0.006)
[23:09:29] Iter [ 45/100] | Loss: 0.000071 | μ=0.487 (Δ=0.513), σ=0.982 (Δ=0.018)
[23:09:57] Iter [ 50/100] | Loss: 0.000053 | μ=0.476 (Δ=0.524), σ=0.977 (Δ=0.023)
[23:10:26] Iter [ 55/100] | Loss: 0.000225 | μ=0.502 (Δ=0.498), σ=1.009 (Δ=0.009)
[23:10:54] Iter [ 60/100] | Loss: 0.000007 | μ=0.478 (Δ=0.522), σ=0.959 (Δ=0.041)
[23:11:23] Iter [ 65/100] | Loss: 0.000157 | μ=0.524 (Δ=0.476), σ=0.998 (Δ=0.002)
[23:11:52] Iter [ 70/100] | Loss: 0.000043 | μ=0.519 (Δ=0.481), σ=0.974 (Δ=0.026)
[23:12:24] Iter [ 75/100] | Loss: 0.000128 | μ=0.481 (Δ=0.519), σ=0.994 (Δ=0.006)
[23:13:01] Iter [ 80/100] | Loss: 0.000019 | μ=0.486 (Δ=0.514), σ=0.966 (Δ=0.034)
[23:13:29] Iter [ 85/100] | Loss: 0.000023 | μ=0.475 (Δ=0.525), σ=0.967 (Δ=0.033)
[23:13:56] Iter [ 90/100] | Loss: 0.000150 | μ=0.496 (Δ=0.504), σ=0.997 (Δ=0.003)
[23:14:23] Iter [ 95/100] | Loss: 0.000094 | μ=0.507 (Δ=0.493), σ=0.987 (Δ=0.013)
[23:14:51] Iter [100/100] | Loss: 0.000027 | μ=0.484 (Δ=0.516), σ=0.969 (Δ=0.031)
[23:14:51] ======================================================================
[23:14:51] Training Complete! Evaluating with target networks...
[23:14:51] Final Mean: 0.4842 (target: 1.0)
[23:14:51] Final Std:  0.9765 (target: 1.0)
[23:14:51] ======================================================================
