Experiment: 2026-02-05_00-49-37_exp_Student_t
Started: 2026-02-05T00:49:37.052969
======================================================================

======================================================================
MFC Configuration (Iterative Backward Regression)
======================================================================
  Physics:    T=1.0, N=50, σ=1.0, dim=1
  Target:     N(0.0, 1.0)
  Initial:    dirac at 0.0
----------------------------------------------------------------------
  Model:      hidden=64, layers=3, time_emb=16
  Training:   400 iterations × 100 epochs, batch=2048, lr=0.001
  Polyak τ:   0.5
  λ (terminal_weight): 2.0
======================================================================

[00:49:37] Initialized solver on device: cpu
[00:49:37] Number of networks: 50
[00:49:37] Polyak averaging τ: 0.5
[00:49:37] Total parameters (trainable): 428,850
[00:49:37] ======================================================================
[00:49:37] Starting Iterative Backward Regression (Polyak Averaging)
[00:49:37] ======================================================================
[00:49:37] Iterations: 400
[00:49:37] Backward epochs per step: 100
[00:49:37] Batch size: 2048
[00:49:37] Polyak τ: 0.5
[00:49:37] λ (terminal_weight): 2.0
[00:49:37] Target: N(0.0, 1.0)
[00:49:37] ======================================================================
[00:49:42] Iter [  1/400] | Loss: 0.016043 | μ=0.022 (Δ=0.022), σ=0.999 (Δ=0.001)
[00:50:05] Iter [  5/400] | Loss: 0.005564 | μ=0.061 (Δ=0.061), σ=1.124 (Δ=0.124)
[00:50:33] Iter [ 10/400] | Loss: 0.008530 | μ=0.136 (Δ=0.136), σ=1.122 (Δ=0.122)
[00:51:02] Iter [ 15/400] | Loss: 0.006984 | μ=0.168 (Δ=0.168), σ=1.252 (Δ=0.252)
[00:51:30] Iter [ 20/400] | Loss: 0.002745 | μ=-0.174 (Δ=0.174), σ=1.342 (Δ=0.342)
[00:51:58] Iter [ 25/400] | Loss: 0.023154 | μ=-0.147 (Δ=0.147), σ=1.032 (Δ=0.032)
[00:52:26] Iter [ 30/400] | Loss: 0.005524 | μ=-0.133 (Δ=0.133), σ=1.186 (Δ=0.186)
[00:52:55] Iter [ 35/400] | Loss: 0.006396 | μ=0.003 (Δ=0.003), σ=1.245 (Δ=0.245)
[00:53:23] Iter [ 40/400] | Loss: 0.001318 | μ=-0.044 (Δ=0.044), σ=1.144 (Δ=0.144)
[00:53:51] Iter [ 45/400] | Loss: 0.000835 | μ=0.067 (Δ=0.067), σ=1.185 (Δ=0.185)
[00:54:20] Iter [ 50/400] | Loss: 0.008013 | μ=-0.101 (Δ=0.101), σ=1.092 (Δ=0.092)
[00:54:48] Iter [ 55/400] | Loss: 0.009313 | μ=-0.061 (Δ=0.061), σ=1.138 (Δ=0.138)
[00:55:16] Iter [ 60/400] | Loss: 0.006467 | μ=-0.118 (Δ=0.118), σ=1.420 (Δ=0.420)
[00:55:45] Iter [ 65/400] | Loss: 0.002135 | μ=-0.107 (Δ=0.107), σ=1.189 (Δ=0.189)
[00:56:13] Iter [ 70/400] | Loss: 0.003182 | μ=-0.243 (Δ=0.243), σ=1.013 (Δ=0.013)
[00:56:41] Iter [ 75/400] | Loss: 0.005167 | μ=-0.157 (Δ=0.157), σ=1.127 (Δ=0.127)
[00:57:10] Iter [ 80/400] | Loss: 0.007450 | μ=0.094 (Δ=0.094), σ=1.167 (Δ=0.167)
[00:57:38] Iter [ 85/400] | Loss: 0.009884 | μ=0.156 (Δ=0.156), σ=0.995 (Δ=0.005)
[00:58:06] Iter [ 90/400] | Loss: 0.010730 | μ=0.040 (Δ=0.040), σ=1.087 (Δ=0.087)
[00:58:35] Iter [ 95/400] | Loss: 0.015625 | μ=-0.109 (Δ=0.109), σ=1.120 (Δ=0.120)
[00:59:03] Iter [100/400] | Loss: 0.009346 | μ=0.069 (Δ=0.069), σ=1.147 (Δ=0.147)
[00:59:31] Iter [105/400] | Loss: 0.002891 | μ=-0.207 (Δ=0.207), σ=1.228 (Δ=0.228)
[00:59:59] Iter [110/400] | Loss: 0.003586 | μ=0.125 (Δ=0.125), σ=1.192 (Δ=0.192)
[01:00:28] Iter [115/400] | Loss: 0.005866 | μ=0.004 (Δ=0.004), σ=1.092 (Δ=0.092)
[01:00:56] Iter [120/400] | Loss: 0.002103 | μ=0.007 (Δ=0.007), σ=1.297 (Δ=0.297)
[01:01:24] Iter [125/400] | Loss: 0.003828 | μ=-0.105 (Δ=0.105), σ=1.169 (Δ=0.169)
[01:01:53] Iter [130/400] | Loss: 0.005202 | μ=0.158 (Δ=0.158), σ=1.159 (Δ=0.159)
[01:02:21] Iter [135/400] | Loss: 0.008468 | μ=-0.174 (Δ=0.174), σ=1.164 (Δ=0.164)
[01:02:49] Iter [140/400] | Loss: 0.009738 | μ=0.144 (Δ=0.144), σ=1.329 (Δ=0.329)
[01:03:17] Iter [145/400] | Loss: 0.006666 | μ=-0.127 (Δ=0.127), σ=1.136 (Δ=0.136)
[01:03:46] Iter [150/400] | Loss: 0.005434 | μ=-0.026 (Δ=0.026), σ=1.212 (Δ=0.212)
[01:04:14] Iter [155/400] | Loss: 0.002838 | μ=-0.047 (Δ=0.047), σ=1.168 (Δ=0.168)
[01:04:42] Iter [160/400] | Loss: 0.009952 | μ=0.071 (Δ=0.071), σ=1.154 (Δ=0.154)
[01:05:10] Iter [165/400] | Loss: 0.016703 | μ=0.214 (Δ=0.214), σ=1.234 (Δ=0.234)
[01:05:39] Iter [170/400] | Loss: 0.003481 | μ=0.150 (Δ=0.150), σ=1.090 (Δ=0.090)
[01:06:07] Iter [175/400] | Loss: 0.001943 | μ=-0.212 (Δ=0.212), σ=1.265 (Δ=0.265)
[01:06:35] Iter [180/400] | Loss: 0.003196 | μ=-0.081 (Δ=0.081), σ=1.170 (Δ=0.170)
[01:07:03] Iter [185/400] | Loss: 0.004992 | μ=-0.069 (Δ=0.069), σ=1.048 (Δ=0.048)
[01:07:32] Iter [190/400] | Loss: 0.005419 | μ=0.073 (Δ=0.073), σ=1.068 (Δ=0.068)
[01:08:00] Iter [195/400] | Loss: 0.002526 | μ=-0.234 (Δ=0.234), σ=1.075 (Δ=0.075)
[01:08:28] Iter [200/400] | Loss: 0.007117 | μ=0.052 (Δ=0.052), σ=1.235 (Δ=0.235)
[01:08:56] Iter [205/400] | Loss: 0.003655 | μ=-0.012 (Δ=0.012), σ=1.125 (Δ=0.125)
[01:09:25] Iter [210/400] | Loss: 0.012076 | μ=0.136 (Δ=0.136), σ=1.091 (Δ=0.091)
[01:09:53] Iter [215/400] | Loss: 0.022197 | μ=-0.254 (Δ=0.254), σ=1.054 (Δ=0.054)
[01:10:21] Iter [220/400] | Loss: 0.005355 | μ=0.204 (Δ=0.204), σ=1.130 (Δ=0.130)
[01:10:49] Iter [225/400] | Loss: 0.004312 | μ=-0.014 (Δ=0.014), σ=1.174 (Δ=0.174)
[01:11:18] Iter [230/400] | Loss: 0.005904 | μ=0.290 (Δ=0.290), σ=1.211 (Δ=0.211)
[01:11:46] Iter [235/400] | Loss: 0.009661 | μ=-0.084 (Δ=0.084), σ=1.025 (Δ=0.025)
[01:12:14] Iter [240/400] | Loss: 0.007048 | μ=-0.088 (Δ=0.088), σ=0.971 (Δ=0.029)
[01:12:43] Iter [245/400] | Loss: 0.004109 | μ=0.150 (Δ=0.150), σ=1.077 (Δ=0.077)
[01:13:11] Iter [250/400] | Loss: 0.011392 | μ=0.011 (Δ=0.011), σ=1.087 (Δ=0.087)
[01:13:39] Iter [255/400] | Loss: 0.006501 | μ=-0.152 (Δ=0.152), σ=1.035 (Δ=0.035)
[01:14:07] Iter [260/400] | Loss: 0.003208 | μ=0.164 (Δ=0.164), σ=1.292 (Δ=0.292)
[01:14:36] Iter [265/400] | Loss: 0.014025 | μ=-0.156 (Δ=0.156), σ=1.280 (Δ=0.280)
[01:15:04] Iter [270/400] | Loss: 0.009179 | μ=-0.080 (Δ=0.080), σ=1.129 (Δ=0.129)
[01:15:32] Iter [275/400] | Loss: 0.007457 | μ=-0.015 (Δ=0.015), σ=1.249 (Δ=0.249)
[01:16:01] Iter [280/400] | Loss: 0.006432 | μ=0.161 (Δ=0.161), σ=1.126 (Δ=0.126)
[01:16:29] Iter [285/400] | Loss: 0.003325 | μ=-0.026 (Δ=0.026), σ=1.165 (Δ=0.165)
[01:16:57] Iter [290/400] | Loss: 0.007218 | μ=-0.006 (Δ=0.006), σ=1.157 (Δ=0.157)
[01:17:26] Iter [295/400] | Loss: 0.005184 | μ=0.068 (Δ=0.068), σ=1.011 (Δ=0.011)
[01:17:54] Iter [300/400] | Loss: 0.003681 | μ=-0.137 (Δ=0.137), σ=1.186 (Δ=0.186)
[01:18:22] Iter [305/400] | Loss: 0.007489 | μ=0.148 (Δ=0.148), σ=1.138 (Δ=0.138)
[01:18:50] Iter [310/400] | Loss: 0.008526 | μ=0.144 (Δ=0.144), σ=0.984 (Δ=0.016)
[01:19:18] Iter [315/400] | Loss: 0.001915 | μ=-0.019 (Δ=0.019), σ=1.037 (Δ=0.037)
[01:19:47] Iter [320/400] | Loss: 0.005798 | μ=0.220 (Δ=0.220), σ=1.124 (Δ=0.124)
[01:20:15] Iter [325/400] | Loss: 0.003201 | μ=0.201 (Δ=0.201), σ=1.130 (Δ=0.130)
[01:20:43] Iter [330/400] | Loss: 0.005712 | μ=0.018 (Δ=0.018), σ=1.065 (Δ=0.065)
[01:21:11] Iter [335/400] | Loss: 0.008310 | μ=-0.247 (Δ=0.247), σ=1.164 (Δ=0.164)
[01:21:40] Iter [340/400] | Loss: 0.021279 | μ=-0.112 (Δ=0.112), σ=1.043 (Δ=0.043)
[01:22:08] Iter [345/400] | Loss: 0.009244 | μ=-0.088 (Δ=0.088), σ=1.331 (Δ=0.331)
[01:22:36] Iter [350/400] | Loss: 0.001526 | μ=-0.332 (Δ=0.332), σ=1.111 (Δ=0.111)
[01:23:04] Iter [355/400] | Loss: 0.009613 | μ=0.191 (Δ=0.191), σ=1.217 (Δ=0.217)
[01:23:33] Iter [360/400] | Loss: 0.014678 | μ=0.111 (Δ=0.111), σ=1.210 (Δ=0.210)
[01:24:01] Iter [365/400] | Loss: 0.010315 | μ=0.137 (Δ=0.137), σ=1.199 (Δ=0.199)
[01:24:29] Iter [370/400] | Loss: 0.000590 | μ=0.111 (Δ=0.111), σ=1.029 (Δ=0.029)
[01:24:58] Iter [375/400] | Loss: 0.003867 | μ=0.012 (Δ=0.012), σ=1.270 (Δ=0.270)
[01:25:26] Iter [380/400] | Loss: 0.003434 | μ=0.178 (Δ=0.178), σ=1.139 (Δ=0.139)
[01:25:54] Iter [385/400] | Loss: 0.008166 | μ=-0.069 (Δ=0.069), σ=1.174 (Δ=0.174)
[01:26:22] Iter [390/400] | Loss: 0.003157 | μ=0.018 (Δ=0.018), σ=1.021 (Δ=0.021)
[01:26:50] Iter [395/400] | Loss: 0.005268 | μ=0.015 (Δ=0.015), σ=1.081 (Δ=0.081)
[01:27:18] Iter [400/400] | Loss: 0.003292 | μ=0.018 (Δ=0.018), σ=1.076 (Δ=0.076)
[01:27:18] ======================================================================
[01:27:18] Training Complete! Evaluating with target networks...
[01:27:19] Final Mean: -0.0688 (target: 0.0)
[01:27:19] Final Std:  1.0845 (target: 1.0)
[01:27:19] ======================================================================
