Experiment: 2026-01-26_03-29-49_sweep_lambda_3.0
Started: 2026-01-26T03:29:49.183655
======================================================================

======================================================================
MFC Configuration (Iterative Backward Regression)
======================================================================
  Physics:    T=1.0, N=50, σ=1.0, dim=1
  Target:     N(1.0, 1.0)
  Initial:    dirac at 0.0
----------------------------------------------------------------------
  Model:      hidden=64, layers=3, time_emb=16
  Training:   5 iterations × 100 epochs, batch=2048, lr=0.001
  λ (terminal_weight): 3.0
======================================================================

[03:29:49] Initialized solver on device: cpu
[03:29:49] Number of networks: 50
[03:29:49] Polyak averaging τ: 0.5
[03:29:49] Total parameters (trainable): 428,850
[03:29:49] ======================================================================
[03:29:49] Starting Iterative Backward Regression (Polyak Averaging)
[03:29:49] ======================================================================
[03:29:49] Iterations: 5
[03:29:49] Backward epochs per step: 100
[03:29:49] Batch size: 2048
[03:29:49] Polyak τ: 0.5
[03:29:49] λ (terminal_weight): 3.0
[03:29:49] Target: N(1.0, 1.0)
[03:29:49] ======================================================================
[03:29:54] Iter [  1/5] | Loss: 0.266588 | μ=0.000 (Δ=1.000), σ=0.945 (Δ=0.055)
[03:30:15] Iter [  5/5] | Loss: 0.185657 | μ=0.753 (Δ=0.247), σ=0.353 (Δ=0.647)
[03:30:15] ======================================================================
[03:30:15] Training Complete! Evaluating with target networks...
[03:30:15] Final Mean: 0.7655 (target: 1.0)
[03:30:15] Final Std:  0.3331 (target: 1.0)
[03:30:15] ======================================================================
[03:30:15] Saved plot: trajectories.png
[03:30:16] Saved plot: terminal_distribution.png
[03:30:16] Saved plot: statistics_evolution.png
[03:30:16] Saved all visualization plots

======================================================================
FINAL RESULTS
======================================================================
  history: {'iteration_losses': [np.float64(0.26658822894096373), np.float64(0.19623688358813524), np.float64(0.18527022970840334), np.float64(0.18724224913865328), np.float64(0.18565691590309144)], 'terminal_means': [np.float32(0.00022334093), np.float32(0.60872793), np.float32(0.7099916), np.float32(0.7442107), np.float32(0.7529787)], 'terminal_vars': [np.float32(0.89287734), np.float32(0.28136367), np.float32(0.1720103), np.float32(0.13033697), np.float32(0.12453455)]}
  final_mean: 0.7655347585678101
  final_var: 0.11093074828386307
  final_trajectories: tensor([[[ 0.0000],
         [ 0.0000],
         [ 0.0000],
         ...,
         [ 0.0000],
         [ 0.0000],
         [ 0.0000]],

        [[ 0.1488],
         [-0.0652],
         [ 0.0592],
         ...,
         [-0.1536],
         [ 0.1172],
         [-0.1522]],

        [[ 0.0958],
         [-0.1587],
         [-0.0187],
         ...,
         [-0.0410],
         [ 0.2347],
         [-0.0156]],

        ...,

        [[ 0.3603],
         [ 0.7892],
         [ 1.0318],
         ...,
         [ 0.3956],
         [ 1.0570],
         [ 0.5892]],

        [[ 0.3905],
         [ 1.0083],
         [ 1.0240],
         ...,
         [ 0.4602],
         [ 0.9619],
         [ 0.8358]],

        [[ 0.3734],
         [ 0.9420],
         [ 1.2723],
         ...,
         [ 0.4773],
         [ 1.0910],
         [ 0.6539]]])

Completed: 2026-01-26T03:30:16.126719
