Experiment: 2026-02-04_18-13-34_exp_Gaussian
Started: 2026-02-04T18:13:34.157183
======================================================================

======================================================================
MFC Configuration (Iterative Backward Regression)
======================================================================
  Physics:    T=1.0, N=50, σ=1.0, dim=1
  Target:     N(1.0, 1.0)
  Initial:    dirac at 0.0
----------------------------------------------------------------------
  Model:      hidden=64, layers=3, time_emb=16
  Training:   400 iterations × 100 epochs, batch=2048, lr=0.001
  Polyak τ:   0.5
  λ (terminal_weight): 2.0
======================================================================

[18:13:34] Initialized solver on device: cpu
[18:13:34] Number of networks: 50
[18:13:34] Polyak averaging τ: 0.5
[18:13:34] Total parameters (trainable): 428,850
[18:13:34] ======================================================================
[18:13:34] Starting Iterative Backward Regression (Polyak Averaging)
[18:13:34] ======================================================================
[18:13:34] Iterations: 400
[18:13:34] Backward epochs per step: 100
[18:13:34] Batch size: 2048
[18:13:34] Polyak τ: 0.5
[18:13:34] λ (terminal_weight): 2.0
[18:13:34] Target: N(1.0, 1.0)
[18:13:34] ======================================================================
[18:13:41] Iter [  1/400] | Loss: 0.000671 | μ=0.037 (Δ=0.963), σ=0.984 (Δ=0.016)
[18:14:07] Iter [  5/400] | Loss: 0.006076 | μ=0.582 (Δ=0.418), σ=0.924 (Δ=0.076)
[18:14:37] Iter [ 10/400] | Loss: 0.001885 | μ=0.430 (Δ=0.570), σ=0.904 (Δ=0.096)
[18:15:09] Iter [ 15/400] | Loss: 0.003081 | μ=0.468 (Δ=0.532), σ=0.935 (Δ=0.065)
[18:15:44] Iter [ 20/400] | Loss: 0.000267 | μ=0.524 (Δ=0.476), σ=0.927 (Δ=0.073)
[18:16:13] Iter [ 25/400] | Loss: 0.000737 | μ=0.498 (Δ=0.502), σ=0.882 (Δ=0.118)
[18:16:45] Iter [ 30/400] | Loss: 0.001277 | μ=0.892 (Δ=0.108), σ=0.991 (Δ=0.009)
[18:17:15] Iter [ 35/400] | Loss: 0.006861 | μ=0.570 (Δ=0.430), σ=0.888 (Δ=0.112)
[18:17:45] Iter [ 40/400] | Loss: 0.053295 | μ=0.857 (Δ=0.143), σ=1.252 (Δ=0.252)
[18:18:15] Iter [ 45/400] | Loss: 0.000451 | μ=0.951 (Δ=0.049), σ=0.916 (Δ=0.084)
[18:18:45] Iter [ 50/400] | Loss: 0.009368 | μ=1.111 (Δ=0.111), σ=1.044 (Δ=0.044)
[18:19:16] Iter [ 55/400] | Loss: 0.003935 | μ=0.769 (Δ=0.231), σ=0.870 (Δ=0.130)
[18:19:46] Iter [ 60/400] | Loss: 0.002473 | μ=0.855 (Δ=0.145), σ=1.095 (Δ=0.095)
[18:20:16] Iter [ 65/400] | Loss: 0.004038 | μ=0.729 (Δ=0.271), σ=1.011 (Δ=0.011)
[18:20:45] Iter [ 70/400] | Loss: 0.013468 | μ=1.001 (Δ=0.001), σ=1.145 (Δ=0.145)
[18:21:13] Iter [ 75/400] | Loss: 0.014543 | μ=0.677 (Δ=0.323), σ=0.826 (Δ=0.174)
[18:21:42] Iter [ 80/400] | Loss: 0.013863 | μ=0.473 (Δ=0.527), σ=0.843 (Δ=0.157)
[18:22:10] Iter [ 85/400] | Loss: 0.026196 | μ=0.187 (Δ=0.813), σ=1.152 (Δ=0.152)
[18:22:38] Iter [ 90/400] | Loss: 0.004151 | μ=0.782 (Δ=0.218), σ=1.055 (Δ=0.055)
[18:23:08] Iter [ 95/400] | Loss: 0.008184 | μ=0.659 (Δ=0.341), σ=0.898 (Δ=0.102)
[18:23:38] Iter [100/400] | Loss: 0.001067 | μ=0.802 (Δ=0.198), σ=0.899 (Δ=0.101)
[18:24:07] Iter [105/400] | Loss: 0.001049 | μ=0.635 (Δ=0.365), σ=1.055 (Δ=0.055)
[18:24:36] Iter [110/400] | Loss: 0.039241 | μ=0.634 (Δ=0.366), σ=0.869 (Δ=0.131)
[18:25:06] Iter [115/400] | Loss: 0.013066 | μ=1.034 (Δ=0.034), σ=1.103 (Δ=0.103)
[18:25:41] Iter [120/400] | Loss: 0.013233 | μ=0.786 (Δ=0.214), σ=0.832 (Δ=0.168)
[18:26:14] Iter [125/400] | Loss: 0.007613 | μ=0.304 (Δ=0.696), σ=1.217 (Δ=0.217)
[18:26:44] Iter [130/400] | Loss: 0.003082 | μ=0.870 (Δ=0.130), σ=0.919 (Δ=0.081)
[18:27:16] Iter [135/400] | Loss: 0.002852 | μ=0.508 (Δ=0.492), σ=1.117 (Δ=0.117)
[18:27:50] Iter [140/400] | Loss: 0.025670 | μ=0.541 (Δ=0.459), σ=0.835 (Δ=0.165)
[18:28:20] Iter [145/400] | Loss: 0.007605 | μ=0.874 (Δ=0.126), σ=0.990 (Δ=0.010)
[18:28:49] Iter [150/400] | Loss: 0.005993 | μ=0.092 (Δ=0.908), σ=0.966 (Δ=0.034)
[18:29:20] Iter [155/400] | Loss: 0.002899 | μ=1.030 (Δ=0.030), σ=1.048 (Δ=0.048)
[18:29:50] Iter [160/400] | Loss: 0.008510 | μ=0.689 (Δ=0.311), σ=1.068 (Δ=0.068)
[18:30:19] Iter [165/400] | Loss: 0.001975 | μ=0.935 (Δ=0.065), σ=1.002 (Δ=0.002)
[18:30:48] Iter [170/400] | Loss: 0.000461 | μ=0.949 (Δ=0.051), σ=0.933 (Δ=0.067)
[18:31:18] Iter [175/400] | Loss: 0.023927 | μ=0.143 (Δ=0.857), σ=1.038 (Δ=0.038)
[18:31:48] Iter [180/400] | Loss: 0.002228 | μ=0.997 (Δ=0.003), σ=1.041 (Δ=0.041)
[18:32:18] Iter [185/400] | Loss: 0.006034 | μ=0.811 (Δ=0.189), σ=1.035 (Δ=0.035)
[18:32:48] Iter [190/400] | Loss: 0.015746 | μ=0.954 (Δ=0.046), σ=1.149 (Δ=0.149)
[18:33:18] Iter [195/400] | Loss: 0.000985 | μ=0.237 (Δ=0.763), σ=0.822 (Δ=0.178)
[18:33:48] Iter [200/400] | Loss: 0.005584 | μ=0.674 (Δ=0.326), σ=1.112 (Δ=0.112)
[18:34:17] Iter [205/400] | Loss: 0.011921 | μ=0.167 (Δ=0.833), σ=0.802 (Δ=0.198)
[18:34:47] Iter [210/400] | Loss: 0.000333 | μ=0.510 (Δ=0.490), σ=0.936 (Δ=0.064)
[18:35:18] Iter [215/400] | Loss: 0.001356 | μ=0.741 (Δ=0.259), σ=0.907 (Δ=0.093)
[18:35:47] Iter [220/400] | Loss: 0.004473 | μ=0.514 (Δ=0.486), σ=0.935 (Δ=0.065)
[18:36:16] Iter [225/400] | Loss: 0.003398 | μ=0.531 (Δ=0.469), σ=0.993 (Δ=0.007)
[18:36:45] Iter [230/400] | Loss: 0.001337 | μ=0.169 (Δ=0.831), σ=0.957 (Δ=0.043)
[18:37:13] Iter [235/400] | Loss: 0.003196 | μ=0.504 (Δ=0.496), σ=0.864 (Δ=0.136)
[18:37:42] Iter [240/400] | Loss: 0.004063 | μ=0.480 (Δ=0.520), σ=0.955 (Δ=0.045)
[18:38:12] Iter [245/400] | Loss: 0.002750 | μ=0.570 (Δ=0.430), σ=1.034 (Δ=0.034)
[18:38:40] Iter [250/400] | Loss: 0.004281 | μ=0.531 (Δ=0.469), σ=0.959 (Δ=0.041)
[18:39:09] Iter [255/400] | Loss: 0.004956 | μ=0.909 (Δ=0.091), σ=1.059 (Δ=0.059)
[18:39:38] Iter [260/400] | Loss: 0.002602 | μ=0.789 (Δ=0.211), σ=0.962 (Δ=0.038)
[18:40:06] Iter [265/400] | Loss: 0.010259 | μ=0.600 (Δ=0.400), σ=0.941 (Δ=0.059)
[18:40:35] Iter [270/400] | Loss: 0.001955 | μ=0.624 (Δ=0.376), σ=1.131 (Δ=0.131)
[18:41:04] Iter [275/400] | Loss: 0.003714 | μ=0.400 (Δ=0.600), σ=0.818 (Δ=0.182)
[18:41:33] Iter [280/400] | Loss: 0.000078 | μ=0.569 (Δ=0.431), σ=0.863 (Δ=0.137)
[18:42:02] Iter [285/400] | Loss: 0.005617 | μ=0.615 (Δ=0.385), σ=0.994 (Δ=0.006)
[18:42:32] Iter [290/400] | Loss: 0.000772 | μ=0.675 (Δ=0.325), σ=1.048 (Δ=0.048)
[18:43:02] Iter [295/400] | Loss: 0.010290 | μ=0.851 (Δ=0.149), σ=0.877 (Δ=0.123)
[18:43:30] Iter [300/400] | Loss: 0.013213 | μ=1.028 (Δ=0.028), σ=1.236 (Δ=0.236)
[18:44:00] Iter [305/400] | Loss: 0.016498 | μ=0.422 (Δ=0.578), σ=1.037 (Δ=0.037)
[18:44:29] Iter [310/400] | Loss: 0.006117 | μ=1.162 (Δ=0.162), σ=1.125 (Δ=0.125)
[18:44:58] Iter [315/400] | Loss: 0.012256 | μ=0.549 (Δ=0.451), σ=0.782 (Δ=0.218)
[18:45:28] Iter [320/400] | Loss: 0.002255 | μ=1.422 (Δ=0.422), σ=0.941 (Δ=0.059)
[18:45:57] Iter [325/400] | Loss: 0.010836 | μ=0.807 (Δ=0.193), σ=1.010 (Δ=0.010)
[18:46:27] Iter [330/400] | Loss: 0.011911 | μ=0.507 (Δ=0.493), σ=0.794 (Δ=0.206)
[18:46:57] Iter [335/400] | Loss: 0.005503 | μ=0.449 (Δ=0.551), σ=0.844 (Δ=0.156)
[18:47:27] Iter [340/400] | Loss: 0.000076 | μ=0.231 (Δ=0.769), σ=1.010 (Δ=0.010)
[18:47:57] Iter [345/400] | Loss: 0.005699 | μ=0.684 (Δ=0.316), σ=0.917 (Δ=0.083)
[18:48:26] Iter [350/400] | Loss: 0.000896 | μ=0.903 (Δ=0.097), σ=0.936 (Δ=0.064)
[18:48:55] Iter [355/400] | Loss: 0.002892 | μ=0.847 (Δ=0.153), σ=1.022 (Δ=0.022)
[18:49:23] Iter [360/400] | Loss: 0.016787 | μ=0.314 (Δ=0.686), σ=0.812 (Δ=0.188)
[18:49:52] Iter [365/400] | Loss: 0.001468 | μ=0.458 (Δ=0.542), σ=1.027 (Δ=0.027)
[18:50:22] Iter [370/400] | Loss: 0.003276 | μ=1.199 (Δ=0.199), σ=1.035 (Δ=0.035)
[18:50:52] Iter [375/400] | Loss: 0.011646 | μ=0.693 (Δ=0.307), σ=0.779 (Δ=0.221)
[18:51:22] Iter [380/400] | Loss: 0.000210 | μ=0.782 (Δ=0.218), σ=1.103 (Δ=0.103)
[18:51:52] Iter [385/400] | Loss: 0.011490 | μ=0.409 (Δ=0.591), σ=1.152 (Δ=0.152)
[18:52:22] Iter [390/400] | Loss: 0.004566 | μ=0.989 (Δ=0.011), σ=1.112 (Δ=0.112)
[18:52:52] Iter [395/400] | Loss: 0.006435 | μ=1.348 (Δ=0.348), σ=0.889 (Δ=0.111)
[18:53:23] Iter [400/400] | Loss: 0.006043 | μ=0.545 (Δ=0.455), σ=0.874 (Δ=0.126)
[18:53:23] ======================================================================
[18:53:23] Training Complete! Evaluating with target networks...
[18:53:23] Final Mean: 1.2562 (target: 1.0)
[18:53:23] Final Std:  1.0406 (target: 1.0)
[18:53:23] ======================================================================
