Experiment: 2026-01-24_22-09-44_mfc_backward_regression
Started: 2026-01-24T22:09:44.700749
======================================================================

======================================================================
MFC Configuration (Iterative Backward Regression)
======================================================================
  Physics:    T=1.0, N=50, σ=1.0, dim=1
  Target:     N(1.0, 1.0)
  Initial:    dirac at 0.0
----------------------------------------------------------------------
  Model:      hidden=64, layers=3, time_emb=16
  Training:   20 iterations × 100 epochs, batch=2048, lr=0.001
  λ (terminal_weight): 10.0
======================================================================

[22:09:44] Initialized solver on device: cpu
[22:09:44] Number of networks: 50
[22:09:44] Polyak averaging τ: 0.5
[22:09:44] Total parameters (trainable): 428,850
[22:09:44] ======================================================================
[22:09:44] Starting Iterative Backward Regression (Polyak Averaging)
[22:09:44] ======================================================================
[22:09:44] Iterations: 20
[22:09:44] Backward epochs per step: 100
[22:09:44] Batch size: 2048
[22:09:44] Polyak τ: 0.5
[22:09:44] λ (terminal_weight): 10.0
[22:09:44] Target: N(1.0, 1.0)
[22:09:44] ======================================================================
[22:09:51] Iter [  1/20] | Loss: 0.073428 | μ=0.000 (Δ=1.000), σ=0.945 (Δ=0.055)
[22:10:14] Iter [  5/20] | Loss: 0.101719 | μ=0.473 (Δ=0.527), σ=0.449 (Δ=0.551)
[22:10:41] Iter [ 10/20] | Loss: 0.111744 | μ=0.497 (Δ=0.503), σ=0.388 (Δ=0.612)
[22:11:07] Iter [ 15/20] | Loss: 0.108042 | μ=0.502 (Δ=0.498), σ=0.389 (Δ=0.611)
[22:11:35] Iter [ 20/20] | Loss: 0.109905 | μ=0.500 (Δ=0.500), σ=0.394 (Δ=0.606)
[22:11:35] ======================================================================
[22:11:35] Training Complete! Evaluating with target networks...
[22:11:35] Final Mean: 0.4930 (target: 1.0)
[22:11:35] Final Std:  0.3899 (target: 1.0)
[22:11:35] ======================================================================
[22:11:35] Saved plot: trajectories.png
[22:11:35] Saved plot: terminal_distribution.png
[22:11:36] Saved plot: statistics_evolution.png
[22:11:36] Saved all visualization plots

======================================================================
FINAL RESULTS
======================================================================
  history: {'iteration_losses': [np.float64(0.07342752620577812), np.float64(0.08217716362327337), np.float64(0.08903211386874318), np.float64(0.09849067132920027), np.float64(0.10171920899301767), np.float64(0.10186618123203516), np.float64(0.10539480786770582), np.float64(0.10615665702149273), np.float64(0.10943365339189767), np.float64(0.11174384340643882), np.float64(0.10773621739819646), np.float64(0.10828088814392686), np.float64(0.10882942028343677), np.float64(0.11005922300741076), np.float64(0.10804204728454352), np.float64(0.10818820372223854), np.float64(0.10663176376372575), np.float64(0.10885121319442988), np.float64(0.11007911425083876), np.float64(0.10990521250292659)], 'terminal_means': [np.float32(0.00022334093), np.float32(0.32130128), np.float32(0.40502405), np.float32(0.44471177), np.float32(0.47339728), np.float32(0.4929505), np.float32(0.5074352), np.float32(0.48750827), np.float32(0.5072675), np.float32(0.4974619), np.float32(0.5023463), np.float32(0.5138737), np.float32(0.48040825), np.float32(0.4904433), np.float32(0.502084), np.float32(0.52147627), np.float32(0.5086895), np.float32(0.50101954), np.float32(0.50881124), np.float32(0.5002145)], 'terminal_vars': [np.float32(0.89287734), np.float32(0.42286077), np.float32(0.28202483), np.float32(0.21683654), np.float32(0.20204727), np.float32(0.181004), np.float32(0.16710424), np.float32(0.16315007), np.float32(0.1541965), np.float32(0.15084714), np.float32(0.15940428), np.float32(0.16041635), np.float32(0.1648493), np.float32(0.14883988), np.float32(0.15109627), np.float32(0.1582693), np.float32(0.15981217), np.float32(0.14909619), np.float32(0.15067545), np.float32(0.15506753)]}
  final_mean: 0.4929566979408264
  final_var: 0.1520373523235321
  final_trajectories: tensor([[[ 0.0000],
         [ 0.0000],
         [ 0.0000],
         ...,
         [ 0.0000],
         [ 0.0000],
         [ 0.0000]],

        [[-0.2273],
         [-0.1995],
         [-0.1481],
         ...,
         [-0.2243],
         [ 0.1114],
         [-0.1967]],

        [[-0.3281],
         [-0.1960],
         [-0.0525],
         ...,
         [-0.2755],
         [-0.1369],
         [-0.3105]],

        ...,

        [[ 0.1468],
         [ 0.7836],
         [ 0.9660],
         ...,
         [ 0.5082],
         [-0.1410],
         [ 0.5928]],

        [[ 0.2293],
         [ 0.9171],
         [ 1.0845],
         ...,
         [ 0.5726],
         [-0.0881],
         [ 0.8080]],

        [[ 0.1582],
         [ 0.8867],
         [ 1.2148],
         ...,
         [ 0.3980],
         [-0.0754],
         [ 0.9014]]])

Completed: 2026-01-24T22:11:43.415908
