Experiment: 2026-01-25_00-36-57_mfc_backward_regression
Started: 2026-01-25T00:36:57.159965
======================================================================

======================================================================
MFC Configuration (Iterative Backward Regression)
======================================================================
  Physics:    T=1.0, N=50, σ=1.0, dim=1
  Target:     N(1.0, 1.0)
  Initial:    dirac at 0.0
----------------------------------------------------------------------
  Model:      hidden=64, layers=3, time_emb=16
  Training:   20 iterations × 100 epochs, batch=2048, lr=0.001
  λ (terminal_weight): 10.0
======================================================================

[00:36:57] Initialized solver on device: cpu
[00:36:57] Number of networks: 50
[00:36:57] Polyak averaging τ: 0.5
[00:36:57] Total parameters (trainable): 428,850
[00:36:57] ======================================================================
[00:36:57] Starting Iterative Backward Regression (Polyak Averaging)
[00:36:57] ======================================================================
[00:36:57] Iterations: 20
[00:36:57] Backward epochs per step: 100
[00:36:57] Batch size: 2048
[00:36:57] Polyak τ: 0.5
[00:36:57] λ (terminal_weight): 10.0
[00:36:57] Target: N(1.0, 1.0)
[00:36:57] ======================================================================
[00:37:04] Iter [  1/20] | Loss: 5.314451 | μ=0.000 (Δ=1.000), σ=0.945 (Δ=0.055)
[00:37:25] Iter [  5/20] | Loss: 10.443088 | μ=0.702 (Δ=0.298), σ=0.151 (Δ=0.849)
[00:37:51] Iter [ 10/20] | Loss: 11.565234 | μ=1.067 (Δ=0.067), σ=0.192 (Δ=0.808)
[00:38:19] Iter [ 15/20] | Loss: 12.005204 | μ=0.621 (Δ=0.379), σ=0.163 (Δ=0.837)
[00:38:45] Iter [ 20/20] | Loss: 10.674840 | μ=1.171 (Δ=0.171), σ=0.154 (Δ=0.846)
[00:38:45] ======================================================================
[00:38:45] Training Complete! Evaluating with target networks...
[00:38:45] Final Mean: 1.2421 (target: 1.0)
[00:38:45] Final Std:  0.1702 (target: 1.0)
[00:38:45] ======================================================================
[00:38:45] Saved plot: trajectories.png
[00:38:45] Saved plot: terminal_distribution.png
[00:38:45] Saved plot: statistics_evolution.png
[00:38:45] Saved all visualization plots

======================================================================
FINAL RESULTS
======================================================================
  history: {'iteration_losses': [np.float64(5.314450826644897), np.float64(9.71798952027224), np.float64(10.453964141819743), np.float64(11.202641382217408), np.float64(10.443087964516018), np.float64(11.485451872050762), np.float64(11.483100074207178), np.float64(10.63077345609665), np.float64(9.363214282281696), np.float64(11.565233707088046), np.float64(11.32074043658009), np.float64(10.453964784145356), np.float64(11.130169275102672), np.float64(11.459098278349266), np.float64(12.005203908123075), np.float64(11.290916982144118), np.float64(11.85465508967638), np.float64(10.191986768038477), np.float64(11.225997040569782), np.float64(10.674839950338937)], 'terminal_means': [np.float32(0.00022334093), np.float32(0.46092406), np.float32(0.50218534), np.float32(0.62869984), np.float32(0.70162153), np.float32(0.8738824), np.float32(0.99392843), np.float32(1.1264446), np.float32(1.2168318), np.float32(1.0672932), np.float32(1.1114702), np.float32(0.75034297), np.float32(0.6538888), np.float32(0.60975015), np.float32(0.6213008), np.float32(0.6368081), np.float32(0.61851466), np.float32(0.7168822), np.float32(0.94031346), np.float32(1.1706927)], 'terminal_vars': [np.float32(0.89287734), np.float32(0.07117823), np.float32(0.022673711), np.float32(0.031223632), np.float32(0.02287314), np.float32(0.042305507), np.float32(0.031479515), np.float32(0.070781186), np.float32(0.06576289), np.float32(0.036918625), np.float32(0.02708091), np.float32(0.0561104), np.float32(0.025511827), np.float32(0.026473328), np.float32(0.026553934), np.float32(0.03580311), np.float32(0.043943767), np.float32(0.022307098), np.float32(0.034867123), np.float32(0.023826066)]}
  final_mean: 1.2421213388442993
  final_var: 0.028973883017897606
  final_trajectories: tensor([[[ 0.0000],
         [ 0.0000],
         [ 0.0000],
         ...,
         [ 0.0000],
         [ 0.0000],
         [ 0.0000]],

        [[-0.2442],
         [-0.2165],
         [-0.1651],
         ...,
         [-0.2413],
         [ 0.0944],
         [-0.2136]],

        [[-0.3558],
         [-0.2238],
         [-0.0808],
         ...,
         [-0.3032],
         [-0.1680],
         [-0.3384]],

        ...,

        [[ 1.1356],
         [ 1.3617],
         [ 1.4922],
         ...,
         [ 1.4610],
         [ 1.0212],
         [ 1.3347]],

        [[ 1.2230],
         [ 1.4877],
         [ 1.5851],
         ...,
         [ 1.4638],
         [ 1.1077],
         [ 1.5307]],

        [[ 1.1459],
         [ 1.2688],
         [ 1.3961],
         ...,
         [ 1.1318],
         [ 1.0916],
         [ 1.3321]]])

Completed: 2026-01-25T00:38:57.445086
