Experiment: 2026-01-26_14-36-28_mfc_backward_regression
Started: 2026-01-26T14:36:28.913140
======================================================================

======================================================================
MFC Configuration (Iterative Backward Regression)
======================================================================
  Physics:    T=1.0, N=50, σ=1.0, dim=1
  Target:     N(1.0, 1.0)
  Initial:    dirac at 0.0
----------------------------------------------------------------------
  Model:      hidden=64, layers=3, time_emb=16
  Training:   20 iterations × 100 epochs, batch=2048, lr=0.001
  λ (terminal_weight): 1.0
======================================================================

[14:36:28] Initialized solver on device: cpu
[14:36:28] Number of networks: 50
[14:36:28] Polyak averaging τ: 0.5
[14:36:28] Total parameters (trainable): 428,850
[14:36:28] ======================================================================
[14:36:28] Starting Iterative Backward Regression (Polyak Averaging)
[14:36:28] ======================================================================
[14:36:28] Iterations: 20
[14:36:28] Backward epochs per step: 100
[14:36:28] Batch size: 2048
[14:36:28] Polyak τ: 0.5
[14:36:28] λ (terminal_weight): 1.0
[14:36:28] Target: N(1.0, 1.0)
[14:36:28] ======================================================================
[14:36:35] Iter [  1/20] | Loss: 0.030779 | μ=0.000 (Δ=1.000), σ=0.945 (Δ=0.055)
[14:36:56] Iter [  5/20] | Loss: 0.023625 | μ=0.489 (Δ=0.511), σ=0.633 (Δ=0.367)
[14:37:22] Iter [ 10/20] | Loss: 0.023139 | μ=0.492 (Δ=0.508), σ=0.601 (Δ=0.399)
[14:37:46] Iter [ 15/20] | Loss: 0.022953 | μ=0.511 (Δ=0.489), σ=0.603 (Δ=0.397)
[14:38:11] Iter [ 20/20] | Loss: 0.023372 | μ=0.491 (Δ=0.509), σ=0.614 (Δ=0.386)
[14:38:11] ======================================================================
[14:38:11] Training Complete! Evaluating with target networks...
[14:38:11] Final Mean: 0.4888 (target: 1.0)
[14:38:11] Final Std:  0.6081 (target: 1.0)
[14:38:11] ======================================================================
[14:38:11] Saved plot: trajectories.png
[14:38:11] Saved plot: terminal_distribution.png
[14:38:11] Saved plot: statistics_evolution.png
[14:38:11] Saved all visualization plots

======================================================================
FINAL RESULTS
======================================================================
  history: {'iteration_losses': [np.float64(0.03077887963503599), np.float64(0.025642480868846178), np.float64(0.023788919430226086), np.float64(0.02330423453822732), np.float64(0.023624552022665737), np.float64(0.023232540525496007), np.float64(0.022726513659581542), np.float64(0.023027997855097057), np.float64(0.022865728493779897), np.float64(0.02313887722790241), np.float64(0.023387421630322935), np.float64(0.02341809472069144), np.float64(0.0234345443546772), np.float64(0.022750229481607674), np.float64(0.022953370325267314), np.float64(0.023144326359033584), np.float64(0.02339980898424983), np.float64(0.022926895562559366), np.float64(0.02297039356082678), np.float64(0.02337150979787111)], 'terminal_means': [np.float32(0.00022334093), np.float32(0.3760059), np.float32(0.45502567), np.float32(0.4795755), np.float32(0.48862764), np.float32(0.5057304), np.float32(0.51369154), np.float32(0.47394392), np.float32(0.50857717), np.float32(0.49163163), np.float32(0.50187916), np.float32(0.50393045), np.float32(0.4619163), np.float32(0.49692476), np.float32(0.5113193), np.float32(0.5233887), np.float32(0.500207), np.float32(0.49645442), np.float32(0.5075849), np.float32(0.4911332)], 'terminal_vars': [np.float32(0.89287734), np.float32(0.5397263), np.float32(0.4326576), np.float32(0.38919014), np.float32(0.40073264), np.float32(0.38542438), np.float32(0.36908814), np.float32(0.37626225), np.float32(0.35708225), np.float32(0.36095038), np.float32(0.38252556), np.float32(0.38525775), np.float32(0.38671887), np.float32(0.35159376), np.float32(0.3632642), np.float32(0.37629974), np.float32(0.39196286), np.float32(0.35342187), np.float32(0.36375237), np.float32(0.37717938)]}
  final_mean: 0.48875004053115845
  final_var: 0.3697856664657593
  final_trajectories: tensor([[[ 0.0000],
         [ 0.0000],
         [ 0.0000],
         ...,
         [ 0.0000],
         [ 0.0000],
         [ 0.0000]],

        [[-0.2272],
         [-0.1995],
         [-0.1481],
         ...,
         [-0.2243],
         [ 0.1114],
         [-0.1966]],

        [[-0.3291],
         [-0.1968],
         [-0.0531],
         ...,
         [-0.2765],
         [-0.1364],
         [-0.3114]],

        ...,

        [[-0.1520],
         [ 0.9698],
         [ 1.1181],
         ...,
         [ 0.3164],
         [-0.3224],
         [ 0.5709]],

        [[-0.0810],
         [ 1.1164],
         [ 1.2627],
         ...,
         [ 0.3888],
         [-0.3028],
         [ 0.7939]],

        [[-0.1611],
         [ 1.1101],
         [ 1.4305],
         ...,
         [ 0.2261],
         [-0.3249],
         [ 0.9107]]])

Completed: 2026-01-26T14:38:45.532625
