Experiment: 2026-02-02_01-17-42_exp_GMM
Started: 2026-02-02T01:17:42.871436
======================================================================

======================================================================
MFC Configuration (Iterative Backward Regression)
======================================================================
  Physics:    T=1.0, N=50, σ=1.0, dim=1
  Target:     N(0.0, 1.0)
  Initial:    dirac at 0.0
----------------------------------------------------------------------
  Model:      hidden=64, layers=3, time_emb=16
  Training:   100 iterations × 100 epochs, batch=2048, lr=0.001
  Polyak τ:   0.5
  λ (terminal_weight): 2.0
======================================================================

[01:17:42] Initialized solver on device: cpu
[01:17:42] Number of networks: 50
[01:17:42] Polyak averaging τ: 0.5
[01:17:42] Total parameters (trainable): 428,850
[01:17:42] ======================================================================
[01:17:42] Starting Iterative Backward Regression (Polyak Averaging)
[01:17:42] ======================================================================
[01:17:42] Iterations: 100
[01:17:42] Backward epochs per step: 100
[01:17:42] Batch size: 2048
[01:17:42] Polyak τ: 0.5
[01:17:42] λ (terminal_weight): 2.0
[01:17:42] Target: N(0.0, 1.0)
[01:17:42] ======================================================================
[01:17:49] Iter [  1/100] | Loss: 2.269988 | μ=-0.000 (Δ=0.000), σ=1.021 (Δ=0.979)
[01:18:12] Iter [  5/100] | Loss: 1.058935 | μ=0.555 (Δ=0.555), σ=0.580 (Δ=1.420)
[01:18:43] Iter [ 10/100] | Loss: 0.132443 | μ=2.886 (Δ=2.886), σ=0.609 (Δ=1.391)
[01:19:13] Iter [ 15/100] | Loss: 0.223666 | μ=-1.527 (Δ=1.527), σ=1.403 (Δ=0.597)
[01:19:43] Iter [ 20/100] | Loss: 0.058026 | μ=-1.486 (Δ=1.486), σ=1.523 (Δ=0.477)
[01:20:14] Iter [ 25/100] | Loss: 0.079401 | μ=-0.554 (Δ=0.554), σ=2.229 (Δ=0.229)
[01:20:44] Iter [ 30/100] | Loss: 0.085174 | μ=0.153 (Δ=0.153), σ=1.753 (Δ=0.247)
[01:21:14] Iter [ 35/100] | Loss: 0.278954 | μ=0.786 (Δ=0.786), σ=2.112 (Δ=0.112)
[01:21:44] Iter [ 40/100] | Loss: 0.247761 | μ=1.460 (Δ=1.460), σ=0.841 (Δ=1.159)
[01:22:15] Iter [ 45/100] | Loss: 0.054926 | μ=1.831 (Δ=1.831), σ=1.066 (Δ=0.934)
[01:22:47] Iter [ 50/100] | Loss: 0.725243 | μ=0.710 (Δ=0.710), σ=0.929 (Δ=1.071)
[01:23:14] Iter [ 55/100] | Loss: 0.100141 | μ=-0.366 (Δ=0.366), σ=1.629 (Δ=0.371)
[01:23:41] Iter [ 60/100] | Loss: 0.091266 | μ=-0.737 (Δ=0.737), σ=1.561 (Δ=0.439)
[01:24:12] Iter [ 65/100] | Loss: 0.570428 | μ=0.108 (Δ=0.108), σ=1.516 (Δ=0.484)
[01:24:43] Iter [ 70/100] | Loss: 0.171203 | μ=-2.141 (Δ=2.141), σ=1.216 (Δ=0.784)
[01:25:11] Iter [ 75/100] | Loss: 0.094657 | μ=-0.083 (Δ=0.083), σ=2.182 (Δ=0.182)
[01:25:39] Iter [ 80/100] | Loss: 0.145913 | μ=-0.367 (Δ=0.367), σ=2.108 (Δ=0.108)
[01:26:07] Iter [ 85/100] | Loss: 0.134168 | μ=-0.159 (Δ=0.159), σ=2.037 (Δ=0.037)
[01:26:35] Iter [ 90/100] | Loss: 0.111310 | μ=1.759 (Δ=1.759), σ=0.630 (Δ=1.370)
[01:27:05] Iter [ 95/100] | Loss: 0.568706 | μ=0.712 (Δ=0.712), σ=2.526 (Δ=0.526)
[01:27:32] Iter [100/100] | Loss: 0.238838 | μ=0.209 (Δ=0.209), σ=1.585 (Δ=0.415)
[01:27:32] ======================================================================
[01:27:32] Training Complete! Evaluating with target networks...
[01:27:32] Final Mean: 1.2741 (target: 0.0)
[01:27:32] Final Std:  1.7158 (target: 2.0)
[01:27:32] ======================================================================
