Experiment: 2026-02-02_23-33-25_exp_Student_t
Started: 2026-02-02T23:33:25.196490
======================================================================

======================================================================
MFC Configuration (Iterative Backward Regression)
======================================================================
  Physics:    T=1.0, N=50, σ=1.0, dim=1
  Target:     N(0.0, 1.0)
  Initial:    dirac at 0.0
----------------------------------------------------------------------
  Model:      hidden=64, layers=3, time_emb=16
  Training:   100 iterations × 100 epochs, batch=2048, lr=0.001
  Polyak τ:   0.5
  λ (terminal_weight): 2.0
======================================================================

[23:33:25] Initialized solver on device: cpu
[23:33:25] Number of networks: 50
[23:33:25] Polyak averaging τ: 0.5
[23:33:25] Total parameters (trainable): 428,850
[23:33:25] ======================================================================
[23:33:25] Starting Iterative Backward Regression (Polyak Averaging)
[23:33:25] ======================================================================
[23:33:25] Iterations: 100
[23:33:25] Backward epochs per step: 100
[23:33:25] Batch size: 2048
[23:33:25] Polyak τ: 0.5
[23:33:25] λ (terminal_weight): 2.0
[23:33:25] Target: N(0.0, 1.0)
[23:33:25] ======================================================================
[23:33:31] Iter [  1/100] | Loss: 0.011097 | μ=0.006 (Δ=0.006), σ=1.033 (Δ=0.033)
[23:33:55] Iter [  5/100] | Loss: 0.001870 | μ=0.071 (Δ=0.071), σ=1.004 (Δ=0.004)
[23:34:26] Iter [ 10/100] | Loss: 0.005305 | μ=-0.037 (Δ=0.037), σ=1.229 (Δ=0.229)
[23:34:58] Iter [ 15/100] | Loss: 0.005637 | μ=0.088 (Δ=0.088), σ=1.159 (Δ=0.159)
[23:35:28] Iter [ 20/100] | Loss: 0.009535 | μ=0.117 (Δ=0.117), σ=1.062 (Δ=0.062)
[23:35:59] Iter [ 25/100] | Loss: 0.005747 | μ=-0.203 (Δ=0.203), σ=1.100 (Δ=0.100)
[23:36:30] Iter [ 30/100] | Loss: 0.005291 | μ=0.072 (Δ=0.072), σ=1.315 (Δ=0.315)
[23:37:00] Iter [ 35/100] | Loss: 0.004846 | μ=-0.139 (Δ=0.139), σ=1.096 (Δ=0.096)
[23:37:31] Iter [ 40/100] | Loss: 0.004235 | μ=0.050 (Δ=0.050), σ=1.053 (Δ=0.053)
[23:38:05] Iter [ 45/100] | Loss: 0.004721 | μ=-0.135 (Δ=0.135), σ=1.308 (Δ=0.308)
[23:38:40] Iter [ 50/100] | Loss: 0.010701 | μ=0.162 (Δ=0.162), σ=1.205 (Δ=0.205)
[23:39:12] Iter [ 55/100] | Loss: 0.006265 | μ=-0.106 (Δ=0.106), σ=1.186 (Δ=0.186)
[23:39:45] Iter [ 60/100] | Loss: 0.000964 | μ=-0.137 (Δ=0.137), σ=1.202 (Δ=0.202)
[23:40:23] Iter [ 65/100] | Loss: 0.004521 | μ=-0.014 (Δ=0.014), σ=1.173 (Δ=0.173)
[23:40:55] Iter [ 70/100] | Loss: 0.001065 | μ=0.124 (Δ=0.124), σ=1.180 (Δ=0.180)
[23:41:27] Iter [ 75/100] | Loss: 0.002199 | μ=-0.103 (Δ=0.103), σ=1.049 (Δ=0.049)
[23:42:01] Iter [ 80/100] | Loss: 0.006802 | μ=0.311 (Δ=0.311), σ=1.185 (Δ=0.185)
[23:42:34] Iter [ 85/100] | Loss: 0.003360 | μ=0.041 (Δ=0.041), σ=1.200 (Δ=0.200)
[23:43:10] Iter [ 90/100] | Loss: 0.008167 | μ=-0.098 (Δ=0.098), σ=1.250 (Δ=0.250)
[23:43:40] Iter [ 95/100] | Loss: 0.005106 | μ=0.175 (Δ=0.175), σ=1.141 (Δ=0.141)
[23:44:11] Iter [100/100] | Loss: 0.003640 | μ=-0.058 (Δ=0.058), σ=1.014 (Δ=0.014)
[23:44:11] ======================================================================
[23:44:11] Training Complete! Evaluating with target networks...
[23:44:11] Final Mean: 0.0343 (target: 0.0)
[23:44:11] Final Std:  1.1060 (target: 1.0)
[23:44:11] ======================================================================
