Experiment: 2026-01-24_23-13-52_mfc_backward_regression
Started: 2026-01-24T23:13:52.421312
======================================================================

======================================================================
MFC Configuration (Iterative Backward Regression)
======================================================================
  Physics:    T=1.0, N=50, σ=1.0, dim=1
  Target:     N(1.0, 1.0)
  Initial:    dirac at 0.0
----------------------------------------------------------------------
  Model:      hidden=64, layers=3, time_emb=16
  Training:   20 iterations × 100 epochs, batch=2048, lr=0.001
  λ (terminal_weight): 10.0
======================================================================

[23:13:52] Initialized solver on device: cpu
[23:13:52] Number of networks: 50
[23:13:52] Polyak averaging τ: 0.5
[23:13:52] Total parameters (trainable): 428,850
[23:13:52] ======================================================================
[23:13:52] Starting Iterative Backward Regression (Polyak Averaging)
[23:13:52] ======================================================================
[23:13:52] Iterations: 20
[23:13:52] Backward epochs per step: 100
[23:13:52] Batch size: 2048
[23:13:52] Polyak τ: 0.5
[23:13:52] λ (terminal_weight): 10.0
[23:13:52] Target: N(1.0, 1.0)
[23:13:52] ======================================================================
[23:13:59] Iter [  1/20] | Loss: 0.073428 | μ=0.000 (Δ=1.000), σ=0.945 (Δ=0.055)
[23:14:21] Iter [  5/20] | Loss: 0.101719 | μ=0.473 (Δ=0.527), σ=0.449 (Δ=0.551)
[23:14:47] Iter [ 10/20] | Loss: 0.111744 | μ=0.497 (Δ=0.503), σ=0.388 (Δ=0.612)
[23:15:12] Iter [ 15/20] | Loss: 0.108042 | μ=0.502 (Δ=0.498), σ=0.389 (Δ=0.611)
[23:15:37] Iter [ 20/20] | Loss: 0.109905 | μ=0.500 (Δ=0.500), σ=0.394 (Δ=0.606)
[23:15:37] ======================================================================
[23:15:37] Training Complete! Evaluating with target networks...
[23:15:37] Final Mean: 0.4930 (target: 1.0)
[23:15:37] Final Std:  0.3899 (target: 1.0)
[23:15:37] ======================================================================
[23:15:37] Saved plot: trajectories.png
[23:15:37] Saved plot: terminal_distribution.png
[23:15:37] Saved plot: statistics_evolution.png
[23:15:37] Saved all visualization plots
