Experiment: 2026-02-02_00-56-09_exp_Gaussian
Started: 2026-02-02T00:56:09.984731
======================================================================

======================================================================
MFC Configuration (Iterative Backward Regression)
======================================================================
  Physics:    T=1.0, N=50, σ=1.0, dim=1
  Target:     N(1.0, 1.0)
  Initial:    dirac at 0.0
----------------------------------------------------------------------
  Model:      hidden=64, layers=3, time_emb=16
  Training:   100 iterations × 100 epochs, batch=2048, lr=0.001
  Polyak τ:   0.5
  λ (terminal_weight): 2.0
======================================================================

[00:56:10] Initialized solver on device: cpu
[00:56:10] Number of networks: 50
[00:56:10] Polyak averaging τ: 0.5
[00:56:10] Total parameters (trainable): 428,850
[00:56:10] ======================================================================
[00:56:10] Starting Iterative Backward Regression (Polyak Averaging)
[00:56:10] ======================================================================
[00:56:10] Iterations: 100
[00:56:10] Backward epochs per step: 100
[00:56:10] Batch size: 2048
[00:56:10] Polyak τ: 0.5
[00:56:10] λ (terminal_weight): 2.0
[00:56:10] Target: N(1.0, 1.0)
[00:56:10] ======================================================================
[00:56:16] Iter [  1/100] | Loss: 0.000467 | μ=-0.049 (Δ=1.049), σ=1.004 (Δ=0.004)
[00:56:43] Iter [  5/100] | Loss: 0.016237 | μ=0.778 (Δ=0.222), σ=1.122 (Δ=0.122)
[00:57:14] Iter [ 10/100] | Loss: 0.003053 | μ=0.405 (Δ=0.595), σ=0.890 (Δ=0.110)
[00:57:43] Iter [ 15/100] | Loss: 0.000749 | μ=0.584 (Δ=0.416), σ=0.984 (Δ=0.016)
[00:58:12] Iter [ 20/100] | Loss: 0.000747 | μ=0.765 (Δ=0.235), σ=0.991 (Δ=0.009)
[00:58:42] Iter [ 25/100] | Loss: 0.006303 | μ=0.629 (Δ=0.371), σ=0.994 (Δ=0.006)
[00:59:10] Iter [ 30/100] | Loss: 0.000128 | μ=0.698 (Δ=0.302), σ=0.935 (Δ=0.065)
[00:59:40] Iter [ 35/100] | Loss: 0.001931 | μ=0.454 (Δ=0.546), σ=0.895 (Δ=0.105)
[01:00:09] Iter [ 40/100] | Loss: 0.000117 | μ=0.669 (Δ=0.331), σ=0.987 (Δ=0.013)
[01:00:38] Iter [ 45/100] | Loss: 0.008872 | μ=0.493 (Δ=0.507), σ=1.076 (Δ=0.076)
[01:01:08] Iter [ 50/100] | Loss: 0.003354 | μ=0.667 (Δ=0.333), σ=1.074 (Δ=0.074)
[01:01:39] Iter [ 55/100] | Loss: 0.010363 | μ=0.820 (Δ=0.180), σ=0.994 (Δ=0.006)
[01:02:08] Iter [ 60/100] | Loss: 0.002202 | μ=1.100 (Δ=0.100), σ=1.054 (Δ=0.054)
[01:02:38] Iter [ 65/100] | Loss: 0.000905 | μ=0.715 (Δ=0.285), σ=0.945 (Δ=0.055)
[01:03:10] Iter [ 70/100] | Loss: 0.012760 | μ=0.325 (Δ=0.675), σ=0.940 (Δ=0.060)
[01:03:39] Iter [ 75/100] | Loss: 0.007466 | μ=0.660 (Δ=0.340), σ=0.987 (Δ=0.013)
[01:04:08] Iter [ 80/100] | Loss: 0.021643 | μ=0.750 (Δ=0.250), σ=1.335 (Δ=0.335)
[01:04:38] Iter [ 85/100] | Loss: 0.001082 | μ=0.524 (Δ=0.476), σ=1.007 (Δ=0.007)
[01:05:09] Iter [ 90/100] | Loss: 0.000111 | μ=0.804 (Δ=0.196), σ=0.935 (Δ=0.065)
[01:05:39] Iter [ 95/100] | Loss: 0.000338 | μ=0.504 (Δ=0.496), σ=0.915 (Δ=0.085)
[01:06:09] Iter [100/100] | Loss: 0.000941 | μ=0.993 (Δ=0.007), σ=1.036 (Δ=0.036)
[01:06:09] ======================================================================
[01:06:09] Training Complete! Evaluating with target networks...
[01:06:09] Final Mean: 0.3524 (target: 1.0)
[01:06:09] Final Std:  0.9559 (target: 1.0)
[01:06:09] ======================================================================
