Experiment: 2026-01-24_18-01-22_mfc_backward_regression
Started: 2026-01-24T18:01:22.067174
======================================================================

======================================================================
MFC Configuration (Iterative Backward Regression)
======================================================================
  Physics:    T=1.0, N=50, σ=1.0, dim=1
  Target:     N(1.0, 1.0)
  Initial:    dirac at 0.0
----------------------------------------------------------------------
  Model:      hidden=64, layers=3, time_emb=16
  Training:   20 iterations × 100 epochs, batch=2048, lr=0.001
  λ (terminal_weight): 10.0
======================================================================

[18:01:22] Initialized solver on device: cpu
[18:01:22] Number of networks: 50
[18:01:22] Total parameters: 476,850
[18:01:22] ======================================================================
[18:01:22] Starting Iterative Backward Regression
[18:01:22] ======================================================================
[18:01:22] Iterations: 20
[18:01:22] Backward epochs per step: 100
[18:01:22] Batch size: 2048
[18:01:22] λ (terminal_weight): 10.0
[18:01:22] Target: N(1.0, 1.0)
[18:01:22] ======================================================================
[18:01:28] Iter [  1/20] | Loss: 0.013257 | Terminal: μ=-0.005, σ²=1.016
[18:01:48] Iter [  5/20] | Loss: 0.007092 | Terminal: μ=0.505, σ²=0.580
[18:02:13] Iter [ 10/20] | Loss: 0.007070 | Terminal: μ=0.501, σ²=0.578
[18:02:38] Iter [ 15/20] | Loss: 0.007035 | Terminal: μ=0.507, σ²=0.577
[18:03:03] Iter [ 20/20] | Loss: 0.007338 | Terminal: μ=0.517, σ²=0.602
[18:03:03] ======================================================================
[18:03:03] Training Complete!
[18:03:03] Final Mean: 0.4649 (target: 1.0)
[18:03:03] Final Var:  0.5606 (target: 1.0)
[18:03:03] ======================================================================
[18:03:03] Saved plot: trajectories.png
[18:03:03] Saved plot: terminal_distribution.png
[18:03:03] Saved plot: statistics_evolution.png
[18:03:03] Saved all visualization plots

======================================================================
FINAL RESULTS
======================================================================
  mean: 0.4648939371109009
  variance: 0.5605560541152954
  std: 0.7487029433250427
  target_mean: 1.0
  target_variance: 1.0

Completed: 2026-01-24T18:03:16.820830
