Experiment: 2026-01-31_22-22-40_exp_gmm_bimodal
Started: 2026-01-31T22:22:40.203794
======================================================================

======================================================================
MFC Configuration (Iterative Backward Regression)
======================================================================
  Physics:    T=1.0, N=50, σ=1.0, dim=1
  Target:     N(1.0, 1.0)
  Initial:    dirac at 0.0
----------------------------------------------------------------------
  Model:      hidden=64, layers=3, time_emb=16
  Training:   80 iterations × 100 epochs, batch=2048, lr=0.001
  Polyak τ:   0.1
  λ (terminal_weight): 5.0
======================================================================

[22:22:40] Initialized solver on device: cpu
[22:22:40] Number of networks: 50
[22:22:40] Polyak averaging τ: 0.1
[22:22:40] Total parameters (trainable): 428,850
[22:22:40] ======================================================================
[22:22:40] Starting Iterative Backward Regression (Polyak Averaging)
[22:22:40] ======================================================================
[22:22:40] Iterations: 80
[22:22:40] Backward epochs per step: 100
[22:22:40] Batch size: 2048
[22:22:40] Polyak τ: 0.1
[22:22:40] λ (terminal_weight): 5.0
[22:22:40] Target: N(1.0, 1.0)
[22:22:40] ======================================================================
[22:22:45] Iter [  1/80] | Loss: 4.647894 | μ=0.026 (Δ=0.974), σ=0.969 (Δ=0.031)
[22:23:05] Iter [  5/80] | Loss: 3.482482 | μ=0.113 (Δ=0.887), σ=2.832 (Δ=1.832)
[22:23:32] Iter [ 10/80] | Loss: 0.279344 | μ=0.459 (Δ=0.541), σ=1.836 (Δ=0.836)
[22:24:02] Iter [ 15/80] | Loss: 0.135058 | μ=0.146 (Δ=0.854), σ=1.971 (Δ=0.971)
