Experiment: 2026-01-24_19-10-05_mfc_backward_regression
Started: 2026-01-24T19:10:05.258286
======================================================================

======================================================================
MFC Configuration (Iterative Backward Regression)
======================================================================
  Physics:    T=1.0, N=50, σ=1.0, dim=1
  Target:     N(1.0, 1.0)
  Initial:    dirac at 0.0
----------------------------------------------------------------------
  Model:      hidden=64, layers=3, time_emb=16
  Training:   20 iterations × 100 epochs, batch=2048, lr=0.001
  λ (terminal_weight): 10.0
======================================================================

[19:10:05] Initialized solver on device: cpu
[19:10:05] Number of networks: 50
[19:10:05] Total parameters: 428,850
[19:10:05] ======================================================================
[19:10:05] Starting Iterative Backward Regression
[19:10:05] ======================================================================
[19:10:05] Iterations: 20
[19:10:05] Backward epochs per step: 100
[19:10:05] Batch size: 2048
[19:10:05] λ (terminal_weight): 10.0
[19:10:05] Target: N(1.0, 1.0)
[19:10:05] ======================================================================
[19:10:11] Iter [  1/20] | Loss: 0.073428 | Terminal: μ=0.000, σ²=0.893
[19:10:31] Iter [  5/20] | Loss: 0.109046 | Terminal: μ=0.504, σ²=0.164
[19:10:57] Iter [ 10/20] | Loss: 0.112514 | Terminal: μ=0.500, σ²=0.147
[19:11:23] Iter [ 15/20] | Loss: 0.108168 | Terminal: μ=0.504, σ²=0.151
[19:11:50] Iter [ 20/20] | Loss: 0.110307 | Terminal: μ=0.500, σ²=0.155
[19:11:50] ======================================================================
[19:11:50] Training Complete!
[19:11:50] Final Mean: 0.4907 (target: 1.0)
[19:11:50] Final Var:  0.1521 (target: 1.0)
[19:11:50] ======================================================================
[19:11:50] Saved plot: trajectories.png
[19:11:50] Saved plot: terminal_distribution.png
[19:11:50] Saved plot: statistics_evolution.png
[19:11:50] Saved all visualization plots

======================================================================
FINAL RESULTS
======================================================================
  mean: 0.49068349599838257
  variance: 0.15207414329051971
  std: 0.38996684551239014
  target_mean: 1.0
  target_variance: 1.0

Completed: 2026-01-24T19:12:02.826269
