Experiment: 2026-02-03_00-08-44_exp_Gaussian
Started: 2026-02-03T00:08:44.311012
======================================================================

======================================================================
MFC Configuration (Iterative Backward Regression)
======================================================================
  Physics:    T=1.0, N=50, σ=1.0, dim=1
  Target:     N(1.0, 1.0)
  Initial:    dirac at 0.0
----------------------------------------------------------------------
  Model:      hidden=64, layers=3, time_emb=16
  Training:   200 iterations × 100 epochs, batch=2048, lr=0.001
  Polyak τ:   0.5
  λ (terminal_weight): 2.0
======================================================================

[00:08:44] Initialized solver on device: cpu
[00:08:44] Number of networks: 50
[00:08:44] Polyak averaging τ: 0.5
[00:08:44] Total parameters (trainable): 428,850
[00:08:44] ======================================================================
[00:08:44] Starting Iterative Backward Regression (Polyak Averaging)
[00:08:44] ======================================================================
[00:08:44] Iterations: 200
[00:08:44] Backward epochs per step: 100
[00:08:44] Batch size: 2048
[00:08:44] Polyak τ: 0.5
[00:08:44] λ (terminal_weight): 2.0
[00:08:44] Target: N(1.0, 1.0)
[00:08:44] ======================================================================
[00:08:50] Iter [  1/200] | Loss: 0.010153 | μ=0.042 (Δ=0.958), σ=0.986 (Δ=0.014)
[00:09:13] Iter [  5/200] | Loss: 0.005379 | μ=0.822 (Δ=0.178), σ=1.070 (Δ=0.070)
[00:09:41] Iter [ 10/200] | Loss: 0.004081 | μ=0.706 (Δ=0.294), σ=0.989 (Δ=0.011)
[00:10:10] Iter [ 15/200] | Loss: 0.001507 | μ=0.438 (Δ=0.562), σ=1.028 (Δ=0.028)
[00:10:38] Iter [ 20/200] | Loss: 0.000928 | μ=0.591 (Δ=0.409), σ=0.924 (Δ=0.076)
[00:11:07] Iter [ 25/200] | Loss: 0.001371 | μ=0.641 (Δ=0.359), σ=1.054 (Δ=0.054)
[00:11:35] Iter [ 30/200] | Loss: 0.005112 | μ=0.877 (Δ=0.123), σ=1.010 (Δ=0.010)
[00:12:04] Iter [ 35/200] | Loss: 0.000461 | μ=0.713 (Δ=0.287), σ=1.047 (Δ=0.047)
[00:12:33] Iter [ 40/200] | Loss: 0.001428 | μ=0.456 (Δ=0.544), σ=1.030 (Δ=0.030)
[00:13:02] Iter [ 45/200] | Loss: 0.007771 | μ=0.883 (Δ=0.117), σ=0.944 (Δ=0.056)
[00:13:30] Iter [ 50/200] | Loss: 0.000688 | μ=0.445 (Δ=0.555), σ=0.945 (Δ=0.055)
[00:13:59] Iter [ 55/200] | Loss: 0.009043 | μ=1.012 (Δ=0.012), σ=1.078 (Δ=0.078)
[00:14:28] Iter [ 60/200] | Loss: 0.005091 | μ=0.559 (Δ=0.441), σ=0.858 (Δ=0.142)
[00:14:56] Iter [ 65/200] | Loss: 0.002311 | μ=0.771 (Δ=0.229), σ=0.941 (Δ=0.059)
[00:15:25] Iter [ 70/200] | Loss: 0.007821 | μ=0.751 (Δ=0.249), σ=1.061 (Δ=0.061)
[00:15:54] Iter [ 75/200] | Loss: 0.001768 | μ=1.052 (Δ=0.052), σ=0.947 (Δ=0.053)
[00:16:22] Iter [ 80/200] | Loss: 0.005360 | μ=0.528 (Δ=0.472), σ=0.892 (Δ=0.108)
[00:16:50] Iter [ 85/200] | Loss: 0.008323 | μ=0.735 (Δ=0.265), σ=0.949 (Δ=0.051)
[00:17:19] Iter [ 90/200] | Loss: 0.001626 | μ=1.222 (Δ=0.222), σ=0.963 (Δ=0.037)
[00:17:47] Iter [ 95/200] | Loss: 0.021225 | μ=0.272 (Δ=0.728), σ=1.107 (Δ=0.107)
[00:18:16] Iter [100/200] | Loss: 0.022650 | μ=0.595 (Δ=0.405), σ=1.089 (Δ=0.089)
[00:18:44] Iter [105/200] | Loss: 0.006344 | μ=0.505 (Δ=0.495), σ=1.037 (Δ=0.037)
[00:19:15] Iter [110/200] | Loss: 0.013248 | μ=0.830 (Δ=0.170), σ=0.795 (Δ=0.205)
[00:19:44] Iter [115/200] | Loss: 0.022600 | μ=0.749 (Δ=0.251), σ=0.827 (Δ=0.173)
[00:20:11] Iter [120/200] | Loss: 0.011319 | μ=0.631 (Δ=0.369), σ=1.064 (Δ=0.064)
[00:20:38] Iter [125/200] | Loss: 0.004892 | μ=0.822 (Δ=0.178), σ=1.069 (Δ=0.069)
[00:21:05] Iter [130/200] | Loss: 0.003682 | μ=0.568 (Δ=0.432), σ=0.963 (Δ=0.037)
[00:21:32] Iter [135/200] | Loss: 0.001051 | μ=0.403 (Δ=0.597), σ=0.976 (Δ=0.024)
[00:21:59] Iter [140/200] | Loss: 0.002708 | μ=0.279 (Δ=0.721), σ=1.118 (Δ=0.118)
[00:22:26] Iter [145/200] | Loss: 0.001949 | μ=0.322 (Δ=0.678), σ=0.982 (Δ=0.018)
[00:22:54] Iter [150/200] | Loss: 0.006197 | μ=1.159 (Δ=0.159), σ=1.200 (Δ=0.200)
[00:23:21] Iter [155/200] | Loss: 0.000802 | μ=0.348 (Δ=0.652), σ=0.934 (Δ=0.066)
[00:23:48] Iter [160/200] | Loss: 0.003439 | μ=0.746 (Δ=0.254), σ=0.974 (Δ=0.026)
[00:24:16] Iter [165/200] | Loss: 0.000900 | μ=0.914 (Δ=0.086), σ=0.945 (Δ=0.055)
[00:24:43] Iter [170/200] | Loss: 0.000231 | μ=0.239 (Δ=0.761), σ=0.895 (Δ=0.105)
[00:25:11] Iter [175/200] | Loss: 0.000444 | μ=0.530 (Δ=0.470), σ=0.936 (Δ=0.064)
[00:25:38] Iter [180/200] | Loss: 0.001481 | μ=0.583 (Δ=0.417), σ=0.933 (Δ=0.067)
[00:26:05] Iter [185/200] | Loss: 0.001251 | μ=0.413 (Δ=0.587), σ=1.051 (Δ=0.051)
[00:26:32] Iter [190/200] | Loss: 0.010204 | μ=0.596 (Δ=0.404), σ=0.980 (Δ=0.020)
[00:27:00] Iter [195/200] | Loss: 0.000487 | μ=0.472 (Δ=0.528), σ=0.964 (Δ=0.036)
[00:27:27] Iter [200/200] | Loss: 0.020811 | μ=0.571 (Δ=0.429), σ=0.828 (Δ=0.172)
[00:27:27] ======================================================================
[00:27:27] Training Complete! Evaluating with target networks...
[00:27:27] Final Mean: 1.0734 (target: 1.0)
[00:27:27] Final Std:  1.0985 (target: 1.0)
[00:27:27] ======================================================================
