Experiment: 2026-02-06_00-58-17_mfc_backward_regression
Started: 2026-02-06T00:58:17.741613
======================================================================

======================================================================
MFC Configuration (Iterative Backward Regression)
======================================================================
  Physics:    T=1.0, N=50, σ=1.0, dim=1
  Target:     N(1.0, 1.0)
  Initial:    dirac at 0.0
----------------------------------------------------------------------
  Model:      hidden=64, layers=3, time_emb=16
  Training:   20 iterations × 100 epochs, batch=2048, lr=0.001
  Polyak τ:   0.5
  λ (terminal_weight): 2.0
======================================================================

[00:58:17] Initialized solver on device: cpu
[00:58:17] Number of networks: 50
[00:58:17] Polyak averaging τ: 0.5
[00:58:17] Total parameters (trainable): 428,850
[00:58:17] ======================================================================
[00:58:17] Starting Iterative Backward Regression (Polyak Averaging)
[00:58:17] ======================================================================
[00:58:17] Iterations: 20
[00:58:17] Backward epochs per step: 100
[00:58:17] Batch size: 2048
[00:58:17] Polyak τ: 0.5
[00:58:17] λ (terminal_weight): 2.0
[00:58:17] Target: N(1.0, 1.0)
[00:58:17] ======================================================================
[00:58:24] Iter [  1/20] | Loss: 0.090404 | μ=0.000 (Δ=1.000), σ=0.945 (Δ=0.055) | Y_μ=-2.135, Y_σ=0.538
[00:58:46] Iter [  5/20] | Loss: 0.097570 | μ=0.800 (Δ=0.200), σ=0.943 (Δ=0.057) | Y_μ=-0.706, Y_σ=0.227
[00:59:14] Iter [ 10/20] | Loss: 0.100433 | μ=0.677 (Δ=0.323), σ=1.039 (Δ=0.039) | Y_μ=-0.567, Y_σ=0.156
[00:59:42] Iter [ 15/20] | Loss: 0.096952 | μ=0.154 (Δ=0.846), σ=0.880 (Δ=0.120) | Y_μ=-1.807, Y_σ=0.599
[01:00:10] Iter [ 20/20] | Loss: 0.092084 | μ=0.829 (Δ=0.171), σ=1.073 (Δ=0.073) | Y_μ=-0.387, Y_σ=0.207
[01:00:10] ======================================================================
[01:00:10] Training Complete! Evaluating with target networks...
[01:00:10] Final Mean: 0.7454 (target: 1.0)
[01:00:10] Final Std:  0.9825 (target: 1.0)
[01:00:10] ======================================================================
[01:00:11] Saved plot: trajectories.png
[01:00:11] Saved plot: terminal_distribution.png
[01:00:11] Saved plot: statistics_evolution.png
[01:00:11] Saved all visualization plots

======================================================================
FINAL RESULTS
======================================================================
  history: {'iteration_losses': [np.float64(0.09040378343313932), np.float64(0.13997158877551555), np.float64(0.15857791930437087), np.float64(0.10276798088103532), np.float64(0.0975698858499527), np.float64(0.09648730613291263), np.float64(0.08229596517980099), np.float64(0.10806708920747042), np.float64(0.16176246281713247), np.float64(0.100433408357203), np.float64(0.08767651982605457), np.float64(0.09645299825817347), np.float64(0.09069292858242989), np.float64(0.08848798479884863), np.float64(0.09695155464112759), np.float64(0.18986129201948643), np.float64(0.08897372081875801), np.float64(0.13901153206825256), np.float64(0.10545326992869378), np.float64(0.09208447318524123)], 'terminal_means': [np.float32(0.00022334093), np.float32(1.1297469), np.float32(0.39915368), np.float32(0.45557123), np.float32(0.8001125), np.float32(0.7166689), np.float32(0.45520508), np.float32(1.2757396), np.float32(0.2920519), np.float32(0.6773634), np.float32(0.5628632), np.float32(0.59134096), np.float32(1.087519), np.float32(1.0856707), np.float32(0.15412685), np.float32(1.2931299), np.float32(0.3412543), np.float32(0.8364862), np.float32(0.24294955), np.float32(0.8287041)], 'terminal_vars': [np.float32(0.89287734), np.float32(1.4025578), np.float32(1.2367185), np.float32(1.1283569), np.float32(0.8887741), np.float32(0.79152024), np.float32(1.6318426), np.float32(0.82800645), np.float32(0.96256155), np.float32(1.0799884), np.float32(1.177674), np.float32(0.8504572), np.float32(1.207396), np.float32(1.4301353), np.float32(0.7752384), np.float32(1.0411667), np.float32(1.3178384), np.float32(0.82874435), np.float32(0.92781365), np.float32(1.1520456)], 'y_means': [np.float64(-2.135123610496521), np.float64(-0.1021435446292162), np.float64(-0.4011987113952637), np.float64(-1.1456268644332885), np.float64(-0.7055229687690735), np.float64(-0.3094748318195343), np.float64(-1.5735751366615296), np.float64(0.27977864801883695), np.float64(-1.0534141731262208), np.float64(-0.5670382279157639), np.float64(-0.5384636831283569), np.float64(-1.3859632515907288), np.float64(-0.9945865941047668), np.float64(0.39801620721817016), np.float64(-1.8068753695487976), np.float64(0.2621676659584045), np.float64(-1.4163665986061096), np.float64(0.1608135125041008), np.float64(-1.6377274298667908), np.float64(-0.38674924671649935)], 'y_stds': [np.float64(0.5375479787599766), np.float64(0.198302494417876), np.float64(0.30070467630401254), np.float64(0.3324347876757383), np.float64(0.22710078954696655), np.float64(0.679031837284565), np.float64(0.4652963261306286), np.float64(0.13960543535649778), np.float64(0.05988661848125105), np.float64(0.15560814537137063), np.float64(0.5209822611510754), np.float64(0.29933354958891867), np.float64(0.32906008347927157), np.float64(0.6135435456037521), np.float64(0.5994651208835426), np.float64(0.06558563353508369), np.float64(0.37990898028074327), np.float64(0.09050951698794961), np.float64(0.2262974504398886), np.float64(0.20695771269543925)]}
  final_mean: 0.7453722953796387
  final_var: 0.9652615189552307
  final_trajectories: tensor([[[ 0.0000],
         [ 0.0000],
         [ 0.0000],
         ...,
         [ 0.0000],
         [ 0.0000],
         [ 0.0000]],

        [[-0.0180],
         [-0.0241],
         [ 0.0513],
         ...,
         [-0.1045],
         [ 0.0108],
         [ 0.1800]],

        [[ 0.2130],
         [ 0.0550],
         [ 0.0236],
         ...,
         [-0.4485],
         [-0.1508],
         [ 0.0930]],

        ...,

        [[ 1.2032],
         [ 1.5422],
         [ 0.5557],
         ...,
         [ 2.1662],
         [ 2.0408],
         [ 1.2295]],

        [[ 1.3114],
         [ 1.5406],
         [ 0.7156],
         ...,
         [ 2.2228],
         [ 2.1625],
         [ 1.2940]],

        [[ 1.3467],
         [ 1.6125],
         [ 0.6144],
         ...,
         [ 2.2140],
         [ 2.0274],
         [ 1.3854]]])

Completed: 2026-02-06T01:00:25.080905
