Experiment: 2026-01-26_01-33-35_mfc_backward_regression
Started: 2026-01-26T01:33:35.426207
======================================================================

======================================================================
MFC Configuration (Iterative Backward Regression)
======================================================================
  Physics:    T=1.0, N=50, σ=1.0, dim=1
  Target:     N(1.0, 1.0)
  Initial:    dirac at 0.0
----------------------------------------------------------------------
  Model:      hidden=64, layers=3, time_emb=16
  Training:   20 iterations × 100 epochs, batch=2048, lr=0.001
  λ (terminal_weight): 30.0
======================================================================

[01:33:35] Initialized solver on device: cpu
[01:33:35] Number of networks: 50
[01:33:35] Polyak averaging τ: 0.5
[01:33:35] Total parameters (trainable): 428,850
[01:33:35] ======================================================================
[01:33:35] Starting Iterative Backward Regression (Polyak Averaging)
[01:33:35] ======================================================================
[01:33:35] Iterations: 20
[01:33:35] Backward epochs per step: 100
[01:33:35] Batch size: 2048
[01:33:35] Polyak τ: 0.5
[01:33:35] λ (terminal_weight): 30.0
[01:33:35] Target: N(1.0, 1.0)
[01:33:35] ======================================================================
[01:33:41] Iter [  1/20] | Loss: 28.351336 | μ=0.000 (Δ=1.000), σ=0.945 (Δ=0.055)
[01:34:03] Iter [  5/20] | Loss: 13.518768 | μ=1.088 (Δ=0.088), σ=0.167 (Δ=0.833)
[01:34:28] Iter [ 10/20] | Loss: 12.661511 | μ=0.902 (Δ=0.098), σ=0.159 (Δ=0.841)
[01:34:54] Iter [ 15/20] | Loss: 15.068455 | μ=0.729 (Δ=0.271), σ=0.206 (Δ=0.794)
[01:35:21] Iter [ 20/20] | Loss: 14.512292 | μ=0.838 (Δ=0.162), σ=0.183 (Δ=0.817)
[01:35:21] ======================================================================
[01:35:21] Training Complete! Evaluating with target networks...
[01:35:21] Final Mean: 0.8204 (target: 1.0)
[01:35:21] Final Std:  0.1827 (target: 1.0)
[01:35:21] ======================================================================
[01:35:21] Saved plot: trajectories.png
[01:35:22] Saved plot: terminal_distribution.png
[01:35:22] Saved plot: statistics_evolution.png
[01:35:22] Saved all visualization plots

======================================================================
FINAL RESULTS
======================================================================
  history: {'iteration_losses': [np.float64(28.351336286067962), np.float64(13.272733580470085), np.float64(12.394365976862609), np.float64(13.761259224414825), np.float64(13.51876802681014), np.float64(13.39819451133313), np.float64(13.782835716307163), np.float64(13.547638734197825), np.float64(12.822706817975268), np.float64(12.661510714888573), np.float64(13.081606163531541), np.float64(15.306376143908128), np.float64(16.278457949447038), np.float64(15.022197817414998), np.float64(15.068455496490934), np.float64(13.911725773811341), np.float64(13.086429473774915), np.float64(12.359966343010674), np.float64(12.624679802532192), np.float64(14.512292044460773)], 'terminal_means': [np.float32(0.00022334093), np.float32(0.7310553), np.float32(0.7767385), np.float32(1.1005057), np.float32(1.0875843), np.float32(1.1460404), np.float32(0.94024247), np.float32(0.9330343), np.float32(0.9356613), np.float32(0.90244937), np.float32(0.8957329), np.float32(0.94738626), np.float32(0.89865637), np.float32(0.826223), np.float32(0.72853225), np.float32(1.139534), np.float32(1.103163), np.float32(1.0387385), np.float32(0.9402119), np.float32(0.83768296)], 'terminal_vars': [np.float32(0.89287734), np.float32(0.07371049), np.float32(0.021821994), np.float32(0.07862318), np.float32(0.027949564), np.float32(0.026701769), np.float32(0.07005768), np.float32(0.027623247), np.float32(0.026348293), np.float32(0.02533166), np.float32(0.038825937), np.float32(0.03997436), np.float32(0.044874825), np.float32(0.059817553), np.float32(0.042270333), np.float32(0.111891925), np.float32(0.024706453), np.float32(0.022176124), np.float32(0.02264113), np.float32(0.033469453)]}
  final_mean: 0.820363461971283
  final_var: 0.033383868634700775
  final_trajectories: tensor([[[ 0.0000],
         [ 0.0000],
         [ 0.0000],
         ...,
         [ 0.0000],
         [ 0.0000],
         [ 0.0000]],

        [[-0.2031],
         [-0.1754],
         [-0.1240],
         ...,
         [-0.2002],
         [ 0.1356],
         [-0.1725]],

        [[-0.2793],
         [-0.1471],
         [-0.0037],
         ...,
         [-0.2267],
         [-0.0888],
         [-0.2617]],

        ...,

        [[ 0.6592],
         [ 0.8503],
         [ 0.9000],
         ...,
         [ 0.9042],
         [ 0.4490],
         [ 0.8200]],

        [[ 0.7734],
         [ 1.0086],
         [ 1.0278],
         ...,
         [ 0.9292],
         [ 0.5826],
         [ 1.0570]],

        [[ 0.7812],
         [ 0.8032],
         [ 0.9343],
         ...,
         [ 0.7580],
         [ 0.6413],
         [ 0.8152]]])

Completed: 2026-01-26T01:35:31.957088
