Experiment: 2026-01-31_23-34-14_exp_Gaussian
Started: 2026-01-31T23:34:14.281165
======================================================================

======================================================================
MFC Configuration (Iterative Backward Regression)
======================================================================
  Physics:    T=1.0, N=50, σ=1.0, dim=1
  Target:     N(0.0, 1.0)
  Initial:    dirac at 0.0
----------------------------------------------------------------------
  Model:      hidden=64, layers=3, time_emb=16
  Training:   100 iterations × 100 epochs, batch=2048, lr=0.001
  Polyak τ:   0.1
  λ (terminal_weight): 2.0
======================================================================

[23:34:14] Initialized solver on device: cpu
[23:34:14] Number of networks: 50
[23:34:14] Polyak averaging τ: 0.1
[23:34:14] Total parameters (trainable): 428,850
[23:34:14] ======================================================================
[23:34:14] Starting Iterative Backward Regression (Polyak Averaging)
[23:34:14] ======================================================================
[23:34:14] Iterations: 100
[23:34:14] Backward epochs per step: 100
[23:34:14] Batch size: 2048
[23:34:14] Polyak τ: 0.1
[23:34:14] λ (terminal_weight): 2.0
[23:34:14] Target: N(0.0, 1.0)
[23:34:14] ======================================================================
[23:34:20] Iter [  1/100] | Loss: 0.004681 | μ=-0.008 (Δ=0.008), σ=0.976 (Δ=0.024)
[23:34:43] Iter [  5/100] | Loss: 0.002873 | μ=-0.010 (Δ=0.010), σ=1.009 (Δ=0.009)
[23:35:11] Iter [ 10/100] | Loss: 0.009536 | μ=-0.021 (Δ=0.021), σ=0.935 (Δ=0.065)
[23:35:40] Iter [ 15/100] | Loss: 0.008046 | μ=0.032 (Δ=0.032), σ=0.994 (Δ=0.006)
[23:36:08] Iter [ 20/100] | Loss: 0.001161 | μ=0.029 (Δ=0.029), σ=0.996 (Δ=0.004)
[23:36:37] Iter [ 25/100] | Loss: 0.000533 | μ=0.031 (Δ=0.031), σ=0.951 (Δ=0.049)
[23:37:05] Iter [ 30/100] | Loss: 0.001120 | μ=0.010 (Δ=0.010), σ=0.940 (Δ=0.060)
[23:37:33] Iter [ 35/100] | Loss: 0.005095 | μ=0.043 (Δ=0.043), σ=0.959 (Δ=0.041)
[23:38:02] Iter [ 40/100] | Loss: 0.006026 | μ=0.057 (Δ=0.057), σ=0.994 (Δ=0.006)
[23:38:30] Iter [ 45/100] | Loss: 0.000806 | μ=0.020 (Δ=0.020), σ=0.961 (Δ=0.039)
[23:38:58] Iter [ 50/100] | Loss: 0.000575 | μ=-0.015 (Δ=0.015), σ=0.983 (Δ=0.017)
[23:39:26] Iter [ 55/100] | Loss: 0.001596 | μ=0.048 (Δ=0.048), σ=0.954 (Δ=0.046)
[23:39:55] Iter [ 60/100] | Loss: 0.002554 | μ=-0.007 (Δ=0.007), σ=1.023 (Δ=0.023)
[23:40:23] Iter [ 65/100] | Loss: 0.001255 | μ=-0.046 (Δ=0.046), σ=0.999 (Δ=0.001)
[23:40:51] Iter [ 70/100] | Loss: 0.000983 | μ=-0.039 (Δ=0.039), σ=1.006 (Δ=0.006)
[23:41:20] Iter [ 75/100] | Loss: 0.001194 | μ=-0.066 (Δ=0.066), σ=1.003 (Δ=0.003)
[23:41:48] Iter [ 80/100] | Loss: 0.002802 | μ=-0.024 (Δ=0.024), σ=0.953 (Δ=0.047)
[23:42:17] Iter [ 85/100] | Loss: 0.000313 | μ=-0.078 (Δ=0.078), σ=0.985 (Δ=0.015)
[23:42:45] Iter [ 90/100] | Loss: 0.003758 | μ=-0.015 (Δ=0.015), σ=0.976 (Δ=0.024)
[23:43:13] Iter [ 95/100] | Loss: 0.002927 | μ=-0.028 (Δ=0.028), σ=0.953 (Δ=0.047)
[23:43:42] Iter [100/100] | Loss: 0.007627 | μ=-0.115 (Δ=0.115), σ=0.954 (Δ=0.046)
[23:43:42] ======================================================================
[23:43:42] Training Complete! Evaluating with target networks...
[23:43:42] Final Mean: -0.0942 (target: 0.0)
[23:43:42] Final Std:  0.9296 (target: 1.0)
[23:43:42] ======================================================================
