Experiment: 2026-02-06_11-14-05_mfc_backward_regression
Started: 2026-02-06T11:14:05.467127
======================================================================

======================================================================
MFC Configuration (Iterative Backward Regression)
======================================================================
  Physics:    T=1.0, N=50, σ=1.0, dim=1
  Target:     N(1.0, 1.0)
  Initial:    dirac at 0.0
----------------------------------------------------------------------
  Model:      hidden=64, layers=3, time_emb=16
  Training:   100 iterations × 100 epochs, batch=2048, lr=0.001
  Polyak τ:   0.5
  λ (terminal_weight): 2.0
======================================================================

[11:14:05] Initialized solver on device: cpu
[11:14:05] Number of networks: 50
[11:14:05] Polyak averaging τ: 0.5
[11:14:05] Total parameters (trainable): 428,850
[11:14:05] ======================================================================
[11:14:05] Starting Iterative Backward Regression (Polyak Averaging)
[11:14:05] ======================================================================
[11:14:05] Iterations: 100
[11:14:05] Backward epochs per step: 100
[11:14:05] Batch size: 2048
[11:14:05] Polyak τ: 0.5
[11:14:05] λ (terminal_weight): 2.0
[11:14:05] Target: N(1.0, 1.0)
[11:14:05] ======================================================================
[11:14:12] Iter [  1/100] | Loss: 0.090404 | μ=0.000 (Δ=1.000), σ=0.945 (Δ=0.055) | Y_μ=-2.135, Y_σ=0.538
[11:14:35] Iter [  5/100] | Loss: 0.097570 | μ=0.800 (Δ=0.200), σ=0.943 (Δ=0.057) | Y_μ=-0.706, Y_σ=0.227
[11:15:02] Iter [ 10/100] | Loss: 0.100433 | μ=0.677 (Δ=0.323), σ=1.039 (Δ=0.039) | Y_μ=-0.567, Y_σ=0.156
[11:15:28] Iter [ 15/100] | Loss: 0.096952 | μ=0.154 (Δ=0.846), σ=0.880 (Δ=0.120) | Y_μ=-1.807, Y_σ=0.599
[11:15:54] Iter [ 20/100] | Loss: 0.092084 | μ=0.829 (Δ=0.171), σ=1.073 (Δ=0.073) | Y_μ=-0.387, Y_σ=0.207
[11:16:21] Iter [ 25/100] | Loss: 0.372907 | μ=-0.081 (Δ=1.081), σ=0.920 (Δ=0.080) | Y_μ=-2.409, Y_σ=0.219
[11:16:47] Iter [ 30/100] | Loss: 2.797791 | μ=1.196 (Δ=0.196), σ=1.075 (Δ=0.075) | Y_μ=0.558, Y_σ=0.040
[11:17:13] Iter [ 35/100] | Loss: 0.093093 | μ=0.681 (Δ=0.319), σ=1.003 (Δ=0.003) | Y_μ=-0.535, Y_σ=0.328
[11:17:39] Iter [ 40/100] | Loss: 0.097557 | μ=0.557 (Δ=0.443), σ=0.963 (Δ=0.037) | Y_μ=-1.042, Y_σ=0.260
[11:18:07] Iter [ 45/100] | Loss: 0.094433 | μ=0.859 (Δ=0.141), σ=0.981 (Δ=0.019) | Y_μ=-0.245, Y_σ=0.304
[11:18:34] Iter [ 50/100] | Loss: 0.125535 | μ=1.191 (Δ=0.191), σ=1.029 (Δ=0.029) | Y_μ=0.656, Y_σ=0.169
[11:19:01] Iter [ 55/100] | Loss: 0.105276 | μ=0.263 (Δ=0.737), σ=0.890 (Δ=0.110) | Y_μ=-1.333, Y_σ=0.513
[11:19:30] Iter [ 60/100] | Loss: 0.098751 | μ=0.673 (Δ=0.327), σ=0.864 (Δ=0.136) | Y_μ=-0.593, Y_σ=0.366
[11:20:00] Iter [ 65/100] | Loss: 0.127158 | μ=1.058 (Δ=0.058), σ=0.869 (Δ=0.131) | Y_μ=-0.405, Y_σ=0.075
[11:20:29] Iter [ 70/100] | Loss: 0.084810 | μ=0.880 (Δ=0.120), σ=1.194 (Δ=0.194) | Y_μ=-0.346, Y_σ=0.427
[11:20:59] Iter [ 75/100] | Loss: 2.294508 | μ=-0.108 (Δ=1.108), σ=0.899 (Δ=0.101) | Y_μ=-2.335, Y_σ=0.061
[11:21:30] Iter [ 80/100] | Loss: 0.099537 | μ=0.430 (Δ=0.570), σ=0.828 (Δ=0.172) | Y_μ=-1.358, Y_σ=0.665
[11:21:58] Iter [ 85/100] | Loss: 0.126881 | μ=-0.068 (Δ=1.068), σ=0.768 (Δ=0.232) | Y_μ=-2.289, Y_σ=0.614
[11:22:25] Iter [ 90/100] | Loss: 0.109303 | μ=0.873 (Δ=0.127), σ=0.765 (Δ=0.235) | Y_μ=-0.180, Y_σ=0.301
[11:22:52] Iter [ 95/100] | Loss: 0.120723 | μ=0.201 (Δ=0.799), σ=0.905 (Δ=0.095) | Y_μ=-1.498, Y_σ=0.222
[11:23:20] Iter [100/100] | Loss: 0.104598 | μ=0.554 (Δ=0.446), σ=0.979 (Δ=0.021) | Y_μ=-1.038, Y_σ=0.143
[11:23:20] ======================================================================
[11:23:20] Training Complete! Evaluating with target networks...
[11:23:20] Final Mean: 0.8899 (target: 1.0)
[11:23:20] Final Std:  0.9701 (target: 1.0)
[11:23:20] ======================================================================
[11:23:20] Saved plot: trajectories.png
[11:23:20] Saved plot: terminal_distribution.png
[11:23:20] Saved plot: statistics_evolution.png
[11:23:20] Saved all visualization plots

======================================================================
FINAL RESULTS
======================================================================
  history: {'iteration_losses': [np.float64(0.09040378343313932), np.float64(0.13997158877551555), np.float64(0.15857791930437087), np.float64(0.10276798088103532), np.float64(0.0975698858499527), np.float64(0.09648730613291263), np.float64(0.08229596517980099), np.float64(0.10806708920747042), np.float64(0.16176246281713247), np.float64(0.100433408357203), np.float64(0.08767651982605457), np.float64(0.09645299825817347), np.float64(0.09069292858242989), np.float64(0.08848798479884863), np.float64(0.09695155464112759), np.float64(0.18986129201948643), np.float64(0.08897372081875801), np.float64(0.13901153206825256), np.float64(0.10545326992869378), np.float64(0.09208447318524123), np.float64(0.12052922993898392), np.float64(0.11085678346455097), np.float64(0.08946713965386152), np.float64(0.12812017776072027), np.float64(0.3729073493927717), np.float64(0.10103922329843044), np.float64(0.09885935164988041), np.float64(0.0859791000559926), np.float64(0.0994959107786417), np.float64(2.7977912257611752), np.float64(0.10784260306507348), np.float64(0.08517429977655411), np.float64(0.20665152065455913), np.float64(0.15028696477413178), np.float64(0.09309315089136362), np.float64(0.09776234652847052), np.float64(0.08655229091644287), np.float64(0.10484793566167355), np.float64(0.09721216041594744), np.float64(0.09755651175975799), np.float64(0.09857864622026682), np.float64(0.0908079618215561), np.float64(0.09562597569078207), np.float64(0.11817577119916678), np.float64(0.09443272184580564), np.float64(0.08977976806461811), np.float64(0.12387089863419533), np.float64(0.09850428685545921), np.float64(0.2663846956193447), np.float64(0.1255347504466772), np.float64(0.14430862359702587), np.float64(0.09340721398591995), np.float64(0.09909252941608429), np.float64(0.09174860186874867), np.float64(0.10527554623782635), np.float64(0.16539668016135692), np.float64(0.14930777050554753), np.float64(0.16062613599002362), np.float64(0.09458203416317701), np.float64(0.0987508575990796), np.float64(0.0990283478051424), np.float64(0.101157883182168), np.float64(0.09344542399048805), np.float64(20.584853460490702), np.float64(0.12715845488011837), np.float64(0.11520438030362129), np.float64(0.11645332314074039), np.float64(0.0937083038687706), np.float64(0.1659813355654478), np.float64(0.08480982825160027), np.float64(0.10016344863921404), np.float64(0.1021131095662713), np.float64(0.0868612708710134), np.float64(0.09467985201627016), np.float64(2.294507924541831), np.float64(0.11386892680078745), np.float64(0.09985204048454761), np.float64(0.08616629447788), np.float64(0.2081186830997467), np.float64(0.09953714277595281), np.float64(0.09063249722123146), np.float64(0.10638417340815068), np.float64(0.10840892471373081), np.float64(0.08283598544076085), np.float64(0.12688136488199234), np.float64(0.11243926107883453), np.float64(0.09025751329958438), np.float64(0.0875088500417769), np.float64(0.11845443449914456), np.float64(0.1093031606823206), np.float64(0.1628242889046669), np.float64(0.08712170045822859), np.float64(0.10193381659686565), np.float64(0.08614632289856672), np.float64(0.12072338804602623), np.float64(0.10425556629896164), np.float64(0.09253938876092434), np.float64(0.10051353737711906), np.float64(0.2197378945350647), np.float64(0.10459780056029558)], 'terminal_means': [np.float32(0.00022334093), np.float32(1.1297469), np.float32(0.39915368), np.float32(0.45557123), np.float32(0.8001125), np.float32(0.7166689), np.float32(0.45520508), np.float32(1.2757396), np.float32(0.2920519), np.float32(0.6773634), np.float32(0.5628632), np.float32(0.59134096), np.float32(1.087519), np.float32(1.0856707), np.float32(0.15412685), np.float32(1.2931299), np.float32(0.3412543), np.float32(0.8364862), np.float32(0.24294955), np.float32(0.8287041), np.float32(0.7778115), np.float32(0.7141993), np.float32(0.3282075), np.float32(1.0220871), np.float32(-0.081302136), np.float32(0.986434), np.float32(0.71402293), np.float32(0.5063478), np.float32(0.6406186), np.float32(1.1963639), np.float32(0.13420402), np.float32(0.9714555), np.float32(0.33990455), np.float32(1.0581179), np.float32(0.68062127), np.float32(0.7439466), np.float32(0.93159974), np.float32(0.0347699), np.float32(1.1563814), np.float32(0.55728364), np.float32(0.69192564), np.float32(0.7208276), np.float32(0.3303994), np.float32(1.0422843), np.float32(0.8585416), np.float32(0.34860897), np.float32(1.1060143), np.float32(0.58529764), np.float32(0.26048863), np.float32(1.1908965), np.float32(0.14367756), np.float32(0.8123981), np.float32(0.5554668), np.float32(1.0136576), np.float32(0.2630756), np.float32(0.9656218), np.float32(0.56152874), np.float32(0.8745874), np.float32(0.7217185), np.float32(0.672806), np.float32(0.44273996), np.float32(0.34754276), np.float32(1.3068959), np.float32(0.09460247), np.float32(1.0579184), np.float32(0.7692437), np.float32(0.7618676), np.float32(0.81795955), np.float32(0.28766876), np.float32(0.8800125), np.float32(1.003248), np.float32(0.5320176), np.float32(0.3151828), np.float32(1.0794626), np.float32(-0.10798749), np.float32(1.0809355), np.float32(0.56752884), np.float32(0.23629226), np.float32(1.0410423), np.float32(0.4304489), np.float32(0.5435339), np.float32(0.42524457), np.float32(0.9862), np.float32(0.6936139), np.float32(-0.06820211), np.float32(1.438054), np.float32(0.30171555), np.float32(0.8351697), np.float32(0.044817362), np.float32(0.8731941), np.float32(0.15005443), np.float32(1.1094683), np.float32(0.6706037), np.float32(1.3805912), np.float32(0.20127295), np.float32(0.64717245), np.float32(1.1396111), np.float32(0.30907142), np.float32(0.59356534), np.float32(0.5541663)], 'terminal_vars': [np.float32(0.89287734), np.float32(1.4025578), np.float32(1.2367185), np.float32(1.1283569), np.float32(0.8887741), np.float32(0.79152024), np.float32(1.6318426), np.float32(0.82800645), np.float32(0.96256155), np.float32(1.0799884), np.float32(1.177674), np.float32(0.8504572), np.float32(1.207396), np.float32(1.4301353), np.float32(0.7752384), np.float32(1.0411667), np.float32(1.3178384), np.float32(0.82874435), np.float32(0.92781365), np.float32(1.1520456), np.float32(0.9735658), np.float32(1.0609924), np.float32(1.3387618), np.float32(0.6423776), np.float32(0.8472061), np.float32(1.114547), np.float32(0.63454765), np.float32(1.2702616), np.float32(0.7359398), np.float32(1.1546444), np.float32(1.2820077), np.float32(1.2987636), np.float32(0.81517005), np.float32(1.0909555), np.float32(1.0054197), np.float32(1.3297467), np.float32(1.3421836), np.float32(0.7399347), np.float32(0.93364406), np.float32(0.9274472), np.float32(0.72442657), np.float32(1.1768537), np.float32(0.88979584), np.float32(1.1379224), np.float32(0.96148944), np.float32(1.2311051), np.float32(0.9124955), np.float32(0.7728032), np.float32(1.1911423), np.float32(1.0579798), np.float32(1.1420052), np.float32(0.91174257), np.float32(0.83367777), np.float32(1.1233237), np.float32(0.79271734), np.float32(1.1192472), np.float32(1.0650554), np.float32(1.0400231), np.float32(0.9727723), np.float32(0.7468694), np.float32(1.0950363), np.float32(0.78843427), np.float32(1.0365529), np.float32(0.82819915), np.float32(0.7550553), np.float32(0.87021875), np.float32(0.8089211), np.float32(0.77008814), np.float32(1.0802413), np.float32(1.4255358), np.float32(0.7902597), np.float32(0.6426294), np.float32(1.3491125), np.float32(0.7859607), np.float32(0.80872), np.float32(1.1102604), np.float32(0.9802042), np.float32(1.5269043), np.float32(0.83044356), np.float32(0.68623435), np.float32(1.2946682), np.float32(0.7375898), np.float32(0.78393435), np.float32(1.781568), np.float32(0.5901667), np.float32(0.8134099), np.float32(0.9353695), np.float32(1.310708), np.float32(0.75607646), np.float32(0.5847353), np.float32(0.9992306), np.float32(1.2385248), np.float32(0.7014672), np.float32(1.2996788), np.float32(0.81840026), np.float32(0.5537751), np.float32(0.9234667), np.float32(0.78376305), np.float32(0.7397834), np.float32(0.95862067)], 'y_means': [np.float64(-2.135123610496521), np.float64(-0.1021435446292162), np.float64(-0.4011987113952637), np.float64(-1.1456268644332885), np.float64(-0.7055229687690735), np.float64(-0.3094748318195343), np.float64(-1.5735751366615296), np.float64(0.27977864801883695), np.float64(-1.0534141731262208), np.float64(-0.5670382279157639), np.float64(-0.5384636831283569), np.float64(-1.3859632515907288), np.float64(-0.9945865941047668), np.float64(0.39801620721817016), np.float64(-1.8068753695487976), np.float64(0.2621676659584045), np.float64(-1.4163665986061096), np.float64(0.1608135125041008), np.float64(-1.6377274298667908), np.float64(-0.38674924671649935), np.float64(-0.6881416404247284), np.float64(-0.13092148169875145), np.float64(-1.4650074648857117), np.float64(0.646237565279007), np.float64(-2.408553776741028), np.float64(-0.02013857802725397), np.float64(-1.0219446325302124), np.float64(-1.2360346150398254), np.float64(-0.9010160160064697), np.float64(0.5575553953647614), np.float64(-1.6656272029876709), np.float64(-0.009764305595308543), np.float64(-1.5450609564781188), np.float64(-0.26928858160972596), np.float64(-0.5346311688423157), np.float64(-1.0668238973617554), np.float64(-0.02477692123502493), np.float64(-1.8304893350601197), np.float64(0.7207502782344818), np.float64(-1.0421648705005646), np.float64(-0.6696569120883942), np.float64(-0.52859757065773), np.float64(-1.471334035396576), np.float64(-0.4796544885635376), np.float64(-0.24536185562610627), np.float64(-1.5027164721488953), np.float64(0.04945316085591912), np.float64(-0.4791400963068008), np.float64(-1.87521479845047), np.float64(0.6564504599571228), np.float64(-1.6758515977859496), np.float64(-0.09389327071607113), np.float64(-0.8946585988998413), np.float64(-0.1562340587377548), np.float64(-1.3329903292655945), np.float64(0.13833797097206116), np.float64(-1.1938041257858276), np.float64(-0.5637700605392456), np.float64(-0.3393833267688751), np.float64(-0.5926734495162964), np.float64(-0.6513197958469391), np.float64(-1.3712557005882262), np.float64(0.6231748723983764), np.float64(-2.111452965736389), np.float64(-0.4045886707305908), np.float64(-0.6739837348461151), np.float64(-0.6885148811340333), np.float64(-0.3448319315910339), np.float64(-1.4542150044441222), np.float64(-0.3458533751964569), np.float64(0.23855030417442322), np.float64(-0.6156246507167816), np.float64(-1.406166832447052), np.float64(0.8668677961826324), np.float64(-2.3345745325088503), np.float64(0.08586673945188522), np.float64(-0.29255624949932096), np.float64(-1.443197181224823), np.float64(0.3551015204191208), np.float64(-1.3584350395202636), np.float64(-0.8184693837165833), np.float64(-1.1290001106262206), np.float64(0.0033890570909716187), np.float64(-0.69689093708992), np.float64(-2.2887862586975096), np.float64(1.007067507505417), np.float64(-1.0027814745903014), np.float64(0.21313662886619567), np.float64(-2.5887978315353393), np.float64(-0.1797723338007927), np.float64(-1.8711867070198058), np.float64(0.65518501162529), np.float64(-1.2794758081436157), np.float64(0.357111314535141), np.float64(-1.4982192969322206), np.float64(-0.7039451777935029), np.float64(0.44966024219989775), np.float64(-1.245642659664154), np.float64(-0.6503000140190125), np.float64(-1.0383185565471649)], 'y_stds': [np.float64(0.5375479787599766), np.float64(0.198302494417876), np.float64(0.30070467630401254), np.float64(0.3324347876757383), np.float64(0.22710078954696655), np.float64(0.679031837284565), np.float64(0.4652963261306286), np.float64(0.13960543535649778), np.float64(0.05988661848125105), np.float64(0.15560814537137063), np.float64(0.5209822611510754), np.float64(0.29933354958891867), np.float64(0.32906008347927157), np.float64(0.6135435456037521), np.float64(0.5994651208835426), np.float64(0.06558563353508369), np.float64(0.37990898028074327), np.float64(0.09050951698794961), np.float64(0.2262974504398886), np.float64(0.20695771269543925), np.float64(0.1322081311795047), np.float64(0.19792228646576404), np.float64(0.47704489439900555), np.float64(0.17833112780033858), np.float64(0.2194328252994467), np.float64(0.3476777410507202), np.float64(0.8760043567419052), np.float64(0.7524534106254578), np.float64(0.43793351486325266), np.float64(0.04041008928412367), np.float64(0.13372764617262903), np.float64(0.40629123274237827), np.float64(0.2054534096457064), np.float64(0.17320934500545263), np.float64(0.3282464949786663), np.float64(0.26265447817859294), np.float64(0.6841819872707674), np.float64(0.3117739211022854), np.float64(0.3075919257113131), np.float64(0.2604603162410787), np.float64(0.37179024770855906), np.float64(0.3451366977396539), np.float64(0.34393542550562445), np.float64(0.12092283267527819), np.float64(0.3036875595156745), np.float64(0.37284439742565156), np.float64(0.08452812666080721), np.float64(0.2800947804754836), np.float64(0.10357519194658436), np.float64(0.16859827075182707), np.float64(0.1803621077939181), np.float64(0.219867281019906), np.float64(0.21672006465581972), np.float64(0.5195773138108053), np.float64(0.5130964314937592), np.float64(0.06237618390470743), np.float64(0.11156009938684348), np.float64(0.18663495129032553), np.float64(0.3224712923170592), np.float64(0.36604092597961424), np.float64(0.18909409515559672), np.float64(0.2655933339911286), np.float64(0.37687628105282783), np.float64(0.014454704818781465), np.float64(0.07525989050074727), np.float64(0.20381220836221486), np.float64(0.11507591694593429), np.float64(0.4940888799726963), np.float64(0.13293190203665317), np.float64(0.42658594831838864), np.float64(0.23420003324747085), np.float64(0.9257523348933322), np.float64(0.7981333577638727), np.float64(0.31856077507225594), np.float64(0.06114538402413075), np.float64(0.15460876055061817), np.float64(0.36476850241422654), np.float64(0.5278018473094565), np.float64(0.15270171043463052), np.float64(0.6652798293542588), np.float64(0.40573905929952175), np.float64(0.26704082384880223), np.float64(0.4445055705308914), np.float64(1.2955569994449616), np.float64(0.6136437054001738), np.float64(0.2719085645678571), np.float64(0.43335340976773323), np.float64(0.6347552260759405), np.float64(0.21193816535174848), np.float64(0.30087034732125184), np.float64(0.1396195860224549), np.float64(0.6607497259977392), np.float64(0.4349041967111413), np.float64(0.5182325159014727), np.float64(0.2220216464262927), np.float64(0.21121280297636985), np.float64(0.5308927488335761), np.float64(0.2306583174318075), np.float64(0.05520981365843923), np.float64(0.14333647370396677)]}
  final_mean: 0.8899019360542297
  final_var: 0.9410943388938904
  final_trajectories: tensor([[[ 0.0000],
         [ 0.0000],
         [ 0.0000],
         ...,
         [ 0.0000],
         [ 0.0000],
         [ 0.0000]],

        [[-0.0999],
         [ 0.1334],
         [-0.0040],
         ...,
         [ 0.3055],
         [ 0.0973],
         [-0.0660]],

        [[ 0.0659],
         [-0.0409],
         [-0.1060],
         ...,
         [ 0.0322],
         [ 0.1838],
         [-0.0167]],

        ...,

        [[ 2.0019],
         [ 1.3373],
         [ 0.8233],
         ...,
         [ 2.3097],
         [ 2.3641],
         [ 1.6408]],

        [[ 1.9136],
         [ 1.3371],
         [ 0.8049],
         ...,
         [ 2.2773],
         [ 2.3346],
         [ 1.7421]],

        [[ 2.1402],
         [ 1.4074],
         [ 0.6730],
         ...,
         [ 2.5704],
         [ 2.3641],
         [ 1.6316]]])

Completed: 2026-02-06T11:46:26.465544
