Experiment: 2026-02-09_23-02-26_mfc_backward_regression
Started: 2026-02-09T23:02:26.658412
======================================================================

======================================================================
MFC Configuration (Iterative Backward Regression)
======================================================================
  Physics:    T=1.0, N=50, σ=1.0, dim=1
  Target:     N(1.0, 1.0)
  Initial:    dirac at 0.0
----------------------------------------------------------------------
  Model:      hidden=64, layers=3, time_emb=16
  Training:   20 iterations × 100 epochs, batch=2048, lr=0.001
  Polyak τ:   0.5
  λ (terminal_weight): 100.0
======================================================================

[23:02:26] Initialized solver on device: cpu
[23:02:26] Number of networks: 50
[23:02:26] Polyak averaging τ: 0.5
[23:02:26] Total parameters (trainable): 428,850
[23:02:26] ======================================================================
[23:02:26] Starting Iterative Backward Regression (Polyak Averaging)
[23:02:26] ======================================================================
[23:02:26] Iterations: 20
[23:02:26] Backward epochs per step: 100
[23:02:26] Batch size: 2048
[23:02:26] Polyak τ: 0.5
[23:02:26] Polyak τ: 0.5
[23:02:26] λ (terminal_weight): 100.0
[23:02:26] Target: N(1.0, 1.0)
[23:02:26] ======================================================================
[23:02:33] Iter [  1/20] | Loss: 0.211210 | μ=0.000 (Δ=1.000), σ=0.945 (Δ=0.055) | Y_μ=-5.107, Y_σ=0.109
[23:02:56] Iter [  5/20] | Loss: 0.074142 | μ=1.002 (Δ=0.002), σ=1.705 (Δ=0.705) | Y_μ=0.089, Y_σ=3.512
[23:03:26] Iter [ 10/20] | Loss: 0.139889 | μ=-0.467 (Δ=1.467), σ=0.964 (Δ=0.036) | Y_μ=-4.762, Y_σ=0.896
[23:03:54] Iter [ 15/20] | Loss: 0.126597 | μ=1.419 (Δ=0.419), σ=0.607 (Δ=0.393) | Y_μ=2.182, Y_σ=0.838
[23:04:24] Iter [ 20/20] | Loss: 1.110365 | μ=-0.346 (Δ=1.346), σ=0.581 (Δ=0.419) | Y_μ=-3.957, Y_σ=0.621
[23:04:24] ======================================================================
[23:04:24] Training Complete! Evaluating with target networks...
[23:04:24] Final Mean: 1.4237 (target: 1.0)
[23:04:24] Final Std:  0.7726 (target: 1.0)
[23:04:24] ======================================================================
[23:04:25] Saved plot: trajectories.png
[23:04:25] Saved plot: terminal_distribution.png
[23:04:25] Saved plot: statistics_evolution.png
[23:04:25] Saved all visualization plots

======================================================================
FINAL RESULTS
======================================================================
  history: {'iteration_losses': [np.float64(0.21120984815061092), np.float64(0.11598908040672541), np.float64(0.1409651193022728), np.float64(0.10310823649168015), np.float64(0.07414154170081019), np.float64(0.15426746487617493), np.float64(7.47742391243577), np.float64(0.2474137157574296), np.float64(0.14787012204527855), np.float64(0.1398889934644103), np.float64(0.14911043390631676), np.float64(216474320907.80737), np.float64(0.12206966273486614), np.float64(0.0905074454471469), np.float64(0.12659660495817662), np.float64(0.7273910717666149), np.float64(0.1038365200906992), np.float64(0.492191207036376), np.float64(0.1755381888896227), np.float64(1.1103653171658516)], 'terminal_means': [np.float32(0.00022334093), np.float32(1.9398985), np.float32(-1.0777332), np.float32(0.72456014), np.float32(1.0020542), np.float32(0.5135349), np.float32(1.1906276), np.float32(-0.8921844), np.float32(0.8596825), np.float32(-0.4673973), np.float32(1.5785186), np.float32(-0.62617433), np.float32(1.2865189), np.float32(0.0331423), np.float32(1.4194549), np.float32(-0.66875696), np.float32(0.9797055), np.float32(-0.23884971), np.float32(1.6355355), np.float32(-0.3463796)], 'terminal_vars': [np.float32(0.89287734), np.float32(0.89617294), np.float32(0.42935145), np.float32(0.2908213), np.float32(2.9058385), np.float32(0.20091507), np.float32(1.2812059), np.float32(0.9281247), np.float32(0.23335281), np.float32(0.93023294), np.float32(0.34329593), np.float32(0.47530246), np.float32(0.29936224), np.float32(1.8470092), np.float32(0.36887044), np.float32(0.38641822), np.float32(0.5407406), np.float32(3.134289), np.float32(0.35040426), np.float32(0.33812702)], 'y_means': [np.float64(-5.106660709381104), np.float64(4.578521175384521), np.float64(-4.7679008102416995), np.float64(-0.7496118509769439), np.float64(0.08864303179085255), np.float64(-1.0983489561080932), np.float64(2.593997745513916), np.float64(-4.865604763031006), np.float64(1.4230272126197816), np.float64(-4.761747035980225), np.float64(2.6623877000808718), np.float64(-5.099031667709351), np.float64(0.15161820009350777), np.float64(-2.7666611576080324), np.float64(2.182063112258911), np.float64(-4.075941481590271), np.float64(1.0158568358421325), np.float64(-3.803035855293274), np.float64(2.3338515758514404), np.float64(-3.956850552558899)], 'y_stds': [np.float64(0.10941133834887523), np.float64(0.10941133834887523), np.float64(1.211400181059728), np.float64(1.211400181059728), np.float64(0.5385534894489694), np.float64(0.5385534894489694), np.float64(1.8785689973834088), np.float64(1.8785689973834088), np.float64(3.512167511880616), np.float64(3.512167511880616), np.float64(1.0152790442120756), np.float64(1.0152790442120756), np.float64(0.6984617036464624), np.float64(0.6984617036464624), np.float64(0.6258648866484896), np.float64(0.6258648866484896), np.float64(1.2934305593377216), np.float64(1.2934305593377216), np.float64(0.8962167033553123), np.float64(0.8962167033553123), np.float64(0.9538618361973215), np.float64(0.9538618361973215), np.float64(0.06096779964864254), np.float64(0.06096779964864254), np.float64(1.6096880620718002), np.float64(1.6096880620718002), np.float64(1.8721391677856445), np.float64(1.8721391677856445), np.float64(0.8375977489352227), np.float64(0.8375977489352227), np.float64(0.24818649500957804), np.float64(0.24818649500957804), np.float64(1.8181586515903474), np.float64(1.8181586515903474), np.float64(2.1448566069279336), np.float64(2.1448566069279336), np.float64(0.6434703861200262), np.float64(0.6434703861200262), np.float64(0.6214795497071469), np.float64(0.6214795497071469)]}
  final_mean: 1.4236727952957153
  final_var: 0.5968522429466248
  final_trajectories: tensor([[[ 0.0000],
         [ 0.0000],
         [ 0.0000],
         ...,
         [ 0.0000],
         [ 0.0000],
         [ 0.0000]],

        [[-0.0137],
         [-0.0198],
         [ 0.0557],
         ...,
         [-0.1002],
         [ 0.0151],
         [ 0.1843]],

        [[ 0.2192],
         [ 0.0612],
         [ 0.0307],
         ...,
         [-0.4434],
         [-0.1442],
         [ 0.1017]],

        ...,

        [[ 1.7482],
         [ 1.7625],
         [ 1.3172],
         ...,
         [ 2.3306],
         [ 2.2475],
         [ 1.5630]],

        [[ 1.8507],
         [ 1.7546],
         [ 1.4898],
         ...,
         [ 2.3539],
         [ 2.3378],
         [ 1.6311]],

        [[ 1.9156],
         [ 1.8577],
         [ 1.4116],
         ...,
         [ 2.3776],
         [ 2.2349],
         [ 1.7524]]])

Completed: 2026-02-09T23:04:37.915590
