Experiment: 2026-02-04_18-53-23_exp_Student_t
Started: 2026-02-04T18:53:23.406623
======================================================================

======================================================================
MFC Configuration (Iterative Backward Regression)
======================================================================
  Physics:    T=1.0, N=50, σ=1.0, dim=1
  Target:     N(0.0, 1.0)
  Initial:    dirac at 0.0
----------------------------------------------------------------------
  Model:      hidden=64, layers=3, time_emb=16
  Training:   400 iterations × 100 epochs, batch=2048, lr=0.001
  Polyak τ:   0.5
  λ (terminal_weight): 2.0
======================================================================

[18:53:23] Initialized solver on device: cpu
[18:53:23] Number of networks: 50
[18:53:23] Polyak averaging τ: 0.5
[18:53:23] Total parameters (trainable): 428,850
[18:53:23] ======================================================================
[18:53:23] Starting Iterative Backward Regression (Polyak Averaging)
[18:53:23] ======================================================================
[18:53:23] Iterations: 400
[18:53:23] Backward epochs per step: 100
[18:53:23] Batch size: 2048
[18:53:23] Polyak τ: 0.5
[18:53:23] λ (terminal_weight): 2.0
[18:53:23] Target: N(0.0, 1.0)
[18:53:23] ======================================================================
[18:53:29] Iter [  1/400] | Loss: 0.007257 | μ=-0.006 (Δ=0.006), σ=0.980 (Δ=0.020)
[18:53:52] Iter [  5/400] | Loss: 0.001447 | μ=0.014 (Δ=0.014), σ=1.068 (Δ=0.068)
[18:54:20] Iter [ 10/400] | Loss: 0.009484 | μ=-0.056 (Δ=0.056), σ=1.265 (Δ=0.265)
[18:54:48] Iter [ 15/400] | Loss: 0.014123 | μ=0.056 (Δ=0.056), σ=0.896 (Δ=0.104)
[18:55:16] Iter [ 20/400] | Loss: 0.001134 | μ=0.094 (Δ=0.094), σ=1.155 (Δ=0.155)
[18:55:44] Iter [ 25/400] | Loss: 0.002772 | μ=0.027 (Δ=0.027), σ=0.927 (Δ=0.073)
[18:56:13] Iter [ 30/400] | Loss: 0.007696 | μ=-0.209 (Δ=0.209), σ=1.203 (Δ=0.203)
[18:56:42] Iter [ 35/400] | Loss: 0.004275 | μ=0.079 (Δ=0.079), σ=1.151 (Δ=0.151)
[18:57:12] Iter [ 40/400] | Loss: 0.004306 | μ=-0.081 (Δ=0.081), σ=0.992 (Δ=0.008)
[18:57:41] Iter [ 45/400] | Loss: 0.007541 | μ=0.085 (Δ=0.085), σ=1.158 (Δ=0.158)
[18:58:10] Iter [ 50/400] | Loss: 0.001311 | μ=-0.250 (Δ=0.250), σ=1.057 (Δ=0.057)
[18:58:39] Iter [ 55/400] | Loss: 0.007150 | μ=-0.204 (Δ=0.204), σ=1.040 (Δ=0.040)
[18:59:07] Iter [ 60/400] | Loss: 0.005238 | μ=0.040 (Δ=0.040), σ=1.151 (Δ=0.151)
[18:59:35] Iter [ 65/400] | Loss: 0.006194 | μ=-0.010 (Δ=0.010), σ=1.075 (Δ=0.075)
[19:00:03] Iter [ 70/400] | Loss: 0.007604 | μ=0.025 (Δ=0.025), σ=1.126 (Δ=0.126)
[19:00:32] Iter [ 75/400] | Loss: 0.015047 | μ=0.199 (Δ=0.199), σ=1.312 (Δ=0.312)
[19:01:00] Iter [ 80/400] | Loss: 0.001436 | μ=0.029 (Δ=0.029), σ=1.180 (Δ=0.180)
[19:01:29] Iter [ 85/400] | Loss: 0.002656 | μ=-0.212 (Δ=0.212), σ=1.165 (Δ=0.165)
[19:01:58] Iter [ 90/400] | Loss: 0.007420 | μ=-0.054 (Δ=0.054), σ=1.179 (Δ=0.179)
[19:02:28] Iter [ 95/400] | Loss: 0.003386 | μ=0.200 (Δ=0.200), σ=1.041 (Δ=0.041)
[19:02:57] Iter [100/400] | Loss: 0.007401 | μ=0.281 (Δ=0.281), σ=1.198 (Δ=0.198)
[19:03:27] Iter [105/400] | Loss: 0.028279 | μ=-0.014 (Δ=0.014), σ=0.995 (Δ=0.005)
[19:03:55] Iter [110/400] | Loss: 0.005523 | μ=-0.202 (Δ=0.202), σ=1.301 (Δ=0.301)
[19:04:24] Iter [115/400] | Loss: 0.010515 | μ=0.102 (Δ=0.102), σ=1.107 (Δ=0.107)
[19:04:53] Iter [120/400] | Loss: 0.008835 | μ=-0.111 (Δ=0.111), σ=1.090 (Δ=0.090)
[19:05:22] Iter [125/400] | Loss: 0.006570 | μ=0.110 (Δ=0.110), σ=1.177 (Δ=0.177)
[19:05:51] Iter [130/400] | Loss: 0.004406 | μ=0.047 (Δ=0.047), σ=1.265 (Δ=0.265)
[19:06:19] Iter [135/400] | Loss: 0.007204 | μ=0.046 (Δ=0.046), σ=1.138 (Δ=0.138)
[19:06:47] Iter [140/400] | Loss: 0.006828 | μ=0.313 (Δ=0.313), σ=1.265 (Δ=0.265)
[19:07:15] Iter [145/400] | Loss: 0.005429 | μ=-0.221 (Δ=0.221), σ=1.030 (Δ=0.030)
[19:07:43] Iter [150/400] | Loss: 0.004740 | μ=-0.182 (Δ=0.182), σ=1.251 (Δ=0.251)
[19:08:14] Iter [155/400] | Loss: 0.001793 | μ=-0.018 (Δ=0.018), σ=1.216 (Δ=0.216)
[19:08:42] Iter [160/400] | Loss: 0.011615 | μ=0.308 (Δ=0.308), σ=1.344 (Δ=0.344)
[19:09:10] Iter [165/400] | Loss: 0.007810 | μ=0.067 (Δ=0.067), σ=1.255 (Δ=0.255)
[19:09:39] Iter [170/400] | Loss: 0.008656 | μ=0.240 (Δ=0.240), σ=1.228 (Δ=0.228)
[19:10:07] Iter [175/400] | Loss: 0.010585 | μ=0.233 (Δ=0.233), σ=1.124 (Δ=0.124)
[19:10:36] Iter [180/400] | Loss: 0.004887 | μ=-0.126 (Δ=0.126), σ=1.050 (Δ=0.050)
[19:11:07] Iter [185/400] | Loss: 0.010488 | μ=-0.575 (Δ=0.575), σ=1.259 (Δ=0.259)
[19:11:36] Iter [190/400] | Loss: 0.007009 | μ=0.097 (Δ=0.097), σ=1.102 (Δ=0.102)
[19:12:07] Iter [195/400] | Loss: 0.011087 | μ=0.220 (Δ=0.220), σ=1.148 (Δ=0.148)
[19:12:39] Iter [200/400] | Loss: 0.006636 | μ=-0.140 (Δ=0.140), σ=1.222 (Δ=0.222)
[19:13:10] Iter [205/400] | Loss: 0.004567 | μ=-0.109 (Δ=0.109), σ=1.209 (Δ=0.209)
[19:13:39] Iter [210/400] | Loss: 0.007085 | μ=-0.139 (Δ=0.139), σ=1.042 (Δ=0.042)
[19:14:09] Iter [215/400] | Loss: 0.013766 | μ=-0.156 (Δ=0.156), σ=0.899 (Δ=0.101)
[19:14:39] Iter [220/400] | Loss: 0.007801 | μ=-0.018 (Δ=0.018), σ=1.034 (Δ=0.034)
[19:15:08] Iter [225/400] | Loss: 0.003235 | μ=0.021 (Δ=0.021), σ=1.034 (Δ=0.034)
[19:15:36] Iter [230/400] | Loss: 0.006938 | μ=0.142 (Δ=0.142), σ=1.000 (Δ=0.000)
[19:16:04] Iter [235/400] | Loss: 0.004027 | μ=-0.085 (Δ=0.085), σ=1.382 (Δ=0.382)
[19:16:35] Iter [240/400] | Loss: 0.005414 | μ=-0.184 (Δ=0.184), σ=1.250 (Δ=0.250)
[19:17:06] Iter [245/400] | Loss: 0.002972 | μ=-0.052 (Δ=0.052), σ=1.218 (Δ=0.218)
[19:17:38] Iter [250/400] | Loss: 0.003409 | μ=0.048 (Δ=0.048), σ=1.145 (Δ=0.145)
[19:18:08] Iter [255/400] | Loss: 0.007358 | μ=0.028 (Δ=0.028), σ=1.163 (Δ=0.163)
[19:18:36] Iter [260/400] | Loss: 0.015879 | μ=-0.003 (Δ=0.003), σ=1.100 (Δ=0.100)
[19:19:04] Iter [265/400] | Loss: 0.002001 | μ=-0.188 (Δ=0.188), σ=1.237 (Δ=0.237)
[19:19:32] Iter [270/400] | Loss: 0.009092 | μ=0.073 (Δ=0.073), σ=1.049 (Δ=0.049)
[19:20:00] Iter [275/400] | Loss: 0.007740 | μ=0.008 (Δ=0.008), σ=1.088 (Δ=0.088)
[19:20:28] Iter [280/400] | Loss: 0.007468 | μ=-0.045 (Δ=0.045), σ=1.063 (Δ=0.063)
[19:20:56] Iter [285/400] | Loss: 0.004544 | μ=0.275 (Δ=0.275), σ=1.062 (Δ=0.062)
[19:21:26] Iter [290/400] | Loss: 0.010451 | μ=-0.153 (Δ=0.153), σ=0.914 (Δ=0.086)
[19:21:58] Iter [295/400] | Loss: 0.004511 | μ=-0.007 (Δ=0.007), σ=0.991 (Δ=0.009)
[19:22:28] Iter [300/400] | Loss: 0.006939 | μ=0.196 (Δ=0.196), σ=1.209 (Δ=0.209)
[19:22:58] Iter [305/400] | Loss: 0.006948 | μ=-0.185 (Δ=0.185), σ=1.275 (Δ=0.275)
[19:23:29] Iter [310/400] | Loss: 0.006925 | μ=-0.142 (Δ=0.142), σ=1.242 (Δ=0.242)
[19:24:00] Iter [315/400] | Loss: 0.010413 | μ=0.119 (Δ=0.119), σ=1.206 (Δ=0.206)
[19:24:28] Iter [320/400] | Loss: 0.004783 | μ=0.210 (Δ=0.210), σ=1.258 (Δ=0.258)
[19:24:56] Iter [325/400] | Loss: 0.012133 | μ=0.148 (Δ=0.148), σ=1.298 (Δ=0.298)
[19:25:24] Iter [330/400] | Loss: 0.003834 | μ=0.088 (Δ=0.088), σ=1.192 (Δ=0.192)
[19:25:51] Iter [335/400] | Loss: 0.005955 | μ=-0.256 (Δ=0.256), σ=1.087 (Δ=0.087)
[19:26:20] Iter [340/400] | Loss: 0.005868 | μ=-0.167 (Δ=0.167), σ=1.211 (Δ=0.211)
[19:26:47] Iter [345/400] | Loss: 0.009421 | μ=-0.163 (Δ=0.163), σ=1.130 (Δ=0.130)
[19:27:16] Iter [350/400] | Loss: 0.001987 | μ=0.075 (Δ=0.075), σ=1.048 (Δ=0.048)
[19:27:46] Iter [355/400] | Loss: 0.008976 | μ=-0.217 (Δ=0.217), σ=1.189 (Δ=0.189)
[19:28:15] Iter [360/400] | Loss: 0.005958 | μ=-0.074 (Δ=0.074), σ=1.239 (Δ=0.239)
[19:28:43] Iter [365/400] | Loss: 0.001000 | μ=0.274 (Δ=0.274), σ=1.194 (Δ=0.194)
[19:29:11] Iter [370/400] | Loss: 0.004814 | μ=0.092 (Δ=0.092), σ=1.107 (Δ=0.107)
[19:29:39] Iter [375/400] | Loss: 0.010242 | μ=0.107 (Δ=0.107), σ=1.051 (Δ=0.051)
[19:30:07] Iter [380/400] | Loss: 0.004021 | μ=0.127 (Δ=0.127), σ=1.093 (Δ=0.093)
[19:30:34] Iter [385/400] | Loss: 0.034101 | μ=-0.252 (Δ=0.252), σ=0.934 (Δ=0.066)
[19:31:02] Iter [390/400] | Loss: 0.003511 | μ=-0.112 (Δ=0.112), σ=1.150 (Δ=0.150)
[19:31:30] Iter [395/400] | Loss: 0.001862 | μ=0.003 (Δ=0.003), σ=1.154 (Δ=0.154)
[19:31:59] Iter [400/400] | Loss: 0.013135 | μ=-0.179 (Δ=0.179), σ=1.138 (Δ=0.138)
[19:31:59] ======================================================================
[19:31:59] Training Complete! Evaluating with target networks...
[19:31:59] Final Mean: 0.2192 (target: 0.0)
[19:31:59] Final Std:  1.2480 (target: 1.0)
[19:31:59] ======================================================================
