Experiment: 2026-02-10_02-30-52_mfc_backward_regression
Started: 2026-02-10T02:30:52.938393
======================================================================

======================================================================
MFC Configuration (Iterative Backward Regression)
======================================================================
  Physics:    T=1.0, N=50, σ=1.0, dim=1
  Target:     N(1.0, 1.0)
  Initial:    dirac at 0.0
----------------------------------------------------------------------
  Model:      hidden=64, layers=3, time_emb=16
  Training:   100 iterations × 100 epochs, batch=4096, lr=0.001
  Polyak τ:   0.5
  λ (terminal_weight): 2.0
======================================================================

[02:30:52] Initialized solver on device: cpu
[02:30:52] Number of networks: 50
[02:30:52] Polyak averaging τ: 0.5
[02:30:52] Total parameters (trainable): 428,850
[02:30:52] ======================================================================
[02:30:52] Starting Iterative Backward Regression (Polyak Averaging)
[02:30:52] ======================================================================
[02:30:52] Iterations: 100
[02:30:52] Backward epochs per step: 100
[02:30:52] Batch size: 4096
[02:30:52] Polyak τ: 0.5
[02:30:52] Polyak τ: 0.5
[02:30:52] λ (terminal_weight): 2.0
[02:30:52] Target: N(1.0, 1.0)
[02:30:52] ======================================================================
[02:31:03] Iter [  1/100] | Loss: 0.116480 | μ=0.008 (Δ=0.992), σ=0.953 (Δ=0.047) | Y_μ=-1.819, Y_σ=0.154
[02:31:37] Iter [  5/100] | Loss: 0.133964 | μ=0.703 (Δ=0.297), σ=1.001 (Δ=0.001) | Y_μ=-0.561, Y_σ=0.127
[02:32:21] Iter [ 10/100] | Loss: 0.098664 | μ=0.638 (Δ=0.362), σ=1.053 (Δ=0.053) | Y_μ=-0.920, Y_σ=0.197
[02:33:02] Iter [ 15/100] | Loss: 0.672350 | μ=1.090 (Δ=0.090), σ=1.000 (Δ=0.000) | Y_μ=-0.118, Y_σ=0.025
[02:33:43] Iter [ 20/100] | Loss: 1.678830 | μ=0.984 (Δ=0.016), σ=0.958 (Δ=0.042) | Y_μ=0.225, Y_σ=0.015
[02:34:25] Iter [ 25/100] | Loss: 0.089704 | μ=0.505 (Δ=0.495), σ=1.092 (Δ=0.092) | Y_μ=-0.841, Y_σ=0.551
[02:35:07] Iter [ 30/100] | Loss: 0.095857 | μ=0.567 (Δ=0.433), σ=1.043 (Δ=0.043) | Y_μ=-0.748, Y_σ=0.242
[02:35:50] Iter [ 35/100] | Loss: 0.102549 | μ=0.279 (Δ=0.721), σ=1.012 (Δ=0.012) | Y_μ=-1.546, Y_σ=0.140
[02:36:32] Iter [ 40/100] | Loss: 0.105906 | μ=0.979 (Δ=0.021), σ=0.918 (Δ=0.082) | Y_μ=0.258, Y_σ=0.136
[02:37:14] Iter [ 45/100] | Loss: 0.095842 | μ=0.852 (Δ=0.148), σ=0.973 (Δ=0.027) | Y_μ=-0.164, Y_σ=0.197
[02:37:57] Iter [ 50/100] | Loss: 0.089945 | μ=0.752 (Δ=0.248), σ=1.055 (Δ=0.055) | Y_μ=-0.457, Y_σ=0.300
[02:38:38] Iter [ 55/100] | Loss: 0.091095 | μ=0.179 (Δ=0.821), σ=1.059 (Δ=0.059) | Y_μ=-1.443, Y_σ=0.566
[02:39:20] Iter [ 60/100] | Loss: 0.092107 | μ=0.601 (Δ=0.399), σ=1.052 (Δ=0.052) | Y_μ=-0.855, Y_σ=0.515
[02:40:01] Iter [ 65/100] | Loss: 0.087351 | μ=0.702 (Δ=0.298), σ=1.152 (Δ=0.152) | Y_μ=-0.415, Y_σ=0.658
[02:40:46] Iter [ 70/100] | Loss: 0.094702 | μ=0.973 (Δ=0.027), σ=1.065 (Δ=0.065) | Y_μ=-0.136, Y_σ=0.247
[02:41:28] Iter [ 75/100] | Loss: 0.105092 | μ=1.500 (Δ=0.500), σ=1.053 (Δ=0.053) | Y_μ=0.868, Y_σ=0.466
[02:42:17] Iter [ 80/100] | Loss: 0.091616 | μ=0.357 (Δ=0.643), σ=1.067 (Δ=0.067) | Y_μ=-1.042, Y_σ=0.713
[02:42:59] Iter [ 85/100] | Loss: 0.246976 | μ=-0.061 (Δ=1.061), σ=0.950 (Δ=0.050) | Y_μ=-1.668, Y_σ=0.226
[02:43:41] Iter [ 90/100] | Loss: 0.112393 | μ=0.591 (Δ=0.409), σ=0.912 (Δ=0.088) | Y_μ=-0.836, Y_σ=0.288
[02:44:23] Iter [ 95/100] | Loss: 0.103313 | μ=0.727 (Δ=0.273), σ=0.793 (Δ=0.207) | Y_μ=-0.587, Y_σ=0.525
[02:45:05] Iter [100/100] | Loss: 0.089502 | μ=-0.392 (Δ=1.392), σ=1.263 (Δ=0.263) | Y_μ=-2.753, Y_σ=0.627
[02:45:05] ======================================================================
[02:45:05] Training Complete! Evaluating with target networks...
[02:45:05] Final Mean: 0.9583 (target: 1.0)
[02:45:05] Final Std:  0.9103 (target: 1.0)
[02:45:05] ======================================================================
[02:45:06] Saved plot: trajectories.png
[02:45:06] Saved plot: terminal_distribution.png
[02:45:06] Saved plot: statistics_evolution.png
[02:45:06] Saved all visualization plots

======================================================================
FINAL RESULTS
======================================================================
  history: {'iteration_losses': [np.float64(0.11648035060614348), np.float64(0.08894926320761443), np.float64(1.0046162083745003), np.float64(0.1441138917952776), np.float64(0.13396422751247883), np.float64(0.09398888435214758), np.float64(0.09019928298890591), np.float64(0.10107216283679009), np.float64(0.10296910300850869), np.float64(0.09866382498294116), np.float64(0.13953838348388672), np.float64(0.13097405277192592), np.float64(0.09135451246052981), np.float64(0.10934873156249524), np.float64(0.6723504043370485), np.float64(0.08982849083840846), np.float64(0.09779952943325043), np.float64(0.08865334551781416), np.float64(0.10651265565305948), np.float64(1.6788302567601203), np.float64(0.10304340958595276), np.float64(0.0878704072535038), np.float64(0.09563592948019504), np.float64(0.251688928976655), np.float64(0.08970359541475773), np.float64(0.1012517236173153), np.float64(0.10392758328467608), np.float64(0.5980111147090793), np.float64(0.10057015806436538), np.float64(0.09585692401975393), np.float64(0.1010226245969534), np.float64(0.0935789992287755), np.float64(0.09361816260963679), np.float64(0.10007857754826546), np.float64(0.10254871930927038), np.float64(0.20843162134289742), np.float64(0.10451749563217164), np.float64(0.087859380915761), np.float64(0.10427175231277942), np.float64(0.10590588685125113), np.float64(0.10109765607863665), np.float64(0.09962166208773851), np.float64(0.09534052655100822), np.float64(0.09333053886890412), np.float64(0.09584173068404198), np.float64(0.08758163023740054), np.float64(0.09253497507423163), np.float64(0.09591916546225548), np.float64(0.09681324109435081), np.float64(0.08994520388543606), np.float64(0.09931726768612861), np.float64(0.1551049342751503), np.float64(0.09072461698204279), np.float64(0.09952663660049438), np.float64(0.09109500762075186), np.float64(0.0974000809714198), np.float64(0.12942485250532626), np.float64(0.12401980478316546), np.float64(0.13766676038503647), np.float64(0.09210651315748691), np.float64(0.10247919835150242), np.float64(0.1119725375249982), np.float64(0.09678007069975138), np.float64(0.10578707128763198), np.float64(0.08735058542340994), np.float64(0.09957440994679928), np.float64(0.10373947806656361), np.float64(0.088828788343817), np.float64(0.11803824804723263), np.float64(0.09470197916030884), np.float64(0.09842534683644771), np.float64(0.09312826424837112), np.float64(0.10404694773256778), np.float64(0.13446472235023976), np.float64(0.10509170982986689), np.float64(0.11133763827383518), np.float64(0.0980988496541977), np.float64(0.09352178394794464), np.float64(0.10178269442170858), np.float64(0.09161593493074179), np.float64(0.11129142306745052), np.float64(0.13651737175881862), np.float64(0.0885441967099905), np.float64(0.14792472787201405), np.float64(0.24697623021900653), np.float64(0.39164823830127715), np.float64(0.1008862330019474), np.float64(0.09035149917006492), np.float64(0.13018218994140626), np.float64(0.11239277072250843), np.float64(0.08669794585555791), np.float64(0.11161265917122364), np.float64(0.08893127001821995), np.float64(0.10880529046058655), np.float64(0.10331278190016746), np.float64(0.13872984543442726), np.float64(0.09036330765113235), np.float64(0.10648378722369671), np.float64(14.054503753036261), np.float64(0.08950233863666654)], 'terminal_means': [np.float32(0.007974543), np.float32(0.90324354), np.float32(0.47095054), np.float32(0.75959927), np.float32(0.7028718), np.float32(0.60403633), np.float32(0.81355673), np.float32(0.62166476), np.float32(0.61929905), np.float32(0.63840413), np.float32(0.76117015), np.float32(0.5371199), np.float32(0.56289345), np.float32(0.5837397), np.float32(1.0900289), np.float32(0.60356426), np.float32(0.5135553), np.float32(1.0841684), np.float32(0.19011387), np.float32(0.98448825), np.float32(0.43176043), np.float32(0.7087202), np.float32(0.5164937), np.float32(1.1816134), np.float32(0.5046599), np.float32(0.2808516), np.float32(1.3001769), np.float32(0.3528415), np.float32(0.8386326), np.float32(0.5667427), np.float32(0.7469511), np.float32(0.30671024), np.float32(1.0515069), np.float32(0.6492305), np.float32(0.27924007), np.float32(1.0168204), np.float32(0.44466412), np.float32(0.8773285), np.float32(0.27601865), np.float32(0.9785379), np.float32(0.56422687), np.float32(1.0421662), np.float32(0.36615455), np.float32(0.6537599), np.float32(0.85199374), np.float32(0.5180766), np.float32(0.47901475), np.float32(0.9718046), np.float32(0.39471313), np.float32(0.7519654), np.float32(0.7870716), np.float32(0.24236834), np.float32(0.79696447), np.float32(1.011694), np.float32(0.17851788), np.float32(1.0313885), np.float32(0.62314034), np.float32(0.42730975), np.float32(0.898991), np.float32(0.60099536), np.float32(0.48305315), np.float32(1.3634408), np.float32(0.15603375), np.float32(0.48411924), np.float32(0.7017803), np.float32(1.0424767), np.float32(-0.27188063), np.float32(1.27897), np.float32(0.6627879), np.float32(0.97299385), np.float32(0.38975483), np.float32(0.52876604), np.float32(1.0683469), np.float32(-0.34196237), np.float32(1.5004833), np.float32(0.80172396), np.float32(0.32679462), np.float32(0.79293525), np.float32(1.1360958), np.float32(0.35668826), np.float32(0.13501069), np.float32(1.6563504), np.float32(0.07137856), np.float32(0.82882565), np.float32(-0.060880482), np.float32(0.78436327), np.float32(0.5470836), np.float32(0.61624897), np.float32(1.1234095), np.float32(0.5907434), np.float32(0.4883983), np.float32(0.944673), np.float32(1.012717), np.float32(0.039879948), np.float32(0.7265742), np.float32(0.9070088), np.float32(0.5924425), np.float32(0.20088245), np.float32(1.7294804), np.float32(-0.39178562)], 'terminal_vars': [np.float32(0.90868235), np.float32(1.0974009), np.float32(0.791633), np.float32(0.827335), np.float32(1.0013795), np.float32(0.8860169), np.float32(1.1716697), np.float32(0.93845356), np.float32(0.8110559), np.float32(1.1091925), np.float32(0.9933338), np.float32(0.98052835), np.float32(1.0716418), np.float32(0.72383124), np.float32(1.0000975), np.float32(1.0670888), np.float32(0.8114907), np.float32(1.1716825), np.float32(0.9265152), np.float32(0.9171003), np.float32(1.0229049), np.float32(1.1320299), np.float32(0.86195517), np.float32(1.0593987), np.float32(1.1923108), np.float32(0.61532336), np.float32(0.90897787), np.float32(1.0550604), np.float32(0.99022716), np.float32(1.0875877), np.float32(0.8357863), np.float32(1.0886817), np.float32(1.0050006), np.float32(0.7635112), np.float32(1.0249752), np.float32(0.9240942), np.float32(0.9177369), np.float32(1.1605935), np.float32(0.76241094), np.float32(0.84331787), np.float32(1.2108047), np.float32(0.9277448), np.float32(0.8779861), np.float32(1.1456058), np.float32(0.9465564), np.float32(1.197303), np.float32(0.86283225), np.float32(1.0941259), np.float32(0.95044816), np.float32(1.1124989), np.float32(0.71139354), np.float32(1.0887451), np.float32(1.1418598), np.float32(0.6208947), np.float32(1.1215937), np.float32(0.8299405), np.float32(1.072051), np.float32(1.1303135), np.float32(1.275828), np.float32(1.1073112), np.float32(0.57544166), np.float32(1.0795767), np.float32(1.1537337), np.float32(0.6147816), np.float32(1.327005), np.float32(0.5931891), np.float32(0.7733606), np.float32(1.8626108), np.float32(0.71188945), np.float32(1.1337767), np.float32(0.8134413), np.float32(1.1980692), np.float32(0.703223), np.float32(1.211005), np.float32(1.1082314), np.float32(0.4159317), np.float32(1.0728805), np.float32(0.87601364), np.float32(1.194097), np.float32(1.1388094), np.float32(0.44959253), np.float32(0.5538161), np.float32(2.3566265), np.float32(0.7355534), np.float32(0.9021195), np.float32(1.0101633), np.float32(0.75530565), np.float32(1.2861426), np.float32(0.8883921), np.float32(0.8325051), np.float32(1.3087027), np.float32(0.64131653), np.float32(1.4184105), np.float32(0.8797213), np.float32(0.6286683), np.float32(1.0832973), np.float32(1.2931461), np.float32(0.53627753), np.float32(0.84135973), np.float32(1.5942249)], 'y_means': [np.float64(-1.8192350053787232), np.float64(-0.11739403083920479), np.float64(-1.0982821154594422), np.float64(-0.5930205523967743), np.float64(-0.5610837244987488), np.float64(-0.8657735621929169), np.float64(-0.5188472819328308), np.float64(-0.5916211569309234), np.float64(-0.5686898171901703), np.float64(-0.9201234018802643), np.float64(-0.39493956983089445), np.float64(-0.5642650985717773), np.float64(-0.9031098294258117), np.float64(-1.1433979153633118), np.float64(-0.11805865496397018), np.float64(-0.5868650138378143), np.float64(-1.0013316464424133), np.float64(0.3377361410856247), np.float64(-1.5214944243431092), np.float64(0.22461647510528565), np.float64(-0.8482497477531433), np.float64(-0.6359084796905518), np.float64(-1.117537817955017), np.float64(0.10654619485139846), np.float64(-0.8409689950942993), np.float64(-1.4210663366317748), np.float64(0.579856642484665), np.float64(-1.3765045619010925), np.float64(-0.199175081551075), np.float64(-0.7478310787677764), np.float64(-0.363046196103096), np.float64(-1.3802329969406129), np.float64(0.2149878403544426), np.float64(-0.38022938907146453), np.float64(-1.5461858654022216), np.float64(0.1115775465965271), np.float64(-1.4108322191238403), np.float64(-0.06993335582315922), np.float64(-1.1242487692832948), np.float64(0.2584469211101532), np.float64(-1.359943163394928), np.float64(0.3417110401391983), np.float64(-1.0317595887184143), np.float64(-0.685065838098526), np.float64(-0.16384593814611434), np.float64(-0.8116663217544555), np.float64(-1.0957995820045472), np.float64(0.10961968168616294), np.float64(-0.8068842089176178), np.float64(-0.4566289108991623), np.float64(-0.30839711129665376), np.float64(-1.366083300113678), np.float64(-0.6170956373214722), np.float64(-0.27563876628875733), np.float64(-1.4430424070358276), np.float64(-0.11319805902196095), np.float64(-0.3551499354839325), np.float64(-1.3782317709922791), np.float64(-0.37668489694595336), np.float64(-0.8550738739967346), np.float64(-1.3589408540725707), np.float64(0.6209611213207245), np.float64(-1.537900459766388), np.float64(-0.9150268507003784), np.float64(-0.4147322404384613), np.float64(0.26608790934085846), np.float64(-2.9430926990509034), np.float64(0.7946133136749267), np.float64(-0.6562179160118103), np.float64(-0.13590940959751607), np.float64(-0.4131985181570053), np.float64(-0.9472856009006501), np.float64(0.3580432826280594), np.float64(-2.6008573818206786), np.float64(0.8682985937595368), np.float64(-0.3983368194103241), np.float64(-1.3911733055114746), np.float64(-0.7850919091701507), np.float64(0.06307153970003128), np.float64(-1.0419012331962585), np.float64(-1.6762507677078247), np.float64(1.6163516426086426), np.float64(-1.9573547458648681), np.float64(0.004646262670867145), np.float64(-1.6680691719055176), np.float64(-0.2794197332859039), np.float64(-1.2500373649597167), np.float64(-0.8515454292297363), np.float64(0.02671398874372244), np.float64(-0.8359137344360351), np.float64(-0.3764469772577286), np.float64(-0.40733817517757415), np.float64(-0.013020870788022876), np.float64(-1.8771930646896362), np.float64(-0.5871079111099243), np.float64(-0.3573505514860153), np.float64(-0.6540419423580169), np.float64(-1.8651602244377137), np.float64(1.753076901435852), np.float64(-2.7529998302459715)], 'y_stds': [np.float64(0.15443313352850965), np.float64(0.15443313352850965), np.float64(0.2596041159332526), np.float64(0.2596041159332526), np.float64(0.05588601991534233), np.float64(0.05588601991534233), np.float64(0.09756425112485885), np.float64(0.09756425112485885), np.float64(0.1267840348558093), np.float64(0.1267840348558093), np.float64(0.2556594843420317), np.float64(0.2556594843420317), np.float64(0.3291087703408266), np.float64(0.3291087703408266), np.float64(0.1509146656842495), np.float64(0.1509146656842495), np.float64(0.1345439484718372), np.float64(0.1345439484718372), np.float64(0.1966214195638895), np.float64(0.1966214195638895), np.float64(0.08902276106193313), np.float64(0.08902276106193313), np.float64(0.11799868438407429), np.float64(0.11799868438407429), np.float64(0.4372459694746067), np.float64(0.4372459694746067), np.float64(0.14799408443272113), np.float64(0.14799408443272113), np.float64(0.024840600658244512), np.float64(0.024840600658244512), np.float64(0.2618565568330814), np.float64(0.2618565568330814), np.float64(0.3158611560621648), np.float64(0.3158611560621648), np.float64(0.37924735218286515), np.float64(0.37924735218286515), np.float64(0.22332431882707168), np.float64(0.22332431882707168), np.float64(0.01522078444268118), np.float64(0.01522078444268118), np.float64(0.14224024515599012), np.float64(0.14224024515599012), np.float64(0.5351296125353838), np.float64(0.5351296125353838), np.float64(0.3849230769279529), np.float64(0.3849230769279529), np.float64(0.14740144326353402), np.float64(0.14740144326353402), np.float64(0.5513253946611075), np.float64(0.5513253946611075), np.float64(0.19200833484559554), np.float64(0.19200833484559554), np.float64(0.14768573075562016), np.float64(0.14768573075562016), np.float64(0.034512490704946684), np.float64(0.034512490704946684), np.float64(0.1416245892644656), np.float64(0.1416245892644656), np.float64(0.24209444381296635), np.float64(0.24209444381296635), np.float64(0.24548936225481158), np.float64(0.24548936225481158), np.float64(0.3198658575117588), np.float64(0.3198658575117588), np.float64(0.21486473575248966), np.float64(0.21486473575248966), np.float64(0.18923312850296498), np.float64(0.18923312850296498), np.float64(0.1399845803165226), np.float64(0.1399845803165226), np.float64(0.03950278410688043), np.float64(0.03950278410688043), np.float64(0.26048107028007506), np.float64(0.26048107028007506), np.float64(0.6168597553670588), np.float64(0.6168597553670588), np.float64(0.27376753039687174), np.float64(0.27376753039687174), np.float64(0.13620947450399398), np.float64(0.13620947450399398), np.float64(0.24828720487683312), np.float64(0.24828720487683312), np.float64(0.19578990958652867), np.float64(0.19578990958652867), np.float64(0.3289740183210233), np.float64(0.3289740183210233), np.float64(0.2050713167342474), np.float64(0.2050713167342474), np.float64(0.19718577049672603), np.float64(0.19718577049672603), np.float64(0.5101914495234087), np.float64(0.5101914495234087), np.float64(0.3758645562833408), np.float64(0.3758645562833408), np.float64(0.3097186177968979), np.float64(0.3097186177968979), np.float64(0.24469187751456048), np.float64(0.24469187751456048), np.float64(0.29961777731798067), np.float64(0.29961777731798067), np.float64(0.6347339342534543), np.float64(0.6347339342534543), np.float64(0.24158440360799432), np.float64(0.24158440360799432), np.float64(0.40855556502938273), np.float64(0.40855556502938273), np.float64(0.6324332438410056), np.float64(0.6324332438410056), np.float64(0.5657442507147789), np.float64(0.5657442507147789), np.float64(0.178320679739154), np.float64(0.178320679739154), np.float64(0.10840854885056615), np.float64(0.10840854885056615), np.float64(0.1681826229399303), np.float64(0.1681826229399303), np.float64(0.14830187214560284), np.float64(0.14830187214560284), np.float64(0.5146644443276455), np.float64(0.5146644443276455), np.float64(0.8467468115693191), np.float64(0.8467468115693191), np.float64(0.3866814441980387), np.float64(0.3866814441980387), np.float64(0.40167652368574636), np.float64(0.40167652368574636), np.float64(0.6712096083164215), np.float64(0.6712096083164215), np.float64(0.6577539494634402), np.float64(0.6577539494634402), np.float64(0.45382963463671333), np.float64(0.45382963463671333), np.float64(0.45448748171445913), np.float64(0.45448748171445913), np.float64(1.1915785551075533), np.float64(1.1915785551075533), np.float64(0.28763499066233633), np.float64(0.28763499066233633), np.float64(0.2473868531734206), np.float64(0.2473868531734206), np.float64(0.5639319656789303), np.float64(0.5639319656789303), np.float64(0.4577727687364677), np.float64(0.4577727687364677), np.float64(0.5950464372339047), np.float64(0.5950464372339047), np.float64(0.4211130687594414), np.float64(0.4211130687594414), np.float64(0.4655463686591247), np.float64(0.4655463686591247), np.float64(0.8426015403870406), np.float64(0.8426015403870406), np.float64(0.2993432784083416), np.float64(0.2993432784083416), np.float64(0.5503523883226444), np.float64(0.5503523883226444), np.float64(0.3559710595011893), np.float64(0.3559710595011893), np.float64(0.7130753287678817), np.float64(0.7130753287678817), np.float64(0.847765137256065), np.float64(0.847765137256065), np.float64(0.42091852508485317), np.float64(0.42091852508485317), np.float64(1.7348025155067444), np.float64(1.7348025155067444), np.float64(0.10660712033513846), np.float64(0.10660712033513846), np.float64(0.22613956147804856), np.float64(0.22613956147804856), np.float64(0.21496055955089105), np.float64(0.21496055955089105), np.float64(0.3088875524699688), np.float64(0.3088875524699688), np.float64(0.5913653805851936), np.float64(0.5913653805851936), np.float64(0.368649993464378), np.float64(0.368649993464378), np.float64(0.28788456209003926), np.float64(0.28788456209003926), np.float64(0.7807942414285207), np.float64(0.7807942414285207), np.float64(0.684539337903334), np.float64(0.684539337903334), np.float64(0.29659607388080983), np.float64(0.29659607388080983), np.float64(0.22965561255812644), np.float64(0.22965561255812644), np.float64(0.5253041575850511), np.float64(0.5253041575850511), np.float64(0.14417718730896012), np.float64(0.14417718730896012), np.float64(0.6866331648826599), np.float64(0.6866331648826599), np.float64(0.9481718516355613), np.float64(0.9481718516355613), np.float64(0.10316747635806678), np.float64(0.10316747635806678), np.float64(0.627290714980336), np.float64(0.627290714980336)]}
  final_mean: 0.9583057761192322
  final_var: 0.8286885023117065
  final_trajectories: tensor([[[ 0.0000],
         [ 0.0000],
         [ 0.0000],
         ...,
         [ 0.0000],
         [ 0.0000],
         [ 0.0000]],

        [[ 0.1600],
         [-0.0762],
         [ 0.0336],
         ...,
         [-0.1234],
         [-0.0648],
         [-0.0406]],

        [[-0.0315],
         [-0.2162],
         [ 0.0749],
         ...,
         [ 0.0105],
         [ 0.1757],
         [-0.2364]],

        ...,

        [[ 0.3313],
         [ 1.4191],
         [ 1.2236],
         ...,
         [ 2.7831],
         [ 2.0699],
         [ 1.1147]],

        [[ 0.4681],
         [ 1.1875],
         [ 1.2829],
         ...,
         [ 2.7836],
         [ 1.9998],
         [ 1.0476]],

        [[ 0.6199],
         [ 1.1581],
         [ 1.1620],
         ...,
         [ 2.8552],
         [ 2.1269],
         [ 0.9616]]])

Completed: 2026-02-10T02:45:18.862499
