Experiment: 2026-02-02_02-23-14_exp_GMM
Started: 2026-02-02T02:23:14.227789
======================================================================

======================================================================
MFC Configuration (Iterative Backward Regression)
======================================================================
  Physics:    T=1.0, N=50, σ=1.0, dim=1
  Target:     N(0.0, 1.0)
  Initial:    dirac at 0.0
----------------------------------------------------------------------
  Model:      hidden=64, layers=3, time_emb=16
  Training:   100 iterations × 100 epochs, batch=2048, lr=0.001
  Polyak τ:   0.5
  λ (terminal_weight): 2.0
======================================================================

[02:23:14] Initialized solver on device: cpu
[02:23:14] Number of networks: 50
[02:23:14] Polyak averaging τ: 0.5
[02:23:14] Total parameters (trainable): 428,850
[02:23:14] ======================================================================
[02:23:14] Starting Iterative Backward Regression (Polyak Averaging)
[02:23:14] ======================================================================
[02:23:14] Iterations: 100
[02:23:14] Backward epochs per step: 100
[02:23:14] Batch size: 2048
[02:23:14] Polyak τ: 0.5
[02:23:14] λ (terminal_weight): 2.0
[02:23:14] Target: N(0.0, 1.0)
[02:23:14] ======================================================================
[02:23:19] Iter [  1/100] | Loss: 2.077339 | μ=0.021 (Δ=0.021), σ=1.018 (Δ=0.982)
[02:23:41] Iter [  5/100] | Loss: 0.179156 | μ=-2.556 (Δ=2.556), σ=0.805 (Δ=1.195)
[02:24:08] Iter [ 10/100] | Loss: 0.375618 | μ=-0.937 (Δ=0.937), σ=0.819 (Δ=1.181)
[02:24:35] Iter [ 15/100] | Loss: 1.204586 | μ=-2.882 (Δ=2.882), σ=1.425 (Δ=0.575)
[02:25:02] Iter [ 20/100] | Loss: 0.278375 | μ=-0.385 (Δ=0.385), σ=1.499 (Δ=0.501)
[02:25:29] Iter [ 25/100] | Loss: 0.072525 | μ=-1.997 (Δ=1.997), σ=1.520 (Δ=0.480)
[02:25:56] Iter [ 30/100] | Loss: 0.127685 | μ=-1.240 (Δ=1.240), σ=0.779 (Δ=1.221)
[02:26:23] Iter [ 35/100] | Loss: 0.136054 | μ=-0.048 (Δ=0.048), σ=1.830 (Δ=0.170)
[02:26:50] Iter [ 40/100] | Loss: 0.036708 | μ=-1.371 (Δ=1.371), σ=1.643 (Δ=0.357)
[02:27:17] Iter [ 45/100] | Loss: 0.288274 | μ=-0.856 (Δ=0.856), σ=1.947 (Δ=0.053)
[02:27:44] Iter [ 50/100] | Loss: 0.158496 | μ=-1.888 (Δ=1.888), σ=0.706 (Δ=1.294)
[02:28:11] Iter [ 55/100] | Loss: 0.144378 | μ=-1.321 (Δ=1.321), σ=1.245 (Δ=0.755)
[02:28:38] Iter [ 60/100] | Loss: 0.191984 | μ=-0.018 (Δ=0.018), σ=1.784 (Δ=0.216)
[02:29:05] Iter [ 65/100] | Loss: 0.381057 | μ=-0.910 (Δ=0.910), σ=1.135 (Δ=0.865)
[02:29:32] Iter [ 70/100] | Loss: 0.378644 | μ=2.154 (Δ=2.154), σ=1.069 (Δ=0.931)
[02:29:59] Iter [ 75/100] | Loss: 0.164847 | μ=-1.255 (Δ=1.255), σ=1.572 (Δ=0.428)
[02:30:26] Iter [ 80/100] | Loss: 0.136128 | μ=-0.727 (Δ=0.727), σ=1.571 (Δ=0.429)
[02:30:52] Iter [ 85/100] | Loss: 0.100224 | μ=-1.315 (Δ=1.315), σ=1.499 (Δ=0.501)
[02:31:19] Iter [ 90/100] | Loss: 0.162465 | μ=-0.307 (Δ=0.307), σ=1.754 (Δ=0.246)
[02:31:46] Iter [ 95/100] | Loss: 0.400209 | μ=0.282 (Δ=0.282), σ=1.616 (Δ=0.384)
[02:32:13] Iter [100/100] | Loss: 0.091829 | μ=-0.143 (Δ=0.143), σ=1.822 (Δ=0.178)
[02:32:13] ======================================================================
[02:32:13] Training Complete! Evaluating with target networks...
[02:32:13] Final Mean: -0.8574 (target: 0.0)
[02:32:13] Final Std:  1.5919 (target: 2.0)
[02:32:13] ======================================================================
