Experiment: 2026-02-05_22-19-13_mfc_backward_regression
Started: 2026-02-05T22:19:13.339159
======================================================================

======================================================================
MFC Configuration (Iterative Backward Regression)
======================================================================
  Physics:    T=1.0, N=50, σ=1.0, dim=1
  Target:     N(1.0, 1.0)
  Initial:    dirac at 0.0
----------------------------------------------------------------------
  Model:      hidden=64, layers=3, time_emb=16
  Training:   100 iterations × 100 epochs, batch=2048, lr=0.001
  Polyak τ:   0.5
  λ (terminal_weight): 100.0
======================================================================

[22:19:13] Initialized solver on device: cpu
[22:19:13] Number of networks: 50
[22:19:13] Polyak averaging τ: 0.5
[22:19:13] Total parameters (trainable): 428,850
[22:19:13] ======================================================================
[22:19:13] Starting Iterative Backward Regression (Polyak Averaging)
[22:19:13] ======================================================================
[22:19:13] Iterations: 100
[22:19:13] Backward epochs per step: 100
[22:19:13] Batch size: 2048
[22:19:13] Polyak τ: 0.5
[22:19:13] λ (terminal_weight): 100.0
[22:19:13] Target: N(1.0, 1.0)
[22:19:13] ======================================================================
[22:19:19] Iter [  1/100] | Loss: 111.233430 | μ=0.000 (Δ=1.000), σ=0.945 (Δ=0.055)
[22:19:41] Iter [  5/100] | Loss: 175.915668 | μ=1.595 (Δ=0.595), σ=0.144 (Δ=0.856)
[22:20:08] Iter [ 10/100] | Loss: 177.334776 | μ=0.576 (Δ=0.424), σ=0.146 (Δ=0.854)
[22:20:35] Iter [ 15/100] | Loss: 59.046097 | μ=0.978 (Δ=0.022), σ=0.803 (Δ=0.197)
