Experiment: 2026-02-03_00-45-51_exp_GMM
Started: 2026-02-03T00:45:51.288995
======================================================================

======================================================================
MFC Configuration (Iterative Backward Regression)
======================================================================
  Physics:    T=1.0, N=50, σ=1.0, dim=1
  Target:     N(0.0, 1.0)
  Initial:    dirac at 0.0
----------------------------------------------------------------------
  Model:      hidden=64, layers=3, time_emb=16
  Training:   200 iterations × 100 epochs, batch=2048, lr=0.001
  Polyak τ:   0.5
  λ (terminal_weight): 2.0
======================================================================

[00:45:51] Initialized solver on device: cpu
[00:45:51] Number of networks: 50
[00:45:51] Polyak averaging τ: 0.5
[00:45:51] Total parameters (trainable): 428,850
[00:45:51] ======================================================================
[00:45:51] Starting Iterative Backward Regression (Polyak Averaging)
[00:45:51] ======================================================================
[00:45:51] Iterations: 200
[00:45:51] Backward epochs per step: 100
[00:45:51] Batch size: 2048
[00:45:51] Polyak τ: 0.5
[00:45:51] λ (terminal_weight): 2.0
[00:45:51] Target: N(0.0, 1.0)
[00:45:51] ======================================================================
[00:45:57] Iter [  1/200] | Loss: 2.611671 | μ=-0.023 (Δ=0.023), σ=1.003 (Δ=0.997)
[00:46:19] Iter [  5/200] | Loss: 0.194961 | μ=-0.341 (Δ=0.341), σ=1.570 (Δ=0.430)
[00:46:47] Iter [ 10/200] | Loss: 0.214768 | μ=0.793 (Δ=0.793), σ=1.411 (Δ=0.589)
[00:47:15] Iter [ 15/200] | Loss: 0.328044 | μ=-2.089 (Δ=2.089), σ=1.323 (Δ=0.677)
[00:47:43] Iter [ 20/200] | Loss: 0.088960 | μ=1.522 (Δ=1.522), σ=0.958 (Δ=1.042)
[00:48:11] Iter [ 25/200] | Loss: 0.067584 | μ=-0.997 (Δ=0.997), σ=1.497 (Δ=0.503)
[00:48:39] Iter [ 30/200] | Loss: 0.104435 | μ=-0.313 (Δ=0.313), σ=1.820 (Δ=0.180)
[00:49:07] Iter [ 35/200] | Loss: 0.058716 | μ=-0.050 (Δ=0.050), σ=1.866 (Δ=0.134)
[00:49:35] Iter [ 40/200] | Loss: 0.203053 | μ=0.349 (Δ=0.349), σ=1.788 (Δ=0.212)
[00:50:03] Iter [ 45/200] | Loss: 0.083164 | μ=-0.734 (Δ=0.734), σ=2.082 (Δ=0.082)
[00:50:31] Iter [ 50/200] | Loss: 0.083628 | μ=1.604 (Δ=1.604), σ=0.972 (Δ=1.028)
[00:50:59] Iter [ 55/200] | Loss: 0.081117 | μ=-0.728 (Δ=0.728), σ=1.695 (Δ=0.305)
[00:51:27] Iter [ 60/200] | Loss: 0.571537 | μ=1.019 (Δ=1.019), σ=1.572 (Δ=0.428)
[00:51:55] Iter [ 65/200] | Loss: 0.157325 | μ=-1.094 (Δ=1.094), σ=1.947 (Δ=0.053)
[00:52:23] Iter [ 70/200] | Loss: 0.029993 | μ=-1.725 (Δ=1.725), σ=0.422 (Δ=1.578)
[00:52:50] Iter [ 75/200] | Loss: 0.026136 | μ=0.364 (Δ=0.364), σ=1.800 (Δ=0.200)
[00:53:17] Iter [ 80/200] | Loss: 0.043914 | μ=0.785 (Δ=0.785), σ=1.918 (Δ=0.082)
[00:53:45] Iter [ 85/200] | Loss: 0.039365 | μ=-1.702 (Δ=1.702), σ=1.112 (Δ=0.888)
[00:54:12] Iter [ 90/200] | Loss: 0.058576 | μ=0.691 (Δ=0.691), σ=1.999 (Δ=0.001)
[00:54:39] Iter [ 95/200] | Loss: 0.183239 | μ=1.377 (Δ=1.377), σ=1.066 (Δ=0.934)
[00:55:06] Iter [100/200] | Loss: 0.327264 | μ=-1.295 (Δ=1.295), σ=0.763 (Δ=1.237)
[00:55:33] Iter [105/200] | Loss: 0.535043 | μ=1.352 (Δ=1.352), σ=1.421 (Δ=0.579)
[00:56:01] Iter [110/200] | Loss: 0.224320 | μ=1.500 (Δ=1.500), σ=2.119 (Δ=0.119)
[00:56:28] Iter [115/200] | Loss: 0.176776 | μ=1.001 (Δ=1.001), σ=2.056 (Δ=0.056)
[00:56:56] Iter [120/200] | Loss: 0.103829 | μ=1.744 (Δ=1.744), σ=1.282 (Δ=0.718)
[00:57:23] Iter [125/200] | Loss: 0.407736 | μ=-2.825 (Δ=2.825), σ=0.710 (Δ=1.290)
[00:57:50] Iter [130/200] | Loss: 0.236456 | μ=-1.884 (Δ=1.884), σ=1.497 (Δ=0.503)
[00:58:18] Iter [135/200] | Loss: 0.244602 | μ=-0.662 (Δ=0.662), σ=1.570 (Δ=0.430)
[00:58:45] Iter [140/200] | Loss: 0.113468 | μ=-1.163 (Δ=1.163), σ=1.756 (Δ=0.244)
[00:59:12] Iter [145/200] | Loss: 0.052110 | μ=-1.084 (Δ=1.084), σ=1.715 (Δ=0.285)
[00:59:40] Iter [150/200] | Loss: 0.533460 | μ=-0.515 (Δ=0.515), σ=1.354 (Δ=0.646)
[01:00:07] Iter [155/200] | Loss: 0.164645 | μ=0.352 (Δ=0.352), σ=1.999 (Δ=0.001)
[01:00:34] Iter [160/200] | Loss: 0.345770 | μ=-0.837 (Δ=0.837), σ=0.999 (Δ=1.001)
[01:01:02] Iter [165/200] | Loss: 0.474206 | μ=1.072 (Δ=1.072), σ=1.189 (Δ=0.811)
[01:01:29] Iter [170/200] | Loss: 0.201116 | μ=-0.387 (Δ=0.387), σ=1.615 (Δ=0.385)
[01:01:56] Iter [175/200] | Loss: 0.199319 | μ=-1.996 (Δ=1.996), σ=1.225 (Δ=0.775)
[01:02:24] Iter [180/200] | Loss: 0.138988 | μ=-1.101 (Δ=1.101), σ=1.690 (Δ=0.310)
[01:02:51] Iter [185/200] | Loss: 0.280389 | μ=-1.231 (Δ=1.231), σ=1.067 (Δ=0.933)
[01:03:18] Iter [190/200] | Loss: 0.126277 | μ=1.182 (Δ=1.182), σ=1.411 (Δ=0.589)
[01:03:46] Iter [195/200] | Loss: 0.501508 | μ=0.002 (Δ=0.002), σ=1.567 (Δ=0.433)
[01:04:13] Iter [200/200] | Loss: 0.126625 | μ=1.332 (Δ=1.332), σ=1.274 (Δ=0.726)
[01:04:13] ======================================================================
[01:04:13] Training Complete! Evaluating with target networks...
[01:04:13] Final Mean: 0.1411 (target: 0.0)
[01:04:13] Final Std:  1.9364 (target: 2.0)
[01:04:13] ======================================================================
