Experiment: 2026-02-02_23-44-11_exp_GMM
Started: 2026-02-02T23:44:11.931094
======================================================================

======================================================================
MFC Configuration (Iterative Backward Regression)
======================================================================
  Physics:    T=1.0, N=50, σ=1.0, dim=1
  Target:     N(0.0, 1.0)
  Initial:    dirac at 0.0
----------------------------------------------------------------------
  Model:      hidden=64, layers=3, time_emb=16
  Training:   100 iterations × 100 epochs, batch=2048, lr=0.001
  Polyak τ:   0.5
  λ (terminal_weight): 2.0
======================================================================

[23:44:11] Initialized solver on device: cpu
[23:44:11] Number of networks: 50
[23:44:11] Polyak averaging τ: 0.5
[23:44:11] Total parameters (trainable): 428,850
[23:44:11] ======================================================================
[23:44:11] Starting Iterative Backward Regression (Polyak Averaging)
[23:44:11] ======================================================================
[23:44:11] Iterations: 100
[23:44:11] Backward epochs per step: 100
[23:44:11] Batch size: 2048
[23:44:11] Polyak τ: 0.5
[23:44:11] λ (terminal_weight): 2.0
[23:44:11] Target: N(0.0, 1.0)
[23:44:11] ======================================================================
[23:44:18] Iter [  1/100] | Loss: 2.280614 | μ=0.044 (Δ=0.044), σ=1.033 (Δ=0.967)
[23:44:42] Iter [  5/100] | Loss: 0.685559 | μ=-2.619 (Δ=2.619), σ=1.323 (Δ=0.677)
[23:45:13] Iter [ 10/100] | Loss: 0.410864 | μ=-0.600 (Δ=0.600), σ=1.298 (Δ=0.702)
[23:45:43] Iter [ 15/100] | Loss: 0.261844 | μ=-0.773 (Δ=0.773), σ=2.174 (Δ=0.174)
[23:46:13] Iter [ 20/100] | Loss: 0.177760 | μ=-0.625 (Δ=0.625), σ=1.853 (Δ=0.147)
[23:46:45] Iter [ 25/100] | Loss: 0.013551 | μ=-2.401 (Δ=2.401), σ=0.504 (Δ=1.496)
[23:47:14] Iter [ 30/100] | Loss: 0.465245 | μ=-0.491 (Δ=0.491), σ=2.794 (Δ=0.794)
[23:47:45] Iter [ 35/100] | Loss: 0.244266 | μ=-2.146 (Δ=2.146), σ=1.492 (Δ=0.508)
[23:48:14] Iter [ 40/100] | Loss: 0.090993 | μ=-1.938 (Δ=1.938), σ=0.768 (Δ=1.232)
[23:48:44] Iter [ 45/100] | Loss: 0.079750 | μ=1.781 (Δ=1.781), σ=0.928 (Δ=1.072)
[23:49:13] Iter [ 50/100] | Loss: 0.176801 | μ=-2.251 (Δ=2.251), σ=0.689 (Δ=1.311)
[23:49:43] Iter [ 55/100] | Loss: 0.036326 | μ=2.119 (Δ=2.119), σ=0.775 (Δ=1.225)
[23:50:14] Iter [ 60/100] | Loss: 0.453335 | μ=-0.610 (Δ=0.610), σ=1.349 (Δ=0.651)
[23:50:45] Iter [ 65/100] | Loss: 0.352359 | μ=0.293 (Δ=0.293), σ=1.448 (Δ=0.552)
[23:51:20] Iter [ 70/100] | Loss: 0.045938 | μ=1.807 (Δ=1.807), σ=1.096 (Δ=0.904)
[23:51:50] Iter [ 75/100] | Loss: 0.134295 | μ=-1.371 (Δ=1.371), σ=1.780 (Δ=0.220)
[23:52:22] Iter [ 80/100] | Loss: 0.080387 | μ=2.291 (Δ=2.291), σ=1.003 (Δ=0.997)
[23:52:56] Iter [ 85/100] | Loss: 0.012500 | μ=-2.498 (Δ=2.498), σ=0.704 (Δ=1.296)
[23:53:26] Iter [ 90/100] | Loss: 0.077363 | μ=-1.806 (Δ=1.806), σ=0.668 (Δ=1.332)
[23:53:54] Iter [ 95/100] | Loss: 0.204016 | μ=-2.027 (Δ=2.027), σ=1.680 (Δ=0.320)
[23:54:22] Iter [100/100] | Loss: 0.091149 | μ=-1.405 (Δ=1.405), σ=1.897 (Δ=0.103)
[23:54:22] ======================================================================
[23:54:22] Training Complete! Evaluating with target networks...
[23:54:22] Final Mean: 0.5638 (target: 0.0)
[23:54:22] Final Std:  1.4090 (target: 2.0)
[23:54:22] ======================================================================
