Experiment: 2026-02-02_13-40-28_exp_Gaussian
Started: 2026-02-02T13:40:28.022372
======================================================================

======================================================================
MFC Configuration (Iterative Backward Regression)
======================================================================
  Physics:    T=1.0, N=50, σ=1.0, dim=1
  Target:     N(1.0, 1.0)
  Initial:    dirac at 0.0
----------------------------------------------------------------------
  Model:      hidden=64, layers=3, time_emb=16
  Training:   100 iterations × 100 epochs, batch=2048, lr=0.001
  Polyak τ:   0.5
  λ (terminal_weight): 2.0
======================================================================

[13:40:28] Initialized solver on device: cpu
[13:40:28] Number of networks: 50
[13:40:28] Polyak averaging τ: 0.5
[13:40:28] Total parameters (trainable): 428,850
[13:40:28] ======================================================================
[13:40:28] Starting Iterative Backward Regression (Polyak Averaging)
[13:40:28] ======================================================================
[13:40:28] Iterations: 100
[13:40:28] Backward epochs per step: 100
[13:40:28] Batch size: 2048
[13:40:28] Polyak τ: 0.5
[13:40:28] λ (terminal_weight): 2.0
[13:40:28] Target: N(1.0, 1.0)
[13:40:28] ======================================================================
[13:40:34] Iter [  1/100] | Loss: 0.002571 | μ=0.013 (Δ=0.987), σ=1.023 (Δ=0.023)
[13:40:57] Iter [  5/100] | Loss: 0.009397 | μ=0.660 (Δ=0.340), σ=0.959 (Δ=0.041)
[13:41:28] Iter [ 10/100] | Loss: 0.001067 | μ=0.746 (Δ=0.254), σ=0.993 (Δ=0.007)
[13:41:58] Iter [ 15/100] | Loss: 0.006552 | μ=0.641 (Δ=0.359), σ=0.927 (Δ=0.073)
[13:42:26] Iter [ 20/100] | Loss: 0.002454 | μ=0.210 (Δ=0.790), σ=1.024 (Δ=0.024)
[13:42:54] Iter [ 25/100] | Loss: 0.000239 | μ=0.592 (Δ=0.408), σ=0.984 (Δ=0.016)
[13:43:22] Iter [ 30/100] | Loss: 0.002991 | μ=0.654 (Δ=0.346), σ=0.819 (Δ=0.181)
[13:43:53] Iter [ 35/100] | Loss: 0.004092 | μ=0.010 (Δ=0.990), σ=0.959 (Δ=0.041)
[13:44:26] Iter [ 40/100] | Loss: 0.002659 | μ=0.962 (Δ=0.038), σ=0.933 (Δ=0.067)
[13:44:59] Iter [ 45/100] | Loss: 0.003385 | μ=1.303 (Δ=0.303), σ=0.995 (Δ=0.005)
[13:45:30] Iter [ 50/100] | Loss: 0.001261 | μ=0.673 (Δ=0.327), σ=0.936 (Δ=0.064)
[13:46:02] Iter [ 55/100] | Loss: 0.043303 | μ=0.934 (Δ=0.066), σ=0.989 (Δ=0.011)
[13:46:32] Iter [ 60/100] | Loss: 0.002036 | μ=0.652 (Δ=0.348), σ=1.047 (Δ=0.047)
[13:47:02] Iter [ 65/100] | Loss: 0.002489 | μ=0.220 (Δ=0.780), σ=0.801 (Δ=0.199)
[13:47:30] Iter [ 70/100] | Loss: 0.000292 | μ=1.168 (Δ=0.168), σ=1.022 (Δ=0.022)
[13:47:58] Iter [ 75/100] | Loss: 0.001570 | μ=1.016 (Δ=0.016), σ=0.995 (Δ=0.005)
[13:48:26] Iter [ 80/100] | Loss: 0.001554 | μ=0.261 (Δ=0.739), σ=0.977 (Δ=0.023)
[13:48:56] Iter [ 85/100] | Loss: 0.030064 | μ=0.450 (Δ=0.550), σ=0.807 (Δ=0.193)
[13:49:24] Iter [ 90/100] | Loss: 0.009418 | μ=0.940 (Δ=0.060), σ=1.220 (Δ=0.220)
[13:49:51] Iter [ 95/100] | Loss: 0.001893 | μ=0.336 (Δ=0.664), σ=1.066 (Δ=0.066)
[13:50:20] Iter [100/100] | Loss: 0.002436 | μ=1.045 (Δ=0.045), σ=0.897 (Δ=0.103)
[13:50:20] ======================================================================
[13:50:20] Training Complete! Evaluating with target networks...
[13:50:20] Final Mean: -0.0002 (target: 1.0)
[13:50:20] Final Std:  0.8159 (target: 1.0)
[13:50:20] ======================================================================
